COM+[9:46:22]: ********************************************************************************
COM+[9:46:22]: Setup started - [DATE:12,01,2017 TIME: 09:46 am]
COM+[9:46:22]: ********************************************************************************
COM+[9:46:22]: Start CComMig::Discover
COM+[9:46:23]: Adding Application: {251439A7-3160-416C-8998-CD0587EF5775}
COM+[9:46:23]: Adding Application: {95D10C41-2F80-4C52-BDE2-C6EAB840CEBC}
COM+[9:46:23]: Return XML stream: <migXml xmlns=""><rules context="system"><include><objectSet><pattern type="File">%systemroot%\system32\ [mscoree.dll]</pattern><pattern type="Registry">HKLM\SOFTWARE\Classes\AppID\{251439A7-3160-416C-8998-CD0587EF5775}\* [*]</pattern><pattern type="Registry">HKLM\SOFTWARE\Classes\AppID\{95D10C41-2F80-4C52-BDE2-C6EAB840CEBC}\* [*]</pattern></objectSet></include></rules></migXml>
COM+[9:46:23]: End CComMig::Discover - Return 0x00000000
COM+[9:46:24]: ********************************************************************************
COM+[9:46:24]: Setup (COMMIG) finished - [DATE:12,01,2017 TIME: 09:46 am]
COM+[9:46:24]: ********************************************************************************
COM+[9:46:24]: ********************************************************************************
COM+[9:46:24]: Setup started - [DATE:12,01,2017 TIME: 09:46 am]
COM+[9:46:24]: ********************************************************************************
COM+[9:46:24]: Start CComMig::Gather
COM+[9:46:24]: CLB file C:\Windows\Registration\R000000000005.clb successfully copied to C:\Users\Administrator\AppData\Local\Temp\tmp32D2.tmp\Working\agentmgr\CCSIAgent\005ACB6B\R000000000054.clb
COM+[9:46:24]: End CComMig::Gather - Return 0x00000000
COM+[9:46:24]: ********************************************************************************
COM+[9:46:24]: Setup (COMMIG) finished - [DATE:12,01,2017 TIME: 09:46 am]
COM+[9:46:24]: ********************************************************************************
COM+[5:56:42]: ********************************************************************************
COM+[5:56:42]: Setup started - [DATE:02,04,2018 TIME: 05:56 pm]
COM+[5:56:42]: ********************************************************************************
COM+[5:56:42]: Start CComMig::Discover
COM+[5:56:43]: Adding Application: {251439A7-3160-416C-8998-CD0587EF5775}
COM+[5:56:43]: Adding Application: {95D10C41-2F80-4C52-BDE2-C6EAB840CEBC}
COM+[5:56:43]: Return XML stream: <migXml xmlns=""><rules context="system"><include><objectSet><pattern type="File">%systemroot%\system32\ [mscoree.dll]</pattern><pattern type="Registry">HKLM\SOFTWARE\Classes\AppID\{251439A7-3160-416C-8998-CD0587EF5775}\* [*]</pattern><pattern type="Registry">HKLM\SOFTWARE\Classes\AppID\{95D10C41-2F80-4C52-BDE2-C6EAB840CEBC}\* [*]</pattern></objectSet></include></rules></migXml>
COM+[5:56:43]: End CComMig::Discover - Return 0x00000000
COM+[5:56:45]: ********************************************************************************
COM+[5:56:45]: Setup (COMMIG) finished - [DATE:02,04,2018 TIME: 05:56 pm]
COM+[5:56:45]: ********************************************************************************
COM+[5:56:57]: ********************************************************************************
COM+[5:56:57]: Setup started - [DATE:02,04,2018 TIME: 05:56 pm]
COM+[5:56:57]: ********************************************************************************
COM+[5:56:57]: Start CComMig::Gather
COM+[5:56:57]: CLB file C:\Windows\Registration\R000000000005.clb successfully copied to C:\$WINDOWS.~BT\Work\MachineIndependent\Working\agentmgr\CCSIAgent\005ACB6B\R000000000054.clb
COM+[5:56:57]: End CComMig::Gather - Return 0x00000000
COM+[5:56:57]: ********************************************************************************
COM+[5:56:57]: Setup (COMMIG) finished - [DATE:02,04,2018 TIME: 05:56 pm]
COM+[5:56:57]: ********************************************************************************
COM+[6:20:40]: ********************************************************************************
COM+[6:20:40]: Setup started - [DATE:02,04,2018 TIME: 06:20 pm]
COM+[6:20:40]: ********************************************************************************
COM+[6:20:40]: Start CCbbSetup::ApplySuccess
COM+[6:20:40]: Stopping service ComSysApp...
COM+[6:20:40]: COM+ Successfully Deactivated
COM+[6:20:40]: CLB file C:\$WINDOWS.~BT\Work\MachineIndependent\Working\srcworking\agentmgr\CCSIAgent\005ACB6B\R000000000054.clb successfully copied to C:\WINDOWS\Registration\R000000000002.clb
COM+[6:20:40]: Schema version is 84; schema is compatible
COM+[6:20:40]: Memory usage for setup process...
COM+[6:20:40]: PeakWorkingSetSize: 80580 Kb, WorkingSetSize: 23548 Kb
COM+[6:20:40]: QuotaPeakPagedPoolUsage: 341 Kb, QuotaPagedPoolUsage: 341 Kb
COM+[6:20:40]: PeakPagefileUsage: 68928 Kb, PagefileUsage: 9040 Kb
COM+[6:20:40]: Obtained dispenser and secadmin
COM+[6:20:40]: Deleting legacy COM+ roles
COM+[6:20:40]: Writing existing users in roles to inf file
COM+[6:20:40]: Creating COM+ objects
COM+[6:20:40]: Processing TID_COMPUTERLIST table
COM+[6:20:40]: Processing TID_LOCALCOMPUTER table
COM+[6:20:40]: Creating COM+ partitions
COM+[6:20:40]: Processing TID_APPLICATIONPARTITION table
COM+[6:20:40]: Partitions are disabled
COM+[6:20:40]: Creating COM+ applications
COM+[6:20:40]: Processing TID_APPLICATION table
COM+[6:20:40]: Processing tidCOMSERVICES_SERVICES table
COM+[6:20:40]: Creating COM+ components
COM+[6:20:40]: Processing tidCOMSERVICES_CLASSES_INTERNAL table
jackie4:|__   _/ /  / __/
COM+[6:20:40]: Setting COM+ component class descriptions
COM+[6:20:40]: Creating COM+ custom activators
COM+[6:20:40]: Processing TID_CUSTOMACTIVATOR table
COM+[6:20:40]: Deleting legacy COM+ roles
COM+[6:20:40]: Creating COM+ roles
COM+[6:20:40]: Processing tidCOMSERVICES_ROLEDEFINITION table
COM+[6:20:40]: Processing tidCOMSERVICES_ROLECONFIG table
COM+[6:20:40]: Processing tidCOMSERVICES_ROLESET table
COM+[6:20:40]: Creating COM+ interfaces
COM+[6:20:40]: Processing tidCOMSERVICES_CLASSINTERFACE table
COM+[6:20:40]: Creating COM+ methods
COM+[6:20:40]: Processing tidCOMSERVICES_CLASSITFMETHOD table
COM+[6:20:40]: Processing tidCOMSERVICES_CLASSITFDISPID table
COM+[6:20:40]: Adding COM+ roles to applications
COM+[6:20:40]: Updating COM+ roles
COM+[6:20:41]: Removing STA activator from Event Classes
COM+[6:20:41]: Setting COM+ System Application as system
COM+[6:20:41]: COM+ Successfully Activated
COM+[6:20:41]: Memory usage for setup process...
COM+[6:20:41]: PeakWorkingSetSize: 80580 Kb, WorkingSetSize: 24512 Kb
COM+[6:20:41]: QuotaPeakPagedPoolUsage: 346 Kb, QuotaPagedPoolUsage: 346 Kb
COM+[6:20:41]: PeakPagefileUsage: 68928 Kb, PagefileUsage: 9272 Kb
COM+[6:20:41]: Start CCbbSetup::RegisterMigratedComponents
COM+[6:20:41]: Registering DLL: C:\WINDOWS\system32\mscoree.dll
COM+[6:20:41]: Registering C:\WINDOWS\system32\mscoree.dll.
COM+[6:20:41]: Running command: regsvr32 /s "C:\WINDOWS\system32\mscoree.dll"
COM+[6:20:41]: After call to DllRegisterServer - Module: C:\WINDOWS\system32\mscoree.dll
COM+[6:20:41]: End CCbbSetup::RegisterMigratedComponents - Return 0x00000000
COM+[6:20:41]: Backup RegDB file to 'C:\WINDOWS\system32\emptyregdb.dat'.
COM+[6:20:41]: Start CCbbSetup::RemoveDeprecatedApplications
COM+[6:20:41]: CComPlusCore::DeleteAppByName: Removing .NET Utilities from the COM+ catalog
COM+[6:20:41]: CComPlusCore::DeleteAppByName: Removing IIS Out-Of-Process Pooled Applications from the COM+ catalog
COM+[6:20:41]: CComPlusCore::DeleteAppByName: Removing IIS-{Default Web Site//Root/MSMQ} from the COM+ catalog
COM+[6:20:41]: CComPlusCore::DeleteAppByName: Removing IIS In-Process Applications from the COM+ catalog
COM+[6:20:41]: CComPlusCore::DeleteAppByName: Removing IIS Utilities from the COM+ catalog
COM+[6:20:41]: CComPlusCore::DeleteAppByName: Removing MQTriggersApp from the COM+ catalog
COM+[6:20:41]: CComPlusCore::DeleteAppByName: Removing MS Software Shadow Copy Provider from the COM+ catalog
COM+[6:20:41]: End CCbbSetup::RemoveDeprecatedApplications - Return 0x00000000
COM+[6:20:41]: Stopping service ComSysApp...
COM+[6:20:41]: Start CCbbSetup::UpdateSysAppRoles
COM+[6:20:41]: ComPlusSetRole: Role = Administrator, UsersInRole = , RoleFlag = 0x100
COM+[6:20:42]: Set role 'Administrator' to 'System Application'.
COM+[6:20:42]: ComPlusSetRole: Role = Reader, UsersInRole = , RoleFlag = 0x100
COM+[6:20:42]: Set role 'Reader' to 'System Application'.
COM+[6:20:42]: ComPlusSetRole: Role = Server Application, UsersInRole = , RoleFlag = 0x100
COM+[6:20:42]: Set role 'Server Application' to 'System Application'.
COM+[6:20:42]: ComPlusSetRole: Role = Any Application, UsersInRole = , RoleFlag = 0x100
COM+[6:20:42]: Set role 'Any Application' to 'System Application'.
COM+[6:20:42]: End CCbbSetup::UpdateSysAppRoles - Return 0x00000000
COM+[6:20:42]: End CCbbSetup::ApplySuccess - Return 0x00000000
COM+[6:20:48]: ********************************************************************************
COM+[6:20:48]: Setup (COMMIG) finished - [DATE:02,04,2018 TIME: 06:20 pm]
COM+[6:20:48]: ********************************************************************************
COM+[10:59:29]: ********************************************************************************
COM+[10:59:29]: Setup started - [DATE:05,17,2018 TIME: 10:59 am]
COM+[10:59:29]: ********************************************************************************
COM+[10:59:29]: Start CComMig::Discover
COM+[10:59:30]: Adding Application: {251439A7-3160-416C-8998-CD0587EF5775}
COM+[10:59:30]: Adding Application: {95D10C41-2F80-4C52-BDE2-C6EAB840CEBC}
COM+[10:59:30]: Return XML stream: <migXml xmlns=""><rules context="system"><include><objectSet><pattern type="File">%systemroot%\system32\ [mscoree.dll]</pattern><pattern type="Registry">HKLM\SOFTWARE\Classes\AppID\{251439A7-3160-416C-8998-CD0587EF5775}\* [*]</pattern><pattern type="Registry">HKLM\SOFTWARE\Classes\AppID\{95D10C41-2F80-4C52-BDE2-C6EAB840CEBC}\* [*]</pattern></objectSet></include></rules></migXml>
COM+[10:59:30]: End CComMig::Discover - Return 0x00000000
COM+[10:59:50]: ********************************************************************************
COM+[10:59:50]: Setup (COMMIG) finished - [DATE:05,17,2018 TIME: 10:59 am]
COM+[10:59:50]: ********************************************************************************
COM+[11:0:29]: ********************************************************************************
COM+[11:0:29]: Setup started - [DATE:05,17,2018 TIME: 11:00 am]
COM+[11:0:29]: ********************************************************************************
COM+[11:0:29]: Start CComMig::Gather
COM+[11:0:29]: CLB file C:\WINDOWS\Registration\R00000000000d.clb successfully copied to C:\$WINDOWS.~BT\Work\MachineIndependent\Working\agentmgr\CCSIAgent\005ACB6B\R000000000054.clb
COM+[11:0:29]: End CComMig::Gather - Return 0x00000000
COM+[11:0:29]: ********************************************************************************
COM+[11:0:29]: Setup (COMMIG) finished - [DATE:05,17,2018 TIME: 11:00 am]
COM+[11:0:29]: ********************************************************************************
COM+[3:41:47]: ********************************************************************************
COM+[3:41:47]: Setup started - [DATE:05,31,2018 TIME: 03:41 pm]
COM+[3:41:47]: ********************************************************************************
COM+[3:41:47]: Start CComMig::Discover
COM+[3:41:48]: Adding Application: {251439A7-3160-416C-8998-CD0587EF5775}
COM+[3:41:48]: Adding Application: {95D10C41-2F80-4C52-BDE2-C6EAB840CEBC}
COM+[3:41:48]: Return XML stream: <migXml xmlns=""><rules context="system"><include><objectSet><pattern type="File">%systemroot%\system32\ [mscoree.dll]</pattern><pattern type="Registry">HKLM\SOFTWARE\Classes\AppID\{251439A7-3160-416C-8998-CD0587EF5775}\* [*]</pattern><pattern type="Registry">HKLM\SOFTWARE\Classes\AppID\{95D10C41-2F80-4C52-BDE2-C6EAB840CEBC}\* [*]</pattern></objectSet></include></rules></migXml>
COM+[3:41:48]: End CComMig::Discover - Return 0x00000000
COM+[3:41:53]: ********************************************************************************
COM+[3:41:53]: Setup (COMMIG) finished - [DATE:05,31,2018 TIME: 03:41 pm]
COM+[3:41:53]: ********************************************************************************
COM+[3:42:5]: ********************************************************************************
COM+[3:42:5]: Setup started - [DATE:05,31,2018 TIME: 03:42 pm]
COM+[3:42:5]: ********************************************************************************
COM+[3:42:5]: Start CComMig::Gather
COM+[3:42:5]: CLB file C:\WINDOWS\Registration\R00000000000d.clb successfully copied to C:\$WINDOWS.~BT\Work\MachineIndependent\Working\agentmgr\CCSIAgent\005ACB6B\R000000000054.clb
COM+[3:42:5]: End CComMig::Gather - Return 0x00000000
COM+[3:42:5]: ********************************************************************************
COM+[3:42:5]: Setup (COMMIG) finished - [DATE:05,31,2018 TIME: 03:42 pm]
COM+[3:42:5]: ********************************************************************************
COM+[4:7:31]: ********************************************************************************
COM+[4:7:31]: Setup started - [DATE:05,31,2018 TIME: 04:07 pm]
COM+[4:7:31]: ********************************************************************************
COM+[4:7:31]: Start CCbbSetup::ApplySuccess
COM+[4:7:31]: Stopping service ComSysApp...
COM+[4:7:31]: COM+ Successfully Deactivated
COM+[4:7:31]: CLB file C:\$WINDOWS.~BT\Store\MachineIndependent\File\srcworkingalias\agentmgr\CCSIAgent\005ACB6B\R000000000054.clb successfully copied to C:\WINDOWS\Registration\R000000000002.clb
COM+[4:7:31]: Schema version is 84; schema is compatible
COM+[4:7:31]: Memory usage for setup process...
COM+[4:7:31]: PeakWorkingSetSize: 76508 Kb, WorkingSetSize: 19180 Kb
COM+[4:7:31]: QuotaPeakPagedPoolUsage: 266 Kb, QuotaPagedPoolUsage: 266 Kb
COM+[4:7:31]: PeakPagefileUsage: 67020 Kb, PagefileUsage: 7148 Kb
COM+[4:7:31]: Obtained dispenser and secadmin
COM+[4:7:31]: Deleting legacy COM+ roles
COM+[4:7:31]: Writing existing users in roles to inf file
COM+[4:7:31]: Creating COM+ objects
COM+[4:7:31]: Processing TID_COMPUTERLIST table
COM+[4:7:31]: Processing TID_LOCALCOMPUTER table
COM+[4:7:31]: Creating COM+ partitions
COM+[4:7:31]: Processing TID_APPLICATIONPARTITION table
COM+[4:7:31]: Partitions are disabled
COM+[4:7:31]: Creating COM+ applications
COM+[4:7:31]: Processing TID_APPLICATION table
COM+[4:7:31]: Processing tidCOMSERVICES_SERVICES table
COM+[4:7:31]: Creating COM+ components
COM+[4:7:31]: Processing tidCOMSERVICES_CLASSES_INTERNAL table
COM+[4:7:31]: Setting COM+ component class descriptions
COM+[4:7:31]: Creating COM+ custom activators
COM+[4:7:31]: Processing TID_CUSTOMACTIVATOR table
COM+[4:7:31]: Deleting legacy COM+ roles
COM+[4:7:31]: Creating COM+ roles
COM+[4:7:31]: Processing tidCOMSERVICES_ROLEDEFINITION table
COM+[4:7:31]: Processing tidCOMSERVICES_ROLECONFIG table
COM+[4:7:31]: Processing tidCOMSERVICES_ROLESET table
COM+[4:7:31]: Creating COM+ interfaces
COM+[4:7:31]: Processing tidCOMSERVICES_CLASSINTERFACE table
COM+[4:7:31]: Creating COM+ methods
COM+[4:7:31]: Processing tidCOMSERVICES_CLASSITFMETHOD table
COM+[4:7:31]: Processing tidCOMSERVICES_CLASSITFDISPID table
COM+[4:7:31]: Adding COM+ roles to applications
COM+[4:7:31]: Updating COM+ roles
COM+[4:7:32]: Removing STA activator from Event Classes
COM+[4:7:32]: Setting COM+ System Application as system
COM+[4:7:32]: COM+ Successfully Activated
COM+[4:7:32]: Memory usage for setup process...
COM+[4:7:32]: PeakWorkingSetSize: 76508 Kb, WorkingSetSize: 20064 Kb
COM+[4:7:32]: QuotaPeakPagedPoolUsage: 271 Kb, QuotaPagedPoolUsage: 271 Kb
COM+[4:7:32]: PeakPagefileUsage: 67020 Kb, PagefileUsage: 7624 Kb
COM+[4:7:32]: Start CCbbSetup::RegisterMigratedComponents
COM+[4:7:32]: Registering DLL: C:\WINDOWS\system32\mscoree.dll
COM+[4:7:32]: Registering C:\WINDOWS\system32\mscoree.dll.
COM+[4:7:32]: Running command: regsvr32 /s "C:\WINDOWS\system32\mscoree.dll"
COM+[4:7:32]: After call to DllRegisterServer - Module: C:\WINDOWS\system32\mscoree.dll
COM+[4:7:32]: End CCbbSetup::RegisterMigratedComponents - Return 0x00000000
COM+[4:7:32]: Backup RegDB file to 'C:\WINDOWS\system32\emptyregdb.dat'.
COM+[4:7:32]: Start CCbbSetup::RemoveDeprecatedApplications
COM+[4:7:32]: CComPlusCore::DeleteAppByName: Removing .NET Utilities from the COM+ catalog
COM+[4:7:32]: CComPlusCore::DeleteAppByName: Removing IIS Out-Of-Process Pooled Applications from the COM+ catalog
COM+[4:7:32]: CComPlusCore::DeleteAppByName: Removing IIS-{Default Web Site//Root/MSMQ} from the COM+ catalog
COM+[4:7:32]: CComPlusCore::DeleteAppByName: Removing IIS In-Process Applications from the COM+ catalog
COM+[4:7:32]: CComPlusCore::DeleteAppByName: Removing IIS Utilities from the COM+ catalog
COM+[4:7:32]: CComPlusCore::DeleteAppByName: Removing MQTriggersApp from the COM+ catalog
COM+[4:7:32]: CComPlusCore::DeleteAppByName: Removing MS Software Shadow Copy Provider from the COM+ catalog
COM+[4:7:32]: End CCbbSetup::RemoveDeprecatedApplications - Return 0x00000000
COM+[4:7:32]: Stopping service ComSysApp...
COM+[4:7:32]: Start CCbbSetup::UpdateSysAppRoles
COM+[4:7:32]: ComPlusSetRole: Role = Administrator, UsersInRole = , RoleFlag = 0x100
COM+[4:7:33]: Set role 'Administrator' to 'System Application'.
COM+[4:7:33]: ComPlusSetRole: Role = Reader, UsersInRole = , RoleFlag = 0x100
COM+[4:7:33]: Set role 'Reader' to 'System Application'.
COM+[4:7:33]: ComPlusSetRole: Role = Server Application, UsersInRole = , RoleFlag = 0x100
COM+[4:7:33]: Set role 'Server Application' to 'System Application'.
COM+[4:7:33]: ComPlusSetRole: Role = Any Application, UsersInRole = , RoleFlag = 0x100
COM+[4:7:33]: Set role 'Any Application' to 'System Application'.
COM+[4:7:33]: End CCbbSetup::UpdateSysAppRoles - Return 0x00000000
COM+[4:7:34]: End CCbbSetup::ApplySuccess - Return 0x00000000
COM+[4:12:20]: ********************************************************************************
COM+[4:12:20]: Setup (COMMIG) finished - [DATE:05,31,2018 TIME: 04:12 pm]
COM+[4:12:20]: ********************************************************************************
