03/02/18 21:16:02: infinst: Installing C:\Users\develeap\AppData\Local\Temp\DXBB77.tmp\d3dx9_24_x64.inf [DefaultInstall]
03/02/18 21:16:02: infinst: Installed file C:\WINDOWS\system32\d3dx9_24.dll
03/02/18 21:16:03: infinst: Installing C:\Users\develeap\AppData\Local\Temp\DXBB77.tmp\d3dx9_25_x64.inf [DefaultInstall]
03/02/18 21:16:03: infinst: Installed file C:\WINDOWS\system32\d3dx9_25.dll
03/02/18 21:16:03: infinst: Installing C:\Users\develeap\AppData\Local\Temp\DXBB77.tmp\d3dx9_26_x64.inf [DefaultInstall]
03/02/18 21:16:03: infinst: Installed file C:\WINDOWS\system32\d3dx9_26.dll
03/02/18 21:16:04: infinst: Installing C:\Users\develeap\AppData\Local\Temp\DXBB77.tmp\d3dx9_27_x64.inf [DefaultInstall]
03/02/18 21:16:04: infinst: Installed file C:\WINDOWS\system32\d3dx9_27.dll
03/02/18 21:16:05: infinst: Installing C:\Users\develeap\AppData\Local\Temp\DXBB77.tmp\d3dx9_28_x64.inf [DefaultInstall]
03/02/18 21:16:05: infinst: Installed file C:\WINDOWS\system32\d3dx9_28.dll
03/02/18 21:16:06: infinst: Installing C:\Users\develeap\AppData\Local\Temp\DXBB77.tmp\d3dx9_29_x64.inf [DefaultInstall]
03/02/18 21:16:06: infinst: Installed file C:\WINDOWS\system32\d3dx9_29.dll
03/02/18 21:16:06: infinst: Installing C:\Users\develeap\AppData\Local\Temp\DXBB77.tmp\XACT_x64.inf [DefaultInstall]
03/02/18 21:16:06: infinst: Installed file C:\WINDOWS\system32\xactengine2_0.dll
03/02/18 21:16:06: infinst: Installed file C:\WINDOWS\system32\x3daudio1_0.dll
03/02/18 21:16:07: infinst: Installing C:\Users\develeap\AppData\Local\Temp\DXBB77.tmp\d3dx9_30_x64.inf [DefaultInstall]
03/02/18 21:16:07: infinst: Installed file C:\WINDOWS\system32\d3dx9_30.dll
03/02/18 21:16:10: infinst: Installing C:\Users\develeap\AppData\Local\Temp\DXBB77.tmp\XACT2_1_x64.inf [DefaultInstall]
03/02/18 21:16:10: infinst: Installed file C:\WINDOWS\system32\xactengine2_1.dll
03/02/18 21:16:10: infinst: Target file: 'C:\WINDOWS\system32\x3daudio1_0.dll' 
	Target file is Version 9.11.519.0
	Source file is Version 9.11.519.0
03/02/18 21:16:10: infinst: C:\WINDOWS\system32\x3daudio1_0.dll have been installed already.
03/02/18 21:16:11: infinst: Installing C:\Users\develeap\AppData\Local\Temp\DXBB77.tmp\xinput1_1_x64.inf [Install_Driver]
03/02/18 21:16:11: infinst: Installed file C:\WINDOWS\system32\xinput1_1.dll
03/02/18 21:16:12: infinst: Installing C:\Users\develeap\AppData\Local\Temp\DXBB77.tmp\XACT2_2_x64.inf [DefaultInstall]
03/02/18 21:16:12: infinst: Installed file C:\WINDOWS\system32\xactengine2_2.dll
03/02/18 21:16:12: infinst: Target file: 'C:\WINDOWS\system32\x3daudio1_0.dll' 
	Target file is Version 9.11.519.0
	Source file is Version 9.11.519.0
03/02/18 21:16:12: infinst: C:\WINDOWS\system32\x3daudio1_0.dll have been installed already.
03/02/18 21:16:13: infinst: Installing C:\Users\develeap\AppData\Local\Temp\DXBB77.tmp\xinput1_2_x64.inf [Install_Driver]
03/02/18 21:16:13: infinst: Installed file C:\WINDOWS\system32\xinput1_2.dll
03/02/18 21:16:15: infinst: Installing C:\Users\develeap\AppData\Local\Temp\DXBB77.tmp\XACT2_3_x64.inf [DefaultInstall]
03/02/18 21:16:15: infinst: Installed file C:\WINDOWS\system32\xactengine2_3.dll
03/02/18 21:16:15: infinst: Target file: 'C:\WINDOWS\system32\x3daudio1_0.dll' 
	Target file is Version 9.11.519.0
	Source file is Version 9.11.519.0
03/02/18 21:16:15: infinst: C:\WINDOWS\system32\x3daudio1_0.dll have been installed already.
03/02/18 21:16:16: infinst: Installing C:\Users\develeap\AppData\Local\Temp\DXBB77.tmp\d3dx9_31_x64.inf [DefaultInstall]
03/02/18 21:16:16: infinst: Installed file C:\WINDOWS\system32\d3dx9_31.dll
03/02/18 21:16:17: infinst: Installing C:\Users\develeap\AppData\Local\Temp\DXBB77.tmp\XACT2_4_x64.inf [DefaultInstall]
03/02/18 21:16:17: infinst: Installed file C:\WINDOWS\system32\xactengine2_4.dll
03/02/18 21:16:17: infinst: Installed file C:\WINDOWS\system32\x3daudio1_1.dll
03/02/18 21:16:18: infinst: Installing C:\Users\develeap\AppData\Local\Temp\DXBB77.tmp\d3dx9_32_x64.inf [DefaultInstall]
03/02/18 21:16:18: infinst: Installed file C:\WINDOWS\system32\d3dx9_32.dll
03/02/18 21:16:19: infinst: Installing C:\Users\develeap\AppData\Local\Temp\DXBB77.tmp\d3dx10_00_x64.inf [DefaultInstall]
03/02/18 21:16:19: infinst: Installed file C:\WINDOWS\system32\d3dx10.dll
03/02/18 21:16:21: infinst: Installing C:\Users\develeap\AppData\Local\Temp\DXBB77.tmp\XACT2_5_x64.inf [DefaultInstall]
03/02/18 21:16:21: infinst: Installed file C:\WINDOWS\system32\xactengine2_5.dll
03/02/18 21:16:21: infinst: Target file: 'C:\WINDOWS\system32\x3daudio1_1.dll' 
	Target file is Version 9.15.779.0
	Source file is Version 9.15.779.0
03/02/18 21:16:21: infinst: Installed file C:\WINDOWS\system32\x3daudio1_1.dll
03/02/18 21:16:22: infinst: Installing C:\Users\develeap\AppData\Local\Temp\DXBB77.tmp\XACT2_6_x64.inf [DefaultInstall]
03/02/18 21:16:22: infinst: Installed file C:\WINDOWS\system32\xactengine2_6.dll
03/02/18 21:16:22: infinst: Target file: 'C:\WINDOWS\system32\x3daudio1_1.dll' 
	Target file is Version 9.15.779.0
	Source file is Version 9.15.779.0
03/02/18 21:16:23: infinst: Installed file C:\WINDOWS\system32\x3daudio1_1.dll
03/02/18 21:16:24: infinst: Installing C:\Users\develeap\AppData\Local\Temp\DXBB77.tmp\d3dx9_33_x64.inf [DefaultInstall]
03/02/18 21:16:24: infinst: Installed file C:\WINDOWS\system32\d3dx9_33.dll
03/02/18 21:16:25: infinst: Installing C:\Users\develeap\AppData\Local\Temp\DXBB77.tmp\d3dx10_33_x64.inf [DefaultInstall]
03/02/18 21:16:25: infinst: Installed file C:\WINDOWS\system32\d3dx10_33.dll
03/02/18 21:16:25: infinst: Installed file C:\WINDOWS\system32\D3DCompiler_33.dll
03/02/18 21:16:26: infinst: Installing C:\Users\develeap\AppData\Local\Temp\DXBB77.tmp\XACT2_7_x64.inf [DefaultInstall]
jackie1: _  _ _____ ____
03/02/18 21:16:26: infinst: Installed file C:\WINDOWS\system32\xactengine2_7.dll
03/02/18 21:16:26: infinst: Target file: 'C:\WINDOWS\system32\x3daudio1_1.dll' 
	Target file is Version 9.15.779.0
	Source file is Version 9.15.779.0
03/02/18 21:16:26: infinst: Installed file C:\WINDOWS\system32\x3daudio1_1.dll
03/02/18 21:16:27: infinst: Installing C:\Users\develeap\AppData\Local\Temp\DXBB77.tmp\xinput1_3_x64.inf [Install_Driver]
03/02/18 21:16:27: infinst: Installed file C:\WINDOWS\system32\xinput1_3.dll
03/02/18 21:16:28: infinst: Installing C:\Users\develeap\AppData\Local\Temp\DXBB77.tmp\d3dx9_34_x64.inf [DefaultInstall]
03/02/18 21:16:28: infinst: Installed file C:\WINDOWS\system32\d3dx9_34.dll
03/02/18 21:16:29: infinst: Installing C:\Users\develeap\AppData\Local\Temp\DXBB77.tmp\d3dx10_34_x64.inf [DefaultInstall]
03/02/18 21:16:30: infinst: Installed file C:\WINDOWS\system32\d3dx10_34.dll
03/02/18 21:16:30: infinst: Installed file C:\WINDOWS\system32\D3DCompiler_34.dll
03/02/18 21:16:31: infinst: Installing C:\Users\develeap\AppData\Local\Temp\DXBB77.tmp\XACT2_8_x64.inf [DefaultInstall]
03/02/18 21:16:31: infinst: Installed file C:\WINDOWS\system32\xactengine2_8.dll
03/02/18 21:16:31: infinst: Installed file C:\WINDOWS\system32\x3daudio1_2.dll
03/02/18 21:16:32: infinst: Installing C:\Users\develeap\AppData\Local\Temp\DXBB77.tmp\d3dx9_35_x64.inf [DefaultInstall]
03/02/18 21:16:32: infinst: Installed file C:\WINDOWS\system32\d3dx9_35.dll
03/02/18 21:16:33: infinst: Installing C:\Users\develeap\AppData\Local\Temp\DXBB77.tmp\d3dx10_35_x64.inf [DefaultInstall]
03/02/18 21:16:33: infinst: Installed file C:\WINDOWS\system32\d3dx10_35.dll
03/02/18 21:16:33: infinst: Installed file C:\WINDOWS\system32\D3DCompiler_35.dll
03/02/18 21:16:34: infinst: Installing C:\Users\develeap\AppData\Local\Temp\DXBB77.tmp\XACT2_9_x64.inf [DefaultInstall]
03/02/18 21:16:34: infinst: Installed file C:\WINDOWS\system32\xactengine2_9.dll
03/02/18 21:16:34: infinst: Target file: 'C:\WINDOWS\system32\x3daudio1_2.dll' 
	Target file is Version 9.19.1007.0
	Source file is Version 9.20.1057.0
03/02/18 21:16:34: infinst: Installed file C:\WINDOWS\system32\x3daudio1_2.dll
03/02/18 21:16:35: infinst: Installing C:\Users\develeap\AppData\Local\Temp\DXBB77.tmp\d3dx9_36_x64.inf [DefaultInstall]
03/02/18 21:16:35: infinst: Installed file C:\WINDOWS\system32\d3dx9_36.dll
03/02/18 21:16:36: infinst: Installing C:\Users\develeap\AppData\Local\Temp\DXBB77.tmp\d3dx10_36_x64.inf [DefaultInstall]
03/02/18 21:16:36: infinst: Installed file C:\WINDOWS\system32\d3dx10_36.dll
03/02/18 21:16:36: infinst: Installed file C:\WINDOWS\system32\D3DCompiler_36.dll
03/02/18 21:16:36: infinst: Installing C:\Users\develeap\AppData\Local\Temp\DXBB77.tmp\X3DAudio1_2_x64.inf [DefaultInstall]
03/02/18 21:16:36: infinst: Target file: 'C:\WINDOWS\system32\X3DAudio1_2.dll' 
	Target file is Version 9.20.1057.0
	Source file is Version 9.21.1148.0
03/02/18 21:16:36: infinst: Installed file C:\WINDOWS\system32\X3DAudio1_2.dll
03/02/18 21:16:37: infinst: Installing C:\Users\develeap\AppData\Local\Temp\DXBB77.tmp\XACT2_10_x64.inf [DefaultInstall]
03/02/18 21:16:37: infinst: Installed file C:\WINDOWS\system32\xactengine2_10.dll
03/02/18 21:16:38: infinst: Installing C:\Users\develeap\AppData\Local\Temp\DXBB77.tmp\D3DX9_37_x64.inf [DefaultInstall]
03/02/18 21:16:38: infinst: Installed file C:\WINDOWS\system32\D3DX9_37.dll
03/02/18 21:16:39: infinst: Installing C:\Users\develeap\AppData\Local\Temp\DXBB77.tmp\d3dx10_37_x64.inf [DefaultInstall]
03/02/18 21:16:39: infinst: Installed file C:\WINDOWS\system32\d3dx10_37.dll
03/02/18 21:16:39: infinst: Installed file C:\WINDOWS\system32\D3DCompiler_37.dll
03/02/18 21:16:39: infinst: Installing C:\Users\develeap\AppData\Local\Temp\DXBB77.tmp\X3DAudio1_3_x64.inf [DefaultInstall]
03/02/18 21:16:39: infinst: Installed file C:\WINDOWS\system32\X3DAudio1_3.dll
03/02/18 21:16:40: infinst: Installing C:\Users\develeap\AppData\Local\Temp\DXBB77.tmp\XACT3_0_x64.inf [DefaultInstall]
03/02/18 21:16:40: infinst: Installed file C:\WINDOWS\system32\xactengine3_0.dll
03/02/18 21:16:41: infinst: Installing C:\Users\develeap\AppData\Local\Temp\DXBB77.tmp\XAudio2_0_x64.inf [DefaultInstall]
03/02/18 21:16:41: infinst: Installed file C:\WINDOWS\system32\XAudio2_0.dll
