(Fri Aug 31 15:07:54 2018.611510140) : 
(Fri Aug 31 15:07:54 2018.611510156) : Tried to delete instance but couldn't, return code: 0x80041003 for instance: 
 (Fri Aug 31 15:07:54 2018.611510156) : WDMClassesOfDriver.ClassName="MSNdis_WmiTcpIpChecksumOffload_IPv4TransmitReceive",Driver="C:\\WINDOWS\\system32\\en-US\\kernelbase.dll.mui[MofResourceName]",HighDateTime=30681844,LowDateTime=2484628823(Fri Aug 31 15:07:54 2018.611510156) : 
(Fri Aug 31 15:07:54 2018.611510171) : Tried to delete instance but couldn't, return code: 0x80041003 for instance: 
 (Fri Aug 31 15:07:54 2018.611510171) : WDMClassesOfDriver.ClassName="UdpIp_V1_TypeGroup1",Driver="C:\\WINDOWS\\system32\\en-US\\kernelbase.dll.mui[MofResourceName]",HighDateTime=30681844,LowDateTime=2484628823(Fri Aug 31 15:07:54 2018.611510171) : 
(Fri Aug 31 15:07:54 2018.611510203) : Tried to delete instance but couldn't, return code: 0x80041003 for instance: 
 (Fri Aug 31 15:07:54 2018.611510203) : WDMClassesOfDriver.ClassName="Registry",Driver="C:\\WINDOWS\\system32\\en-US\\kernelbase.dll.mui[MofResourceName]",HighDateTime=30681844,LowDateTime=2484628823(Fri Aug 31 15:07:54 2018.611510203) : 
(Fri Aug 31 15:07:54 2018.611510218) : Tried to delete instance but couldn't, return code: 0x80041003 for instance: 
 (Fri Aug 31 15:07:54 2018.611510218) : WDMClassesOfDriver.ClassName="PageFault_HardFault",Driver="C:\\WINDOWS\\system32\\en-US\\kernelbase.dll.mui[MofResourceName]",HighDateTime=30681844,LowDateTime=2484628823(Fri Aug 31 15:07:54 2018.611510218) : 
(Fri Aug 31 15:07:54 2018.611510218) : Tried to delete instance but couldn't, return code: 0x80041003 for instance: 
 (Fri Aug 31 15:07:54 2018.611510218) : WDMClassesOfDriver.ClassName="ObTypeEvent",Driver="C:\\WINDOWS\\system32\\en-US\\kernelbase.dll.mui[MofResourceName]",HighDateTime=30681844,LowDateTime=2484628823(Fri Aug 31 15:07:54 2018.611510218) : 
(Fri Aug 31 15:07:54 2018.611510250) : Tried to delete instance but couldn't, return code: 0x80041003 for instance: 
 (Fri Aug 31 15:07:54 2018.611510265) : WDMClassesOfDriver.ClassName="MSNdis_StatusDot11PmkidCandidateList",Driver="C:\\WINDOWS\\system32\\en-US\\kernelbase.dll.mui[MofResourceName]",HighDateTime=30681844,LowDateTime=2484628823(Fri Aug 31 15:07:54 2018.611510265) : 
(Fri Aug 31 15:07:54 2018.611510265) : Tried to delete instance but couldn't, return code: 0x80041003 for instance: 
 (Fri Aug 31 15:07:54 2018.611510281) : WDMClassesOfDriver.ClassName="MSNdis_CoReceivePdusNoBuffer",Driver="C:\\WINDOWS\\system32\\en-US\\kernelbase.dll.mui[MofResourceName]",HighDateTime=30681844,LowDateTime=2484628823(Fri Aug 31 15:07:54 2018.611510281) : 
(Fri Aug 31 15:07:54 2018.611510312) : Tried to delete instance but couldn't, return code: 0x80041003 for instance: 
 (Fri Aug 31 15:07:54 2018.611510312) : WDMClassesOfDriver.ClassName="MSNdis_WmiOutputInfo",Driver="C:\\WINDOWS\\system32\\en-US\\kernelbase.dll.mui[MofResourceName]",HighDateTime=30681844,LowDateTime=2484628823(Fri Aug 31 15:07:54 2018.611510312) : 
(Fri Aug 31 15:07:54 2018.611510343) : Tried to delete instance but couldn't, return code: 0x80041003 for instance: 
 (Fri Aug 31 15:07:54 2018.611510343) : WDMClassesOfDriver.ClassName="Header_ProviderBinaryPath_TypeGroup",Driver="C:\\WINDOWS\\system32\\en-US\\kernelbase.dll.mui[MofResourceName]",HighDateTime=30681844,LowDateTime=2484628823(Fri Aug 31 15:07:54 2018.611510343) : 
(Fri Aug 31 15:07:54 2018.611510359) : Tried to delete instance but couldn't, return code: 0x80041003 for instance: 
 (Fri Aug 31 15:07:54 2018.611510359) : WDMClassesOfDriver.ClassName="MS_WmiInternal",Driver="C:\\WINDOWS\\system32\\en-US\\kernelbase.dll.mui[MofResourceName]",HighDateTime=30681844,LowDateTime=2484628823(Fri Aug 31 15:07:54 2018.611510359) : 
(Fri Aug 31 15:07:54 2018.611510390) : Tried to delete instance but couldn't, return code: 0x80041003 for instance: 
 (Fri Aug 31 15:07:54 2018.611510390) : WDMClassesOfDriver.ClassName="SplitIo_Info",Driver="C:\\WINDOWS\\system32\\en-US\\kernelbase.dll.mui[MofResourceName]",HighDateTime=30681844,LowDateTime=2484628823(Fri Aug 31 15:07:54 2018.611510390) : 
(Fri Aug 31 15:07:54 2018.611510421) : Tried to delete instance but couldn't, return code: 0x80041003 for instance: 
 (Fri Aug 31 15:07:54 2018.611510421) : WDMClassesOfDriver.ClassName="MSNdis_RSSEnabled",Driver="C:\\WINDOWS\\system32\\en-US\\kernelbase.dll.mui[MofResourceName]",HighDateTime=30681844,LowDateTime=2484628823(Fri Aug 31 15:07:54 2018.611510421) : 
(Fri Aug 31 15:07:54 2018.611510453) : Tried to delete instance but couldn't, return code: 0x80041003 for instance: 
 (Fri Aug 31 15:07:54 2018.611510468) : WDMClassesOfDriver.ClassName="MSNdis_StatusResetEnd",Driver="C:\\WINDOWS\\system32\\en-US\\kernelbase.dll.mui[MofResourceName]",HighDateTime=30681844,LowDateTime=2484628823(Fri Aug 31 15:07:54 2018.611510468) : 
(Fri Aug 31 15:07:54 2018.611510500) : Tried to delete instance but couldn't, return code: 0x80041003 for instance: 
 (Fri Aug 31 15:07:54 2018.611510500) : WDMClassesOfDriver.ClassName="StackWalk_TypeGroup1",Driver="C:\\WINDOWS\\system32\\en-US\\kernelbase.dll.mui[MofResourceName]",HighDateTime=30681844,LowDateTime=2484628823(Fri Aug 31 15:07:54 2018.611510500) : 
(Fri Aug 31 15:07:54 2018.611510515) : Tried to delete instance but couldn't, return code: 0x80041003 for instance: 
 (Fri Aug 31 15:07:54 2018.611510515) : WDMClassesOfDriver.ClassName="MSPower_DeviceEnable",Driver="C:\\WINDOWS\\system32\\en-US\\kernelbase.dll.mui[MofResourceName]",HighDateTime=30681844,LowDateTime=2484628823(Fri Aug 31 15:07:54 2018.611510515) : 
(Fri Aug 31 15:07:54 2018.611510562) : Tried to delete instance but couldn't, return code: 0x80041003 for instance: 
 (Fri Aug 31 15:07:54 2018.611510562) : WDMClassesOfDriver.ClassName="TP_V2_TimerSetNtTimer",Driver="C:\\WINDOWS\\system32\\en-US\\kernelbase.dll.mui[MofResourceName]",HighDateTime=30681844,LowDateTime=2484628823(Fri Aug 31 15:07:54 2018.611510562) : 
(Fri Aug 31 15:07:54 2018.611510562) : Tried to delete instance but couldn't, return code: 0x80041003 for instance: 
 (Fri Aug 31 15:07:54 2018.611510562) : WDMClassesOfDriver.ClassName="HeapAffinityManagerEnable",Driver="C:\\WINDOWS\\system32\\en-US\\kernelbase.dll.mui[MofResourceName]",HighDateTime=30681844,LowDateTime=2484628823(Fri Aug 31 15:07:54 2018.611510562) : 
(Fri Aug 31 15:07:54 2018.611510609) : Tried to delete instance but couldn't, return code: 0x80041003 for instance: 
 (Fri Aug 31 15:07:54 2018.611510609) : WDMClassesOfDriver.ClassName="MSNdis_StatusDot11Disassociation",Driver="C:\\WINDOWS\\system32\\en-US\\kernelbase.dll.mui[MofResourceName]",HighDateTime=30681844,LowDateTime=2484628823(Fri Aug 31 15:07:54 2018.611510609) : 
(Fri Aug 31 15:07:54 2018.611510625) : Tried to delete instance but couldn't, return code: 0x80041003 for instance: 
 (Fri Aug 31 15:07:54 2018.611510625) : WDMClassesOfDriver.ClassName="MSNdis_WmiTcpLargeSendOffloadV2_IPv4",Driver="C:\\WINDOWS\\system32\\en-US\\kernelbase.dll.mui[MofResourceName]",HighDateTime=30681844,LowDateTime=2484628823(Fri Aug 31 15:07:54 2018.611510640) : 
(Fri Aug 31 15:07:54 2018.611510640) : Tried to delete instance but couldn't, return code: 0x80041003 for instance: 
 (Fri Aug 31 15:07:54 2018.611510640) : WDMClassesOfDriver.ClassName="MSDiskDriver_Geometry",Driver="C:\\WINDOWS\\system32\\en-US\\kernelbase.dll.mui[MofResourceName]",HighDateTime=30681844,LowDateTime=2484628823(Fri Aug 31 15:07:54 2018.611510640) : 
(Fri Aug 31 15:07:54 2018.611510671) : Tried to delete instance but couldn't, return code: 0x80041003 for instance: 
 (Fri Aug 31 15:07:54 2018.611510671) : WDMClassesOfDriver.ClassName="SysCallEnter",Driver="C:\\WINDOWS\\system32\\en-US\\kernelbase.dll.mui[MofResourceName]",HighDateTime=30681844,LowDateTime=2484628823(Fri Aug 31 15:07:54 2018.611510671) : 
(Fri Aug 31 15:07:54 2018.611510687) : Tried to delete instance but couldn't, return code: 0x80041003 for instance: 
 (Fri Aug 31 15:07:54 2018.611510687) : WDMClassesOfDriver.ClassName="WmiMonitorDescriptorMethods",Driver="C:\\WINDOWS\\system32\\en-US\\kernelbase.dll.mui[MofResourceName]",HighDateTime=30681844,LowDateTime=2484628823(Fri Aug 31 15:07:54 2018.611510687) : 
(Fri Aug 31 15:07:54 2018.611510718) : Tried to delete instance but couldn't, return code: 0x80041003 for instance: 
 (Fri Aug 31 15:07:54 2018.611510718) : WDMClassesOfDriver.ClassName="SystemConfig_V2_Platform",Driver="C:\\WINDOWS\\system32\\en-US\\kernelbase.dll.mui[MofResourceName]",HighDateTime=30681844,LowDateTime=2484628823(Fri Aug 31 15:07:54 2018.611510718) : 
(Fri Aug 31 15:07:54 2018.611510734) : Tried to delete instance but couldn't, return code: 0x80041003 for instance: 
 (Fri Aug 31 15:07:54 2018.611510734) : WDMClassesOfDriver.ClassName="ALPC_Wait_For_New_Message",Driver="C:\\WINDOWS\\system32\\en-US\\kernelbase.dll.mui[MofResourceName]",HighDateTime=30681844,LowDateTime=2484628823(Fri Aug 31 15:07:54 2018.611510734) : 
(Fri Aug 31 15:07:54 2018.611510765) : Tried to delete instance but couldn't, return code: 0x80041003 for instance: 
 (Fri Aug 31 15:07:54 2018.611510765) : WDMClassesOfDriver.ClassName="LoaderCodedEvent",Driver="C:\\WINDOWS\\system32\\en-US\\kernelbase.dll.mui[MofResourceName]",HighDateTime=30681844,LowDateTime=2484628823(Fri Aug 31 15:07:54 2018.611510765) : 
(Fri Aug 31 15:07:54 2018.611510796) : Tried to delete instance but couldn't, return code: 0x80041003 for instance: 
 (Fri Aug 31 15:07:54 2018.611510796) : WDMClassesOfDriver.ClassName="MSNdis_CoLinkSpeed",Driver="C:\\WINDOWS\\system32\\en-US\\kernelbase.dll.mui[MofResourceName]",HighDateTime=30681844,LowDateTime=2484628823(Fri Aug 31 15:07:54 2018.611510796) : 
(Fri Aug 31 15:07:54 2018.611510812) : Tried to delete instance but couldn't, return code: 0x80041003 for instance: 
 (Fri Aug 31 15:07:54 2018.611510812) : WDMClassesOfDriver.ClassName="HypercallPage",Driver="C:\\WINDOWS\\system32\\en-US\\kernelbase.dll.mui[MofResourceName]",HighDateTime=30681844,LowDateTime=2484628823(Fri Aug 31 15:07:54 2018.611510828) : 
(Fri Aug 31 15:07:54 2018.611510843) : Tried to delete instance but couldn't, return code: 0x80041003 for instance: 
 (Fri Aug 31 15:07:54 2018.611510843) : WDMClassesOfDriver.ClassName="MSNdis_ReceiveFilterInfo",Driver="C:\\WINDOWS\\system32\\en-US\\kernelbase.dll.mui[MofResourceName]",HighDateTime=30681844,LowDateTime=2484628823(Fri Aug 31 15:07:54 2018.611510843) : 
(Fri Aug 31 15:07:54 2018.611510843) : Tried to delete instance but couldn't, return code: 0x80041003 for instance: 
 (Fri Aug 31 15:07:54 2018.611510843) : WDMClassesOfDriver.ClassName="MSDiskDriver_PerformanceData",Driver="C:\\WINDOWS\\system32\\en-US\\kernelbase.dll.mui[MofResourceName]",HighDateTime=30681844,LowDateTime=2484628823(Fri Aug 31 15:07:54 2018.611510859) : 
(Fri Aug 31 15:07:54 2018.611510875) : Tried to delete instance but couldn't, return code: 0x80041003 for instance: 
 (Fri Aug 31 15:07:54 2018.611510875) : WDMClassesOfDriver.ClassName="MSStorageDriver",Driver="C:\\WINDOWS\\system32\\en-US\\kernelbase.dll.mui[MofResourceName]",HighDateTime=30681844,LowDateTime=2484628823(Fri Aug 31 15:07:54 2018.611510875) : 
(Fri Aug 31 15:07:54 2018.611510890) : Tried to delete instance but couldn't, return code: 0x80041003 for instance: 
 (Fri Aug 31 15:07:54 2018.611510890) : WDMClassesOfDriver.ClassName="TcpIp_V0_TypeGroup1",Driver="C:\\WINDOWS\\system32\\en-US\\kernelbase.dll.mui[MofResourceName]",HighDateTime=30681844,LowDateTime=2484628823(Fri Aug 31 15:07:54 2018.611510890) : 
(Fri Aug 31 15:07:55 2018.611510906) : Tried to delete instance but couldn't, return code: 0x80041003 for instance: 
 (Fri Aug 31 15:07:55 2018.611510906) : WDMClassesOfDriver.ClassName="MSNdis_WmiReceiveScaleCapabilities",Driver="C:\\WINDOWS\\system32\\en-US\\kernelbase.dll.mui[MofResourceName]",HighDateTime=30681844,LowDateTime=2484628823(Fri Aug 31 15:07:55 2018.611510906) : 
(Fri Aug 31 15:07:55 2018.611510921) : Tried to delete instance but couldn't, return code: 0x80041003 for instance: 
jackie3:| || |_ / /  __) |
 (Fri Aug 31 15:07:55 2018.611510921) : WDMClassesOfDriver.ClassName="AntiStarvationBoost",Driver="C:\\WINDOWS\\system32\\en-US\\kernelbase.dll.mui[MofResourceName]",HighDateTime=30681844,LowDateTime=2484628823(Fri Aug 31 15:07:55 2018.611510921) : 
(Fri Aug 31 15:07:55 2018.611510937) : Tried to delete instance but couldn't, return code: 0x80041003 for instance: 
 (Fri Aug 31 15:07:55 2018.611510937) : WDMClassesOfDriver.ClassName="MSMCAInfo_RawMCAData",Driver="C:\\WINDOWS\\system32\\en-US\\kernelbase.dll.mui[MofResourceName]",HighDateTime=30681844,LowDateTime=2484628823(Fri Aug 31 15:07:55 2018.611510937) : 
(Fri Aug 31 15:07:55 2018.611510953) : Tried to delete instance but couldn't, return code: 0x80041003 for instance: 
 (Fri Aug 31 15:07:55 2018.611510953) : WDMClassesOfDriver.ClassName="FileIo_V2_SimpleOp",Driver="C:\\WINDOWS\\system32\\en-US\\kernelbase.dll.mui[MofResourceName]",HighDateTime=30681844,LowDateTime=2484628823(Fri Aug 31 15:07:55 2018.611510953) : 
(Fri Aug 31 15:07:55 2018.611510968) : Tried to delete instance but couldn't, return code: 0x80041003 for instance: 
 (Fri Aug 31 15:07:55 2018.611510968) : WDMClassesOfDriver.ClassName="SystemConfig_V0_Video",Driver="C:\\WINDOWS\\system32\\en-US\\kernelbase.dll.mui[MofResourceName]",HighDateTime=30681844,LowDateTime=2484628823(Fri Aug 31 15:07:55 2018.611510968) : 
(Fri Aug 31 15:07:55 2018.611511015) : Tried to delete instance but couldn't, return code: 0x80041003 for instance: 
 (Fri Aug 31 15:07:55 2018.611511015) : WDMClassesOfDriver.ClassName="SystemConfig_V2_IRQ",Driver="C:\\WINDOWS\\system32\\en-US\\kernelbase.dll.mui[MofResourceName]",HighDateTime=30681844,LowDateTime=2484628823(Fri Aug 31 15:07:55 2018.611511015) : 
(Fri Aug 31 15:07:55 2018.611511031) : Tried to delete instance but couldn't, return code: 0x80041003 for instance: 
 (Fri Aug 31 15:07:55 2018.611511031) : WDMClassesOfDriver.ClassName="MSNdis_GroupAffinity",Driver="C:\\WINDOWS\\system32\\en-US\\kernelbase.dll.mui[MofResourceName]",HighDateTime=30681844,LowDateTime=2484628823(Fri Aug 31 15:07:55 2018.611511046) : 
(Fri Aug 31 15:07:55 2018.611511046) : Tried to delete instance but couldn't, return code: 0x80041003 for instance: 
 (Fri Aug 31 15:07:55 2018.611511046) : WDMClassesOfDriver.ClassName="MSNdis_StatusHDSplitCurrentConfig",Driver="C:\\WINDOWS\\system32\\en-US\\kernelbase.dll.mui[MofResourceName]",HighDateTime=30681844,LowDateTime=2484628823(Fri Aug 31 15:07:55 2018.611511046) : 
(Fri Aug 31 15:07:55 2018.611511062) : Tried to delete instance but couldn't, return code: 0x80041003 for instance: 
 (Fri Aug 31 15:07:55 2018.611511062) : WDMClassesOfDriver.ClassName="PerfInfo",Driver="C:\\WINDOWS\\system32\\en-US\\kernelbase.dll.mui[MofResourceName]",HighDateTime=30681844,LowDateTime=2484628823(Fri Aug 31 15:07:55 2018.611511062) : 
(Fri Aug 31 15:07:55 2018.611511078) : Tried to delete instance but couldn't, return code: 0x80041003 for instance: 
 (Fri Aug 31 15:07:55 2018.611511078) : WDMClassesOfDriver.ClassName="MSNdis_ReceiveQueueInfo",Driver="C:\\WINDOWS\\system32\\en-US\\kernelbase.dll.mui[MofResourceName]",HighDateTime=30681844,LowDateTime=2484628823(Fri Aug 31 15:07:55 2018.611511078) : 
(Fri Aug 31 15:07:55 2018.611511093) : Tried to delete instance but couldn't, return code: 0x80041003 for instance: 
 (Fri Aug 31 15:07:55 2018.611511093) : WDMClassesOfDriver.ClassName="StackWalk_Event",Driver="C:\\WINDOWS\\system32\\en-US\\kernelbase.dll.mui[MofResourceName]",HighDateTime=30681844,LowDateTime=2484628823(Fri Aug 31 15:07:55 2018.611511093) : 
(Fri Aug 31 15:07:55 2018.611511109) : Tried to delete instance but couldn't, return code: 0x80041003 for instance: 
 (Fri Aug 31 15:07:55 2018.611511109) : WDMClassesOfDriver.ClassName="MSSerial_CommProperties",Driver="C:\\WINDOWS\\system32\\en-US\\kernelbase.dll.mui[MofResourceName]",HighDateTime=30681844,LowDateTime=2484628823(Fri Aug 31 15:07:55 2018.611511109) : 
(Fri Aug 31 15:07:55 2018.611511125) : Tried to delete instance but couldn't, return code: 0x80041003 for instance: 
 (Fri Aug 31 15:07:55 2018.611511125) : WDMClassesOfDriver.ClassName="MSNdis_NetworkDirectCapabilities",Driver="C:\\WINDOWS\\system32\\en-US\\kernelbase.dll.mui[MofResourceName]",HighDateTime=30681844,LowDateTime=2484628823(Fri Aug 31 15:07:55 2018.611511125) : 
(Fri Aug 31 15:07:55 2018.611511140) : Tried to delete instance but couldn't, return code: 0x80041003 for instance: 
 (Fri Aug 31 15:07:55 2018.611511140) : WDMClassesOfDriver.ClassName="SystemConfig_V0_Services",Driver="C:\\WINDOWS\\system32\\en-US\\kernelbase.dll.mui[MofResourceName]",HighDateTime=30681844,LowDateTime=2484628823(Fri Aug 31 15:07:55 2018.611511140) : 
(Fri Aug 31 15:07:55 2018.611511156) : Tried to delete instance but couldn't, return code: 0x80041003 for instance: 
 (Fri Aug 31 15:07:55 2018.611511156) : WDMClassesOfDriver.ClassName="FileIo_DirEnum",Driver="C:\\WINDOWS\\system32\\en-US\\kernelbase.dll.mui[MofResourceName]",HighDateTime=30681844,LowDateTime=2484628823(Fri Aug 31 15:07:55 2018.611511156) : 
(Fri Aug 31 15:07:55 2018.611511171) : Tried to delete instance but couldn't, return code: 0x80041003 for instance: 
 (Fri Aug 31 15:07:55 2018.611511171) : WDMClassesOfDriver.ClassName="MSIde_PortDeviceInfo",Driver="C:\\WINDOWS\\system32\\en-US\\kernelbase.dll.mui[MofResourceName]",HighDateTime=30681844,LowDateTime=2484628823(Fri Aug 31 15:07:55 2018.611511171) : 
(Fri Aug 31 15:07:55 2018.611511187) : Tried to delete instance but couldn't, return code: 0x80041003 for instance: 
 (Fri Aug 31 15:07:55 2018.611511187) : WDMClassesOfDriver.ClassName="HeapRealloc",Driver="C:\\WINDOWS\\system32\\en-US\\kernelbase.dll.mui[MofResourceName]",HighDateTime=30681844,LowDateTime=2484628823(Fri Aug 31 15:07:55 2018.611511187) : 
(Fri Aug 31 15:07:55 2018.611511187) : We have been requested to delete this instance:
(Fri Aug 31 15:07:55 2018.611511187) : WMIBinaryMofResource.HighDateTime=30681844,LowDateTime=2484628823,Name="C:\\WINDOWS\\system32\\en-US\\kernelbase.dll.mui[MofResourceName]"(Fri Aug 31 15:07:55 2018.611511187) : 
(Fri Aug 31 15:07:55 2018.611511187) : It failed with 0x80041003
(Fri Aug 31 15:07:55 2018.611511375) : WDM call returned error: 4200
(Fri Aug 31 15:07:55 2018.611511375) : WDM call returned error: 4200
(Fri Aug 31 15:07:55 2018.611511390) : WDM call returned error: 4200
(Fri Aug 31 15:07:55 2018.611511390) : WDM call returned error: 4200
(Fri Aug 31 15:07:55 2018.611511390) : WDM call returned error: 4200
(Fri Aug 31 15:07:55 2018.611511406) : WDM call returned error: 4200
(Fri Aug 31 15:07:55 2018.611511406) : WDM call returned error: 4200
(Fri Aug 31 15:07:55 2018.611511421) : WDM call returned error: 4200
(Sun Sep 02 10:26:20 2018.767417000) : ***************************************
(Sun Sep 02 10:26:20 2018.767417015) : Could not get pointer to binary resource for file:
(Sun Sep 02 10:26:20 2018.767417015) : C:\WINDOWS\system32\drivers\ndis.sys[MofResourceName](Sun Sep 02 10:26:20 2018.767417015) : 
(Sun Sep 02 10:26:20 2018.767417015) : ***************************************
(Sun Sep 02 10:26:20 2018.767417031) : ***************************************
(Sun Sep 02 10:26:20 2018.767417031) : Could not get pointer to binary resource for file:
(Sun Sep 02 10:26:20 2018.767417031) : C:\WINDOWS\system32\drivers\en-US\ndis.sys.mui[MofResourceName](Sun Sep 02 10:26:20 2018.767417031) : 
(Sun Sep 02 10:26:20 2018.767417031) : ***************************************
(Sun Sep 02 10:26:20 2018.767417062) : ***************************************
(Sun Sep 02 10:26:20 2018.767417062) : Could not get pointer to binary resource for file:
(Sun Sep 02 10:26:20 2018.767417062) : C:\WINDOWS\System32\drivers\wmiacpi.sys[MofResource](Sun Sep 02 10:26:20 2018.767417062) : 
(Sun Sep 02 10:26:20 2018.767417062) : ***************************************
(Sun Sep 02 10:26:20 2018.767417093) : ***************************************
(Sun Sep 02 10:26:20 2018.767417093) : Could not get pointer to binary resource for file:
(Sun Sep 02 10:26:20 2018.767417093) : C:\WINDOWS\System32\drivers\bthpan.sys[NdisMofResource](Sun Sep 02 10:26:20 2018.767417093) : 
(Sun Sep 02 10:26:20 2018.767417093) : ***************************************
(Sun Sep 02 10:26:20 2018.767417343) : WDM call returned error: 4200
(Sun Sep 02 10:26:20 2018.767417343) : WDM call returned error: 4200
(Sun Sep 02 10:26:20 2018.767417343) : WDM call returned error: 4200
(Sun Sep 02 10:26:20 2018.767417359) : WDM call returned error: 4200
(Sun Sep 02 10:26:20 2018.767417359) : WDM call returned error: 4200
(Sun Sep 02 10:26:20 2018.767417359) : WDM call returned error: 4200
(Sun Sep 02 10:26:20 2018.767417359) : WDM call returned error: 4200
(Sun Sep 02 10:26:20 2018.767417359) : WDM call returned error: 4200
(Sun Sep 02 11:26:17 2018.771014968) : ***************************************
(Sun Sep 02 11:26:17 2018.771014968) : Could not get pointer to binary resource for file:
(Sun Sep 02 11:26:17 2018.771014968) : C:\WINDOWS\system32\drivers\ndis.sys[MofResourceName](Sun Sep 02 11:26:17 2018.771014968) : 
(Sun Sep 02 11:26:17 2018.771014968) : ***************************************
(Sun Sep 02 11:26:17 2018.771014984) : ***************************************
(Sun Sep 02 11:26:17 2018.771014984) : Could not get pointer to binary resource for file:
(Sun Sep 02 11:26:17 2018.771014984) : C:\WINDOWS\system32\drivers\en-US\ndis.sys.mui[MofResourceName](Sun Sep 02 11:26:17 2018.771014984) : 
(Sun Sep 02 11:26:17 2018.771014984) : ***************************************
(Sun Sep 02 11:26:17 2018.771014984) : ***************************************
(Sun Sep 02 11:26:17 2018.771014984) : Could not get pointer to binary resource for file:
(Sun Sep 02 11:26:17 2018.771014984) : C:\WINDOWS\System32\drivers\wmiacpi.sys[MofResource](Sun Sep 02 11:26:17 2018.771014984) : 
(Sun Sep 02 11:26:17 2018.771014984) : ***************************************
(Sun Sep 02 11:26:17 2018.771015000) : ***************************************
(Sun Sep 02 11:26:17 2018.771015000) : Could not get pointer to binary resource for file:
(Sun Sep 02 11:26:17 2018.771015000) : C:\WINDOWS\System32\drivers\bthpan.sys[NdisMofResource](Sun Sep 02 11:26:17 2018.771015000) : 
(Sun Sep 02 11:26:17 2018.771015000) : ***************************************
(Sun Sep 02 11:26:17 2018.771015140) : WDM call returned error: 4200
(Sun Sep 02 11:26:17 2018.771015140) : WDM call returned error: 4200
(Sun Sep 02 11:26:17 2018.771015140) : WDM call returned error: 4200
(Sun Sep 02 11:26:17 2018.771015140) : WDM call returned error: 4200
(Sun Sep 02 11:26:17 2018.771015140) : WDM call returned error: 4200
(Sun Sep 02 11:26:17 2018.771015140) : WDM call returned error: 4200
(Sun Sep 02 11:26:17 2018.771015140) : WDM call returned error: 4200
(Sun Sep 02 11:26:17 2018.771015156) : WDM call returned error: 4200
(Sun Sep 02 16:51:03 2018.790501859) : ***************************************
(Sun Sep 02 16:51:03 2018.790501859) : Could not get pointer to binary resource for file:
(Sun Sep 02 16:51:03 2018.790501859) : C:\WINDOWS\system32\drivers\ndis.sys[MofResourceName](Sun Sep 02 16:51:03 2018.790501875) : 
(Sun Sep 02 16:51:03 2018.790501875) : ***************************************
(Sun Sep 02 16:51:03 2018.790501875) : ***************************************
(Sun Sep 02 16:51:03 2018.790501875) : Could not get pointer to binary resource for file:
(Sun Sep 02 16:51:03 2018.790501875) : C:\WINDOWS\system32\drivers\en-US\ndis.sys.mui[MofResourceName](Sun Sep 02 16:51:03 2018.790501875) : 
(Sun Sep 02 16:51:03 2018.790501875) : ***************************************
(Sun Sep 02 16:51:03 2018.790501875) : ***************************************
(Sun Sep 02 16:51:03 2018.790501875) : Could not get pointer to binary resource for file:
(Sun Sep 02 16:51:03 2018.790501875) : C:\WINDOWS\System32\drivers\wmiacpi.sys[MofResource](Sun Sep 02 16:51:03 2018.790501875) : 
(Sun Sep 02 16:51:03 2018.790501875) : ***************************************
(Sun Sep 02 16:51:03 2018.790501890) : ***************************************
(Sun Sep 02 16:51:03 2018.790501890) : Could not get pointer to binary resource for file:
(Sun Sep 02 16:51:03 2018.790501890) : C:\WINDOWS\System32\drivers\bthpan.sys[NdisMofResource](Sun Sep 02 16:51:04 2018.790501890) : 
(Sun Sep 02 16:51:04 2018.790501890) : ***************************************
(Sun Sep 02 16:51:04 2018.790502000) : WDM call returned error: 4200
(Sun Sep 02 16:51:04 2018.790502015) : WDM call returned error: 4200
(Sun Sep 02 16:51:04 2018.790502015) : WDM call returned error: 4200
(Sun Sep 02 16:51:04 2018.790502015) : WDM call returned error: 4200
(Sun Sep 02 16:51:04 2018.790502015) : WDM call returned error: 4200
(Sun Sep 02 16:51:04 2018.790502015) : WDM call returned error: 4200
(Sun Sep 02 16:51:04 2018.790502015) : WDM call returned error: 4200
(Sun Sep 02 16:51:04 2018.790502015) : WDM call returned error: 4200
(Mon Sep 03 10:32:11 2018.854169625) : ***************************************
(Mon Sep 03 10:32:11 2018.854169625) : Could not get pointer to binary resource for file:
(Mon Sep 03 10:32:11 2018.854169625) : C:\WINDOWS\system32\drivers\ndis.sys[MofResourceName](Mon Sep 03 10:32:11 2018.854169625) : 
(Mon Sep 03 10:32:11 2018.854169625) : ***************************************
(Mon Sep 03 10:32:11 2018.854169625) : ***************************************
(Mon Sep 03 10:32:11 2018.854169625) : Could not get pointer to binary resource for file:
(Mon Sep 03 10:32:11 2018.854169625) : C:\WINDOWS\system32\drivers\en-US\ndis.sys.mui[MofResourceName](Mon Sep 03 10:32:11 2018.854169640) : 
(Mon Sep 03 10:32:11 2018.854169640) : ***************************************
(Mon Sep 03 10:32:11 2018.854169640) : ***************************************
(Mon Sep 03 10:32:11 2018.854169640) : Could not get pointer to binary resource for file:
(Mon Sep 03 10:32:11 2018.854169640) : C:\WINDOWS\System32\drivers\wmiacpi.sys[MofResource](Mon Sep 03 10:32:11 2018.854169640) : 
(Mon Sep 03 10:32:11 2018.854169640) : ***************************************
(Mon Sep 03 10:32:11 2018.854169656) : ***************************************
(Mon Sep 03 10:32:11 2018.854169656) : Could not get pointer to binary resource for file:
(Mon Sep 03 10:32:11 2018.854169656) : C:\WINDOWS\System32\drivers\bthpan.sys[NdisMofResource](Mon Sep 03 10:32:11 2018.854169656) : 
(Mon Sep 03 10:32:11 2018.854169656) : ***************************************
(Mon Sep 03 10:32:12 2018.854169953) : WDM call returned error: 4200
(Mon Sep 03 10:32:12 2018.854169953) : WDM call returned error: 4200
(Mon Sep 03 10:32:12 2018.854169953) : WDM call returned error: 4200
(Mon Sep 03 10:32:12 2018.854169953) : WDM call returned error: 4200
(Mon Sep 03 10:32:12 2018.854169968) : WDM call returned error: 4200
(Mon Sep 03 10:32:12 2018.854169968) : WDM call returned error: 4200
(Mon Sep 03 10:32:12 2018.854169968) : WDM call returned error: 4200
(Mon Sep 03 10:32:12 2018.854169968) : WDM call returned error: 4200
(Mon Sep 03 13:25:56 2018.864594046) : ***************************************
(Mon Sep 03 13:25:56 2018.864594046) : Could not get pointer to binary resource for file:
(Mon Sep 03 13:25:56 2018.864594046) : C:\WINDOWS\system32\drivers\ndis.sys[MofResourceName](Mon Sep 03 13:25:56 2018.864594046) : 
(Mon Sep 03 13:25:56 2018.864594046) : ***************************************
(Mon Sep 03 13:25:56 2018.864594062) : ***************************************
(Mon Sep 03 13:25:56 2018.864594062) : Could not get pointer to binary resource for file:
(Mon Sep 03 13:25:56 2018.864594062) : C:\WINDOWS\system32\drivers\en-US\ndis.sys.mui[MofResourceName](Mon Sep 03 13:25:56 2018.864594062) : 
(Mon Sep 03 13:25:56 2018.864594062) : ***************************************
(Mon Sep 03 13:25:56 2018.864594093) : ***************************************
(Mon Sep 03 13:25:56 2018.864594093) : Could not get pointer to binary resource for file:
(Mon Sep 03 13:25:56 2018.864594093) : C:\WINDOWS\System32\drivers\wmiacpi.sys[MofResource](Mon Sep 03 13:25:56 2018.864594093) : 
(Mon Sep 03 13:25:56 2018.864594093) : ***************************************
(Mon Sep 03 13:25:56 2018.864594125) : ***************************************
(Mon Sep 03 13:25:56 2018.864594125) : Could not get pointer to binary resource for file:
(Mon Sep 03 13:25:56 2018.864594125) : C:\WINDOWS\System32\drivers\bthpan.sys[NdisMofResource](Mon Sep 03 13:25:56 2018.864594125) : 
(Mon Sep 03 13:25:56 2018.864594125) : ***************************************
(Mon Sep 03 13:25:56 2018.864594375) : WDM call returned error: 4200
(Mon Sep 03 13:25:56 2018.864594375) : WDM call returned error: 4200
(Mon Sep 03 13:25:56 2018.864594375) : WDM call returned error: 4200
(Mon Sep 03 13:25:56 2018.864594375) : WDM call returned error: 4200
(Mon Sep 03 13:25:56 2018.864594375) : WDM call returned error: 4200
(Mon Sep 03 13:25:56 2018.864594375) : WDM call returned error: 4200
(Mon Sep 03 13:25:56 2018.864594390) : WDM call returned error: 4200
(Mon Sep 03 13:25:56 2018.864594390) : WDM call returned error: 4200
(Tue Sep 04 12:00:26 2018.945863718) : ***************************************
(Tue Sep 04 12:00:26 2018.945863718) : Could not get pointer to binary resource for file:
(Tue Sep 04 12:00:26 2018.945863718) : C:\WINDOWS\system32\drivers\ndis.sys[MofResourceName](Tue Sep 04 12:00:26 2018.945863718) : 
(Tue Sep 04 12:00:26 2018.945863734) : ***************************************
(Tue Sep 04 12:00:26 2018.945863734) : ***************************************
(Tue Sep 04 12:00:26 2018.945863734) : Could not get pointer to binary resource for file:
(Tue Sep 04 12:00:26 2018.945863734) : C:\WINDOWS\system32\drivers\en-US\ndis.sys.mui[MofResourceName](Tue Sep 04 12:00:26 2018.945863750) : 
(Tue Sep 04 12:00:26 2018.945863750) : ***************************************
(Tue Sep 04 12:00:26 2018.945863765) : ***************************************
(Tue Sep 04 12:00:26 2018.945863765) : Could not get pointer to binary resource for file:
(Tue Sep 04 12:00:26 2018.945863781) : C:\WINDOWS\System32\drivers\wmiacpi.sys[MofResource](Tue Sep 04 12:00:26 2018.945863781) : 
(Tue Sep 04 12:00:26 2018.945863781) : ***************************************
(Tue Sep 04 12:00:26 2018.945863796) : ***************************************
(Tue Sep 04 12:00:26 2018.945863796) : Could not get pointer to binary resource for file:
(Tue Sep 04 12:00:26 2018.945863796) : C:\WINDOWS\System32\drivers\bthpan.sys[NdisMofResource](Tue Sep 04 12:00:26 2018.945863812) : 
(Tue Sep 04 12:00:26 2018.945863812) : ***************************************
(Tue Sep 04 12:00:26 2018.945864125) : WDM call returned error: 4200
(Tue Sep 04 12:00:26 2018.945864125) : WDM call returned error: 4200
(Tue Sep 04 12:00:26 2018.945864125) : WDM call returned error: 4200
(Tue Sep 04 12:00:26 2018.945864140) : WDM call returned error: 4200
(Tue Sep 04 12:00:26 2018.945864140) : WDM call returned error: 4200
(Tue Sep 04 12:00:26 2018.945864140) : WDM call returned error: 4200
(Tue Sep 04 12:00:26 2018.945864140) : WDM call returned error: 4200
(Tue Sep 04 12:00:26 2018.945864156) : WDM call returned error: 4200
(Tue Sep 04 16:33:50 2018.962267890) : ***************************************
(Tue Sep 04 16:33:50 2018.962267890) : Could not get pointer to binary resource for file:
(Tue Sep 04 16:33:50 2018.962267890) : C:\WINDOWS\system32\drivers\ndis.sys[MofResourceName](Tue Sep 04 16:33:50 2018.962267906) : 
(Tue Sep 04 16:33:50 2018.962267906) : ***************************************
(Tue Sep 04 16:33:50 2018.962267906) : ***************************************
(Tue Sep 04 16:33:50 2018.962267906) : Could not get pointer to binary resource for file:
(Tue Sep 04 16:33:50 2018.962267906) : C:\WINDOWS\system32\drivers\en-US\ndis.sys.mui[MofResourceName](Tue Sep 04 16:33:50 2018.962267906) : 
(Tue Sep 04 16:33:50 2018.962267906) : ***************************************
(Tue Sep 04 16:33:50 2018.962267906) : ***************************************
(Tue Sep 04 16:33:50 2018.962267906) : Could not get pointer to binary resource for file:
(Tue Sep 04 16:33:50 2018.962267906) : C:\WINDOWS\System32\drivers\wmiacpi.sys[MofResource](Tue Sep 04 16:33:50 2018.962267906) : 
(Tue Sep 04 16:33:50 2018.962267921) : ***************************************
(Tue Sep 04 16:33:50 2018.962267921) : ***************************************
(Tue Sep 04 16:33:50 2018.962267921) : Could not get pointer to binary resource for file:
(Tue Sep 04 16:33:50 2018.962267921) : C:\WINDOWS\System32\drivers\bthpan.sys[NdisMofResource](Tue Sep 04 16:33:50 2018.962267921) : 
(Tue Sep 04 16:33:50 2018.962267921) : ***************************************
(Tue Sep 04 16:33:50 2018.962268046) : WDM call returned error: 4200
(Tue Sep 04 16:33:50 2018.962268046) : WDM call returned error: 4200
(Tue Sep 04 16:33:50 2018.962268046) : WDM call returned error: 4200
(Tue Sep 04 16:33:50 2018.962268062) : WDM call returned error: 4200
(Tue Sep 04 16:33:50 2018.962268062) : WDM call returned error: 4200
(Tue Sep 04 16:33:50 2018.962268062) : WDM call returned error: 4200
(Tue Sep 04 16:33:50 2018.962268062) : WDM call returned error: 4200
(Tue Sep 04 16:33:50 2018.962268062) : WDM call returned error: 4200
(Tue Sep 04 19:31:15 2018.972913296) : ***************************************
(Tue Sep 04 19:31:15 2018.972913296) : Could not get pointer to binary resource for file:
(Tue Sep 04 19:31:15 2018.972913296) : C:\WINDOWS\system32\drivers\ndis.sys[MofResourceName](Tue Sep 04 19:31:15 2018.972913296) : 
(Tue Sep 04 19:31:15 2018.972913296) : ***************************************
(Tue Sep 04 19:31:15 2018.972913296) : ***************************************
(Tue Sep 04 19:31:15 2018.972913296) : Could not get pointer to binary resource for file:
(Tue Sep 04 19:31:15 2018.972913296) : C:\WINDOWS\system32\drivers\en-US\ndis.sys.mui[MofResourceName](Tue Sep 04 19:31:15 2018.972913296) : 
(Tue Sep 04 19:31:15 2018.972913312) : ***************************************
(Tue Sep 04 19:31:15 2018.972913312) : ***************************************
(Tue Sep 04 19:31:15 2018.972913312) : Could not get pointer to binary resource for file:
(Tue Sep 04 19:31:15 2018.972913312) : C:\WINDOWS\System32\drivers\wmiacpi.sys[MofResource](Tue Sep 04 19:31:15 2018.972913312) : 
(Tue Sep 04 19:31:15 2018.972913312) : ***************************************
(Tue Sep 04 19:31:15 2018.972913328) : ***************************************
(Tue Sep 04 19:31:15 2018.972913343) : Could not get pointer to binary resource for file:
(Tue Sep 04 19:31:15 2018.972913343) : C:\WINDOWS\System32\drivers\bthpan.sys[NdisMofResource](Tue Sep 04 19:31:15 2018.972913343) : 
(Tue Sep 04 19:31:15 2018.972913343) : ***************************************
(Tue Sep 04 19:31:16 2018.972913593) : WDM call returned error: 4200
(Tue Sep 04 19:31:16 2018.972913593) : WDM call returned error: 4200
(Tue Sep 04 19:31:16 2018.972913593) : WDM call returned error: 4200
(Tue Sep 04 19:31:16 2018.972913609) : WDM call returned error: 4200
(Tue Sep 04 19:31:16 2018.972913609) : WDM call returned error: 4200
(Tue Sep 04 19:31:16 2018.972913609) : WDM call returned error: 4200
(Tue Sep 04 19:31:16 2018.972913609) : WDM call returned error: 4200
(Tue Sep 04 19:31:16 2018.972913609) : WDM call returned error: 4200
(Wed Sep 05 10:21:42 2018.1026339921) : ***************************************
(Wed Sep 05 10:21:42 2018.1026339921) : Could not get pointer to binary resource for file:
(Wed Sep 05 10:21:42 2018.1026339921) : C:\WINDOWS\system32\drivers\ndis.sys[MofResourceName](Wed Sep 05 10:21:42 2018.1026339921) : 
(Wed Sep 05 10:21:42 2018.1026339937) : ***************************************
(Wed Sep 05 10:21:42 2018.1026339937) : ***************************************
(Wed Sep 05 10:21:42 2018.1026339937) : Could not get pointer to binary resource for file:
(Wed Sep 05 10:21:42 2018.1026339937) : C:\WINDOWS\system32\drivers\en-US\ndis.sys.mui[MofResourceName](Wed Sep 05 10:21:42 2018.1026339937) : 
(Wed Sep 05 10:21:42 2018.1026339953) : ***************************************
(Wed Sep 05 10:21:42 2018.1026339968) : ***************************************
(Wed Sep 05 10:21:42 2018.1026339968) : Could not get pointer to binary resource for file:
(Wed Sep 05 10:21:42 2018.1026339968) : C:\WINDOWS\System32\drivers\wmiacpi.sys[MofResource](Wed Sep 05 10:21:42 2018.1026339968) : 
(Wed Sep 05 10:21:42 2018.1026339984) : ***************************************
(Wed Sep 05 10:21:42 2018.1026340000) : ***************************************
(Wed Sep 05 10:21:42 2018.1026340000) : Could not get pointer to binary resource for file:
(Wed Sep 05 10:21:42 2018.1026340000) : C:\WINDOWS\System32\drivers\bthpan.sys[NdisMofResource](Wed Sep 05 10:21:42 2018.1026340000) : 
(Wed Sep 05 10:21:42 2018.1026340000) : ***************************************
(Wed Sep 05 10:21:42 2018.1026340328) : WDM call returned error: 4200
(Wed Sep 05 10:21:42 2018.1026340328) : WDM call returned error: 4200
(Wed Sep 05 10:21:42 2018.1026340328) : WDM call returned error: 4200
(Wed Sep 05 10:21:42 2018.1026340328) : WDM call returned error: 4200
(Wed Sep 05 10:21:42 2018.1026340343) : WDM call returned error: 4200
(Wed Sep 05 10:21:42 2018.1026340343) : WDM call returned error: 4200
(Wed Sep 05 10:21:42 2018.1026340343) : WDM call returned error: 4200
(Wed Sep 05 10:21:42 2018.1026340343) : WDM call returned error: 4200
(Wed Sep 05 11:21:41 2018.1029938656) : ***************************************
(Wed Sep 05 11:21:41 2018.1029938656) : Could not get pointer to binary resource for file:
(Wed Sep 05 11:21:41 2018.1029938656) : C:\WINDOWS\system32\drivers\ndis.sys[MofResourceName](Wed Sep 05 11:21:41 2018.1029938656) : 
(Wed Sep 05 11:21:41 2018.1029938656) : ***************************************
(Wed Sep 05 11:21:41 2018.1029938656) : ***************************************
(Wed Sep 05 11:21:41 2018.1029938656) : Could not get pointer to binary resource for file:
(Wed Sep 05 11:21:41 2018.1029938656) : C:\WINDOWS\system32\drivers\en-US\ndis.sys.mui[MofResourceName](Wed Sep 05 11:21:41 2018.1029938671) : 
(Wed Sep 05 11:21:41 2018.1029938671) : ***************************************
(Wed Sep 05 11:21:41 2018.1029938687) : ***************************************
(Wed Sep 05 11:21:41 2018.1029938687) : Could not get pointer to binary resource for file:
(Wed Sep 05 11:21:41 2018.1029938687) : C:\WINDOWS\System32\drivers\wmiacpi.sys[MofResource](Wed Sep 05 11:21:41 2018.1029938687) : 
(Wed Sep 05 11:21:41 2018.1029938687) : ***************************************
(Wed Sep 05 11:21:41 2018.1029938703) : ***************************************
(Wed Sep 05 11:21:41 2018.1029938703) : Could not get pointer to binary resource for file:
(Wed Sep 05 11:21:41 2018.1029938703) : C:\WINDOWS\System32\drivers\bthpan.sys[NdisMofResource](Wed Sep 05 11:21:41 2018.1029938703) : 
(Wed Sep 05 11:21:41 2018.1029938703) : ***************************************
(Wed Sep 05 11:21:41 2018.1029938843) : WDM call returned error: 4200
(Wed Sep 05 11:21:41 2018.1029938843) : WDM call returned error: 4200
(Wed Sep 05 11:21:41 2018.1029938843) : WDM call returned error: 4200
(Wed Sep 05 11:21:41 2018.1029938843) : WDM call returned error: 4200
(Wed Sep 05 11:21:41 2018.1029938843) : WDM call returned error: 4200
(Wed Sep 05 11:21:41 2018.1029938843) : WDM call returned error: 4200
(Wed Sep 05 11:21:41 2018.1029938859) : WDM call returned error: 4200
(Wed Sep 05 11:21:41 2018.1029938859) : WDM call returned error: 4200
(Wed Sep 05 11:51:41 2018.1031738750) : ***************************************
(Wed Sep 05 11:51:41 2018.1031738765) : Could not get pointer to binary resource for file:
(Wed Sep 05 11:51:41 2018.1031738765) : C:\WINDOWS\system32\drivers\ndis.sys[MofResourceName](Wed Sep 05 11:51:41 2018.1031738765) : 
(Wed Sep 05 11:51:41 2018.1031738765) : ***************************************
(Wed Sep 05 11:51:41 2018.1031738765) : ***************************************
(Wed Sep 05 11:51:41 2018.1031738765) : Could not get pointer to binary resource for file:
(Wed Sep 05 11:51:41 2018.1031738765) : C:\WINDOWS\system32\drivers\en-US\ndis.sys.mui[MofResourceName](Wed Sep 05 11:51:41 2018.1031738765) : 
(Wed Sep 05 11:51:41 2018.1031738765) : ***************************************
(Wed Sep 05 11:51:41 2018.1031738781) : ***************************************
(Wed Sep 05 11:51:41 2018.1031738781) : Could not get pointer to binary resource for file:
(Wed Sep 05 11:51:41 2018.1031738781) : C:\WINDOWS\System32\drivers\wmiacpi.sys[MofResource](Wed Sep 05 11:51:41 2018.1031738781) : 
(Wed Sep 05 11:51:41 2018.1031738781) : ***************************************
(Wed Sep 05 11:51:41 2018.1031738796) : ***************************************
(Wed Sep 05 11:51:41 2018.1031738796) : Could not get pointer to binary resource for file:
(Wed Sep 05 11:51:41 2018.1031738796) : C:\WINDOWS\System32\drivers\bthpan.sys[NdisMofResource](Wed Sep 05 11:51:41 2018.1031738796) : 
(Wed Sep 05 11:51:41 2018.1031738796) : ***************************************
(Wed Sep 05 11:51:41 2018.1031738937) : WDM call returned error: 4200
(Wed Sep 05 11:51:41 2018.1031738937) : WDM call returned error: 4200
(Wed Sep 05 11:51:41 2018.1031738937) : WDM call returned error: 4200
(Wed Sep 05 11:51:41 2018.1031738937) : WDM call returned error: 4200
(Wed Sep 05 11:51:41 2018.1031738937) : WDM call returned error: 4200
(Wed Sep 05 11:51:41 2018.1031738953) : WDM call returned error: 4200
(Wed Sep 05 11:51:41 2018.1031738953) : WDM call returned error: 4200
(Wed Sep 05 11:51:41 2018.1031738953) : WDM call returned error: 4200
(Wed Sep 05 12:49:07 2018.1035184625) : ***************************************
(Wed Sep 05 12:49:07 2018.1035184625) : Could not get pointer to binary resource for file:
(Wed Sep 05 12:49:07 2018.1035184625) : C:\WINDOWS\system32\drivers\ndis.sys[MofResourceName](Wed Sep 05 12:49:07 2018.1035184625) : 
(Wed Sep 05 12:49:07 2018.1035184625) : ***************************************
(Wed Sep 05 12:49:07 2018.1035184625) : ***************************************
(Wed Sep 05 12:49:07 2018.1035184625) : Could not get pointer to binary resource for file:
(Wed Sep 05 12:49:07 2018.1035184640) : C:\WINDOWS\system32\drivers\en-US\ndis.sys.mui[MofResourceName](Wed Sep 05 12:49:07 2018.1035184640) : 
(Wed Sep 05 12:49:07 2018.1035184640) : ***************************************
(Wed Sep 05 12:49:07 2018.1035184656) : ***************************************
(Wed Sep 05 12:49:07 2018.1035184656) : Could not get pointer to binary resource for file:
(Wed Sep 05 12:49:07 2018.1035184656) : C:\WINDOWS\System32\drivers\wmiacpi.sys[MofResource](Wed Sep 05 12:49:07 2018.1035184656) : 
(Wed Sep 05 12:49:07 2018.1035184656) : ***************************************
(Wed Sep 05 12:49:07 2018.1035184671) : ***************************************
(Wed Sep 05 12:49:07 2018.1035184687) : Could not get pointer to binary resource for file:
(Wed Sep 05 12:49:07 2018.1035184687) : C:\WINDOWS\System32\drivers\bthpan.sys[NdisMofResource](Wed Sep 05 12:49:07 2018.1035184687) : 
(Wed Sep 05 12:49:07 2018.1035184687) : ***************************************
(Wed Sep 05 12:49:07 2018.1035184828) : WDM call returned error: 4200
(Wed Sep 05 12:49:07 2018.1035184828) : WDM call returned error: 4200
(Wed Sep 05 12:49:07 2018.1035184828) : WDM call returned error: 4200
(Wed Sep 05 12:49:07 2018.1035184828) : WDM call returned error: 4200
(Wed Sep 05 12:49:07 2018.1035184828) : WDM call returned error: 4200
(Wed Sep 05 12:49:07 2018.1035184828) : WDM call returned error: 4200
(Wed Sep 05 12:49:07 2018.1035184828) : WDM call returned error: 4200
(Wed Sep 05 12:49:07 2018.1035184828) : WDM call returned error: 4200
(Wed Sep 05 13:21:41 2018.1037139453) : ***************************************
(Wed Sep 05 13:21:41 2018.1037139453) : Could not get pointer to binary resource for file:
(Wed Sep 05 13:21:41 2018.1037139453) : C:\WINDOWS\system32\drivers\ndis.sys[MofResourceName](Wed Sep 05 13:21:41 2018.1037139453) : 
(Wed Sep 05 13:21:41 2018.1037139453) : ***************************************
(Wed Sep 05 13:21:41 2018.1037139468) : ***************************************
(Wed Sep 05 13:21:41 2018.1037139468) : Could not get pointer to binary resource for file:
(Wed Sep 05 13:21:41 2018.1037139468) : C:\WINDOWS\system32\drivers\en-US\ndis.sys.mui[MofResourceName](Wed Sep 05 13:21:41 2018.1037139468) : 
(Wed Sep 05 13:21:41 2018.1037139468) : ***************************************
(Wed Sep 05 13:21:41 2018.1037139468) : ***************************************
(Wed Sep 05 13:21:41 2018.1037139468) : Could not get pointer to binary resource for file:
(Wed Sep 05 13:21:41 2018.1037139468) : C:\WINDOWS\System32\drivers\wmiacpi.sys[MofResource](Wed Sep 05 13:21:41 2018.1037139468) : 
(Wed Sep 05 13:21:41 2018.1037139468) : ***************************************
(Wed Sep 05 13:21:41 2018.1037139484) : ***************************************
(Wed Sep 05 13:21:41 2018.1037139484) : Could not get pointer to binary resource for file:
(Wed Sep 05 13:21:41 2018.1037139484) : C:\WINDOWS\System32\drivers\bthpan.sys[NdisMofResource](Wed Sep 05 13:21:41 2018.1037139484) : 
(Wed Sep 05 13:21:41 2018.1037139484) : ***************************************
(Wed Sep 05 13:21:42 2018.1037139625) : WDM call returned error: 4200
(Wed Sep 05 13:21:42 2018.1037139625) : WDM call returned error: 4200
(Wed Sep 05 13:21:42 2018.1037139625) : WDM call returned error: 4200
(Wed Sep 05 13:21:42 2018.1037139625) : WDM call returned error: 4200
(Wed Sep 05 13:21:42 2018.1037139625) : WDM call returned error: 4200
(Wed Sep 05 13:21:42 2018.1037139625) : WDM call returned error: 4200
(Wed Sep 05 13:21:42 2018.1037139625) : WDM call returned error: 4200
(Wed Sep 05 13:21:42 2018.1037139625) : WDM call returned error: 4200
(Thu Sep 06 11:45:41 2018.1117778750) : ***************************************
(Thu Sep 06 11:45:41 2018.1117778750) : Could not get pointer to binary resource for file:
(Thu Sep 06 11:45:41 2018.1117778750) : C:\WINDOWS\system32\drivers\ndis.sys[MofResourceName](Thu Sep 06 11:45:41 2018.1117778750) : 
(Thu Sep 06 11:45:41 2018.1117778750) : ***************************************
(Thu Sep 06 11:45:41 2018.1117778765) : ***************************************
(Thu Sep 06 11:45:41 2018.1117778765) : Could not get pointer to binary resource for file:
(Thu Sep 06 11:45:41 2018.1117778765) : C:\WINDOWS\system32\drivers\en-US\ndis.sys.mui[MofResourceName](Thu Sep 06 11:45:41 2018.1117778765) : 
(Thu Sep 06 11:45:41 2018.1117778765) : ***************************************
(Thu Sep 06 11:45:41 2018.1117778796) : ***************************************
(Thu Sep 06 11:45:41 2018.1117778796) : Could not get pointer to binary resource for file:
(Thu Sep 06 11:45:41 2018.1117778796) : C:\WINDOWS\System32\drivers\wmiacpi.sys[MofResource](Thu Sep 06 11:45:41 2018.1117778796) : 
(Thu Sep 06 11:45:41 2018.1117778812) : ***************************************
(Thu Sep 06 11:45:41 2018.1117778828) : ***************************************
(Thu Sep 06 11:45:41 2018.1117778828) : Could not get pointer to binary resource for file:
(Thu Sep 06 11:45:41 2018.1117778828) : C:\WINDOWS\System32\drivers\bthpan.sys[NdisMofResource](Thu Sep 06 11:45:41 2018.1117778828) : 
(Thu Sep 06 11:45:41 2018.1117778828) : ***************************************
(Thu Sep 06 11:45:41 2018.1117779109) : WDM call returned error: 4200
(Thu Sep 06 11:45:41 2018.1117779109) : WDM call returned error: 4200
(Thu Sep 06 11:45:41 2018.1117779109) : WDM call returned error: 4200
(Thu Sep 06 11:45:41 2018.1117779125) : WDM call returned error: 4200
(Thu Sep 06 11:45:41 2018.1117779125) : WDM call returned error: 4200
(Thu Sep 06 11:45:41 2018.1117779140) : WDM call returned error: 4200
(Thu Sep 06 11:45:41 2018.1117779140) : WDM call returned error: 4200
(Thu Sep 06 11:45:41 2018.1117779140) : WDM call returned error: 4200
(Thu Sep 06 13:13:34 2018.1123052281) : ***************************************
(Thu Sep 06 13:13:34 2018.1123052281) : Could not get pointer to binary resource for file:
(Thu Sep 06 13:13:34 2018.1123052281) : C:\WINDOWS\system32\drivers\ndis.sys[MofResourceName](Thu Sep 06 13:13:34 2018.1123052281) : 
(Thu Sep 06 13:13:34 2018.1123052296) : ***************************************
(Thu Sep 06 13:13:34 2018.1123052296) : ***************************************
(Thu Sep 06 13:13:34 2018.1123052296) : Could not get pointer to binary resource for file:
(Thu Sep 06 13:13:34 2018.1123052296) : C:\WINDOWS\system32\drivers\en-US\ndis.sys.mui[MofResourceName](Thu Sep 06 13:13:34 2018.1123052312) : 
(Thu Sep 06 13:13:34 2018.1123052312) : ***************************************
(Thu Sep 06 13:13:34 2018.1123052328) : ***************************************
(Thu Sep 06 13:13:34 2018.1123052343) : Could not get pointer to binary resource for file:
(Thu Sep 06 13:13:34 2018.1123052343) : C:\WINDOWS\System32\drivers\wmiacpi.sys[MofResource](Thu Sep 06 13:13:34 2018.1123052343) : 
(Thu Sep 06 13:13:34 2018.1123052343) : ***************************************
(Thu Sep 06 13:13:34 2018.1123052359) : ***************************************
(Thu Sep 06 13:13:34 2018.1123052375) : Could not get pointer to binary resource for file:
(Thu Sep 06 13:13:34 2018.1123052375) : C:\WINDOWS\System32\drivers\bthpan.sys[NdisMofResource](Thu Sep 06 13:13:34 2018.1123052375) : 
(Thu Sep 06 13:13:34 2018.1123052375) : ***************************************
(Thu Sep 06 13:13:35 2018.1123052625) : WDM call returned error: 4200
(Thu Sep 06 13:13:35 2018.1123052625) : WDM call returned error: 4200
(Thu Sep 06 13:13:35 2018.1123052625) : WDM call returned error: 4200
(Thu Sep 06 13:13:35 2018.1123052625) : WDM call returned error: 4200
(Thu Sep 06 13:13:35 2018.1123052640) : WDM call returned error: 4200
(Thu Sep 06 13:13:35 2018.1123052640) : WDM call returned error: 4200
(Thu Sep 06 13:13:35 2018.1123052640) : WDM call returned error: 4200
(Thu Sep 06 13:13:35 2018.1123052640) : WDM call returned error: 4200
(Thu Sep 06 13:16:09 2018.1123207281) : WDM call returned error: 4200
(Thu Sep 06 13:16:09 2018.1123207281) : WDM call returned error: 4200
(Thu Sep 06 13:16:09 2018.1123207281) : WDM call returned error: 4200
(Thu Sep 06 13:16:09 2018.1123207296) : WDM call returned error: 4200
(Thu Sep 06 13:16:09 2018.1123207296) : WDM call returned error: 4200
(Thu Sep 06 13:16:09 2018.1123207296) : WDM call returned error: 4200
(Thu Sep 06 13:16:09 2018.1123207312) : WDM call returned error: 4200
(Thu Sep 06 13:16:09 2018.1123207312) : WDM call returned error: 4200
(Tue Sep 11 23:05:34 2018.1590572031) : ***************************************
(Tue Sep 11 23:05:34 2018.1590572031) : Could not get pointer to binary resource for file:
(Tue Sep 11 23:05:34 2018.1590572031) : C:\WINDOWS\system32\drivers\ndis.sys[MofResourceName](Tue Sep 11 23:05:34 2018.1590572031) : 
(Tue Sep 11 23:05:34 2018.1590572031) : ***************************************
(Tue Sep 11 23:05:34 2018.1590572046) : ***************************************
(Tue Sep 11 23:05:34 2018.1590572046) : Could not get pointer to binary resource for file:
(Tue Sep 11 23:05:34 2018.1590572046) : C:\WINDOWS\system32\drivers\en-US\ndis.sys.mui[MofResourceName](Tue Sep 11 23:05:34 2018.1590572046) : 
(Tue Sep 11 23:05:34 2018.1590572046) : ***************************************
(Tue Sep 11 23:05:34 2018.1590572062) : ***************************************
(Tue Sep 11 23:05:34 2018.1590572062) : Could not get pointer to binary resource for file:
(Tue Sep 11 23:05:34 2018.1590572062) : C:\WINDOWS\System32\drivers\wmiacpi.sys[MofResource](Tue Sep 11 23:05:34 2018.1590572062) : 
(Tue Sep 11 23:05:34 2018.1590572062) : ***************************************
(Tue Sep 11 23:05:34 2018.1590572078) : ***************************************
(Tue Sep 11 23:05:34 2018.1590572078) : Could not get pointer to binary resource for file:
(Tue Sep 11 23:05:34 2018.1590572078) : C:\WINDOWS\System32\drivers\bthpan.sys[NdisMofResource](Tue Sep 11 23:05:34 2018.1590572078) : 
(Tue Sep 11 23:05:34 2018.1590572078) : ***************************************
(Tue Sep 11 23:05:34 2018.1590572250) : WDM call returned error: 4200
(Tue Sep 11 23:05:34 2018.1590572250) : WDM call returned error: 4200
(Tue Sep 11 23:05:34 2018.1590572250) : WDM call returned error: 4200
(Tue Sep 11 23:05:34 2018.1590572250) : WDM call returned error: 4200
(Tue Sep 11 23:05:34 2018.1590572250) : WDM call returned error: 4200
(Tue Sep 11 23:05:34 2018.1590572250) : WDM call returned error: 4200
(Tue Sep 11 23:05:34 2018.1590572265) : WDM call returned error: 4200
(Tue Sep 11 23:05:34 2018.1590572265) : WDM call returned error: 4200
(Wed Sep 12 09:59:21 2018.1629802796) : ***************************************
(Wed Sep 12 09:59:21 2018.1629802796) : Could not get pointer to binary resource for file:
(Wed Sep 12 09:59:21 2018.1629802796) : C:\WINDOWS\system32\drivers\ndis.sys[MofResourceName](Wed Sep 12 09:59:21 2018.1629802812) : 
(Wed Sep 12 09:59:21 2018.1629802812) : ***************************************
(Wed Sep 12 09:59:21 2018.1629802812) : ***************************************
(Wed Sep 12 09:59:21 2018.1629802812) : Could not get pointer to binary resource for file:
(Wed Sep 12 09:59:21 2018.1629802828) : C:\WINDOWS\system32\drivers\en-US\ndis.sys.mui[MofResourceName](Wed Sep 12 09:59:21 2018.1629802828) : 
(Wed Sep 12 09:59:21 2018.1629802828) : ***************************************
(Wed Sep 12 09:59:21 2018.1629802843) : ***************************************
(Wed Sep 12 09:59:21 2018.1629802859) : Could not get pointer to binary resource for file:
(Wed Sep 12 09:59:21 2018.1629802859) : C:\WINDOWS\System32\drivers\wmiacpi.sys[MofResource](Wed Sep 12 09:59:21 2018.1629802859) : 
(Wed Sep 12 09:59:21 2018.1629802859) : ***************************************
(Wed Sep 12 09:59:21 2018.1629802875) : ***************************************
(Wed Sep 12 09:59:21 2018.1629802875) : Could not get pointer to binary resource for file:
(Wed Sep 12 09:59:21 2018.1629802890) : C:\WINDOWS\System32\drivers\bthpan.sys[NdisMofResource](Wed Sep 12 09:59:21 2018.1629802890) : 
(Wed Sep 12 09:59:21 2018.1629802890) : ***************************************
(Wed Sep 12 09:59:21 2018.1629803171) : WDM call returned error: 4200
(Wed Sep 12 09:59:21 2018.1629803171) : WDM call returned error: 4200
(Wed Sep 12 09:59:21 2018.1629803171) : WDM call returned error: 4200
(Wed Sep 12 09:59:21 2018.1629803171) : WDM call returned error: 4200
(Wed Sep 12 09:59:21 2018.1629803171) : WDM call returned error: 4200
(Wed Sep 12 09:59:21 2018.1629803187) : WDM call returned error: 4200
(Wed Sep 12 09:59:21 2018.1629803187) : WDM call returned error: 4200
(Wed Sep 12 09:59:21 2018.1629803187) : WDM call returned error: 4200
(Wed Sep 12 09:59:22 2018.1629804218) : WDM call returned error: 4200
(Wed Sep 12 09:59:22 2018.1629804218) : WDM call returned error: 4200
(Wed Sep 12 09:59:22 2018.1629804234) : WDM call returned error: 4200
(Wed Sep 12 09:59:22 2018.1629804234) : WDM call returned error: 4200
(Wed Sep 12 09:59:22 2018.1629804234) : WDM call returned error: 4200
(Wed Sep 12 09:59:22 2018.1629804250) : WDM call returned error: 4200
(Wed Sep 12 09:59:22 2018.1629804250) : WDM call returned error: 4200
(Wed Sep 12 09:59:22 2018.1629804265) : WDM call returned error: 4200
(Wed Sep 12 11:29:20 2018.1635201765) : ***************************************
(Wed Sep 12 11:29:20 2018.1635201765) : Could not get pointer to binary resource for file:
(Wed Sep 12 11:29:20 2018.1635201765) : C:\WINDOWS\system32\drivers\ndis.sys[MofResourceName](Wed Sep 12 11:29:20 2018.1635201765) : 
(Wed Sep 12 11:29:20 2018.1635201765) : ***************************************
(Wed Sep 12 11:29:20 2018.1635201765) : ***************************************
(Wed Sep 12 11:29:20 2018.1635201765) : Could not get pointer to binary resource for file:
(Wed Sep 12 11:29:20 2018.1635201765) : C:\WINDOWS\system32\drivers\en-US\ndis.sys.mui[MofResourceName](Wed Sep 12 11:29:20 2018.1635201765) : 
(Wed Sep 12 11:29:20 2018.1635201765) : ***************************************
(Wed Sep 12 11:29:20 2018.1635201781) : ***************************************
(Wed Sep 12 11:29:20 2018.1635201781) : Could not get pointer to binary resource for file:
(Wed Sep 12 11:29:20 2018.1635201781) : C:\WINDOWS\System32\drivers\wmiacpi.sys[MofResource](Wed Sep 12 11:29:20 2018.1635201781) : 
(Wed Sep 12 11:29:20 2018.1635201781) : ***************************************
(Wed Sep 12 11:29:20 2018.1635201796) : ***************************************
(Wed Sep 12 11:29:20 2018.1635201796) : Could not get pointer to binary resource for file:
(Wed Sep 12 11:29:20 2018.1635201796) : C:\WINDOWS\System32\drivers\bthpan.sys[NdisMofResource](Wed Sep 12 11:29:20 2018.1635201796) : 
(Wed Sep 12 11:29:20 2018.1635201796) : ***************************************
(Wed Sep 12 11:29:20 2018.1635201937) : WDM call returned error: 4200
(Wed Sep 12 11:29:20 2018.1635201937) : WDM call returned error: 4200
(Wed Sep 12 11:29:20 2018.1635201953) : WDM call returned error: 4200
(Wed Sep 12 11:29:20 2018.1635201953) : WDM call returned error: 4200
(Wed Sep 12 11:29:20 2018.1635201953) : WDM call returned error: 4200
(Wed Sep 12 11:29:20 2018.1635201968) : WDM call returned error: 4200
(Wed Sep 12 11:29:20 2018.1635201968) : WDM call returned error: 4200
(Wed Sep 12 11:29:20 2018.1635201984) : WDM call returned error: 4200
(Wed Sep 12 11:59:20 2018.1637002328) : ***************************************
(Wed Sep 12 11:59:20 2018.1637002328) : Could not get pointer to binary resource for file:
(Wed Sep 12 11:59:20 2018.1637002328) : C:\WINDOWS\system32\drivers\ndis.sys[MofResourceName](Wed Sep 12 11:59:20 2018.1637002328) : 
(Wed Sep 12 11:59:20 2018.1637002328) : ***************************************
(Wed Sep 12 11:59:20 2018.1637002328) : ***************************************
(Wed Sep 12 11:59:20 2018.1637002328) : Could not get pointer to binary resource for file:
(Wed Sep 12 11:59:20 2018.1637002328) : C:\WINDOWS\system32\drivers\en-US\ndis.sys.mui[MofResourceName](Wed Sep 12 11:59:20 2018.1637002328) : 
(Wed Sep 12 11:59:20 2018.1637002328) : ***************************************
(Wed Sep 12 11:59:20 2018.1637002343) : ***************************************
(Wed Sep 12 11:59:20 2018.1637002343) : Could not get pointer to binary resource for file:
(Wed Sep 12 11:59:20 2018.1637002343) : C:\WINDOWS\System32\drivers\wmiacpi.sys[MofResource](Wed Sep 12 11:59:20 2018.1637002343) : 
(Wed Sep 12 11:59:20 2018.1637002343) : ***************************************
(Wed Sep 12 11:59:20 2018.1637002343) : ***************************************
(Wed Sep 12 11:59:20 2018.1637002343) : Could not get pointer to binary resource for file:
(Wed Sep 12 11:59:20 2018.1637002343) : C:\WINDOWS\System32\drivers\bthpan.sys[NdisMofResource](Wed Sep 12 11:59:20 2018.1637002343) : 
(Wed Sep 12 11:59:20 2018.1637002343) : ***************************************
(Wed Sep 12 11:59:21 2018.1637002468) : WDM call returned error: 4200
(Wed Sep 12 11:59:21 2018.1637002468) : WDM call returned error: 4200
(Wed Sep 12 11:59:21 2018.1637002468) : WDM call returned error: 4200
(Wed Sep 12 11:59:21 2018.1637002484) : WDM call returned error: 4200
(Wed Sep 12 11:59:21 2018.1637002484) : WDM call returned error: 4200
(Wed Sep 12 11:59:21 2018.1637002484) : WDM call returned error: 4200
(Wed Sep 12 11:59:21 2018.1637002484) : WDM call returned error: 4200
(Wed Sep 12 11:59:21 2018.1637002484) : WDM call returned error: 4200
(Wed Sep 12 15:57:33 2018.1651295000) : ***************************************
(Wed Sep 12 15:57:33 2018.1651295000) : Could not get pointer to binary resource for file:
(Wed Sep 12 15:57:33 2018.1651295000) : C:\WINDOWS\system32\drivers\ndis.sys[MofResourceName](Wed Sep 12 15:57:33 2018.1651295000) : 
(Wed Sep 12 15:57:33 2018.1651295000) : ***************************************
(Wed Sep 12 15:57:33 2018.1651295000) : ***************************************
(Wed Sep 12 15:57:33 2018.1651295000) : Could not get pointer to binary resource for file:
(Wed Sep 12 15:57:33 2018.1651295000) : C:\WINDOWS\system32\drivers\en-US\ndis.sys.mui[MofResourceName](Wed Sep 12 15:57:33 2018.1651295015) : 
(Wed Sep 12 15:57:33 2018.1651295015) : ***************************************
(Wed Sep 12 15:57:33 2018.1651295015) : ***************************************
(Wed Sep 12 15:57:33 2018.1651295015) : Could not get pointer to binary resource for file:
(Wed Sep 12 15:57:33 2018.1651295015) : C:\WINDOWS\System32\drivers\wmiacpi.sys[MofResource](Wed Sep 12 15:57:33 2018.1651295015) : 
(Wed Sep 12 15:57:33 2018.1651295015) : ***************************************
(Wed Sep 12 15:57:33 2018.1651295015) : ***************************************
(Wed Sep 12 15:57:33 2018.1651295031) : Could not get pointer to binary resource for file:
(Wed Sep 12 15:57:33 2018.1651295031) : C:\WINDOWS\System32\drivers\bthpan.sys[NdisMofResource](Wed Sep 12 15:57:33 2018.1651295031) : 
(Wed Sep 12 15:57:33 2018.1651295031) : ***************************************
(Wed Sep 12 15:57:33 2018.1651295156) : WDM call returned error: 4200
(Wed Sep 12 15:57:33 2018.1651295171) : WDM call returned error: 4200
(Wed Sep 12 15:57:33 2018.1651295171) : WDM call returned error: 4200
(Wed Sep 12 15:57:33 2018.1651295171) : WDM call returned error: 4200
(Wed Sep 12 15:57:33 2018.1651295171) : WDM call returned error: 4200
(Wed Sep 12 15:57:33 2018.1651295171) : WDM call returned error: 4200
(Wed Sep 12 15:57:33 2018.1651295171) : WDM call returned error: 4200
(Wed Sep 12 15:57:33 2018.1651295171) : WDM call returned error: 4200
(Thu Sep 13 12:04:47 2018.1723728890) : ***************************************
(Thu Sep 13 12:04:47 2018.1723728890) : Could not get pointer to binary resource for file:
(Thu Sep 13 12:04:47 2018.1723728890) : C:\WINDOWS\system32\drivers\ndis.sys[MofResourceName](Thu Sep 13 12:04:47 2018.1723728890) : 
(Thu Sep 13 12:04:47 2018.1723728890) : ***************************************
(Thu Sep 13 12:04:47 2018.1723728906) : ***************************************
(Thu Sep 13 12:04:47 2018.1723728906) : Could not get pointer to binary resource for file:
(Thu Sep 13 12:04:47 2018.1723728906) : C:\WINDOWS\system32\drivers\en-US\ndis.sys.mui[MofResourceName](Thu Sep 13 12:04:47 2018.1723728906) : 
(Thu Sep 13 12:04:47 2018.1723728906) : ***************************************
(Thu Sep 13 12:04:47 2018.1723728921) : ***************************************
(Thu Sep 13 12:04:47 2018.1723728921) : Could not get pointer to binary resource for file:
(Thu Sep 13 12:04:47 2018.1723728921) : C:\WINDOWS\System32\drivers\wmiacpi.sys[MofResource](Thu Sep 13 12:04:47 2018.1723728921) : 
(Thu Sep 13 12:04:47 2018.1723728921) : ***************************************
(Thu Sep 13 12:04:47 2018.1723728937) : ***************************************
(Thu Sep 13 12:04:47 2018.1723728937) : Could not get pointer to binary resource for file:
(Thu Sep 13 12:04:47 2018.1723728937) : C:\WINDOWS\System32\drivers\bthpan.sys[NdisMofResource](Thu Sep 13 12:04:47 2018.1723728937) : 
(Thu Sep 13 12:04:47 2018.1723728937) : ***************************************
(Thu Sep 13 12:04:47 2018.1723729203) : WDM call returned error: 4200
(Thu Sep 13 12:04:47 2018.1723729203) : WDM call returned error: 4200
(Thu Sep 13 12:04:47 2018.1723729203) : WDM call returned error: 4200
(Thu Sep 13 12:04:47 2018.1723729218) : WDM call returned error: 4200
(Thu Sep 13 12:04:47 2018.1723729218) : WDM call returned error: 4200
(Thu Sep 13 12:04:47 2018.1723729218) : WDM call returned error: 4200
(Thu Sep 13 12:04:47 2018.1723729234) : WDM call returned error: 4200
(Thu Sep 13 12:04:47 2018.1723729234) : WDM call returned error: 4200
(Thu Sep 13 12:07:22 2018.1723884125) : WDM call returned error: 4200
(Thu Sep 13 12:07:22 2018.1723884125) : WDM call returned error: 4200
(Thu Sep 13 12:07:22 2018.1723884140) : WDM call returned error: 4200
(Thu Sep 13 12:07:22 2018.1723884140) : WDM call returned error: 4200
(Thu Sep 13 12:07:22 2018.1723884140) : WDM call returned error: 4200
(Thu Sep 13 12:07:22 2018.1723884140) : WDM call returned error: 4200
(Thu Sep 13 12:07:22 2018.1723884140) : WDM call returned error: 4200
(Thu Sep 13 12:07:22 2018.1723884140) : WDM call returned error: 4200
