14/02/2018 09:26:06,173 (Thread-0) INFO : Refreshing org.apache.activemq.xbean.XBeanBrokerFactory$1@70ba96c5: startup date [Wed Feb 14 09:26:06 IST 2018]; root of context hierarchy
14/02/2018 09:26:07,702 (Thread-0) WARN : Destination name is longer than 'MaximumFileNameLength' system property, potential problem with recovery can result from name truncation.
14/02/2018 09:26:07,936 (Thread-0) INFO : Using custom ShutdownStrategy: org.apache.camel.impl.DefaultShutdownStrategy@4b6769e
14/02/2018 09:26:07,967 (Thread-0) INFO : Apache Camel 2.16.1 (CamelContext: camel) is starting
14/02/2018 09:26:07,967 (Thread-0) INFO : JMX is enabled
14/02/2018 09:26:08,123 (Thread-0) INFO : Loaded 186 type converters
14/02/2018 09:26:08,139 (Thread-0) INFO : Runtime endpoint registry is in extended mode gathering usage statistics of all incoming and outgoing endpoints (cache limit: 1000)
14/02/2018 09:26:08,139 (Thread-0) INFO : StreamCaching is not in use. If using streams then its recommended to enable stream caching. See more details at http://camel.apache.org/stream-caching.html
14/02/2018 09:26:08,139 (Thread-0) INFO : Total 0 routes, of which 0 is started.
14/02/2018 09:26:08,139 (Thread-0) INFO : Apache Camel 2.16.1 (CamelContext: camel) started in 0.172 seconds
14/02/2018 09:26:08,139 (Thread-0) INFO : Configuring AIS Profiles ActiveMQ services
14/02/2018 09:26:08,154 (Thread-0) INFO : Using Persistence Adapter: MultiKahaDBPersistenceAdapter[C:\Actimize\4.24.0.51\Instances\actimize_server_1\data\message_broker\kahadb][KahaDBPersistenceAdapter[C:\Actimize\4.24.0.51\Instances\actimize_server_1\data\message_broker\kahadb\CA.AIS_PROFILES_QUEUE.#3e#2cN.#2a.REPLICA.AIS_PROFILES_QUEUE.#3e], KahaDBPersistenceAdapter[C:\Actimize\4.24.0.51\Instances\actimize_server_1\data\message_broker\kahadb\#210]]
14/02/2018 09:26:18,341 (Thread-0) INFO : PListStore:[C:\Actimize\4.24.0.51\Instances\actimize_server_1\data\message_broker\client-actimize_server_1\tmp_storage] started
14/02/2018 09:26:23,161 (Thread-0) INFO : JobSchedulerStore: C:\Actimize\4.24.0.51\Instances\actimize_server_1\data\message_broker\client-actimize_server_1\scheduler started.
14/02/2018 09:26:23,723 (Thread-0) INFO : Apache ActiveMQ 5.14.0 (client-actimize_server_1, client-actimize_server_1) is starting
14/02/2018 09:26:28,153 (Thread-0) INFO : pending local transactions: []
14/02/2018 09:26:28,200 (Thread-0) INFO : Listening for connections at: tcp://client:2348
14/02/2018 09:26:28,200 (Thread-0) INFO : Connector ais_broker_connector started
14/02/2018 09:26:28,200 (Thread-0) INFO : Apache ActiveMQ 5.14.0 (client-actimize_server_1, client-actimize_server_1) started
14/02/2018 09:26:28,200 (Thread-0) INFO : For help or more information please see: http://activemq.apache.org
14/02/2018 09:26:28,200 (Thread-0) INFO : Starting AIS Profiles ActiveMQ services
14/02/2018 11:34:14,042 (Thread-1582) INFO : Apache ActiveMQ 5.14.0 (client-actimize_server_1, client-actimize_server_1) is shutting down
14/02/2018 11:34:14,125 (Thread-1582) INFO : Connector ais_broker_connector stopped
14/02/2018 11:34:14,501 (Thread-1582) INFO : JobSchedulerStore: C:\Actimize\4.24.0.51\Instances\actimize_server_1\data\message_broker\client-actimize_server_1\scheduler stopped.
14/02/2018 11:34:14,539 (Thread-1582) INFO : PListStore:[C:\Actimize\4.24.0.51\Instances\actimize_server_1\data\message_broker\client-actimize_server_1\tmp_storage] stopped
14/02/2018 11:34:14,539 (Thread-1582) INFO : Stopping async queue tasks
14/02/2018 11:34:14,540 (Thread-1582) INFO : Stopping async topic tasks
14/02/2018 11:34:14,540 (Thread-1582) INFO : Stopped KahaDB
14/02/2018 11:34:14,594 (Thread-1582) INFO : Stopping async queue tasks
14/02/2018 11:34:14,594 (Thread-1582) INFO : Stopping async topic tasks
14/02/2018 11:34:14,594 (Thread-1582) INFO : Stopped KahaDB
14/02/2018 11:34:14,720 (Thread-1582) INFO : Apache ActiveMQ 5.14.0 (client-actimize_server_1, client-actimize_server_1) uptime 2 hours 8 minutes
14/02/2018 11:34:14,720 (Thread-1582) INFO : Apache ActiveMQ 5.14.0 (client-actimize_server_1, client-actimize_server_1) is shutdown
14/02/2018 11:34:14,731 (Thread-1582) INFO : Closing org.apache.activemq.xbean.XBeanBrokerFactory$1@70ba96c5: startup date [Wed Feb 14 09:26:06 IST 2018]; root of context hierarchy
14/02/2018 11:34:14,910 (Thread-1582) INFO : Apache Camel 2.16.1 (CamelContext: camel) is shutting down
14/02/2018 11:34:15,040 (Thread-1582) INFO : Apache Camel 2.16.1 (CamelContext: camel) uptime 2 hours 8 minutes
14/02/2018 11:34:15,040 (Thread-1582) INFO : Apache Camel 2.16.1 (CamelContext: camel) is shutdown in 0.130 seconds
14/02/2018 11:35:07,710 (Thread-0) INFO : Refreshing org.apache.activemq.xbean.XBeanBrokerFactory$1@7211aa95: startup date [Wed Feb 14 11:35:07 IST 2018]; root of context hierarchy
14/02/2018 11:35:11,244 (Thread-0) WARN : Destination name is longer than 'MaximumFileNameLength' system property, potential problem with recovery can result from name truncation.
14/02/2018 11:35:11,696 (Thread-0) INFO : Using custom ShutdownStrategy: org.apache.camel.impl.DefaultShutdownStrategy@67860240
14/02/2018 11:35:11,747 (Thread-0) INFO : Apache Camel 2.16.1 (CamelContext: camel) is starting
14/02/2018 11:35:11,750 (Thread-0) INFO : JMX is enabled
14/02/2018 11:35:12,185 (Thread-0) INFO : Loaded 186 type converters
14/02/2018 11:35:12,204 (Thread-0) INFO : Runtime endpoint registry is in extended mode gathering usage statistics of all incoming and outgoing endpoints (cache limit: 1000)
14/02/2018 11:35:12,205 (Thread-0) INFO : StreamCaching is not in use. If using streams then its recommended to enable stream caching. See more details at http://camel.apache.org/stream-caching.html
14/02/2018 11:35:12,205 (Thread-0) INFO : Total 0 routes, of which 0 is started.
14/02/2018 11:35:12,206 (Thread-0) INFO : Apache Camel 2.16.1 (CamelContext: camel) started in 0.460 seconds
14/02/2018 11:35:12,215 (Thread-0) INFO : Configuring AIS Profiles ActiveMQ services
14/02/2018 11:35:12,231 (Thread-0) INFO : Using Persistence Adapter: MultiKahaDBPersistenceAdapter[C:\Actimize\4.24.0.51\Instances\actimize_server_1\data\message_broker\kahadb][KahaDBPersistenceAdapter[C:\Actimize\4.24.0.51\Instances\actimize_server_1\data\message_broker\kahadb\CA.AIS_PROFILES_QUEUE.#3e#2cN.#2a.REPLICA.AIS_PROFILES_QUEUE.#3e], KahaDBPersistenceAdapter[C:\Actimize\4.24.0.51\Instances\actimize_server_1\data\message_broker\kahadb\#210]]
14/02/2018 11:35:12,393 (Thread-0) INFO : KahaDB is version 6
14/02/2018 11:35:12,413 (Thread-0) INFO : Recovering from the journal @1:503
14/02/2018 11:35:12,441 (Thread-0) INFO : Recovery replayed 1527 operations from the journal in 0.04 seconds.
14/02/2018 11:35:12,498 (Thread-0) INFO : KahaDB is version 6
14/02/2018 11:35:12,498 (Thread-0) INFO : Recovering from the journal @1:503
14/02/2018 11:35:12,518 (Thread-0) INFO : Recovery replayed 1526 operations from the journal in 0.02 seconds.
14/02/2018 11:35:12,538 (Thread-0) INFO : PListStore:[C:\Actimize\4.24.0.51\Instances\actimize_server_1\data\message_broker\client-actimize_server_1\tmp_storage] started
14/02/2018 11:35:12,565 (Thread-0) INFO : Scheduler Store version 1 loaded
14/02/2018 11:35:12,678 (Thread-0) INFO : Recovering from the scheduled job journal @1:28
14/02/2018 11:35:12,679 (Thread-0) INFO : Recovery replayed 1 operations from the journal in 0.001 seconds.
14/02/2018 11:35:12,680 (Thread-0) INFO : JobSchedulerStore: C:\Actimize\4.24.0.51\Instances\actimize_server_1\data\message_broker\client-actimize_server_1\scheduler started.
14/02/2018 11:35:12,753 (Thread-0) INFO : Apache ActiveMQ 5.14.0 (client-actimize_server_1, client-actimize_server_1) is starting
14/02/2018 11:35:12,764 (Thread-0) INFO : pending local transactions: []
14/02/2018 11:35:12,825 (Thread-0) INFO : Listening for connections at: tcp://client:2348
14/02/2018 11:35:12,825 (Thread-0) INFO : Connector ais_broker_connector started
14/02/2018 11:35:12,834 (Thread-0) INFO : Apache ActiveMQ 5.14.0 (client-actimize_server_1, client-actimize_server_1) started
14/02/2018 11:35:12,835 (Thread-0) INFO : For help or more information please see: http://activemq.apache.org
14/02/2018 11:35:12,838 (Thread-0) INFO : Starting AIS Profiles ActiveMQ services
14/02/2018 14:11:44,972 (Thread-0) INFO : Refreshing org.apache.activemq.xbean.XBeanBrokerFactory$1@6113781c: startup date [Wed Feb 14 14:11:44 IST 2018]; root of context hierarchy
14/02/2018 14:11:47,287 (Thread-0) WARN : Destination name is longer than 'MaximumFileNameLength' system property, potential problem with recovery can result from name truncation.
14/02/2018 14:11:47,599 (Thread-0) INFO : Using custom ShutdownStrategy: org.apache.camel.impl.DefaultShutdownStrategy@7f0b00c1
14/02/2018 14:11:47,635 (Thread-0) INFO : Apache Camel 2.16.1 (CamelContext: camel) is starting
14/02/2018 14:11:47,636 (Thread-0) INFO : JMX is enabled
14/02/2018 14:11:47,949 (Thread-0) INFO : Loaded 186 type converters
14/02/2018 14:11:47,968 (Thread-0) INFO : Runtime endpoint registry is in extended mode gathering usage statistics of all incoming and outgoing endpoints (cache limit: 1000)
14/02/2018 14:11:47,969 (Thread-0) INFO : StreamCaching is not in use. If using streams then its recommended to enable stream caching. See more details at http://camel.apache.org/stream-caching.html
14/02/2018 14:11:47,969 (Thread-0) INFO : Total 0 routes, of which 0 is started.
14/02/2018 14:11:47,971 (Thread-0) INFO : Apache Camel 2.16.1 (CamelContext: camel) started in 0.336 seconds
14/02/2018 14:11:47,976 (Thread-0) INFO : Configuring AIS Profiles ActiveMQ services
14/02/2018 14:11:47,992 (Thread-0) INFO : Using Persistence Adapter: MultiKahaDBPersistenceAdapter[C:\Actimize\4.24.0.51\Instances\actimize_server_1\data\message_broker\kahadb][KahaDBPersistenceAdapter[C:\Actimize\4.24.0.51\Instances\actimize_server_1\data\message_broker\kahadb\CA.AIS_PROFILES_QUEUE.#3e#2cN.#2a.REPLICA.AIS_PROFILES_QUEUE.#3e], KahaDBPersistenceAdapter[C:\Actimize\4.24.0.51\Instances\actimize_server_1\data\message_broker\kahadb\#210]]
14/02/2018 14:11:48,153 (Thread-0) INFO : KahaDB is version 6
14/02/2018 14:11:48,172 (Thread-0) INFO : Recovering from the journal @1:182691
14/02/2018 14:11:48,204 (Thread-0) INFO : Recovery replayed 1805 operations from the journal in 0.044 seconds.
14/02/2018 14:11:48,287 (Thread-0) INFO : KahaDB is version 6
14/02/2018 14:11:48,294 (Thread-0) INFO : Recovering from the journal @1:182572
14/02/2018 14:11:48,319 (Thread-0) INFO : Recovery replayed 1805 operations from the journal in 0.026 seconds.
14/02/2018 14:11:48,346 (Thread-0) INFO : PListStore:[C:\Actimize\4.24.0.51\Instances\actimize_server_1\data\message_broker\client-actimize_server_1\tmp_storage] started
14/02/2018 14:11:48,381 (Thread-0) INFO : Scheduler Store version 1 loaded
14/02/2018 14:11:48,488 (Thread-0) INFO : Recovering from the scheduled job journal @1:100
14/02/2018 14:11:48,489 (Thread-0) INFO : Recovery replayed 1 operations from the journal in 0.001 seconds.
14/02/2018 14:11:48,489 (Thread-0) INFO : JobSchedulerStore: C:\Actimize\4.24.0.51\Instances\actimize_server_1\data\message_broker\client-actimize_server_1\scheduler started.
14/02/2018 14:11:48,548 (Thread-0) INFO : Apache ActiveMQ 5.14.0 (client-actimize_server_1, client-actimize_server_1) is starting
14/02/2018 14:11:48,556 (Thread-0) INFO : pending local transactions: []
14/02/2018 14:11:48,656 (Thread-0) INFO : Listening for connections at: tcp://client:2348
14/02/2018 14:11:48,656 (Thread-0) INFO : Connector ais_broker_connector started
14/02/2018 14:11:48,658 (Thread-0) INFO : Apache ActiveMQ 5.14.0 (client-actimize_server_1, client-actimize_server_1) started
14/02/2018 14:11:48,658 (Thread-0) INFO : For help or more information please see: http://activemq.apache.org
14/02/2018 14:11:48,660 (Thread-0) WARN : Store limit is 10240 mb (current store usage is 0 mb). The data directory: C:\Actimize\4.24.0.51\Instances\actimize_server_1\data\message_broker\kahadb only has 6614 mb of usable space. - resetting to maximum available disk space: 6614 mb
14/02/2018 14:11:48,661 (Thread-0) INFO : Starting AIS Profiles ActiveMQ services
14/02/2018 16:53:45,392 (Thread-2024) INFO : queue://IDBTables purge of 0 messages
14/02/2018 16:53:45,395 (Thread-2024) INFO : queue://ChallengersData purge of 0 messages
14/02/2018 16:53:45,396 (Thread-2024) INFO : queue://IDBReject purge of 0 messages
14/02/2018 16:53:45,396 (Thread-2024) INFO : queue://AIS_PROFILES_QUEUE.PROFILES_CONNECTOR purge of 0 messages
14/02/2018 16:53:45,396 (Thread-2024) INFO : queue://AIS_PROFILES_QUEUE.FF_profilesDbConnector purge of 0 messages
14/02/2018 16:53:45,397 (Thread-2024) INFO : queue://profilesUpdate purge of 0 messages
14/02/2018 16:53:45,397 (Thread-2024) INFO : queue://updatePlatformListsQueue purge of 0 messages
14/02/2018 17:20:10,627 (Thread-2211) INFO : queue://IDBTables purge of 0 messages
14/02/2018 17:20:10,628 (Thread-2211) INFO : queue://ChallengersData purge of 0 messages
14/02/2018 17:20:10,629 (Thread-2211) INFO : queue://IDBReject purge of 0 messages
14/02/2018 17:20:10,629 (Thread-2211) INFO : queue://CRFDataToIDB purge of 0 messages
14/02/2018 17:20:10,629 (Thread-2211) INFO : queue://AIS_PROFILES_QUEUE.PROFILES_CONNECTOR purge of 0 messages
14/02/2018 17:20:10,629 (Thread-2211) INFO : queue://tod_RcmFraudTagger purge of 0 messages
14/02/2018 17:20:10,630 (Thread-2211) INFO : queue://AIS_PROFILES_QUEUE.FF_profilesDbConnector purge of 0 messages
14/02/2018 17:20:10,630 (Thread-2211) INFO : queue://profilesUpdate purge of 0 messages
14/02/2018 17:20:10,631 (Thread-2211) INFO : queue://updatePlatformListsQueue purge of 0 messages
14/02/2018 17:32:08,716 (Thread-2393) INFO : queue://IDBTables purge of 0 messages
14/02/2018 17:32:08,717 (Thread-2393) INFO : queue://ChallengersData purge of 0 messages
14/02/2018 17:32:08,717 (Thread-2393) INFO : queue://IDBReject purge of 0 messages
14/02/2018 17:32:08,718 (Thread-2393) INFO : queue://CRFDataToIDB purge of 0 messages
14/02/2018 17:32:08,718 (Thread-2393) INFO : queue://AIS_PROFILES_QUEUE.PROFILES_CONNECTOR purge of 0 messages
14/02/2018 17:32:08,718 (Thread-2393) INFO : queue://tod_RcmFraudTagger purge of 0 messages
14/02/2018 17:32:08,719 (Thread-2393) INFO : queue://AIS_PROFILES_QUEUE.FF_profilesDbConnector purge of 0 messages
14/02/2018 17:32:08,719 (Thread-2393) INFO : queue://profilesUpdate purge of 0 messages
14/02/2018 17:32:08,719 (Thread-2393) INFO : queue://updatePlatformListsQueue purge of 0 messages
14/02/2018 18:08:22,536 (Thread-2600) INFO : queue://IDBTables purge of 0 messages
14/02/2018 18:08:22,537 (Thread-2600) INFO : queue://ChallengersData purge of 0 messages
14/02/2018 18:08:22,537 (Thread-2600) INFO : queue://IDBReject purge of 0 messages
14/02/2018 18:08:22,538 (Thread-2600) INFO : queue://CRFDataToIDB purge of 0 messages
14/02/2018 18:08:22,541 (Thread-2600) INFO : queue://AIS_PROFILES_QUEUE.PROFILES_CONNECTOR purge of 0 messages
14/02/2018 18:08:22,542 (Thread-2600) INFO : queue://tod_RcmFraudTagger purge of 0 messages
14/02/2018 18:08:22,542 (Thread-2600) INFO : queue://AIS_PROFILES_QUEUE.FF_profilesDbConnector purge of 0 messages
14/02/2018 18:08:22,543 (Thread-2600) INFO : queue://profilesUpdate purge of 0 messages
14/02/2018 18:08:22,543 (Thread-2600) INFO : queue://updatePlatformListsQueue purge of 0 messages
14/02/2018 18:29:07,686 (Thread-2782) INFO : queue://IDBTables purge of 0 messages
14/02/2018 18:29:07,686 (Thread-2782) INFO : queue://ChallengersData purge of 0 messages
14/02/2018 18:29:07,686 (Thread-2782) INFO : queue://IDBReject purge of 0 messages
14/02/2018 18:29:07,686 (Thread-2782) INFO : queue://CRFDataToIDB purge of 0 messages
14/02/2018 18:29:07,686 (Thread-2782) INFO : queue://AIS_PROFILES_QUEUE.PROFILES_CONNECTOR purge of 0 messages
14/02/2018 18:29:07,686 (Thread-2782) INFO : queue://tod_RcmFraudTagger purge of 0 messages
14/02/2018 18:29:07,686 (Thread-2782) INFO : queue://AIS_PROFILES_QUEUE.FF_profilesDbConnector purge of 0 messages
14/02/2018 18:29:07,686 (Thread-2782) INFO : queue://profilesUpdate purge of 0 messages
14/02/2018 18:29:07,686 (Thread-2782) INFO : queue://updatePlatformListsQueue purge of 0 messages
15/02/2018 08:45:02,056 (Thread-2975) INFO : queue://IDBTables purge of 0 messages
15/02/2018 08:45:02,062 (Thread-2975) INFO : queue://ChallengersData purge of 0 messages
15/02/2018 08:45:02,066 (Thread-2975) INFO : queue://IDBReject purge of 0 messages
15/02/2018 08:45:02,071 (Thread-2975) INFO : queue://CRFDataToIDB purge of 0 messages
15/02/2018 08:45:02,074 (Thread-2975) INFO : queue://AIS_PROFILES_QUEUE.PROFILES_CONNECTOR purge of 0 messages
15/02/2018 08:45:02,077 (Thread-2975) INFO : queue://tod_RcmFraudTagger purge of 0 messages
15/02/2018 08:45:02,077 (Thread-2975) INFO : queue://AIS_PROFILES_QUEUE.FF_profilesDbConnector purge of 0 messages
15/02/2018 08:45:02,081 (Thread-2975) INFO : queue://profilesUpdate purge of 0 messages
15/02/2018 08:45:02,081 (Thread-2975) INFO : queue://updatePlatformListsQueue purge of 0 messages
