(TID#0x00000250) 2018-Feb-15 08:45:54.796 INFO: [Repository: Repository] Repository #33008 - Resolved key 'FF_PROFILES_DbConnector_DSN' from instance with value 'database'. Location: [Connector:FF_profilesDbConnector\<dsn>]
(TID#0x00000250) 2018-Feb-15 08:45:54.809 INFO: [Repository: Repository] Repository #33008 - Resolved key 'FF_PROFILES_DbConnector_UserName' from instance with value 'QA_AIS_SOL_USER'. Location: [Connector:FF_profilesDbConnector\<user name>]
(TID#0x00000250) 2018-Feb-15 08:45:54.809 INFO: [Repository: Repository] Repository #33008 - Resolved key 'FF_PROFILES_DbConnector_Password' from instance with value '********'. Location: [Connector:FF_profilesDbConnector\<password>]
(TID#0x00000250) 2018-Feb-15 08:45:54.810 INFO: [Repository: Repository] Repository #33008 - Resolved key 'FF_PROFILES_DbConnector_DefaultDatabase' from instance with value 'QA_AIS_SOL'. Location: [Connector:FF_profilesDbConnector\<default database>]
(TID#0x00000250) 2018-Feb-15 08:45:54.810 INFO: [Repository: Repository] Repository #33008 - Resolved key 'FF_PROFILES_DbConnector_ConnectionTimeout' from instance with value '120'. Location: [Connector:FF_profilesDbConnector\<connection time out>]
(TID#0x00000250) 2018-Feb-15 08:45:54.810 INFO: [Repository: Repository] Repository #33008 - Resolved key 'FF_PROFILES_DbConnector_CommandTimeout' from instance with value '500'. Location: [Connector:FF_profilesDbConnector\<command time out>]
(TID#0x00000250) 2018-Feb-15 08:45:54.810 INFO: [Repository: Repository] Repository #33008 - Resolved key 'FF_PROFILES_DbConnector_DatabaseType' from instance with value 'SQLServer'. Location: [Connector:FF_profilesDbConnector\<dbms type>]
(TID#0x00000250) 2018-Feb-15 08:45:54.811 INFO: [Repository: Repository] Repository #33008 - Resolved key 'FF_PROFILES_DbConnector_ServerName' from instance with value 'database'. Location: [Connector:FF_profilesDbConnector\<server name>]
(TID#0x0000106c) 2018-Feb-15 08:45:57.319 INFO: [Process] #6024 - Profiles maintainer process started.
(TID#0x0000106c) 2018-Feb-15 08:45:57.319 INFO: [Flow: Profiles Maintenance Process] #6029 - Pausing all profile transaction queue listener processes.
(TID#0x0000106c) 2018-Feb-15 08:46:01.362 INFO: [Flow: Profiles Maintenance Process] #6030 - All profile transaction queue listener processes are now paused.
(TID#0x0000106c) 2018-Feb-15 08:46:01.362 INFO: [Flow: Profiles Maintenance Process] Init #78851 - Profiles Clean process started.
(TID#0x0000106c) 2018-Feb-15 08:46:01.362 INFO: [Flow: Profiles Maintenance Process] #78530 - Maintenance: Started truncating profile 'FF_browserProfile' from the daily table.
(TID#0x0000106c) 2018-Feb-15 08:46:01.363 INFO: [Flow: Profiles Maintenance Process] #78531 - Maintenance: Finished truncating profile 'FF_browserProfile' from the daily table.
(TID#0x0000106c) 2018-Feb-15 08:46:01.363 INFO: [Flow: Profiles Maintenance Process] #78532 - Maintenance: Started truncating profile 'FF_browserProfile' from the profiles table.
(TID#0x0000106c) 2018-Feb-15 08:46:01.364 INFO: [Flow: Profiles Maintenance Process] #78533 - Maintenance: Finished truncating profile 'FF_browserProfile' from the profiles table.
(TID#0x0000106c) 2018-Feb-15 08:46:01.364 INFO: [Flow: Profiles Maintenance Process] #78530 - Maintenance: Started truncating profile 'FF_deviceHistoryProfile' from the daily table.
(TID#0x0000106c) 2018-Feb-15 08:46:01.364 INFO: [Flow: Profiles Maintenance Process] #78531 - Maintenance: Finished truncating profile 'FF_deviceHistoryProfile' from the daily table.
(TID#0x0000106c) 2018-Feb-15 08:46:01.364 INFO: [Flow: Profiles Maintenance Process] #78532 - Maintenance: Started truncating profile 'FF_deviceHistoryProfile' from the profiles table.
(TID#0x0000106c) 2018-Feb-15 08:46:01.365 INFO: [Flow: Profiles Maintenance Process] #78533 - Maintenance: Finished truncating profile 'FF_deviceHistoryProfile' from the profiles table.
(TID#0x0000106c) 2018-Feb-15 08:46:01.365 INFO: [Flow: Profiles Maintenance Process] #78530 - Maintenance: Started truncating profile 'FF_cardDeviceProfile' from the daily table.
(TID#0x0000106c) 2018-Feb-15 08:46:01.365 INFO: [Flow: Profiles Maintenance Process] #78531 - Maintenance: Finished truncating profile 'FF_cardDeviceProfile' from the daily table.
(TID#0x0000106c) 2018-Feb-15 08:46:01.365 INFO: [Flow: Profiles Maintenance Process] #78532 - Maintenance: Started truncating profile 'FF_cardDeviceProfile' from the profiles table.
(TID#0x0000106c) 2018-Feb-15 08:46:01.366 INFO: [Flow: Profiles Maintenance Process] #78533 - Maintenance: Finished truncating profile 'FF_cardDeviceProfile' from the profiles table.
(TID#0x0000106c) 2018-Feb-15 08:46:01.366 INFO: [Flow: Profiles Maintenance Process] #78530 - Maintenance: Started truncating profile 'FF_entityProfile' from the daily table.
(TID#0x0000106c) 2018-Feb-15 08:46:01.366 INFO: [Flow: Profiles Maintenance Process] #78531 - Maintenance: Finished truncating profile 'FF_entityProfile' from the daily table.
(TID#0x0000106c) 2018-Feb-15 08:46:01.366 INFO: [Flow: Profiles Maintenance Process] #78532 - Maintenance: Started truncating profile 'FF_entityProfile' from the profiles table.
(TID#0x0000106c) 2018-Feb-15 08:46:01.367 INFO: [Flow: Profiles Maintenance Process] #78533 - Maintenance: Finished truncating profile 'FF_entityProfile' from the profiles table.
(TID#0x0000106c) 2018-Feb-15 08:46:01.367 INFO: [Flow: Profiles Maintenance Process] #78530 - Maintenance: Started truncating profile 'FF_connectionProfile' from the daily table.
(TID#0x0000106c) 2018-Feb-15 08:46:01.367 INFO: [Flow: Profiles Maintenance Process] #78531 - Maintenance: Finished truncating profile 'FF_connectionProfile' from the daily table.
(TID#0x0000106c) 2018-Feb-15 08:46:01.367 INFO: [Flow: Profiles Maintenance Process] #78532 - Maintenance: Started truncating profile 'FF_connectionProfile' from the profiles table.
(TID#0x0000106c) 2018-Feb-15 08:46:01.368 INFO: [Flow: Profiles Maintenance Process] #78533 - Maintenance: Finished truncating profile 'FF_connectionProfile' from the profiles table.
(TID#0x0000106c) 2018-Feb-15 08:46:01.368 INFO: [Flow: Profiles Maintenance Process] #78530 - Maintenance: Started truncating profile 'FF_phoneDeviceProfile' from the daily table.
(TID#0x0000106c) 2018-Feb-15 08:46:01.368 INFO: [Flow: Profiles Maintenance Process] #78531 - Maintenance: Finished truncating profile 'FF_phoneDeviceProfile' from the daily table.
(TID#0x0000106c) 2018-Feb-15 08:46:01.368 INFO: [Flow: Profiles Maintenance Process] #78532 - Maintenance: Started truncating profile 'FF_phoneDeviceProfile' from the profiles table.
(TID#0x0000106c) 2018-Feb-15 08:46:01.368 INFO: [Flow: Profiles Maintenance Process] #78533 - Maintenance: Finished truncating profile 'FF_phoneDeviceProfile' from the profiles table.
(TID#0x0000106c) 2018-Feb-15 08:46:01.369 INFO: [Flow: Profiles Maintenance Process] #78530 - Maintenance: Started truncating profile 'FF_terminalProfile' from the daily table.
(TID#0x0000106c) 2018-Feb-15 08:46:01.369 INFO: [Flow: Profiles Maintenance Process] #78531 - Maintenance: Finished truncating profile 'FF_terminalProfile' from the daily table.
(TID#0x0000106c) 2018-Feb-15 08:46:01.369 INFO: [Flow: Profiles Maintenance Process] #78532 - Maintenance: Started truncating profile 'FF_terminalProfile' from the profiles table.
(TID#0x0000106c) 2018-Feb-15 08:46:01.369 INFO: [Flow: Profiles Maintenance Process] #78533 - Maintenance: Finished truncating profile 'FF_terminalProfile' from the profiles table.
(TID#0x0000106c) 2018-Feb-15 08:46:01.369 INFO: [Flow: Profiles Maintenance Process] #78530 - Maintenance: Started truncating profile 'FF_payeeProfile' from the daily table.
(TID#0x0000106c) 2018-Feb-15 08:46:01.370 INFO: [Flow: Profiles Maintenance Process] #78531 - Maintenance: Finished truncating profile 'FF_payeeProfile' from the daily table.
(TID#0x0000106c) 2018-Feb-15 08:46:01.370 INFO: [Flow: Profiles Maintenance Process] #78532 - Maintenance: Started truncating profile 'FF_payeeProfile' from the profiles table.
(TID#0x0000106c) 2018-Feb-15 08:46:01.370 INFO: [Flow: Profiles Maintenance Process] #78533 - Maintenance: Finished truncating profile 'FF_payeeProfile' from the profiles table.
(TID#0x0000106c) 2018-Feb-15 08:46:01.370 INFO: [Flow: Profiles Maintenance Process] #78530 - Maintenance: Started truncating profile 'FF_merchantProfile' from the daily table.
(TID#0x0000106c) 2018-Feb-15 08:46:01.371 INFO: [Flow: Profiles Maintenance Process] #78531 - Maintenance: Finished truncating profile 'FF_merchantProfile' from the daily table.
(TID#0x0000106c) 2018-Feb-15 08:46:01.371 INFO: [Flow: Profiles Maintenance Process] #78532 - Maintenance: Started truncating profile 'FF_merchantProfile' from the profiles table.
(TID#0x0000106c) 2018-Feb-15 08:46:01.371 INFO: [Flow: Profiles Maintenance Process] #78533 - Maintenance: Finished truncating profile 'FF_merchantProfile' from the profiles table.
(TID#0x0000106c) 2018-Feb-15 08:46:01.371 INFO: [Flow: Profiles Maintenance Process] #78530 - Maintenance: Started truncating profile 'FF_cardTerminalProfile' from the daily table.
(TID#0x0000106c) 2018-Feb-15 08:46:01.371 INFO: [Flow: Profiles Maintenance Process] #78531 - Maintenance: Finished truncating profile 'FF_cardTerminalProfile' from the daily table.
(TID#0x0000106c) 2018-Feb-15 08:46:01.372 INFO: [Flow: Profiles Maintenance Process] #78532 - Maintenance: Started truncating profile 'FF_cardTerminalProfile' from the profiles table.
(TID#0x0000106c) 2018-Feb-15 08:46:01.372 INFO: [Flow: Profiles Maintenance Process] #78533 - Maintenance: Finished truncating profile 'FF_cardTerminalProfile' from the profiles table.
(TID#0x0000106c) 2018-Feb-15 08:46:01.372 INFO: [Flow: Profiles Maintenance Process] #78530 - Maintenance: Started truncating profile 'FF_entityPayeeNameProfile' from the daily table.
(TID#0x0000106c) 2018-Feb-15 08:46:01.372 INFO: [Flow: Profiles Maintenance Process] #78531 - Maintenance: Finished truncating profile 'FF_entityPayeeNameProfile' from the daily table.
(TID#0x0000106c) 2018-Feb-15 08:46:01.372 INFO: [Flow: Profiles Maintenance Process] #78532 - Maintenance: Started truncating profile 'FF_entityPayeeNameProfile' from the profiles table.
(TID#0x0000106c) 2018-Feb-15 08:46:01.373 INFO: [Flow: Profiles Maintenance Process] #78533 - Maintenance: Finished truncating profile 'FF_entityPayeeNameProfile' from the profiles table.
(TID#0x0000106c) 2018-Feb-15 08:46:01.373 INFO: [Flow: Profiles Maintenance Process] #78530 - Maintenance: Started truncating profile 'FF_entityPayeeProfile' from the daily table.
(TID#0x0000106c) 2018-Feb-15 08:46:01.373 INFO: [Flow: Profiles Maintenance Process] #78531 - Maintenance: Finished truncating profile 'FF_entityPayeeProfile' from the daily table.
(TID#0x0000106c) 2018-Feb-15 08:46:01.373 INFO: [Flow: Profiles Maintenance Process] #78532 - Maintenance: Started truncating profile 'FF_entityPayeeProfile' from the profiles table.
(TID#0x0000106c) 2018-Feb-15 08:46:01.374 INFO: [Flow: Profiles Maintenance Process] #78533 - Maintenance: Finished truncating profile 'FF_entityPayeeProfile' from the profiles table.
(TID#0x0000106c) 2018-Feb-15 08:46:01.374 INFO: [Flow: Profiles Maintenance Process] #78530 - Maintenance: Started truncating profile 'FF_entityWebDeviceProfile' from the daily table.
(TID#0x0000106c) 2018-Feb-15 08:46:01.374 INFO: [Flow: Profiles Maintenance Process] #78531 - Maintenance: Finished truncating profile 'FF_entityWebDeviceProfile' from the daily table.
(TID#0x0000106c) 2018-Feb-15 08:46:01.374 INFO: [Flow: Profiles Maintenance Process] #78532 - Maintenance: Started truncating profile 'FF_entityWebDeviceProfile' from the profiles table.
(TID#0x0000106c) 2018-Feb-15 08:46:01.375 INFO: [Flow: Profiles Maintenance Process] #78533 - Maintenance: Finished truncating profile 'FF_entityWebDeviceProfile' from the profiles table.
(TID#0x0000106c) 2018-Feb-15 08:46:01.375 INFO: [Flow: Profiles Maintenance Process] #78530 - Maintenance: Started truncating profile 'FF_cardProfile' from the daily table.
(TID#0x0000106c) 2018-Feb-15 08:46:01.375 INFO: [Flow: Profiles Maintenance Process] #78531 - Maintenance: Finished truncating profile 'FF_cardProfile' from the daily table.
(TID#0x0000106c) 2018-Feb-15 08:46:01.375 INFO: [Flow: Profiles Maintenance Process] #78532 - Maintenance: Started truncating profile 'FF_cardProfile' from the profiles table.
(TID#0x0000106c) 2018-Feb-15 08:46:01.375 INFO: [Flow: Profiles Maintenance Process] #78533 - Maintenance: Finished truncating profile 'FF_cardProfile' from the profiles table.
(TID#0x0000106c) 2018-Feb-15 08:46:01.376 INFO: [Flow: Profiles Maintenance Process] End #78852 - Profiles Clean process finished.
(TID#0x0000106c) 2018-Feb-15 08:46:01.376 INFO: [Process] #6025 - Profiles maintainer process ended successfully.
(TID#0x00001110) <log ended>
