2017-Oct-30 09:34:57.139 INFO: [Repository: Repository] Repository #33008 - Resolved key 'FF_PROFILES_DbConnector_DSN' from instance with value 'database'. Location: [Connector:FF_profilesDbConnector\<dsn>]
2017-Oct-30 09:34:57.139 INFO: [Repository: Repository] Repository #33008 - Resolved key 'FF_PROFILES_DbConnector_UserName' from instance with value 'QA_AIS_SOL_USER'. Location: [Connector:FF_profilesDbConnector\<user name>]
2017-Oct-30 09:34:57.139 INFO: [Repository: Repository] Repository #33008 - Resolved key 'FF_PROFILES_DbConnector_Password' from instance with value '********'. Location: [Connector:FF_profilesDbConnector\<password>]
2017-Oct-30 09:34:57.139 INFO: [Repository: Repository] Repository #33008 - Resolved key 'FF_PROFILES_DbConnector_DefaultDatabase' from instance with value 'QA_AIS_SOL'. Location: [Connector:FF_profilesDbConnector\<default database>]
2017-Oct-30 09:34:57.139 INFO: [Repository: Repository] Repository #33008 - Resolved key 'FF_PROFILES_DbConnector_ConnectionTimeout' from instance with value '120'. Location: [Connector:FF_profilesDbConnector\<connection time out>]
2017-Oct-30 09:34:57.139 INFO: [Repository: Repository] Repository #33008 - Resolved key 'FF_PROFILES_DbConnector_CommandTimeout' from instance with value '500'. Location: [Connector:FF_profilesDbConnector\<command time out>]
2017-Oct-30 09:34:57.139 INFO: [Repository: Repository] Repository #33008 - Resolved key 'FF_PROFILES_DbConnector_DatabaseType' from instance with value 'SQLServer'. Location: [Connector:FF_profilesDbConnector\<dbms type>]
2017-Oct-30 09:34:57.139 INFO: [Repository: Repository] Repository #33008 - Resolved key 'FF_PROFILES_DbConnector_ServerName' from instance with value 'database'. Location: [Connector:FF_profilesDbConnector\<server name>]
2017-Oct-30 09:34:59.061 INFO: [Process] #6024 - Profiles maintainer process started.
2017-Oct-30 09:34:59.061 INFO: [Flow: Profiles Maintenance Process] #6029 - Pausing all profile transaction queue listener processes.
2017-Oct-30 09:35:02.061 INFO: [Flow: Profiles Maintenance Process] #6030 - All profile transaction queue listener processes are now paused.
2017-Oct-30 09:35:02.061 INFO: [Flow: Profiles Maintenance Process] Init #78851 - Profiles Clean process started.
2017-Oct-30 09:35:02.061 INFO: [Flow: Profiles Maintenance Process] #78530 - Maintenance: Started truncating profile 'FF_cardProfile' from the daily table.
2017-Oct-30 09:35:02.061 INFO: [Flow: Profiles Maintenance Process] #78531 - Maintenance: Finished truncating profile 'FF_cardProfile' from the daily table.
2017-Oct-30 09:35:02.061 INFO: [Flow: Profiles Maintenance Process] #78532 - Maintenance: Started truncating profile 'FF_cardProfile' from the profiles table.
2017-Oct-30 09:35:02.061 INFO: [Flow: Profiles Maintenance Process] #78533 - Maintenance: Finished truncating profile 'FF_cardProfile' from the profiles table.
2017-Oct-30 09:35:02.061 INFO: [Flow: Profiles Maintenance Process] #78530 - Maintenance: Started truncating profile 'FF_cardTerminalProfile' from the daily table.
2017-Oct-30 09:35:02.061 INFO: [Flow: Profiles Maintenance Process] #78531 - Maintenance: Finished truncating profile 'FF_cardTerminalProfile' from the daily table.
jeckie4:|__   _/ /  / __/
2017-Oct-30 09:35:02.061 INFO: [Flow: Profiles Maintenance Process] #78532 - Maintenance: Started truncating profile 'FF_cardTerminalProfile' from the profiles table.
2017-Oct-30 09:35:02.061 INFO: [Flow: Profiles Maintenance Process] #78533 - Maintenance: Finished truncating profile 'FF_cardTerminalProfile' from the profiles table.
2017-Oct-30 09:35:02.061 INFO: [Flow: Profiles Maintenance Process] #78530 - Maintenance: Started truncating profile 'FF_payeeProfile' from the daily table.
2017-Oct-30 09:35:02.061 INFO: [Flow: Profiles Maintenance Process] #78531 - Maintenance: Finished truncating profile 'FF_payeeProfile' from the daily table.
2017-Oct-30 09:35:02.061 INFO: [Flow: Profiles Maintenance Process] #78532 - Maintenance: Started truncating profile 'FF_payeeProfile' from the profiles table.
2017-Oct-30 09:35:02.061 INFO: [Flow: Profiles Maintenance Process] #78533 - Maintenance: Finished truncating profile 'FF_payeeProfile' from the profiles table.
2017-Oct-30 09:35:02.061 INFO: [Flow: Profiles Maintenance Process] #78530 - Maintenance: Started truncating profile 'FF_terminalProfile' from the daily table.
2017-Oct-30 09:35:02.061 INFO: [Flow: Profiles Maintenance Process] #78531 - Maintenance: Finished truncating profile 'FF_terminalProfile' from the daily table.
2017-Oct-30 09:35:02.061 INFO: [Flow: Profiles Maintenance Process] #78532 - Maintenance: Started truncating profile 'FF_terminalProfile' from the profiles table.
2017-Oct-30 09:35:02.061 INFO: [Flow: Profiles Maintenance Process] #78533 - Maintenance: Finished truncating profile 'FF_terminalProfile' from the profiles table.
2017-Oct-30 09:35:02.061 INFO: [Flow: Profiles Maintenance Process] #78530 - Maintenance: Started truncating profile 'FF_entityPayeeProfile' from the daily table.
2017-Oct-30 09:35:02.061 INFO: [Flow: Profiles Maintenance Process] #78531 - Maintenance: Finished truncating profile 'FF_entityPayeeProfile' from the daily table.
2017-Oct-30 09:35:02.061 INFO: [Flow: Profiles Maintenance Process] #78532 - Maintenance: Started truncating profile 'FF_entityPayeeProfile' from the profiles table.
2017-Oct-30 09:35:02.061 INFO: [Flow: Profiles Maintenance Process] #78533 - Maintenance: Finished truncating profile 'FF_entityPayeeProfile' from the profiles table.
2017-Oct-30 09:35:02.061 INFO: [Flow: Profiles Maintenance Process] #78530 - Maintenance: Started truncating profile 'FF_phoneDeviceProfile' from the daily table.
2017-Oct-30 09:35:02.061 INFO: [Flow: Profiles 
Maintenance Process] #78531 - Maintenance: Finished truncating profile 'FF_phoneDeviceProfile' from the daily table.
2017-Oct-30 09:35:02.061 INFO: [Flow: Profiles Maintenance Process] #78532 - Maintenance: Started truncating profile 'FF_phoneDeviceProfile' from the profiles table.
2017-Oct-30 09:35:02.061 INFO: [Flow: Profiles Maintenance Process] #78533 - Maintenance: Finished truncating profile 'FF_phoneDeviceProfile' from the profiles table.
2017-Oct-30 09:35:02.061 INFO: [Flow: Profiles Maintenance Process] #78530 - Maintenance: Started truncating profile 'FF_entityWebDeviceProfile' from the daily table.
2017-Oct-30 09:35:02.061 INFO: [Flow: Profiles Maintenance Process] #78531 - Maintenance: Finished truncating profile 'FF_entityWebDeviceProfile' from the daily table.
2017-Oct-30 09:35:02.061 INFO: [Flow: Profiles Maintenance Process] #78532 - Maintenance: Started truncating profile 'FF_entityWebDeviceProfile' from the profiles table.
2017-Oct-30 09:35:02.061 INFO: [Flow: Profiles Maintenance Process] #78533 - Maintenance: Finished truncating profile 'FF_entityWebDeviceProfile' from the profiles table.
2017-Oct-30 09:35:02.061 INFO: [Flow: Profiles Maintenance Process] #78530 - Maintenance: Started truncating profile 'FF_connectionProfile' from the daily table.
2017-Oct-30 09:35:02.061 INFO: [Flow: Profiles Maintenance Process] #78531 - Maintenance: Finished truncating profile 'FF_connectionProfile' from the daily table.
2017-Oct-30 09:35:02.061 INFO: [Flow: Profiles Maintenance Process] #78532 - Maintenance: Started truncating profile 'FF_connectionProfile' from the profiles table.
2017-Oct-30 09:35:02.061 INFO: [Flow: Profiles Maintenance Process] #78533 - Maintenance: Finished truncating profile 'FF_connectionProfile' from the profiles table.
2017-Oct-30 09:35:02.061 INFO: [Flow: Profiles Maintenance Process] #78530 - Maintenance: Started truncating profile 'FF_merchantProfile' from the daily table.
2017-Oct-30 09:35:02.061 INFO: [Flow: Profiles Maintenance Process] #78531 - Maintenance: Finished truncating profile 'FF_merchantProfile' from the daily table.
2017-Oct-30 09:35:02.061 INFO: [Flow: Profiles Maintenance Process] #78532 - Maintenance: Started truncating profile 'FF_merchantProfile' from the profiles table.
2017-Oct-30 09:35:02.061 INFO: [Flow: Profiles Maintenance Process] #78533 - Maintenance: Finished truncating profile 'FF_merchantProfile' from the profiles table.
2017-Oct-30 09:35:02.061 INFO: [Flow: Profiles Maintenance Process] #78530 - Maintenance: Started truncating profile 'FF_cardDeviceProfile' from the daily table.
2017-Oct-30 09:35:02.061 INFO: [Flow: Profiles Maintenance Process] #78531 - Maintenance: Finished truncating profile 'FF_cardDeviceProfile' from the daily table.
2017-Oct-30 09:35:02.061 INFO: [Flow: Profiles Maintenance Process] #78532 - Maintenance: Started truncating profile 'FF_cardDeviceProfile' from the profiles table.
2017-Oct-30 09:35:02.061 INFO: [Flow: Profiles Maintenance Process] #78533 - Maintenance: Finished truncating profile 'FF_cardDeviceProfile' from the profiles table.
2017-Oct-30 09:35:02.061 INFO: [Flow: Profiles Maintenance Process] #78530 - Maintenance: Started truncating profile 'FF_deviceHistoryProfile' from the daily table.
2017-Oct-30 09:35:02.061 INFO: [Flow: Profiles Maintenance Process] #78531 - Maintenance: Finished truncating profile 'FF_deviceHistoryProfile' from the daily table.
2017-Oct-30 09:35:02.061 INFO: [Flow: Profiles Maintenance Process] #78532 - Maintenance: Started truncating profile 'FF_deviceHistoryProfile' from the profiles table.
2017-Oct-30 09:35:02.061 INFO: [Flow: Profiles Maintenance Process] #78533 - Maintenance: Finished truncating profile 'FF_deviceHistoryProfile' from the profiles table.
2017-Oct-30 09:35:02.061 INFO: [Flow: Profiles Maintenance Process] #78530 - Maintenance: Started truncating profile 'FF_entityPayeeNameProfile' from the daily table.
2017-Oct-30 09:35:02.061 INFO: [Flow: Profiles Maintenance Process] #78531 - Maintenance: Finished truncating profile 'FF_entityPayeeNameProfile' from the daily table.
2017-Oct-30 09:35:02.061 INFO: [Flow: Profiles Maintenance Process] #78532 - Maintenance: Started truncating profile 'FF_entityPayeeNameProfile' from the profiles table.
2017-Oct-30 09:35:02.061 INFO: [Flow: Profiles Maintenance Process] #78533 - Maintenance: Finished truncating profile 'FF_entityPayeeNameProfile' from the profiles table.
2017-Oct-30 09:35:02.061 INFO: [Flow: Profiles Maintenance Process] #78530 - Maintenance: Started truncating profile 'FF_browserProfile' from the daily table.
2017-Oct-30 09:35:02.061 INFO: [Flow: Profiles Maintenance Process] #78531 - Maintenance: Finished truncating profile 'FF_browserProfile' from the daily table.
2017-Oct-30 09:35:02.061 INFO: [Flow: Profiles Maintenance Process] #78532 - Maintenance: Started truncating profile 'FF_browserProfile' from the profiles table.
2017-Oct-30 09:35:02.061 INFO: [Flow: Profiles Maintenance Process] #78533 - Maintenance: Finished truncating profile 'FF_browserProfile' from the profiles table.
2017-Oct-30 09:35:02.061 INFO: [Flow: Profiles Maintenance Process] #78530 - Maintenance: Started truncating profile 'FF_entityProfile' from the daily table.
2017-Oct-30 09:35:02.076 INFO: [Flow: Profiles Maintenance Process] #78531 - Maintenance: Finished truncating profile 'FF_entityProfile' from the daily table.
2017-Oct-30 09:35:02.076 INFO: [Flow: Profiles Maintenance Process] #78532 - Maintenance: Started truncating profile 'FF_entityProfile' from the profiles table.
2017-Oct-30 09:35:02.076 INFO: [Flow: Profiles Maintenance Process] #78533 - Maintenance: Finished truncating profile 'FF_entityProfile' from the profiles table.
2017-Oct-30 09:35:02.076 INFO: [Flow: Profiles Maintenance Process] End #78852 - Profiles Clean process finished.
2017-Oct-30 09:35:02.076 INFO: [Process] #6025 - Profiles maintainer process ended successfully.
<log ended>
