(TID#0x00000750) 2018-Feb-06 16:21:59.572 INFO: [Repository: Repository] Repository #33008 - Resolved key 'FF_PROFILES_DbConnector_DSN' from instance with value 'database'. Location: [Connector:FF_profilesDbConnector\<dsn>]
(TID#0x00000750) 2018-Feb-06 16:21:59.573 INFO: [Repository: Repository] Repository #33008 - Resolved key 'FF_PROFILES_DbConnector_UserName' from instance with value 'QA_AIS_SOL_USER'. Location: [Connector:FF_profilesDbConnector\<user name>]
(TID#0x00000750) 2018-Feb-06 16:21:59.573 INFO: [Repository: Repository] Repository #33008 - Resolved key 'FF_PROFILES_DbConnector_Password' from instance with value '********'. Location: [Connector:FF_profilesDbConnector\<password>]
(TID#0x00000750) 2018-Feb-06 16:21:59.573 INFO: [Repository: Repository] Repository #33008 - Resolved key 'FF_PROFILES_DbConnector_DefaultDatabase' from instance with value 'QA_AIS_SOL'. Location: [Connector:FF_profilesDbConnector\<default database>]
(TID#0x00000750) 2018-Feb-06 16:21:59.574 INFO: [Repository: Repository] Repository #33008 - Resolved key 'FF_PROFILES_DbConnector_ConnectionTimeout' from instance with value '120'. Location: [Connector:FF_profilesDbConnector\<connection time out>]
(TID#0x00000750) 2018-Feb-06 16:21:59.574 INFO: [Repository: Repository] Repository #33008 - Resolved key 'FF_PROFILES_DbConnector_CommandTimeout' from instance with value '500'. Location: [Connector:FF_profilesDbConnector\<command time out>]
(TID#0x00000750) 2018-Feb-06 16:21:59.574 INFO: [Repository: Repository] Repository #33008 - Resolved key 'FF_PROFILES_DbConnector_DatabaseType' from instance with value 'SQLServer'. Location: [Connector:FF_profilesDbConnector\<dbms type>]
(TID#0x00000750) 2018-Feb-06 16:21:59.574 INFO: [Repository: Repository] Repository #33008 - Resolved key 'FF_PROFILES_DbConnector_ServerName' from instance with value 'database'. Location: [Connector:FF_profilesDbConnector\<server name>]
(TID#0x00001054) 2018-Feb-06 16:22:09.227 INFO: [Process] #6024 - Profiles maintainer process started.
(TID#0x00001054) 2018-Feb-06 16:22:09.227 INFO: [Flow: Profiles Maintenance Process] #6029 - Pausing all profile transaction queue listener processes.
(TID#0x00001054) 2018-Feb-06 16:22:11.235 INFO: [Flow: Profiles Maintenance Process] #6030 - All profile transaction queue listener processes are now paused.
(TID#0x00001054) 2018-Feb-06 16:22:11.235 INFO: [Flow: Profiles Maintenance Process] Init #78851 - Profiles Clean process started.
(TID#0x00001054) 2018-Feb-06 16:22:11.238 INFO: [Flow: Profiles Maintenance Process] #78530 - Maintenance: Started truncating profile 'FF_cardDeviceProfile' from the daily table.
(TID#0x00001054) 2018-Feb-06 16:22:11.251 INFO: [Flow: Profiles Maintenance Process] #78531 - Maintenance: Finished truncating profile 'FF_cardDeviceProfile' from the daily table.
(TID#0x00001054) 2018-Feb-06 16:22:11.251 INFO: [Flow: Profiles Maintenance Process] #78532 - Maintenance: Started truncating profile 'FF_cardDeviceProfile' from the profiles table.
(TID#0x00001054) 2018-Feb-06 16:22:11.252 INFO: [Flow: Profiles Maintenance Process] #78533 - Maintenance: Finished truncating profile 'FF_cardDeviceProfile' from the profiles table.
(TID#0x00001054) 2018-Feb-06 16:22:11.252 INFO: [Flow: Profiles Maintenance Process] #78530 - Maintenance: Started truncating profile 'FF_entityProfile' from the daily table.
(TID#0x00001054) 2018-Feb-06 16:22:11.252 INFO: [Flow: Profiles Maintenance Process] #78531 - Maintenance: Finished truncating profile 'FF_entityProfile' from the daily table.
(TID#0x00001054) 2018-Feb-06 16:22:11.252 INFO: [Flow: Profiles Maintenance Process] #78532 - Maintenance: Started truncating profile 'FF_entityProfile' from the profiles table.
(TID#0x00001054) 2018-Feb-06 16:22:11.256 INFO: [Flow: Profiles Maintenance Process] #78533 - Maintenance: Finished truncating profile 'FF_entityProfile' from the profiles table.
(TID#0x00001054) 2018-Feb-06 16:22:11.257 INFO: [Flow: Profiles Maintenance Process] #78530 - Maintenance: Started truncating profile 'FF_terminalProfile' from the daily table.
(TID#0x00001054) 2018-Feb-06 16:22:11.257 INFO: [Flow: Profiles Maintenance Process] #78531 - Maintenance: Finished truncating profile 'FF_terminalProfile' from the daily table.
(TID#0x00001054) 2018-Feb-06 16:22:11.257 INFO: [Flow: Profiles Maintenance Process] #78532 - Maintenance: Started truncating profile 'FF_terminalProfile' from the profiles table.
(TID#0x00001054) 2018-Feb-06 16:22:11.257 INFO: [Flow: Profiles Maintenance Process] #78533 - Maintenance: Finished truncating profile 'FF_terminalProfile' from the profiles table.
(TID#0x00001054) 2018-Feb-06 16:22:11.257 INFO: [Flow: Profiles Maintenance Process] #78530 - Maintenance: Started truncating profile 'FF_merchantProfile' from the daily table.
(TID#0x00001054) 2018-Feb-06 16:22:11.258 INFO: [Flow: Profiles Maintenance Process] #78531 - Maintenance: Finished truncating profile 'FF_merchantProfile' from the daily table.
(TID#0x00001054) 2018-Feb-06 16:22:11.258 INFO: [Flow: Profiles Maintenance Process] #78532 - Maintenance: Started truncating profile 'FF_merchantProfile' from the profiles table.
(TID#0x00001054) 2018-Feb-06 16:22:11.258 INFO: [Flow: Profiles Maintenance Process] #78533 - Maintenance: Finished truncating profile 'FF_merchantProfile' from the profiles table.
(TID#0x00001054) 2018-Feb-06 16:22:11.258 INFO: [Flow: Profiles Maintenance Process] #78530 - Maintenance: Started truncating profile 'FF_phoneDeviceProfile' from the daily table.
(TID#0x00001054) 2018-Feb-06 16:22:11.259 INFO: [Flow: Profiles Maintenance Process] #78531 - Maintenance: Finished truncating profile 'FF_phoneDeviceProfile' from the daily table.
(TID#0x00001054) 2018-Feb-06 16:22:11.259 INFO: [Flow: Profiles Maintenance Process] #78532 - Maintenance: Started truncating profile 'FF_phoneDeviceProfile' from the profiles table.
(TID#0x00001054) 2018-Feb-06 16:22:11.259 INFO: [Flow: Profiles Maintenance Process] #78533 - Maintenance: Finished truncating profile 'FF_phoneDeviceProfile' from the profiles table.
(TID#0x00001054) 2018-Feb-06 16:22:11.259 INFO: [Flow: Profiles Maintenance Process] #78530 - Maintenance: Started truncating profile 'FF_payeeProfile' from the daily table.
(TID#0x00001054) 2018-Feb-06 16:22:11.259 INFO: [Flow: Profiles Maintenance Process] #78531 - Maintenance: Finished truncating profile 'FF_payeeProfile' from the daily table.
(TID#0x00001054) 2018-Feb-06 16:22:11.260 INFO: [Flow: Profiles Maintenance Process] #78532 - Maintenance: Started truncating profile 'FF_payeeProfile' from the profiles table.
(TID#0x00001054) 2018-Feb-06 16:22:11.260 INFO: [Flow: Profiles Maintenance Process] #78533 - Maintenance: Finished truncating profile 'FF_payeeProfile' from the profiles table.
(TID#0x00001054) 2018-Feb-06 16:22:11.260 INFO: [Flow: Profiles Maintenance Process] #78530 - Maintenance: Started truncating profile 'FF_cardTerminalProfile' from the daily table.
(TID#0x00001054) 2018-Feb-06 16:22:11.261 INFO: [Flow: Profiles Maintenance Process] #78531 - Maintenance: Finished truncating profile 'FF_cardTerminalProfile' from the daily table.
(TID#0x00001054) 2018-Feb-06 16:22:11.261 INFO: [Flow: Profiles Maintenance Process] #78532 - Maintenance: Started truncating profile 'FF_cardTerminalProfile' from the profiles table.
(TID#0x00001054) 2018-Feb-06 16:22:11.261 INFO: [Flow: Profiles Maintenance Process] #78533 - Maintenance: Finished truncating profile 'FF_cardTerminalProfile' from the profiles table.
(TID#0x00001054) 2018-Feb-06 16:22:11.261 INFO: [Flow: Profiles Maintenance Process] #78530 - Maintenance: Started truncating profile 'FF_browserProfile' from the daily table.
(TID#0x00001054) 2018-Feb-06 16:22:11.261 INFO: [Flow: Profiles Maintenance Process] #78531 - Maintenance: Finished truncating profile 'FF_browserProfile' from the daily table.
(TID#0x00001054) 2018-Feb-06 16:22:11.261 INFO: [Flow: Profiles Maintenance Process] #78532 - Maintenance: Started truncating profile 'FF_browserProfile' from the profiles table.
(TID#0x00001054) 2018-Feb-06 16:22:11.263 INFO: [Flow: Profiles Maintenance Process] #78533 - Maintenance: Finished truncating profile 'FF_browserProfile' from the profiles table.
(TID#0x00001054) 2018-Feb-06 16:22:11.263 INFO: [Flow: Profiles Maintenance Process] #78530 - Maintenance: Started truncating profile 'FF_deviceHistoryProfile' from the daily table.
(TID#0x00001054) 2018-Feb-06 16:22:11.263 INFO: [Flow: Profiles Maintenance Process] #78531 - Maintenance: Finished truncating profile 'FF_deviceHistoryProfile' from the daily table.
(TID#0x00001054) 2018-Feb-06 16:22:11.264 INFO: [Flow: Profiles Maintenance Process] #78532 - Maintenance: Started truncating profile 'FF_deviceHistoryProfile' from the profiles table.
(TID#0x00001054) 2018-Feb-06 16:22:11.264 INFO: [Flow: Profiles Maintenance Process] #78533 - Maintenance: Finished truncating profile 'FF_deviceHistoryProfile' from the profiles table.
(TID#0x00001054) 2018-Feb-06 16:22:11.264 INFO: [Flow: Profiles Maintenance Process] #78530 - Maintenance: Started truncating profile 'FF_entityWebDeviceProfile' from the daily table.
(TID#0x00001054) 2018-Feb-06 16:22:11.264 INFO: [Flow: Profiles Maintenance Process] #78531 - Maintenance: Finished truncating profile 'FF_entityWebDeviceProfile' from the daily table.
(TID#0x00001054) 2018-Feb-06 16:22:11.264 INFO: [Flow: Profiles Maintenance Process] #78532 - Maintenance: Started truncating profile 'FF_entityWebDeviceProfile' from the profiles table.
(TID#0x00001054) 2018-Feb-06 16:22:11.266 INFO: [Flow: Profiles Maintenance Process] #78533 - Maintenance: Finished truncating profile 'FF_entityWebDeviceProfile' from the profiles table.
(TID#0x00001054) 2018-Feb-06 16:22:11.266 INFO: [Flow: Profiles Maintenance Process] #78530 - Maintenance: Started truncating profile 'FF_entityPayeeProfile' from the daily table.
(TID#0x00001054) 2018-Feb-06 16:22:11.266 INFO: [Flow: Profiles Maintenance Process] #78531 - Maintenance: Finished truncating profile 'FF_entityPayeeProfile' from the daily table.
(TID#0x00001054) 2018-Feb-06 16:22:11.266 INFO: [Flow: Profiles Maintenance Process] #78532 - Maintenance: Started truncating profile 'FF_entityPayeeProfile' from the profiles table.
(TID#0x00001054) 2018-Feb-06 16:22:11.266 INFO: [Flow: Profiles Maintenance Process] #78533 - Maintenance: Finished truncating profile 'FF_entityPayeeProfile' from the profiles table.
(TID#0x00001054) 2018-Feb-06 16:22:11.267 INFO: [Flow: Profiles Maintenance Process] #78530 - Maintenance: Started truncating profile 'FF_entityPayeeNameProfile' from the daily table.
(TID#0x00001054) 2018-Feb-06 16:22:11.267 INFO: [Flow: Profiles Maintenance Process] #78531 - Maintenance: Finished truncating profile 'FF_entityPayeeNameProfile' from the daily table.
(TID#0x00001054) 2018-Feb-06 16:22:11.267 INFO: [Flow: Profiles Maintenance Process] #78532 - Maintenance: Started truncating profile 'FF_entityPayeeNameProfile' from the profiles table.
(TID#0x00001054) 2018-Feb-06 16:22:11.269 INFO: [Flow: Profiles Maintenance Process] #78533 - Maintenance: Finished truncating profile 'FF_entityPayeeNameProfile' from the profiles table.
(TID#0x00001054) 2018-Feb-06 16:22:11.269 INFO: [Flow: Profiles Maintenance Process] #78530 - Maintenance: Started truncating profile 'FF_cardProfile' from the daily table.
(TID#0x00001054) 2018-Feb-06 16:22:11.269 INFO: [Flow: Profiles Maintenance Process] #78531 - Maintenance: Finished truncating profile 'FF_cardProfile' from the daily table.
(TID#0x00001054) 2018-Feb-06 16:22:11.269 INFO: [Flow: Profiles Maintenance Process] #78532 - Maintenance: Started truncating profile 'FF_cardProfile' from the profiles table.
(TID#0x00001054) 2018-Feb-06 16:22:11.269 INFO: [Flow: Profiles Maintenance Process] #78533 - Maintenance: Finished truncating profile 'FF_cardProfile' from the profiles table.
(TID#0x00001054) 2018-Feb-06 16:22:11.269 INFO: [Flow: Profiles Maintenance Process] #78530 - Maintenance: Started truncating profile 'FF_connectionProfile' from the daily table.
(TID#0x00001054) 2018-Feb-06 16:22:11.270 INFO: [Flow: Profiles Maintenance Process] #78531 - Maintenance: Finished truncating profile 'FF_connectionProfile' from the daily table.
(TID#0x00001054) 2018-Feb-06 16:22:11.270 INFO: [Flow: Profiles Maintenance Process] #78532 - Maintenance: Started truncating profile 'FF_connectionProfile' from the profiles table.
(TID#0x00001054) 2018-Feb-06 16:22:11.271 INFO: [Flow: Profiles Maintenance Process] #78533 - Maintenance: Finished truncating profile 'FF_connectionProfile' from the profiles table.
(TID#0x00001054) 2018-Feb-06 16:22:11.271 INFO: [Flow: Profiles Maintenance Process] End #78852 - Profiles Clean process finished.
(TID#0x00001054) 2018-Feb-06 16:22:11.271 INFO: [Process] #6025 - Profiles maintainer process ended successfully.
(TID#0x00000abc) <log ended>
