05/17 11:36:07	Info	

05/17 11:36:07	Info	Volume name is \\?\Volume{a3115d42-e7dc-40bb-8c0d-b4a4b3864d9a}\
05/17 11:36:07	Info	Mount Point are :
05/17 11:36:07	Info	C:\	
05/17 11:36:07	Info	Volume is Fixed Drive
05/17 11:36:07	Info	Volume is ntfs
05/17 11:36:07	Info	Volume is not system
05/17 11:36:07	Info	Volume \\?\Volume{a3115d42-e7dc-40bb-8c0d-b4a4b3864d9a}\ has other OS 1 
05/17 11:36:07	Info	

05/17 11:36:07	Info	Volume name is \\?\Volume{a4c4b962-e60f-432d-85e7-2e8b76812273}\
05/17 11:36:07	Info	Mount Point are :
05/17 11:36:07	Info	
05/17 11:36:07	Info	Volume is Fixed Drive
05/17 11:36:07	Info	Volume is not ntfs
05/17 11:36:07	Info	

05/17 11:36:07	Info	Volume name is \\?\Volume{3ca57a5f-045a-4826-85e1-990bb192763a}\
05/17 11:36:07	Info	Mount Point are :
05/17 11:36:07	Info	
05/17 11:36:07	Info	Volume is Fixed Drive
05/17 11:36:07	Info	Volume is ntfs
05/17 11:36:07	Info	Volume is not system
05/17 11:36:07	Info	Volume \\?\Volume{3ca57a5f-045a-4826-85e1-990bb192763a}\ has other OS 0 
05/17 11:36:07	Info	SDDL for Volume is D:(A;;FA;;;BA)(A;OICIIO;GA;;;BA)(A;;FA;;;SY)(A;OICIIO;GA;;;SY)(A;;0x1301bf;;;AU)(A;OICIIO;SDGXGWGR;;;AU)(A;;0x1200a9;;;BU)(A;OICIIO;GXGR;;;BU)
05/17 11:36:07	Info	Volume \\?\Volume{3ca57a5f-045a-4826-85e1-990bb192763a}\ has Default XP DACL 0
