(TID#0x00001310) 2018-Feb-14 17:32:07.043 INFO: [Process] #6031 - Starting deployment process for Lists.
(TID#0x00001310) 2018-Feb-14 17:32:08.395 INFO: [Repository: Repository] Repository #33008 - Resolved key 'FF_Rcm_Connector_ApplicationRoot' from instance with value 'RCM'. Location: [Connector:FF_rcmConnector\<application name>]
(TID#0x00001310) 2018-Feb-14 17:32:08.396 INFO: [Repository: Repository] Repository #33008 - Resolved key 'FF_Rcm_Connector_UseWindowsAuthentication' from instance with value '0'. Location: [Connector:FF_rcmConnector\<use ntlm>]
(TID#0x00001310) 2018-Feb-14 17:32:08.396 INFO: [Repository: Repository] Repository #33008 - Resolved key 'FF_Rcm_Connector_User_Name' from instance with value 'admin'. Location: [Connector:FF_rcmConnector\<user>]
(TID#0x00001310) 2018-Feb-14 17:32:08.396 INFO: [Repository: Repository] Repository #33008 - Resolved key 'FF_Rcm_Connector_Password' from instance with value '********'. Location: [Connector:FF_rcmConnector\<password>]
(TID#0x00001310) 2018-Feb-14 17:32:08.396 INFO: [Repository: Repository] Repository #33008 - Resolved key 'FF_Rcm_Connector_ServerAddress' from instance with value 'localhost'. Location: [Connector:FF_rcmConnector\<server>]
(TID#0x00001310) 2018-Feb-14 17:32:08.396 INFO: [Repository: Repository] Repository #33008 - Resolved key 'FF_Rcm_Connector_Port' from instance with value '8082'. Location: [Connector:FF_rcmConnector\<port>]
(TID#0x00001310) 2018-Feb-14 17:32:08.397 INFO: [Repository: Repository] Repository #33008 - Resolved key 'FF_Rcm_Connector_ConnectionTimeout' from instance with value '120'. Location: [Connector:FF_rcmConnector\<connection timeout>]
(TID#0x00001310) 2018-Feb-14 17:32:08.397 INFO: [Repository: Repository] Repository #33008 - Resolved key 'FF_Rcm_Connector_UseSSL' from instance with value '0'. Location: [Connector:FF_rcmConnector\<is encrypted>]
(TID#0x00001310) 2018-Feb-14 17:32:08.509 INFO: [Process: NA] Config: 
-- mode:DELTA, run continuously:1, polling period (sec):300, number of Lists:67
(TID#0x00001310) 2018-Feb-14 17:32:08.533 INFO: [Process] Containers #55303 - List <FF_accountAggregatorIsp> contains computed fields: ["normalizedCarrier", "normalizedSLD"]
(TID#0x00001310) 2018-Feb-14 17:32:08.538 INFO: [Process: NA] List [FF_accountAggregatorIsp] prepared: key type=<Tuple><Attrib ID="Tenant_Identifier"><Char/></Attrib><Attrib ID="carrier"><Char/></Attrib><Attrib ID="SLD"><Char/></Attrib></Tuple>   data type=<Tuple><Attrib ID="normalizedCarrier"><Char/></Attrib><Attrib ID="normalizedSLD"><Char/></Attrib></Tuple>
(TID#0x00001310) 2018-Feb-14 17:32:08.540 INFO: [Process: NA] List [FF_actimizeAcpDevice] prepared: key type=<Tuple><Attrib ID="Tenant_Identifier"><Char/></Attrib><Attrib ID="acpDeviceId"><Char/></Attrib></Tuple>   data type=<Tuple><Attrib ID="status"><Char/></Attrib></Tuple>
(TID#0x00001310) 2018-Feb-14 17:32:08.543 INFO: [Process: NA] List [FF_actimizeAddressDetails] prepared: key type=<Tuple><Attrib ID="Tenant_Identifier"><Char/></Attrib><Attrib ID="addressDetails"><Char/></Attrib></Tuple>   data type=<Tuple><Attrib ID="status"><Char/></Attrib></Tuple>
(TID#0x00001310) 2018-Feb-14 17:32:08.546 INFO: [Process: NA] List [FF_actimizeCustomer] prepared: key type=<Tuple><Attrib ID="Tenant_Identifier"><Char/></Attrib><Attrib ID="partyKey"><Char/></Attrib></Tuple>   data type=<Tuple><Attrib ID="status"><Char/></Attrib></Tuple>
(TID#0x00001310) 2018-Feb-14 17:32:08.548 INFO: [Process: NA] List [FF_actimizeCustomerIdentificationDetails] prepared: key type=<Tuple><Attrib ID="Tenant_Identifier"><Char/></Attrib><Attrib ID="identificationDetails"><Char/></Attrib></Tuple>   data type=<Tuple><Attrib ID="status"><Char/></Attrib></Tuple>
(TID#0x00001310) 2018-Feb-14 17:32:08.550 INFO: [Process: NA] List [FF_actimizeDevice] prepared: key type=<Tuple><Attrib ID="Tenant_Identifier"><Char/></Attrib><Attrib ID="device"><Char/></Attrib></Tuple>   data type=<Tuple><Attrib ID="status"><Char/></Attrib></Tuple>
(TID#0x00001310) 2018-Feb-14 17:32:08.553 INFO: [Process: NA] List [FF_actimizeEmailDetails] prepared: key type=<Tuple><Attrib ID="Tenant_Identifier"><Char/></Attrib><Attrib ID="emailDetails"><Char/></Attrib></Tuple>   data type=<Tuple><Attrib ID="status"><Char/></Attrib></Tuple>
(TID#0x00001310) 2018-Feb-14 17:32:08.554 INFO: [Process] Containers #55303 - List <FF_actimizeHighVolumeDeviceByActimizeDeviceKey> contains computed fields: ["normalizedActimizeDeviceKey"]
(TID#0x00001310) 2018-Feb-14 17:32:08.557 INFO: [Process: NA] List [FF_actimizeHighVolumeDeviceByActimizeDeviceKey] prepared: key type=<Tuple><Attrib ID="Tenant_Identifier"><Char/></Attrib><Attrib ID="actimizeDeviceKey"><Char/></Attrib></Tuple>   data type=<Tuple><Attrib ID="normalizedActimizeDeviceKey"><Char/></Attrib></Tuple>
(TID#0x00001310) 2018-Feb-14 17:32:08.559 INFO: [Process] Containers #55303 - List <FF_actimizeHighVolumeDeviceByCalculatedOnlineDeviceId> contains computed fields: ["normalizedCalculatedOnlineDeviceId"]
(TID#0x00001310) 2018-Feb-14 17:32:08.561 INFO: [Process: NA] List [FF_actimizeHighVolumeDeviceByCalculatedOnlineDeviceId] prepared: key type=<Tuple><Attrib ID="Tenant_Identifier"><Char/></Attrib><Attrib ID="calculatedOnlineDeviceId"><Char/></Attrib></Tuple>   data type=<Tuple><Attrib ID="normalizedCalculatedOnlineDeviceId"><Char/></Attrib></Tuple>
(TID#0x00001310) 2018-Feb-14 17:32:08.562 INFO: [Process] Containers #55303 - List <FF_actimizeHighVolumeDeviceByOnlineDeviceId> contains computed fields: ["normalizedOnlineDeviceId"]
(TID#0x00001310) 2018-Feb-14 17:32:08.564 INFO: [Process: NA] List [FF_actimizeHighVolumeDeviceByOnlineDeviceId] prepared: key type=<Tuple><Attrib ID="Tenant_Identifier"><Char/></Attrib><Attrib ID="onlineDeviceId"><Char/></Attrib></Tuple>   data type=<Tuple><Attrib ID="normalizedOnlineDeviceId"><Char/></Attrib></Tuple>
(TID#0x00001310) 2018-Feb-14 17:32:08.566 INFO: [Process: NA] List [FF_actimizeLoginName] prepared: key type=<Tuple><Attrib ID="Tenant_Identifier"><Char/></Attrib><Attrib ID="loginName"><Char/></Attrib></Tuple>   data type=<Tuple><Attrib ID="status"><Char/></Attrib></Tuple>
(TID#0x00001310) 2018-Feb-14 17:32:08.568 INFO: [Process: NA] List [FF_actimizePayee] prepared: key type=<Tuple><Attrib ID="Tenant_Identifier"><Char/></Attrib><Attrib ID="payeeKey"><Char/></Attrib></Tuple>   data type=<Tuple><Attrib ID="status"><Char/></Attrib></Tuple>
(TID#0x00001310) 2018-Feb-14 17:32:08.573 INFO: [Process: NA] List [FF_actimizePayeeAliasKey] prepared: key type=<Tuple><Attrib ID="Tenant_Identifier"><Char/></Attrib><Attrib ID="payeeAliasKey"><Char/></Attrib></Tuple>   data type=<Tuple><Attrib ID="status"><Char/></Attrib></Tuple>
(TID#0x00001310) 2018-Feb-14 17:32:08.578 INFO: [Process: NA] List [FF_actimizePayor] prepared: key type=<Tuple><Attrib ID="Tenant_Identifier"><Char/></Attrib><Attrib ID="payeeKey"><Char/></Attrib></Tuple>   data type=<Tuple><Attrib ID="status"><Char/></Attrib></Tuple>
(TID#0x00001310) 2018-Feb-14 17:32:08.581 INFO: [Process: NA] List [FF_actimizePhoneDetails] prepared: key type=<Tuple><Attrib ID="Tenant_Identifier"><Char/></Attrib><Attrib ID="phoneDetails"><Char/></Attrib></Tuple>   data type=<Tuple><Attrib ID="status"><Char/></Attrib></Tuple>
(TID#0x00001310) 2018-Feb-14 17:32:08.600 INFO: [Process: NA] List [FF_actimizePhoneNumbers] prepared: key type=<Tuple><Attrib ID="Tenant_Identifier"><Char/></Attrib><Attrib ID="phoneNumber"><Char/></Attrib></Tuple>   data type=<Tuple><Attrib ID="status"><Char/></Attrib></Tuple>
(TID#0x00001310) 2018-Feb-14 17:32:08.602 INFO: [Process: NA] List [FF_actimizeServicesTransactionTypeCd] prepared: key type=<Tuple><Attrib ID="Tenant_Identifier"><Char/></Attrib><Attrib ID="serviceTransactionTypeCd"><Char/></Attrib></Tuple>   data type=<Tuple><Attrib ID="serviceTransactionTypeCdIdentifier"><Integer/></Attrib></Tuple>
(TID#0x00001310) 2018-Feb-14 17:32:08.607 INFO: [Process: NA] List [FF_depositCustomerSegmentation] prepared: key type=<Tuple><Attrib ID="Tenant_Identifier"><Char/></Attrib><Attrib ID="Segment"><Char/></Attrib></Tuple>   data type=<Tuple><Attrib ID="MaxDailyLimit"><Double/></Attrib><Attrib ID="MaxRollingPeriodLimit"><Double/></Attrib></Tuple>
(TID#0x00001310) 2018-Feb-14 17:32:08.610 INFO: [Process: NA] List [FF_entityHighFocusList] prepared: key type=<Tuple><Attrib ID="Tenant_Identifier"><Char/></Attrib><Attrib ID="entityType"><Char/></Attrib><Attrib ID="entityKey"><Char/></Attrib></Tuple>   data type=<Tuple><Attrib ID="Valid_From"><Date/></Attrib><Attrib ID="Valid_Until"><Date/></Attrib></Tuple>
(TID#0x00001310) 2018-Feb-14 17:32:08.613 INFO: [Process: NA] List [FF_entitySafeList] prepared: key type=<Tuple><Attrib ID="Tenant_Identifier"><Char/></Attrib><Attrib ID="entityType"><Char/></Attrib><Attrib ID="entityKey"><Char/></Attrib></Tuple>   data type=<Tuple><Attrib ID="Valid_From"><Date/></Attrib><Attrib ID="Valid_Until"><Date/></Attrib></Tuple>
(TID#0x00001310) 2018-Feb-14 17:32:08.614 INFO: [Process] Containers #55303 - List <FF_highFocusAcpDevice> contains computed fields: ["normalizedAcpDeviceId"]
(TID#0x00001310) 2018-Feb-14 17:32:08.616 INFO: [Process: NA] List [FF_highFocusAcpDevice] prepared: key type=<Tuple><Attrib ID="Tenant_Identifier"><Char/></Attrib><Attrib ID="acpDeviceId"><Char/></Attrib></Tuple>   data type=<Tuple><Attrib ID="normalizedAcpDeviceId"><Char/></Attrib></Tuple>
(TID#0x00001310) 2018-Feb-14 17:32:08.619 INFO: [Process] Containers #55303 - List <FF_highFocusAddressDetails> contains computed fields: ["normalizedAddressDetails"]
(TID#0x00001310) 2018-Feb-14 17:32:08.757 INFO: [Process: NA] List [FF_highFocusAddressDetails] prepared: key type=<Tuple><Attrib ID="Tenant_Identifier"><Char/></Attrib><Attrib ID="addressId"><Char/></Attrib></Tuple>   data type=<Tuple><Attrib ID="countryCd"><Char/></Attrib><Attrib ID="state"><Char/></Attrib><Attrib ID="city"><Char/></Attrib><Attrib ID="streetName"><Char/></Attrib><Attrib ID="streetNumber"><Char/></Attrib><Attrib ID="postalCode"><Char/></Attrib><Attrib ID="POBox"><Char/></Attrib><Attrib ID="normalizedAddressDetails"><Char/></Attrib></Tuple>
(TID#0x00001310) 2018-Feb-14 17:32:08.762 INFO: [Process] Containers #55303 - List <FF_highFocusAreaCodes> contains computed fields: ["normalizedAreaCode"]
(TID#0x00001310) 2018-Feb-14 17:32:08.792 INFO: [Process: NA] List [FF_highFocusAreaCodes] prepared: key type=<Tuple><Attrib ID="Tenant_Identifier"><Char/></Attrib><Attrib ID="areaCode"><Char/></Attrib></Tuple>   data type=<Tuple><Attrib ID="normalizedAreaCode"><Char/></Attrib></Tuple>
(TID#0x00001310) 2018-Feb-14 17:32:08.796 INFO: [Process] Containers #55303 - List <FF_highFocusBank> contains computed fields: ["normalizedBank"]
(TID#0x00001310) 2018-Feb-14 17:32:08.800 INFO: [Process: NA] List [FF_highFocusBank] prepared: key type=<Tuple><Attrib ID="Tenant_Identifier"><Char/></Attrib><Attrib ID="routingType"><Char/></Attrib><Attrib ID="routingCode"><Char/></Attrib></Tuple>   data type=<Tuple><Attrib ID="normalizedBank"><Char/></Attrib></Tuple>
(TID#0x00001310) 2018-Feb-14 17:32:08.817 INFO: [Process] Containers #55303 - List <FF_highFocusCounterAccount> contains computed fields: ["normalizedPayee"]
(TID#0x00001310) 2018-Feb-14 17:32:09.058 INFO: [Process: NA] List [FF_highFocusCounterAccount] prepared: key type=<Tuple><Attrib ID="Tenant_Identifier"><Char/></Attrib><Attrib ID="routingType"><Char/></Attrib><Attrib ID="routingCode"><Char/></Attrib><Attrib ID="accountNumber"><Char/></Attrib></Tuple>   data type=<Tuple><Attrib ID="normalizedPayee"><Char/></Attrib></Tuple>
(TID#0x00001310) 2018-Feb-14 17:32:09.061 INFO: [Process] Containers #55303 - List <FF_highFocusCounterAccountIBAN> contains computed fields: ["normalizedPayee"]
(TID#0x00001310) 2018-Feb-14 17:32:09.289 INFO: [Process: NA] List [FF_highFocusCounterAccountIBAN] prepared: key type=<Tuple><Attrib ID="Tenant_Identifier"><Char/></Attrib><Attrib ID="IBAN"><Char/></Attrib></Tuple>   data type=<Tuple><Attrib ID="normalizedPayee"><Char/></Attrib></Tuple>
(TID#0x00001310) 2018-Feb-14 17:32:09.296 INFO: [Process] Containers #55303 - List <FF_highFocusCustomer> contains computed fields: ["normalizedCustomer"]
(TID#0x00001310) 2018-Feb-14 17:32:09.298 INFO: [Process: NA] List [FF_highFocusCustomer] prepared: key type=<Tuple><Attrib ID="Tenant_Identifier"><Char/></Attrib><Attrib ID="partyKey"><Char/></Attrib></Tuple>   data type=<Tuple><Attrib ID="normalizedCustomer"><Char/></Attrib></Tuple>
(TID#0x00001310) 2018-Feb-14 17:32:09.300 INFO: [Process] Containers #55303 - List <FF_highFocusCustomerIdentificationDetails> contains computed fields: ["normalizedIdentificationDetails"]
(TID#0x00001310) 2018-Feb-14 17:32:09.302 INFO: [Process: NA] List [FF_highFocusCustomerIdentificationDetails] prepared: key type=<Tuple><Attrib ID="Tenant_Identifier"><Char/></Attrib><Attrib ID="identificationDetails"><Char/></Attrib></Tuple>   data type=<Tuple><Attrib ID="normalizedIdentificationDetails"><Char/></Attrib></Tuple>
(TID#0x00001310) 2018-Feb-14 17:32:09.304 INFO: [Process] Containers #55303 - List <FF_highFocusEmailDetails> contains computed fields: ["normalizedEmailDetails"]
(TID#0x00001310) 2018-Feb-14 17:32:09.311 INFO: [Process: NA] List [FF_highFocusEmailDetails] prepared: key type=<Tuple><Attrib ID="Tenant_Identifier"><Char/></Attrib><Attrib ID="emailDetails"><Char/></Attrib></Tuple>   data type=<Tuple><Attrib ID="normalizedEmailDetails"><Char/></Attrib></Tuple>
(TID#0x00001310) 2018-Feb-14 17:32:09.312 INFO: [Process] Containers #55303 - List <FF_highFocusEmailHosts> contains computed fields: ["normalizedEmailHost"]
(TID#0x00001310) 2018-Feb-14 17:32:09.314 INFO: [Process: NA] List [FF_highFocusEmailHosts] prepared: key type=<Tuple><Attrib ID="Tenant_Identifier"><Char/></Attrib><Attrib ID="emailHost"><Char/></Attrib></Tuple>   data type=<Tuple><Attrib ID="normalizedEmailHost"><Char/></Attrib></Tuple>
(TID#0x00001310) 2018-Feb-14 17:32:09.317 INFO: [Process] Containers #55303 - List <FF_highFocusISP> contains computed fields: ["normalizedISP"]
(TID#0x00001310) 2018-Feb-14 17:32:09.321 INFO: [Process: NA] List [FF_highFocusISP] prepared: key type=<Tuple><Attrib ID="Tenant_Identifier"><Char/></Attrib><Attrib ID="carrier"><Char/></Attrib><Attrib ID="SLD"><Char/></Attrib><Attrib ID="countryCd"><Char/></Attrib></Tuple>   data type=<Tuple><Attrib ID="normalizedISP"><Char/></Attrib></Tuple>
(TID#0x00001310) 2018-Feb-14 17:32:09.322 INFO: [Process] Containers #55303 - List <FF_highFocusLoginName> contains computed fields: ["normalizedLoginName"]
(TID#0x00001310) 2018-Feb-14 17:32:09.326 INFO: [Process: NA] List [FF_highFocusLoginName] prepared: key type=<Tuple><Attrib ID="Tenant_Identifier"><Char/></Attrib><Attrib ID="loginName"><Char/></Attrib></Tuple>   data type=<Tuple><Attrib ID="normalizedLoginName"><Char/></Attrib></Tuple>
(TID#0x00001310) 2018-Feb-14 17:32:09.328 INFO: [Process] Containers #55303 - List <FF_highFocusPayeeACH> contains computed fields: ["normalizedPayee"]
(TID#0x00001310) 2018-Feb-14 17:32:09.598 INFO: [Process: NA] List [FF_highFocusPayeeACH] prepared: key type=<Tuple><Attrib ID="Tenant_Identifier"><Char/></Attrib><Attrib ID="routingType"><Char/></Attrib><Attrib ID="routingCode"><Char/></Attrib><Attrib ID="accountNumber"><Char/></Attrib></Tuple>   data type=<Tuple><Attrib ID="normalizedPayee"><Char/></Attrib></Tuple>
(TID#0x00001310) 2018-Feb-14 17:32:09.604 INFO: [Process] Containers #55303 - List <FF_highFocusPayeeAccBPManaged> contains computed fields: ["normalizedPayee"]
(TID#0x00001310) 2018-Feb-14 17:32:09.879 INFO: [Process: NA] List [FF_highFocusPayeeAccBPManaged] prepared: key type=<Tuple><Attrib ID="Tenant_Identifier"><Char/></Attrib><Attrib ID="routingCode"><Char/></Attrib><Attrib ID="accountNumber"><Char/></Attrib><Attrib ID="referenceNumber"><Char/></Attrib><Attrib ID="routingType"><Char/></Attrib></Tuple>   data type=<Tuple><Attrib ID="normalizedPayee"><Char/></Attrib></Tuple>
(TID#0x00001310) 2018-Feb-14 17:32:09.881 INFO: [Process] Containers #55303 - List <FF_highFocusPayeeAccBPUnmanaged> contains computed fields: ["normalizedPayee"]
(TID#0x00001310) 2018-Feb-14 17:32:10.038 INFO: [Process: NA] List [FF_highFocusPayeeAccBPUnmanaged] prepared: key type=<Tuple><Attrib ID="Tenant_Identifier"><Char/></Attrib><Attrib ID="routingType"><Char/></Attrib><Attrib ID="routingCode"><Char/></Attrib><Attrib ID="accountNumber"><Char/></Attrib></Tuple>   data type=<Tuple><Attrib ID="normalizedPayee"><Char/></Attrib></Tuple>
(TID#0x00001310) 2018-Feb-14 17:32:10.040 INFO: [Process] Containers #55303 - List <FF_highFocusPayeeAliasKeyP2P> contains computed fields: ["normalizedPayeeAliasKey"]
(TID#0x00001310) 2018-Feb-14 17:32:10.058 INFO: [Process: NA] List [FF_highFocusPayeeAliasKeyP2P] prepared: key type=<Tuple><Attrib ID="Tenant_Identifier"><Char/></Attrib><Attrib ID="payeeAliasKey"><Char/></Attrib></Tuple>   data type=<Tuple><Attrib ID="normalizedPayeeAliasKey"><Char/></Attrib></Tuple>
(TID#0x00001310) 2018-Feb-14 17:32:10.075 INFO: [Process] Containers #55303 - List <FF_highFocusPayeeBPManaged> contains computed fields: ["normalizedPayee"]
(TID#0x00001310) 2018-Feb-14 17:32:10.739 INFO: [Process: NA] List [FF_highFocusPayeeBPManaged] prepared: key type=<Tuple><Attrib ID="Tenant_Identifier"><Char/></Attrib><Attrib ID="addressId"><Char/></Attrib><Attrib ID="referenceNumber"><Char/></Attrib></Tuple>   data type=<Tuple><Attrib ID="countryCd"><Char/></Attrib><Attrib ID="state"><Char/></Attrib><Attrib ID="city"><Char/></Attrib><Attrib ID="streetName"><Char/></Attrib><Attrib ID="streetNumber"><Char/></Attrib><Attrib ID="postalCode"><Char/></Attrib><Attrib ID="POBox"><Char/></Attrib><Attrib ID="normalizedPayee"><Char/></Attrib></Tuple>
(TID#0x00001310) 2018-Feb-14 17:32:10.753 INFO: [Process] Containers #55303 - List <FF_highFocusPayeeBPUnmanaged> contains computed fields: ["normalizedPayee"]
(TID#0x00001310) 2018-Feb-14 17:32:11.145 INFO: [Process: NA] List [FF_highFocusPayeeBPUnmanaged] prepared: key type=<Tuple><Attrib ID="Tenant_Identifier"><Char/></Attrib><Attrib ID="addressId"><Char/></Attrib></Tuple>   data type=<Tuple><Attrib ID="countryCd"><Char/></Attrib><Attrib ID="state"><Char/></Attrib><Attrib ID="city"><Char/></Attrib><Attrib ID="streetName"><Char/></Attrib><Attrib ID="streetNumber"><Char/></Attrib><Attrib ID="postalCode"><Char/></Attrib><Attrib ID="POBox"><Char/></Attrib><Attrib ID="normalizedPayee"><Char/></Attrib></Tuple>
(TID#0x00001310) 2018-Feb-14 17:32:11.153 INFO: [Process] Containers #55303 - List <FF_highFocusPayeeIT> contains computed fields: ["normalizedPayee"]
(TID#0x00001310) 2018-Feb-14 17:32:11.173 INFO: [Process: NA] List [FF_highFocusPayeeIT] prepared: key type=<Tuple><Attrib ID="Tenant_Identifier"><Char/></Attrib><Attrib ID="internalAccountNumber"><Char/></Attrib></Tuple>   data type=<Tuple><Attrib ID="normalizedPayee"><Char/></Attrib></Tuple>
(TID#0x00001310) 2018-Feb-14 17:32:11.176 INFO: [Process] Containers #55303 - List <FF_highFocusPayeeWire> contains computed fields: ["normalizedPayee"]
(TID#0x00001310) 2018-Feb-14 17:32:11.469 INFO: [Process: NA] List [FF_highFocusPayeeWire] prepared: key type=<Tuple><Attrib ID="Tenant_Identifier"><Char/></Attrib><Attrib ID="routingType"><Char/></Attrib><Attrib ID="routingCode"><Char/></Attrib><Attrib ID="accountNumber"><Char/></Attrib></Tuple>   data type=<Tuple><Attrib ID="normalizedPayee"><Char/></Attrib></Tuple>
(TID#0x00001310) 2018-Feb-14 17:32:11.474 INFO: [Process] Containers #55303 - List <FF_highFocusPayeeWireIBAN> contains computed fields: ["normalizedPayee"]
(TID#0x00001310) 2018-Feb-14 17:32:11.848 INFO: [Process: NA] List [FF_highFocusPayeeWireIBAN] prepared: key type=<Tuple><Attrib ID="Tenant_Identifier"><Char/></Attrib><Attrib ID="IBAN"><Char/></Attrib></Tuple>   data type=<Tuple><Attrib ID="normalizedPayee"><Char/></Attrib></Tuple>
(TID#0x00001310) 2018-Feb-14 17:32:11.857 INFO: [Process] Containers #55303 - List <FF_highFocusPayorCIE> contains computed fields: ["normalizedPayor"]
(TID#0x00001310) 2018-Feb-14 17:32:12.127 INFO: [Process: NA] List [FF_highFocusPayorCIE] prepared: key type=<Tuple><Attrib ID="Tenant_Identifier"><Char/></Attrib><Attrib ID="trxOppPartyName"><Char/></Attrib><Attrib ID="trxOppAccountNumber"><Char/></Attrib></Tuple>   data type=<Tuple><Attrib ID="normalizedPayor"><Char/></Attrib></Tuple>
(TID#0x00001310) 2018-Feb-14 17:32:12.129 INFO: [Process] Containers #55303 - List <FF_highFocusPhoneAreaCodes> contains computed fields: ["normalizedAreaCode"]
(TID#0x00001310) 2018-Feb-14 17:32:12.151 INFO: [Process: NA] List [FF_highFocusPhoneAreaCodes] prepared: key type=<Tuple><Attrib ID="Tenant_Identifier"><Char/></Attrib><Attrib ID="areaCode"><Char/></Attrib></Tuple>   data type=<Tuple><Attrib ID="normalizedAreaCode"><Char/></Attrib></Tuple>
(TID#0x00001310) 2018-Feb-14 17:32:12.153 INFO: [Process] Containers #55303 - List <FF_highFocusPhoneDetails> contains computed fields: ["normalizedPhoneDetails"]
(TID#0x00001310) 2018-Feb-14 17:32:12.220 INFO: [Process: NA] List [FF_highFocusPhoneDetails] prepared: key type=<Tuple><Attrib ID="Tenant_Identifier"><Char/></Attrib><Attrib ID="phoneDetails"><Char/></Attrib></Tuple>   data type=<Tuple><Attrib ID="normalizedPhoneDetails"><Char/></Attrib></Tuple>
(TID#0x00001310) 2018-Feb-14 17:32:12.224 INFO: [Process] Containers #55303 - List <FF_highFocusPhoneNumbers> contains computed fields: ["normalizedPhoneNumber"]
(TID#0x00001310) 2018-Feb-14 17:32:12.276 INFO: [Process: NA] List [FF_highFocusPhoneNumbers] prepared: key type=<Tuple><Attrib ID="Tenant_Identifier"><Char/></Attrib><Attrib ID="phoneNumber"><Char/></Attrib></Tuple>   data type=<Tuple><Attrib ID="normalizedPhoneNumber"><Char/></Attrib></Tuple>
(TID#0x00001310) 2018-Feb-14 17:32:12.277 INFO: [Process] Containers #55303 - List <FF_highFocusUserAgent> contains computed fields: ["normalizedUserAgent"]
(TID#0x00001310) 2018-Feb-14 17:32:12.282 INFO: [Process: NA] List [FF_highFocusUserAgent] prepared: key type=<Tuple><Attrib ID="Tenant_Identifier"><Char/></Attrib><Attrib ID="userAgent"><Char/></Attrib></Tuple>   data type=<Tuple><Attrib ID="normalizedUserAgent"><Char/></Attrib></Tuple>
(TID#0x00001310) 2018-Feb-14 17:32:12.283 INFO: [Process] Containers #55303 - List <FF_highVolumeDeviceByActimizeDeviceKey> contains computed fields: ["normalizedActimizeDeviceKey"]
(TID#0x00001310) 2018-Feb-14 17:32:12.286 INFO: [Process: NA] List [FF_highVolumeDeviceByActimizeDeviceKey] prepared: key type=<Tuple><Attrib ID="Tenant_Identifier"><Char/></Attrib><Attrib ID="actimizeDeviceKey"><Char/></Attrib></Tuple>   data type=<Tuple><Attrib ID="normalizedActimizeDeviceKey"><Char/></Attrib></Tuple>
(TID#0x00001310) 2018-Feb-14 17:32:12.291 INFO: [Process] Containers #55303 - List <FF_highVolumeDeviceByCalculatedOnlineDeviceId> contains computed fields: ["normalizedCalculatedOnlineDeviceId"]
(TID#0x00001310) 2018-Feb-14 17:32:12.302 INFO: [Process: NA] List [FF_highVolumeDeviceByCalculatedOnlineDeviceId] prepared: key type=<Tuple><Attrib ID="Tenant_Identifier"><Char/></Attrib><Attrib ID="calculatedOnlineDeviceId"><Char/></Attrib></Tuple>   data type=<Tuple><Attrib ID="normalizedCalculatedOnlineDeviceId"><Char/></Attrib></Tuple>
(TID#0x00001310) 2018-Feb-14 17:32:12.304 INFO: [Process] Containers #55303 - List <FF_highVolumeDeviceByOnlineDeviceId> contains computed fields: ["normalizedOnlineDeviceId"]
(TID#0x00001310) 2018-Feb-14 17:32:12.307 INFO: [Process: NA] List [FF_highVolumeDeviceByOnlineDeviceId] prepared: key type=<Tuple><Attrib ID="Tenant_Identifier"><Char/></Attrib><Attrib ID="onlineDeviceId"><Char/></Attrib></Tuple>   data type=<Tuple><Attrib ID="normalizedOnlineDeviceId"><Char/></Attrib></Tuple>
(TID#0x00001310) 2018-Feb-14 17:32:12.309 INFO: [Process] Containers #55303 - List <FF_highVolumeIpAddress> contains computed fields: ["normalizedIpAddress"]
(TID#0x00001310) 2018-Feb-14 17:32:12.311 INFO: [Process: NA] List [FF_highVolumeIpAddress] prepared: key type=<Tuple><Attrib ID="Tenant_Identifier"><Char/></Attrib><Attrib ID="ipAddress"><Char/></Attrib></Tuple>   data type=<Tuple><Attrib ID="normalizedIpAddress"><Char/></Attrib></Tuple>
(TID#0x00001310) 2018-Feb-14 17:32:12.313 INFO: [Process] Containers #55303 - List <FF_managedPayeeAccounts> contains computed fields: ["normalizedPayeeAccount"]
(TID#0x00001310) 2018-Feb-14 17:32:12.320 INFO: [Process: NA] List [FF_managedPayeeAccounts] prepared: key type=<Tuple><Attrib ID="Tenant_Identifier"><Char/></Attrib><Attrib ID="routingType"><Char/></Attrib><Attrib ID="routingCode"><Char/></Attrib><Attrib ID="accountNumber"><Char/></Attrib></Tuple>   data type=<Tuple><Attrib ID="normalizedPayeeAccount"><Char/></Attrib></Tuple>
(TID#0x00001310) 2018-Feb-14 17:32:12.325 INFO: [Process] Containers #55303 - List <FF_safeAddressDetails> contains computed fields: ["normalizedAddressDetails"]
(TID#0x00001310) 2018-Feb-14 17:32:12.405 INFO: [Process: NA] List [FF_safeAddressDetails] prepared: key type=<Tuple><Attrib ID="Tenant_Identifier"><Char/></Attrib><Attrib ID="addressId"><Char/></Attrib></Tuple>   data type=<Tuple><Attrib ID="countryCd"><Char/></Attrib><Attrib ID="state"><Char/></Attrib><Attrib ID="city"><Char/></Attrib><Attrib ID="streetName"><Char/></Attrib><Attrib ID="streetNumber"><Char/></Attrib><Attrib ID="postalCode"><Char/></Attrib><Attrib ID="POBox"><Char/></Attrib><Attrib ID="normalizedAddressDetails"><Char/></Attrib></Tuple>
(TID#0x00001310) 2018-Feb-14 17:32:12.406 INFO: [Process] Containers #55303 - List <FF_safeAreaCodes> contains computed fields: ["normalizedAreaCode"]
(TID#0x00001310) 2018-Feb-14 17:32:12.414 INFO: [Process: NA] List [FF_safeAreaCodes] prepared: key type=<Tuple><Attrib ID="Tenant_Identifier"><Char/></Attrib><Attrib ID="areaCode"><Char/></Attrib></Tuple>   data type=<Tuple><Attrib ID="normalizedAreaCode"><Char/></Attrib></Tuple>
(TID#0x00001310) 2018-Feb-14 17:32:12.415 INFO: [Process] Containers #55303 - List <FF_safeBank> contains computed fields: ["normalizedBank"]
(TID#0x00001310) 2018-Feb-14 17:32:12.419 INFO: [Process: NA] List [FF_safeBank] prepared: key type=<Tuple><Attrib ID="Tenant_Identifier"><Char/></Attrib><Attrib ID="routingCode"><Char/></Attrib><Attrib ID="routingType"><Char/></Attrib></Tuple>   data type=<Tuple><Attrib ID="normalizedBank"><Char/></Attrib></Tuple>
(TID#0x00001310) 2018-Feb-14 17:32:12.421 INFO: [Process] Containers #55303 - List <FF_safeCustomer> contains computed fields: ["normalizedCustomer"]
(TID#0x00001310) 2018-Feb-14 17:32:12.424 INFO: [Process: NA] List [FF_safeCustomer] prepared: key type=<Tuple><Attrib ID="Tenant_Identifier"><Char/></Attrib><Attrib ID="partyKey"><Char/></Attrib></Tuple>   data type=<Tuple><Attrib ID="normalizedCustomer"><Char/></Attrib></Tuple>
(TID#0x00001310) 2018-Feb-14 17:32:12.425 INFO: [Process] Containers #55303 - List <FF_safeEmailDetails> contains computed fields: ["normalizedEmailDetails"]
(TID#0x00001310) 2018-Feb-14 17:32:12.431 INFO: [Process: NA] List [FF_safeEmailDetails] prepared: key type=<Tuple><Attrib ID="Tenant_Identifier"><Char/></Attrib><Attrib ID="emailDetails"><Char/></Attrib></Tuple>   data type=<Tuple><Attrib ID="normalizedEmailDetails"><Char/></Attrib></Tuple>
(TID#0x00001310) 2018-Feb-14 17:32:12.432 INFO: [Process] Containers #55303 - List <FF_safeEmailHosts> contains computed fields: ["normalizedEmailHosts"]
(TID#0x00001310) 2018-Feb-14 17:32:12.439 INFO: [Process: NA] List [FF_safeEmailHosts] prepared: key type=<Tuple><Attrib ID="Tenant_Identifier"><Char/></Attrib><Attrib ID="emailHost"><Char/></Attrib></Tuple>   data type=<Tuple><Attrib ID="normalizedEmailHosts"><Char/></Attrib></Tuple>
(TID#0x00001310) 2018-Feb-14 17:32:12.443 INFO: [Process] Containers #55303 - List <FF_safePayeeACH> contains computed fields: ["normalizedPayee"]
(TID#0x00001310) 2018-Feb-14 17:32:12.655 INFO: [Process: NA] List [FF_safePayeeACH] prepared: key type=<Tuple><Attrib ID="Tenant_Identifier"><Char/></Attrib><Attrib ID="routingType"><Char/></Attrib><Attrib ID="routingCode"><Char/></Attrib><Attrib ID="accountNumber"><Char/></Attrib></Tuple>   data type=<Tuple><Attrib ID="normalizedPayee"><Char/></Attrib></Tuple>
(TID#0x00001310) 2018-Feb-14 17:32:12.658 INFO: [Process] Containers #55303 - List <FF_safePayeeAccBPManaged> contains computed fields: ["normalizedPayee"]
(TID#0x00001310) 2018-Feb-14 17:32:12.834 INFO: [Process: NA] List [FF_safePayeeAccBPManaged] prepared: key type=<Tuple><Attrib ID="Tenant_Identifier"><Char/></Attrib><Attrib ID="routingType"><Char/></Attrib><Attrib ID="routingCode"><Char/></Attrib><Attrib ID="accountNumber"><Char/></Attrib><Attrib ID="referenceNumber"><Char/></Attrib></Tuple>   data type=<Tuple><Attrib ID="normalizedPayee"><Char/></Attrib></Tuple>
(TID#0x00001310) 2018-Feb-14 17:32:12.836 INFO: [Process] Containers #55303 - List <FF_safePayeeAccBPUnmanaged> contains computed fields: ["normalizedPayee"]
(TID#0x00001310) 2018-Feb-14 17:32:12.902 INFO: [Process: NA] List [FF_safePayeeAccBPUnmanaged] prepared: key type=<Tuple><Attrib ID="Tenant_Identifier"><Char/></Attrib><Attrib ID="routingType"><Char/></Attrib><Attrib ID="routingCode"><Char/></Attrib><Attrib ID="accountNumber"><Char/></Attrib></Tuple>   data type=<Tuple><Attrib ID="normalizedPayee"><Char/></Attrib></Tuple>
(TID#0x00001310) 2018-Feb-14 17:32:12.907 INFO: [Process] Containers #55303 - List <FF_safePayeeBPManaged> contains computed fields: ["normalizedPayee"]
(TID#0x00001310) 2018-Feb-14 17:32:13.228 INFO: [Process: NA] List [FF_safePayeeBPManaged] prepared: key type=<Tuple><Attrib ID="Tenant_Identifier"><Char/></Attrib><Attrib ID="addressId"><Char/></Attrib><Attrib ID="referenceNumber"><Char/></Attrib></Tuple>   data type=<Tuple><Attrib ID="countryCd"><Char/></Attrib><Attrib ID="state"><Char/></Attrib><Attrib ID="city"><Char/></Attrib><Attrib ID="streetName"><Char/></Attrib><Attrib ID="streetNumber"><Char/></Attrib><Attrib ID="postalCode"><Char/></Attrib><Attrib ID="POBox"><Char/></Attrib><Attrib ID="normalizedPayee"><Char/></Attrib></Tuple>
(TID#0x00001310) 2018-Feb-14 17:32:13.233 INFO: [Process] Containers #55303 - List <FF_safePayeeBPUnmanaged> contains computed fields: ["normalizedPayee"]
(TID#0x00001310) 2018-Feb-14 17:32:13.516 INFO: [Process: NA] List [FF_safePayeeBPUnmanaged] prepared: key type=<Tuple><Attrib ID="Tenant_Identifier"><Char/></Attrib><Attrib ID="addressId"><Char/></Attrib></Tuple>   data type=<Tuple><Attrib ID="countryCd"><Char/></Attrib><Attrib ID="state"><Char/></Attrib><Attrib ID="city"><Char/></Attrib><Attrib ID="streetName"><Char/></Attrib><Attrib ID="streetNumber"><Char/></Attrib><Attrib ID="postalCode"><Char/></Attrib><Attrib ID="POBox"><Char/></Attrib><Attrib ID="normalizedPayee"><Char/></Attrib></Tuple>
(TID#0x00001310) 2018-Feb-14 17:32:13.518 INFO: [Process] Containers #55303 - List <FF_safePayeeIT> contains computed fields: ["normalizedPayee"]
(TID#0x00001310) 2018-Feb-14 17:32:13.527 INFO: [Process: NA] List [FF_safePayeeIT] prepared: key type=<Tuple><Attrib ID="Tenant_Identifier"><Char/></Attrib><Attrib ID="internalAccountNumber"><Char/></Attrib></Tuple>   data type=<Tuple><Attrib ID="normalizedPayee"><Char/></Attrib></Tuple>
(TID#0x00001310) 2018-Feb-14 17:32:13.529 INFO: [Process] Containers #55303 - List <FF_safePayeeWire> contains computed fields: ["normalizedPayee"]
(TID#0x00001310) 2018-Feb-14 17:32:13.640 INFO: [Process: NA] List [FF_safePayeeWire] prepared: key type=<Tuple><Attrib ID="Tenant_Identifier"><Char/></Attrib><Attrib ID="routingType"><Char/></Attrib><Attrib ID="routingCode"><Char/></Attrib><Attrib ID="accountNumber"><Char/></Attrib></Tuple>   data type=<Tuple><Attrib ID="normalizedPayee"><Char/></Attrib></Tuple>
(TID#0x00001310) 2018-Feb-14 17:32:13.643 INFO: [Process] Containers #55303 - List <FF_safePayeeWireIBAN> contains computed fields: ["normalizedPayee"]
(TID#0x00001310) 2018-Feb-14 17:32:13.820 INFO: [Process: NA] List [FF_safePayeeWireIBAN] prepared: key type=<Tuple><Attrib ID="Tenant_Identifier"><Char/></Attrib><Attrib ID="IBAN"><Char/></Attrib></Tuple>   data type=<Tuple><Attrib ID="normalizedPayee"><Char/></Attrib></Tuple>
(TID#0x00001310) 2018-Feb-14 17:32:13.822 INFO: [Process] Containers #55303 - List <FF_safePhoneDetails> contains computed fields: ["normalizedPhoneDetails"]
(TID#0x00001310) 2018-Feb-14 17:32:13.854 INFO: [Process: NA] List [FF_safePhoneDetails] prepared: key type=<Tuple><Attrib ID="Tenant_Identifier"><Char/></Attrib><Attrib ID="phoneDetails"><Char/></Attrib></Tuple>   data type=<Tuple><Attrib ID="normalizedPhoneDetails"><Char/></Attrib></Tuple>
(TID#0x00001310) 2018-Feb-14 17:32:13.856 INFO: [Process: NA] List [FF_servicesTransactionTypeCd] prepared: key type=<Tuple><Attrib ID="Tenant_Identifier"><Char/></Attrib><Attrib ID="serviceTransactionTypeCd"><Char/></Attrib></Tuple>   data type=<Tuple/>
