2017-12-01 09:45:08, Info                  DISM   API: PID=7124 TID=7108 DismApi.dll:                                            - DismInitializeInternal
2017-12-01 09:45:08, Info                  DISM   API: PID=7124 TID=7108 DismApi.dll: <----- Starting DismApi.dll session -----> - DismInitializeInternal
2017-12-01 09:45:08, Info                  DISM   API: PID=7124 TID=7108 DismApi.dll:                                            - DismInitializeInternal
2017-12-01 09:45:08, Info                  DISM   API: PID=7124 TID=7108 DismApi.dll: Version 10.0.15063.0 - DismInitializeInternal
2017-12-01 09:45:08, Info                  DISM   API: PID=7124 TID=7108 DismApi.dll: Parent process command line: oa3tool_x64.exe  /CheckEdition /Online  - DismInitializeInternal
2017-12-01 09:45:08, Info                  DISM   API: PID=7124 TID=7108 Enter DismInitializeInternal - DismInitializeInternal
2017-12-01 09:45:08, Info                  DISM   API: PID=7124 TID=7108 Input parameters: LogLevel: 2, LogFilePath: DISMLog.log, ScratchDirectory: (null) - DismInitializeInternal
2017-12-01 09:45:08, Info                  DISM   Initialized Panther logging at DISMLog.log
2017-12-01 09:45:08, Info                  DISM   API: PID=7124 TID=7108 Initialized GlobalConfig - DismInitializeInternal
2017-12-01 09:45:08, Info                  DISM   API: PID=7124 TID=7108 Initialized SessionTable - DismInitializeInternal
2017-12-01 09:45:08, Info                  DISM   API: PID=7124 TID=7108 Lookup in table by path failed for: DummyPath-2BA51B78-C7F7-4910-B99D-BB7345357CDC - CTransactionalImageTable::LookupImagePath
2017-12-01 09:45:08, Info                  DISM   API: PID=7124 TID=7108 Waiting for m_pInternalThread to start - CCommandThread::Start
2017-12-01 09:45:08, Info                  DISM   API: PID=7124 TID=6732 Enter CCommandThread::CommandThreadProcedureStub - CCommandThread::CommandThreadProcedureStub
2017-12-01 09:45:08, Info                  DISM   API: PID=7124 TID=7108 CommandThread StartupEvent signaled - CCommandThread::WaitForStartup
2017-12-01 09:45:08, Info                  DISM   API: PID=7124 TID=6732 Enter CCommandThread::ExecuteLoop - CCommandThread::ExecuteLoop
2017-12-01 09:45:08, Info                  DISM   API: PID=7124 TID=7108 m_pInternalThread started - CCommandThread::Start
2017-12-01 09:45:08, Info                  DISM   API: PID=7124 TID=7108 Created g_internalDismSession - DismInitializeInternal
2017-12-01 09:45:08, Info                  DISM   API: PID=7124 TID=7108 Leave DismInitializeInternal - DismInitializeInternal
2017-12-01 09:45:08, Info                  DISM   API: PID=7124 TID=7108 Enter DismOpenSessionInternal - DismOpenSessionInternal
2017-12-01 09:45:08, Info                  DISM   API: PID=7124 TID=7108 Input parameters: ImagePath: DISM_{53BFAE52-B167-4E2F-A258-0A37B57FF845}, WindowsDirectory: (null), SystemDrive: (null) - DismOpenSessionInternal
2017-12-01 09:45:08, Info                  DISM   API: PID=7124 TID=7108 Lookup in table by path failed for: DRIVE_C - CTransactionalImageTable::LookupImagePath
2017-12-01 09:45:08, Info                  DISM   API: PID=7124 TID=7108 Waiting for m_pInternalThread to start - CCommandThread::Start
2017-12-01 09:45:08, Info                  DISM   API: PID=7124 TID=6664 Enter CCommandThread::CommandThreadProcedureStub - CCommandThread::CommandThreadProcedureStub
2017-12-01 09:45:08, Info                  DISM   API: PID=7124 TID=7108 CommandThread StartupEvent signaled - CCommandThread::WaitForStartup
2017-12-01 09:45:08, Info                  DISM   API: PID=7124 TID=6664 Enter CCommandThread::ExecuteLoop - CCommandThread::ExecuteLoop
2017-12-01 09:45:08, Info                  DISM   API: PID=7124 TID=7108 m_pInternalThread started - CCommandThread::Start
2017-12-01 09:45:08, Info                  DISM   API: PID=7124 TID=7108 Successfully enqueued command object - CCommandThread::EnqueueCommandObject
2017-12-01 09:45:08, Info                  DISM   API: PID=7124 TID=6664 ExecuteLoop: CommandQueue signaled - CCommandThread::ExecuteLoop
2017-12-01 09:45:08, Info                  DISM   API: PID=7124 TID=6664 Successfully dequeued command object - CCommandThread::DequeueCommandObject
2017-12-01 09:45:08, Info                  DISM   PID=7124 TID=6664 Scratch directory set to 'C:\Users\ADMINI~1\AppData\Local\Temp\'. - CDISMManager::put_ScratchDir
2017-12-01 09:45:08, Info                  DISM   PID=7124 TID=6664 DismCore.dll version: 10.0.15063.0 - CDISMManager::FinalConstruct
2017-12-01 09:45:08, Info                  DISM   Initialized Panther logging at DISMLog.log
2017-12-01 09:45:08, Info                  DISM   PID=7124 TID=6664 Successfully loaded the ImageSession at "C:\Windows\System32\Dism" - CDISMManager::LoadLocalImageSession
2017-12-01 09:45:08, Info                  DISM   Initialized Panther logging at DISMLog.log
2017-12-01 09:45:08, Info                  DISM   DISM Provider Store: PID=7124 TID=6664 Found and Initialized the DISM Logger. - CDISMProviderStore::Internal_InitializeLogger
2017-12-01 09:45:08, Info                  DISM   DISM Provider Store: PID=7124 TID=6664 Failed to get and initialize the PE Provider.  Continuing by assuming that it is not a WinPE image. - CDISMProviderStore::Final_OnConnect
2017-12-01 09:45:08, Info                  DISM   DISM Provider Store: PID=7124 TID=6664 Finished initializing the Provider Map. - CDISMProviderStore::Final_OnConnect
2017-12-01 09:45:08, Info                  DISM   Initialized Panther logging at DISMLog.log
2017-12-01 09:45:08, Info                  DISM   DISM Manager: PID=7124 TID=6664 Successfully created the local image session and provider store. - CDISMManager::CreateLocalImageSession
2017-12-01 09:45:08, Info                  DISM   DISM Provider Store: PID=7124 TID=6664 Getting the collection of providers from a local provider store type. - CDISMProviderStore::GetProviderCollection
2017-12-01 09:45:08, Info                  DISM   DISM Provider Store: PID=7124 TID=6664 Connecting to the provider located at C:\Windows\System32\Dism\FolderProvider.dll. - CDISMProviderStore::Internal_LoadProvider
2017-12-01 09:45:08, Info                  DISM   DISM Provider Store: PID=7124 TID=6664 Connecting to the provider located at C:\Windows\System32\Dism\WimProvider.dll. - CDISMProviderStore::Internal_LoadProvider
2017-12-01 09:45:08, Info                  DISM   DISM Provider Store: PID=7124 TID=6664 Connecting to the provider located at C:\Windows\System32\Dism\VHDProvider.dll. - CDISMProviderStore::Internal_LoadProvider
2017-12-01 09:45:09, Info                  DISM   DISM Provider Store: PID=7124 TID=6664 Connecting to the provider located at C:\Windows\System32\Dism\ImagingProvider.dll. - CDISMProviderStore::Internal_LoadProvider
2017-12-01 09:45:09, Info                  DISM   DISM Provider Store: PID=7124 TID=6664 Connecting to the provider located at C:\Windows\System32\Dism\CompatProvider.dll. - CDISMProviderStore::Internal_LoadProvider
2017-12-01 09:45:09, Info                  DISM   DISM Provider Store: PID=7124 TID=6664 Connecting to the provider located at C:\Windows\System32\Dism\FfuProvider.dll. - CDISMProviderStore::Internal_LoadProvider
2017-12-01 09:45:09, Warning               DISM   DISM Provider Store: PID=7124 TID=6664 Failed to Load the provider: C:\Windows\System32\Dism\SiloedPackageProvider.dll. - CDISMProviderStore::Internal_GetProvider(hr:0x8007007e)
2017-12-01 09:45:09, Warning               DISM   DISM Provider Store: PID=7124 TID=6664 Failed to Load the provider: C:\Windows\System32\Dism\MetaDeployProvider.dll. - CDISMProviderStore::Internal_GetProvider(hr:0x8007007e)
[7124] [0x8007007b] FIOReadFileIntoBuffer:(1259): The filename, directory name, or volume label syntax is incorrect.
[7124] [0xc142011c] UnmarshallImageHandleFromDirectory:(639)
[7124] [0xc142011c] WIMGetMountedImageHandle:(2893)
2017-12-01 09:45:09, Info                  DISM   DISM WIM Provider: PID=7124 TID=6664 [C:\] is not a WIM mount point. - CWimMountedImageInfo::Initialize
2017-12-01 09:45:09, Info                  DISM   DISM VHD Provider: PID=7124 TID=6664 [C:\] is not recognized by the DISM VHD provider. - CVhdImage::Initialize
2017-12-01 09:45:09, Info                  DISM   DISM VHD Provider: PID=7124 TID=6664 [C:\] is not recognized by the DISM VHD provider. - CVhdImage::Initialize
2017-12-01 09:45:09, Info                  DISM   DISM Imaging Provider: PID=7124 TID=6664 The provider VHDManager does not support CreateDismImage on C:\ - CGenericImagingManager::CreateDismImage
[7124] [0x8007007b] FIOReadFileIntoBuffer:(1259): The filename, directory name, or volume label syntax is incorrect.
[7124] [0xc142011c] UnmarshallImageHandleFromDirectory:(639)
[7124] [0xc142011c] WIMGetMountedImageHandle:(2893)
2017-12-01 09:45:09, Info                  DISM   DISM WIM Provider: PID=7124 TID=6664 [C:\] is not a WIM mount point. - CWimMountedImageInfo::Initialize
2017-12-01 09:45:09, Info                  DISM   DISM Imaging Provider: PID=7124 TID=6664 The provider WimManager does not support CreateDismImage on C:\ - CGenericImagingManager::CreateDismImage
2017-12-01 09:45:09, Info                  DISM   DISM Imaging Provider: PID=7124 TID=6664 No imaging provider supported CreateDismImage for this path - CGenericImagingManager::CreateDismImage
2017-12-01 09:45:09, Info                  DISM   DISM Manager: PID=7124 TID=6664 physical location path: C:\ - CDISMManager::CreateImageSession
2017-12-01 09:45:09, Info                  DISM   DISM Manager: PID=7124 TID=6664 Event name for current DISM session is Global\{D2B1BAE0-ADAF-48F0-9B5C-64BAEDA0EFF4} - CDISMManager::CheckSessionAndLock
2017-12-01 09:45:09, Info                  DISM   DISM Manager: PID=7124 TID=6664 Create session event 0x25c for current DISM session and event name is Global\{D2B1BAE0-ADAF-48F0-9B5C-64BAEDA0EFF4}  - CDISMManager::CheckSessionAndLock
2017-12-01 09:45:09, Info                  DISM   DISM Manager: PID=7124 TID=6664 Copying DISM from "C:\Windows\System32\Dism" - CDISMManager::CreateImageSessionFromLocation
2017-12-01 09:45:09, Info                  DISM   DISM Manager: PID=7124 TID=6664 Successfully loaded the ImageSession at "C:\Users\ADMINI~1\AppData\Local\Temp\81A5BF71-B32C-41EC-8808-E9AA4A1499D1" - CDISMManager::LoadRemoteImageSession
jeckie2:| || |___  |___ \
2017-12-01 09:45:09, Info                  DISM   DISM Image Session: PID=7240 TID=7260 Instantiating the Provider Store. - CDISMImageSession::get_ProviderStore
2017-12-01 09:45:09, Info                  DISM   DISM Provider Store: PID=7240 TID=7260 Initializing a provider store for the IMAGE session type. - CDISMProviderStore::Final_OnConnect
2017-12-01 09:45:09, Info                  DISM   DISM Provider Store: PID=7240 TID=7260 Connecting to the provider located at C:\Users\ADMINI~1\AppData\Local\Temp\81A5BF71-B32C-41EC-8808-E9AA4A1499D1\OSProvider.dll. - CDISMProviderStore::Internal_LoadProvider
2017-12-01 09:45:09, Info                  DISM   DISM OS Provider: PID=7240 TID=7260 Defaulting SystemPath to C:\ - CDISMOSServiceManager::Final_OnConnect
2017-12-01 09:45:09, Info                  DISM   DISM OS Provider: PID=7240 TID=7260 Defaulting Windows folder to C:\Windows - CDISMOSServiceManager::Final_OnConnect
2017-12-01 09:45:09, Info                  DISM   DISM OS Provider: PID=7240 TID=7260 Host OS verion is 10.0 - CDISMOSServiceManager::SetDllSearchPath
2017-12-01 09:45:09, Warning               DISM   DISM OS Provider: PID=7240 TID=7260 Unable to set the DLL search path to the servicing stack folder. C:\Windows may not point to a valid Windows folder. - CDISMOSServiceManager::Final_OnConnect
2017-12-01 09:45:09, Info                  DISM   DISM Provider Store: PID=7240 TID=7260 Attempting to initialize the logger from the Image Session. - CDISMProviderStore::Final_OnConnect
2017-12-01 09:45:09, Info                  DISM   DISM Provider Store: PID=7240 TID=7260 Connecting to the provider located at C:\Users\ADMINI~1\AppData\Local\Temp\81A5BF71-B32C-41EC-8808-E9AA4A1499D1\LogProvider.dll. - CDISMProviderStore::Internal_LoadProvider
2017-12-01 09:45:09, Info                  DISM   Initialized Panther logging at DISMLog.log
2017-12-01 09:45:09, Info                  DISM   DISM Provider Store: PID=7240 TID=7260 Found and Initialized the DISM Logger. - CDISMProviderStore::Internal_InitializeLogger
2017-12-01 09:45:09, Warning               DISM   DISM Provider Store: PID=7240 TID=7260 Failed to Load the provider: C:\Users\ADMINI~1\AppData\Local\Temp\81A5BF71-B32C-41EC-8808-E9AA4A1499D1\PEProvider.dll. - CDISMProviderStore::Internal_GetProvider(hr:0x8007007e)
2017-12-01 09:45:09, Info                  DISM   DISM Provider Store: PID=7240 TID=7260 Failed to get and initialize the PE Provider.  Continuing by assuming that it is not a WinPE image. - CDISMProviderStore::Final_OnConnect
2017-12-01 09:45:09, Info                  DISM   DISM Provider Store: PID=7240 TID=7260 Finished initializing the Provider Map. - CDISMProviderStore::Final_OnConnect
2017-12-01 09:45:09, Info                  DISM   Initialized Panther logging at DISMLog.log
2017-12-01 09:45:09, Info                  DISM   Initialized Panther logging at DISMLog.log
2017-12-01 09:45:09, Info                  DISM   DISM Manager: PID=7124 TID=6664 Image session successfully loaded from the temporary location: C:\Users\ADMINI~1\AppData\Local\Temp\81A5BF71-B32C-41EC-8808-E9AA4A1499D1 - CDISMManager::CreateImageSession
2017-12-01 09:45:09, Info                  DISM   API: PID=7124 TID=6664 Target image information: OS Version=10.0.15063.0, Image architecture=amd64 - CDismCore::LogImageSessionDetails
2017-12-01 09:45:09, Info                  DISM   API: PID=7124 TID=7108 Leave DismOpenSessionInternal - DismOpenSessionInternal
2017-12-01 09:45:09, Info                  DISM   API: PID=7124 TID=7108 Session id is: 2 - DismOpenSessionInternal
2017-12-01 09:45:09, Info                  DISM   API: PID=7124 TID=7108 Enter DismGetCurrentEditionInternal - DismGetCurrentEditionInternal
2017-12-01 09:45:09, Info                  DISM   API: PID=7124 TID=7108 Input parameter: Session: 2 - DismGetCurrentEditionInternal
2017-12-01 09:45:09, Info                  DISM   API: PID=7124 TID=7108 Successfully enqueued command object - CCommandThread::EnqueueCommandObject
2017-12-01 09:45:09, Info                  DISM   API: PID=7124 TID=6664 ExecuteLoop: CommandQueue signaled - CCommandThread::ExecuteLoop
2017-12-01 09:45:09, Info                  DISM   API: PID=7124 TID=6664 Successfully dequeued command object - CCommandThread::DequeueCommandObject
2017-12-01 09:45:09, Info                  DISM   DISM Provider Store: PID=7240 TID=7260 Connecting to the provider located at C:\Users\ADMINI~1\AppData\Local\Temp\81A5BF71-B32C-41EC-8808-E9AA4A1499D1\TransmogProvider.dll. - CDISMProviderStore::Internal_LoadProvider
2017-12-01 09:45:09, Info                  DISM   DISM Provider Store: PID=7240 TID=7260 Encountered a servicing provider, performing additional servicing initializations. - CDISMProviderStore::Internal_LoadProvider
2017-12-01 09:45:09, Info                  DISM   DISM Transmog Provider: PID=7240 TID=7260 Current image session is [ONLINE] - CTransmogManager::GetMode
2017-12-01 09:45:09, Info                  DISM   DISM Transmog Provider: PID=7240 TID=7260 Audit Mode: [Yes] - CTransmogManager::Initialize
2017-12-01 09:45:09, Info                  DISM   DISM Transmog Provider: PID=7240 TID=7260 GetProductType: ProductType = [WinNT] - CTransmogManager::GetProductType
2017-12-01 09:45:09, Info                  DISM   DISM Transmog Provider: PID=7240 TID=7260 Product Type: [WinNT] - CTransmogManager::Initialize
2017-12-01 09:45:09, Info                  DISM   DISM Transmog Provider: PID=7240 TID=7260 Product Type ServerNT : [No] - CTransmogManager::Initialize
2017-12-01 09:45:09, Info                  DISM   DISM Provider Store: PID=7240 TID=7260 Connecting to the provider located at C:\Users\ADMINI~1\AppData\Local\Temp\81A5BF71-B32C-41EC-8808-E9AA4A1499D1\CbsProvider.dll. - CDISMProviderStore::Internal_LoadProvider
2017-12-01 09:45:09, Info                  DISM   DISM Provider Store: PID=7240 TID=7260 Encountered a servicing provider, performing additional servicing initializations. - CDISMProviderStore::Internal_LoadProvider
2017-12-01 09:45:09, Info                  DISM   DISM Package Manager: PID=7240 TID=7260 Finished initializing the CbsConUI Handler. - CCbsConUIHandler::Initialize
2017-12-01 09:45:09, Info                  DISM   DISM Package Manager: PID=7240 TID=7260 CBS is being initialized for online use. More information about CBS actions can be located at: %windir%\logs\cbs\cbs.log - CDISMPackageManager::Initialize
2017-12-01 09:45:12, Info                  DISM   DISM Package Manager: PID=7240 TID=7260 Loaded servicing stack for online use only. - CDISMPackageManager::CreateCbsSession
2017-12-01 09:45:12, Info                  DISM   DISM Provider Store: PID=7240 TID=7260 Connecting to the provider located at C:\Users\ADMINI~1\AppData\Local\Temp\81A5BF71-B32C-41EC-8808-E9AA4A1499D1\UnattendProvider.dll. - CDISMProviderStore::Internal_LoadProvider
2017-12-01 09:45:12, Info                  DISM   DISM Provider Store: PID=7240 TID=7260 Encountered a servicing provider, performing additional servicing initializations. - CDISMProviderStore::Internal_LoadProvider
2017-12-01 09:45:12, Info                  DISM   DISM Transmog Provider: PID=7240 TID=7260 Trying to open package for edition id [Professional], composition id [Professional]... - CTransmogManager::GetCurrentEdition
2017-12-01 09:45:12, Info                  DISM   DISM Transmog Provider: PID=7240 TID=7260 Determined WinDir path = [C:\Windows] - CTransmogManager::GetWinDirPath
2017-12-01 09:45:12, Info                  DISM   DISM Transmog Provider: PID=7240 TID=7260 OpenPackageFromEditionId: Trying to open package: [Microsoft-Windows-ProfessionalEdition~31bf3856ad364e35~amd64~~10.0.15063.0]... - CTransmogManager::OpenPackageFromEditionId
2017-12-01 09:45:15, Info                  DISM   DISM Transmog Provider: PID=7240 TID=7260 Successfully opened package for edition id [Professional]. - CTransmogManager::GetCurrentEdition
2017-12-01 09:45:15, Info                  DISM   DISM Transmog Provider: PID=7240 TID=7260 Checking install state for edition id [Professional]. - CTransmogManager::GetCurrentEdition
2017-12-01 09:45:15, Info                  DISM   DISM Package Manager: PID=7240 TID=7260 Package Microsoft-Windows-ProfessionalEdition~31bf3856ad364e35~amd64~~10.0.15063.0 with CBS state 7(CbsInstallStateInstalled) being mapped to dism state 5(DISM_INSTALL_STATE_INSTALLED) - CDISMPackage::LogInstallStateMapping
2017-12-01 09:45:15, Info                  DISM   DISM Transmog Provider: PID=7240 TID=7260 Checking release type for edition id [Professional]. - CTransmogManager::GetCurrentEdition
2017-12-01 09:45:15, Info                  DISM   DISM Transmog Provider: PID=7240 TID=7260 GetCurrentEdition: EditionId = [Professional] - CTransmogManager::GetCurrentEdition
2017-12-01 09:45:15, Info                  DISM   API: PID=7124 TID=7108 Exit DismGetCurrentEditionInternal - DismGetCurrentEditionInternal
2017-12-01 09:45:15, Info                  DISM   API: PID=7124 TID=7108 Enter DismValidateProductKeyInternal - DismValidateProductKeyInternal
2017-12-01 09:45:15, Info                  DISM   API: PID=7124 TID=7108 Input parameters: Session: 2 - DismValidateProductKeyInternal
2017-12-01 09:45:15, Info                  DISM   API: PID=7124 TID=7108 Successfully enqueued command object - CCommandThread::EnqueueCommandObject
2017-12-01 09:45:15, Info                  DISM   API: PID=7124 TID=6664 ExecuteLoop: CommandQueue signaled - CCommandThread::ExecuteLoop
2017-12-01 09:45:15, Info                  DISM   API: PID=7124 TID=6664 Successfully dequeued command object - CCommandThread::DequeueCommandObject
2017-12-01 09:45:15, Info                  DISM   DISM Transmog Provider: PID=7240 TID=7260 Trying to open package for edition id [Professional], composition id [Professional]... - CTransmogManager::GetCurrentEdition
2017-12-01 09:45:15, Info                  DISM   DISM Transmog Provider: PID=7240 TID=7260 Determined WinDir path = [C:\Windows] - CTransmogManager::GetWinDirPath
2017-12-01 09:45:15, Info                  DISM   DISM Transmog Provider: PID=7240 TID=7260 OpenPackageFromEditionId: Trying to open package: [Microsoft-Windows-ProfessionalEdition~31bf3856ad364e35~amd64~~10.0.15063.0]... - CTransmogManager::OpenPackageFromEditionId
2017-12-01 09:45:15, Info                  DISM   DISM Transmog Provider: PID=7240 TID=7260 Successfully opened package for edition id [Professional]. - CTransmogManager::GetCurrentEdition
2017-12-01 09:45:15, Info                  DISM   DISM Transmog Provider: PID=7240 TID=7260 Checking install state for edition id [Professional]. - CTransmogManager::GetCurrentEdition
2017-12-01 09:45:15, Info                  DISM   DISM Package Manager: PID=7240 TID=7260 Package Microsoft-Windows-ProfessionalEdition~31bf3856ad364e35~amd64~~10.0.15063.0 with CBS state 7(CbsInstallStateInstalled) being mapped to dism state 5(DISM_INSTALL_STATE_INSTALLED) - CDISMPackage::LogInstallStateMapping
2017-12-01 09:45:15, Info                  DISM   DISM Transmog Provider: PID=7240 TID=7260 Checking release type for edition id [Professional]. - CTransmogManager::GetCurrentEdition
2017-12-01 09:45:15, Info                  DISM   DISM Transmog Provider: PID=7240 TID=7260 GetCurrentEdition: EditionId = [Professional] - CTransmogManager::GetCurrentEdition
2017-12-01 09:45:15, Info                  DISM   DISM Transmog Provider: PID=7240 TID=7260 Determined WinDir path = [C:\Windows] - CTransmogManager::GetWinDirPath
2017-12-01 09:45:15, Info                  DISM   DISM Transmog Provider: PID=7240 TID=7260 GetProductKeyInfo: EditionId = [Professional]     ProductKeyType = [OEM:DM]  - CTransmogManager::GetProductKeyInfo
2017-12-01 09:45:15, Info                  DISM   API: PID=7124 TID=7108 Exit DismValidateProductKeyInternal - DismValidateProductKeyInternal
2017-12-01 09:45:15, Info                  DISM   API: PID=7124 TID=7108 Enter DismDeleteInternal - DismDeleteInternal
2017-12-01 09:45:15, Info                  DISM   API: PID=7124 TID=7108 Leave DismDeleteInternal - DismDeleteInternal
2017-12-01 09:45:15, Info                  DISM   API: PID=7124 TID=7108 Enter DismCloseSessionInternal - DismCloseSessionInternal
2017-12-01 09:45:15, Info                  DISM   API: PID=7124 TID=7108 Input parameters: Session: 2 - DismCloseSessionInternal
2017-12-01 09:45:15, Info                  DISM   API: PID=7124 TID=7108 GetReferenceCount hr: 0x0 - CSessionTable::RemoveSession
2017-12-01 09:45:15, Info                  DISM   API: PID=7124 TID=7108 Refcount for DismSession= 2s 0 - CSessionTable::RemoveSession
2017-12-01 09:45:15, Info                  DISM   API: PID=7124 TID=7108 Successfully enqueued command object - CCommandThread::EnqueueCommandObject
2017-12-01 09:45:15, Info                  DISM   API: PID=7124 TID=6664 ExecuteLoop: CommandQueue signaled - CCommandThread::ExecuteLoop
2017-12-01 09:45:15, Info                  DISM   API: PID=7124 TID=6664 Successfully dequeued command object - CCommandThread::DequeueCommandObject
2017-12-01 09:45:15, Info                  DISM   API: PID=7124 TID=6664 ExecuteLoop: Cancel signaled - CCommandThread::ExecuteLoop
2017-12-01 09:45:15, Info                  DISM   API: PID=7124 TID=6664 Leave CCommandThread::ExecuteLoop - CCommandThread::ExecuteLoop
2017-12-01 09:45:15, Info                  DISM   DISM Provider Store: PID=7240 TID=7260 Found the OSServices.  Waiting to finalize it until all other providers are unloaded. - CDISMProviderStore::Final_OnDisconnect
2017-12-01 09:45:15, Info                  DISM   DISM Provider Store: PID=7240 TID=7260 Found the OSServices.  Waiting to finalize it until all other providers are unloaded. - CDISMProviderStore::Final_OnDisconnect
2017-12-01 09:45:15, Info                  DISM   DISM Provider Store: PID=7240 TID=7260 Found the PE Provider.  Waiting to finalize it until all other providers are unloaded. - CDISMProviderStore::Final_OnDisconnect
2017-12-01 09:45:15, Info                  DISM   DISM Provider Store: PID=7240 TID=7260 Finalizing the servicing provider(DISM Package Manager) - CDISMProviderStore::Internal_DisconnectProvider
2017-12-01 09:45:15, Info                  DISM   DISM Package Manager: PID=7240 TID=7260 Finalizing CBS core. - CDISMPackageManager::Finalize
2017-12-01 09:45:15, Info                  DISM   DISM Provider Store: PID=7240 TID=7260 Disconnecting Provider: DISM Package Manager - CDISMProviderStore::Internal_DisconnectProvider
2017-12-01 09:45:15, Info                  DISM   DISM Provider Store: PID=7240 TID=7260 Finalizing the servicing provider(DISM Unattend Manager) - CDISMProviderStore::Internal_DisconnectProvider
2017-12-01 09:45:15, Info                  DISM   DISM Provider Store: PID=7240 TID=7260 Disconnecting Provider: DISM Unattend Manager - CDISMProviderStore::Internal_DisconnectProvider
2017-12-01 09:45:15, Info                  DISM   DISM Provider Store: PID=7240 TID=7260 Finalizing the servicing provider(Edition Manager) - CDISMProviderStore::Internal_DisconnectProvider
2017-12-01 09:45:15, Info                  DISM   DISM Provider Store: PID=7240 TID=7260 Disconnecting Provider: Edition Manager - CDISMProviderStore::Internal_DisconnectProvider
2017-12-01 09:45:15, Info                  DISM   DISM Provider Store: PID=7240 TID=7260 Releasing the local reference to OSServices. - CDISMProviderStore::Internal_DisconnectProvider
2017-12-01 09:45:15, Info                  DISM   DISM Provider Store: PID=7240 TID=7260 Disconnecting Provider: OSServices - CDISMProviderStore::Internal_DisconnectProvider
2017-12-01 09:45:15, Info                  DISM   DISM Provider Store: PID=7240 TID=7260 Releasing the local reference to DISMLogger.  Stop logging. - CDISMProviderStore::Internal_DisconnectProvider
2017-12-01 09:45:15, Info                  DISM   DISM Manager: PID=7124 TID=6664 Closing session event handle 0x25c - CDISMManager::CloseImageSession
2017-12-01 09:45:15, Info                  DISM   DISM Provider Store: PID=7124 TID=6664 Found the OSServices.  Waiting to finalize it until all other providers are unloaded. - CDISMProviderStore::Final_OnDisconnect
2017-12-01 09:45:15, Info                  DISM   DISM Provider Store: PID=7124 TID=6664 Disconnecting Provider: FolderManager - CDISMProviderStore::Internal_DisconnectProvider
2017-12-01 09:45:15, Info                  DISM   DISM Provider Store: PID=7124 TID=6664 Disconnecting Provider: WimManager - CDISMProviderStore::Internal_DisconnectProvider
2017-12-01 09:45:15, Info                  DISM   DISM Provider Store: PID=7124 TID=6664 Disconnecting Provider: VHDManager - CDISMProviderStore::Internal_DisconnectProvider
2017-12-01 09:45:15, Info                  DISM   DISM Provider Store: PID=7124 TID=6664 Disconnecting Provider: GenericImagingManager - CDISMProviderStore::Internal_DisconnectProvider
2017-12-01 09:45:15, Info                  DISM   DISM Provider Store: PID=7124 TID=6664 Disconnecting Provider: Compatibility Manager - CDISMProviderStore::Internal_DisconnectProvider
2017-12-01 09:45:15, Info                  DISM   DISM Provider Store: PID=7124 TID=6664 Disconnecting Provider: FfuManager - CDISMProviderStore::Internal_DisconnectProvider
2017-12-01 09:45:15, Info                  DISM   DISM Provider Store: PID=7124 TID=6664 Releasing the local reference to DISMLogger.  Stop logging. - CDISMProviderStore::Internal_DisconnectProvider
2017-12-01 09:45:15, Info                  DISM   API: PID=7124 TID=6664 Leave CCommandThread::CommandThreadProcedureStub - CCommandThread::CommandThreadProcedureStub
2017-12-01 09:45:15, Info                  DISM   API: PID=7124 TID=7108 Leave DismCloseSessionInternal - DismCloseSessionInternal
2017-12-01 09:45:15, Info                  DISM   API: PID=7124 TID=7108 Enter DismShutdownInternal - DismShutdownInternal
2017-12-01 09:45:15, Info                  DISM   API: PID=7124 TID=7108 GetReferenceCount hr: 0x0 - CSessionTable::RemoveSession
2017-12-01 09:45:15, Info                  DISM   API: PID=7124 TID=7108 Refcount for DismSession= 1s 0 - CSessionTable::RemoveSession
2017-12-01 09:45:15, Info                  DISM   API: PID=7124 TID=7108 Successfully enqueued command object - CCommandThread::EnqueueCommandObject
2017-12-01 09:45:15, Info                  DISM   API: PID=7124 TID=6732 ExecuteLoop: CommandQueue signaled - CCommandThread::ExecuteLoop
2017-12-01 09:45:15, Info                  DISM   API: PID=7124 TID=6732 Successfully dequeued command object - CCommandThread::DequeueCommandObject
2017-12-01 09:45:15, Info                  DISM   API: PID=7124 TID=6732 ExecuteLoop: Cancel signaled - CCommandThread::ExecuteLoop
2017-12-01 09:45:15, Info                  DISM   API: PID=7124 TID=6732 Leave CCommandThread::ExecuteLoop - CCommandThread::ExecuteLoop
2017-12-01 09:45:15, Info                  DISM   API: PID=7124 TID=6732 Leave CCommandThread::CommandThreadProcedureStub - CCommandThread::CommandThreadProcedureStub
2017-12-01 09:45:15, Info                  DISM   API: PID=7124 TID=7108 Deleted g_internalDismSession - DismShutdownInternal
2017-12-01 09:45:15, Info                  DISM   API: PID=7124 TID=7108 Shutdown SessionTable - DismShutdownInternal
2017-12-01 09:45:15, Info                  DISM   API: PID=7124 TID=7108 Leave DismShutdownInternal - DismShutdownInternal
2017-12-01 09:45:15, Info                  DISM   API: PID=7124 TID=7108 DismApi.dll:                                          - DismShutdownInternal
2017-12-01 09:45:15, Info                  DISM   API: PID=7124 TID=7108 DismApi.dll: <----- Ending DismApi.dll session -----> - DismShutdownInternal
2017-12-01 09:45:15, Info                  DISM   API: PID=7124 TID=7108 DismApi.dll:                                          - DismShutdownInternal
