(TID#0x000011dc) 2018-Feb-06 16:41:45.735 DIAGNOSTIC: Execution plan: execution started
(TID#0x000011dc) 2018-Feb-06 16:41:45.735 INFO: [ExecutionPlanTask] Process #4046 - Activation arguments - '{ FileName=ProfileSliceUser06.csv }'
(TID#0x000011dc) 2018-Feb-06 16:41:45.736 DIAGNOSTIC: Execution plan: not finished, there is event in buffer.
(TID#0x000011dc) 2018-Feb-06 16:41:45.736 DIAGNOSTIC: Execution plan: current event data:
	from: d93b31dd-8540-4069-9765-c6edcf898603
	to: a8872690-d26c-4830-b88f-82c3ab35b57a
	msg: continue to work

(TID#0x000011dc) 2018-Feb-06 16:41:45.736 DIAGNOSTIC: Execution plan: event receiver:a8872690-d26c-4830-b88f-82c3ab35b57a
(TID#0x000011dc) 2018-Feb-06 16:41:45.736 INFO: [ExecutionPlanTask] Process #4118 - Condition block 'Windows?' started.
(TID#0x000011dc) 2018-Feb-06 16:41:45.738 INFO: [ExecutionPlanTask] Process #4119 - Condition block 'Windows?' ended. Result was 'true'.
(TID#0x000011dc) 2018-Feb-06 16:41:45.738 DIAGNOSTIC: Execution plan: not finished, there is event in buffer.
(TID#0x000011dc) 2018-Feb-06 16:41:45.738 DIAGNOSTIC: Execution plan: current event data:
	from: a8872690-d26c-4830-b88f-82c3ab35b57a
	to: 43da952d-c44e-44ff-8581-a2f5f89327e4
	msg: continue to work

(TID#0x000011dc) 2018-Feb-06 16:41:45.738 DIAGNOSTIC: Execution plan: event receiver:43da952d-c44e-44ff-8581-a2f5f89327e4
(TID#0x000011dc) 2018-Feb-06 16:41:45.765 INFO: [ExecutionPlanTask: Compare for Windows] Process #4018 - New process 'compare' has been launched. Location: [Execution plan:IFM_QA_CompareOneFile\[Compare for Windows]]
(TID#0x000011dc) 2018-Feb-06 16:41:45.765 INFO: [ExecutionPlanTask: Compare for Windows] Process #4024 - Process log file name: 'C:/Actimize/4.24.0.51/Instances/actimize_server_1/logs/Run_E2E_Regression18-02-06_16-21-45_00/compare18-02-06_16-41-45_02.log'. Location: [Execution plan:IFM_QA_CompareOneFile\[Compare for Windows]]
(TID#0x000011dc) 2018-Feb-06 16:41:45.767 DIAGNOSTIC: Execution plan: not finished, there is at least one active process.
(TID#0x000001a0) 2018-Feb-06 16:41:45.781 INFO: [ExecutionPlanTask: Compare for Windows] Process #4025 - Process compare ended with status 'Finished successfully'. Log file name: 'C:/Actimize/4.24.0.51/Instances/actimize_server_1/logs/Run_E2E_Regression18-02-06_16-21-45_00/compare18-02-06_16-41-45_02.log' Location: [Execution plan:IFM_QA_CompareOneFile\[Compare for Windows]]
(TID#0x000011dc) 2018-Feb-06 16:41:45.781 DIAGNOSTIC: Execution plan: current event data:
	from: 43da952d-c44e-44ff-8581-a2f5f89327e4
	to: 00000000-0000-0000-0000-000000000000
	msg: continue to work

(TID#0x000011dc) 2018-Feb-06 16:41:45.782 DIAGNOSTIC: Execution plan: not finished, there is event in buffer.
(TID#0x000011dc) 2018-Feb-06 16:41:45.782 DIAGNOSTIC: Execution plan: current event data:
	from: 43da952d-c44e-44ff-8581-a2f5f89327e4
	to: 00000000-0000-0000-0000-000000000000
	msg: continue to work

(TID#0x000011dc) 2018-Feb-06 16:41:45.782 DIAGNOSTIC: Execution plan: not finished, there is event in buffer.
(TID#0x000011dc) 2018-Feb-06 16:41:45.782 DIAGNOSTIC: Execution plan: current event data:
	from: 43da952d-c44e-44ff-8581-a2f5f89327e4
	to: 00000000-0000-0000-0000-000000000000
	msg: continue to work

(TID#0x000011dc) 2018-Feb-06 16:41:45.782 DIAGNOSTIC: Execution plan: finished, there is no events in buffer.
(TID#0x000011dc) 2018-Feb-06 16:41:45.782 DIAGNOSTIC: Execution plan: terminating all processes
(TID#0x000011dc) 2018-Feb-06 16:41:45.782 DIAGNOSTIC: Execution plan: all processes has been terminated
(TID#0x000011dc) 2018-Feb-06 16:41:45.782 INFO: [ExecutionPlanTask] Process #4043 - Execution plan ended with status 'Finished successfully'. Log file name: 'C:/Actimize/4.24.0.51/Instances/actimize_server_1/logs/Run_E2E_Regression18-02-06_16-21-45_00/Do_Compare_for_MI_Slices_ProfileSliceUser06_csv18-02-06_16-41-45_00.log'
(TID#0x00000abc) <log ended>
