04-11-2018 16:40 : DTC Install error = 0, Enter MsDtcAdvancedInstaller::Configure, base\wcp\plugins\msdtc\msdtcadvancedinstaller\msdtcadvancedinstaller.cpp (419)
04-11-2018 16:40 : DTC Install error = 0, Action: None, base\wcp\plugins\msdtc\msdtcadvancedinstaller\msdtcadvancedinstaller.cpp (448)
04-11-2018 16:40 : DTC Install error = 0, Entering CreateXATmSecurityKeyCNG, base\wcp\plugins\msdtc\msdtcadvancedinstaller\msdtcadvancedinstaller.cpp (1752)
04-11-2018 16:40 : DTC Install error = 0, Exiting CreateXATmSecurityKeyCNG, base\wcp\plugins\msdtc\msdtcadvancedinstaller\msdtcadvancedinstaller.cpp (1928)
04-11-2018 16:40 : DTC Install error = 0, Exit MsDtcAdvancedInstaller::Configure, base\wcp\plugins\msdtc\msdtcadvancedinstaller\msdtcadvancedinstaller.cpp (506)
05-31-2018 16:04 : DTC Install error = 0, SysPrepDtcSpecialize : Enter, com\complus\dtc\dtc\adme\deployment.cpp (2088) 
05-31-2018 16:04 : DTC Install error = 0, SysPrepDtcGeneralize : Enter, com\complus\dtc\dtc\adme\deployment.cpp (1999) 
05-31-2018 16:04 : DTC Install error = 0, SysPrepDtcCleanup : Enter, com\complus\dtc\dtc\adme\deployment.cpp (1928) 
05-31-2018 16:04 : DTC Install error = 0, SysPrepDtcCleanup : Exit, com\complus\dtc\dtc\adme\deployment.cpp (1993) 
05-31-2018 16:04 : DTC Install error = 0, InstallContacts, Enter, com\complus\dtc\dtc\adme\deployment.cpp (310) 
05-31-2018 16:04 : DTC Install error = 0, InstallContacts, Exit, com\complus\dtc\dtc\adme\deployment.cpp (389) 
05-31-2018 16:04 : DTC Install error = 0, SysPrepDtcGeneralize : Exit, com\complus\dtc\dtc\adme\deployment.cpp (2071) 
05-31-2018 16:04 : DTC Install error = 0, InstallContacts, Enter, com\complus\dtc\dtc\adme\deployment.cpp (310) 
05-31-2018 16:04 : DTC Install error = 0, InstallContacts, Exit, com\complus\dtc\dtc\adme\deployment.cpp (389) 
05-31-2018 16:04 : DTC Install error = 0, SysPrepDtcSpecialize : Exit, com\complus\dtc\dtc\adme\deployment.cpp (2132) 
05-31-2018 16:05 : DTC Install error = 0, CMsdtcUpgradePlugin::get_PerUserSupport: Enter, com\complus\dtc\dtc\msdtcstp\msdtcplugin.cpp (56) 
05-31-2018 16:05 : DTC Install error = 0, CMsdtcUpgradePlugin::get_PerUserSupport: Exit, com\complus\dtc\dtc\msdtcstp\msdtcplugin.cpp (66) 
05-31-2018 16:05 : DTC Install error = 0, CMsdtcUpgradePlugin::get_PerUserSupport: Enter, com\complus\dtc\dtc\msdtcstp\msdtcplugin.cpp (56) 
05-31-2018 16:05 : DTC Install error = 0, CMsdtcUpgradePlugin::get_PerUserSupport: Exit, com\complus\dtc\dtc\msdtcstp\msdtcplugin.cpp (66) 
05-31-2018 16:05 : DTC Install error = 0, CMsdtcUpgradePlugin::get_PerUserSupport: Enter, com\complus\dtc\dtc\msdtcstp\msdtcplugin.cpp (56) 
05-31-2018 16:05 : DTC Install error = 0, CMsdtcUpgradePlugin::get_PerUserSupport: Exit, com\complus\dtc\dtc\msdtcstp\msdtcplugin.cpp (66) 
05-31-2018 16:05 : DTC Install error = 0, CMsdtcUpgradePlugin::PreApply: Enter, com\complus\dtc\dtc\msdtcstp\msdtcplugin.cpp (174) 
05-31-2018 16:05 : DTC Install error = 0, CMsdtcUpgradePlugin::PreApply: Exit, com\complus\dtc\dtc\msdtcstp\msdtcplugin.cpp (175) 
05-31-2018 16:05 : DTC Install error = 0, CMsdtcUpgradePlugin::ApplySuccess: Enter, com\complus\dtc\dtc\msdtcstp\msdtcplugin.cpp (182) 
05-31-2018 16:05 : DTC Install error = 0, C:\$WINDOWS.~BT\Store\MachineSpecific\File\srcworkingalias\agentmgr\CCSIAgent\005AEAD9, com\complus\dtc\dtc\msdtcstp\msdtcplugin.cpp (214) 
05-31-2018 16:05 : DTC Install error = 0, UpgradeApplySuccess: Enter, com\complus\dtc\dtc\msdtcprx\src\proxyplugin.cpp (212) 
05-31-2018 16:05 : DTC Install error = 0, UpgradeApplySuccess, DownlevelVersion = 6, com\complus\dtc\dtc\msdtcprx\src\proxyplugin.cpp (204) 
05-31-2018 16:05 : DTC Install error = 0, UpgradeApplySuccess: Exit, com\complus\dtc\dtc\msdtcprx\src\proxyplugin.cpp (300) 
05-31-2018 16:05 : DTC Install error = 0, CMsdtcUpgradePlugin::ApplySuccess: Exit, com\complus\dtc\dtc\msdtcstp\msdtcplugin.cpp (280) 
05-31-2018 16:05 : DTC Install error = 0, CMsdtcUpgradePlugin::PostApply: Enter, com\complus\dtc\dtc\msdtcstp\msdtcplugin.cpp (287) 
05-31-2018 16:05 : DTC Install error = 0, CMsdtcUpgradePlugin::PostApply: Exit, com\complus\dtc\dtc\msdtcstp\msdtcplugin.cpp (288) 
