2018-Feb-06 16:22:47.423 INFO: [Process: FF_manualAlertActions_WS] Init #52512 - Profiler activation mode: [No] | Snapshot interval: N/A seconds | Txn profiling mode: [N/A], N/A microseconds, num top blocks: N/A, output txn data: N/A.
2018-Feb-06 16:22:47.525 INFO: [Repository: Repository] Repository #33008 - Resolved key 'FF_IDB_DbConnector_DSN' from instance with value 'database'. Location: [Connector:FF_idbApplicationConnector\<dsn>]
2018-Feb-06 16:22:47.525 INFO: [Repository: Repository] Repository #33008 - Resolved key 'FF_IDB_UserName' from instance with value 'QA_IDB_1_RT'. Location: [Connector:FF_idbApplicationConnector\<user name>]
2018-Feb-06 16:22:47.526 INFO: [Repository: Repository] Repository #33008 - Resolved key 'FF_IDB_Password' from instance with value '********'. Location: [Connector:FF_idbApplicationConnector\<password>]
2018-Feb-06 16:22:47.526 INFO: [Repository: Repository] Repository #33008 - Resolved key 'FF_IDB_DbConnector_DefaultDatabase' from instance with value 'QA_IDB_1'. Location: [Connector:FF_idbApplicationConnector\<default database>]
2018-Feb-06 16:22:47.526 INFO: [Repository: Repository] Repository #33008 - Resolved key 'FF_IDB_Application_ConnectionTimeout' from instance with value '120'. Location: [Connector:FF_idbApplicationConnector\<connection time out>]
2018-Feb-06 16:22:47.526 INFO: [Repository: Repository] Repository #33008 - Resolved key 'FF_IDB_Application_CommandTimeout' from instance with value '120'. Location: [Connector:FF_idbApplicationConnector\<command time out>]
2018-Feb-06 16:22:47.527 INFO: [Repository: Repository] Repository #33008 - Resolved key 'FF_IDB_DbConnector_DatabaseType' from instance with value 'SQLServer'. Location: [Connector:FF_idbApplicationConnector\<dbms type>]
2018-Feb-06 16:22:47.527 INFO: [Repository: Repository] Repository #33008 - Resolved key 'FF_IDB_DbConnector_ServerName' from instance with value 'database'. Location: [Connector:FF_idbApplicationConnector\<server name>]
2018-Feb-06 16:22:56.085 INFO: [Flow: FF_manualAlert (1)] Rule_Set_Context #88301 - View 'FF_acpActivityAlertRoutingActionRulesContext': Tenant '' policy compiled with no active rules.
2018-Feb-06 16:22:56.085 INFO: [Flow: FF_manualAlert (1)] Rule_Set_Context #88307 - View 'FF_acpActivityAlertRoutingActionRulesContext' cleared, no policies are active.
2018-Feb-06 16:22:56.085 INFO: [Flow: FF_manualAlert (1)] Rule_Set_Context #88301 - View 'FF_acquirerActivityAlertRoutingActionRulesContext': Tenant '' policy compiled with no active rules.
2018-Feb-06 16:22:56.085 INFO: [Flow: FF_manualAlert (1)] Rule_Set_Context #88307 - View 'FF_acquirerActivityAlertRoutingActionRulesContext' cleared, no policies are active.
2018-Feb-06 16:22:56.085 INFO: [Flow: FF_manualAlert (1)] Rule_Set_Context #88301 - View 'FF_cardActivityAlertRoutingActionRulesContext': Tenant '' policy compiled with no active rules.
2018-Feb-06 16:22:56.085 INFO: [Flow: FF_manualAlert (1)] Rule_Set_Context #88307 - View 'FF_cardActivityAlertRoutingActionRulesContext' cleared, no policies are active.
2018-Feb-06 16:22:56.086 INFO: [Flow: FF_manualAlert (1)] Rule_Set_Context #88301 - View 'FF_commercialAlertRoutingActionRulesContextId': Tenant '' policy compiled with no active rules.
2018-Feb-06 16:22:56.086 INFO: [Flow: FF_manualAlert (1)] Rule_Set_Context #88307 - View 'FF_commercialAlertRoutingActionRulesContextId' cleared, no policies are active.
2018-Feb-06 16:22:56.086 INFO: [Flow: FF_manualAlert (1)] Rule_Set_Context #88301 - View 'FF_customAlertRoutingActionRulesContext': Tenant '' policy compiled with no active rules.
2018-Feb-06 16:22:56.086 INFO: [Flow: FF_manualAlert (1)] Rule_Set_Context #88307 - View 'FF_customAlertRoutingActionRulesContext' cleared, no policies are active.
2018-Feb-06 16:22:56.086 INFO: [Flow: FF_manualAlert (1)] Rule_Set_Context #88301 - View 'FF_depositAlertRoutingActionRulesContext': Tenant '' policy compiled with no active rules.
2018-Feb-06 16:22:56.086 INFO: [Flow: FF_manualAlert (1)] Rule_Set_Context #88307 - View 'FF_depositAlertRoutingActionRulesContext' cleared, no policies are active.
2018-Feb-06 16:22:56.086 INFO: [Flow: FF_manualAlert (1)] Rule_Set_Context #88301 - View 'FF_retailActivityAlertRoutingActionRulesContext': Tenant '' policy compiled with no active rules.
2018-Feb-06 16:22:56.087 INFO: [Flow: FF_manualAlert (1)] Rule_Set_Context #88307 - View 'FF_retailActivityAlertRoutingActionRulesContext' cleared, no policies are active.
2018-Feb-06 16:22:57.100 INFO: [Repository: Repository] Repository #33008 - Resolved key 'INFRA_SEQ_dbConnector_DSN' from instance with value 'database'. Location: [Connector:INFRA_SEQ_dbConnector\<dsn>]
2018-Feb-06 16:22:57.100 INFO: [Repository: Repository] Repository #33008 - Resolved key 'INFRA_SEQ_dbConnector_User_Name' from instance with value 'QA_IFM_1_APP_REALTIME'. Location: [Connector:INFRA_SEQ_dbConnector\<user name>]
2018-Feb-06 16:22:57.101 INFO: [Repository: Repository] Repository #33008 - Resolved key 'INFRA_SEQ_dbConnector_Password' from instance with value '********'. Location: [Connector:INFRA_SEQ_dbConnector\<password>]
2018-Feb-06 16:22:57.101 INFO: [Repository: Repository] Repository #33008 - Resolved key 'INFRA_SEQ_dbConnector_Default_database' from instance with value 'QA_IFM_1_APP'. Location: [Connector:INFRA_SEQ_dbConnector\<default database>]
2018-Feb-06 16:22:57.101 INFO: [Repository: Repository] Repository #33008 - Resolved key 'INFRA_SEQ_dbConnector_Connection_timeout' from instance with value '120'. Location: [Connector:INFRA_SEQ_dbConnector\<connection time out>]
2018-Feb-06 16:22:57.101 INFO: [Repository: Repository] Repository #33008 - Resolved key 'INFRA_SEQ_dbConnector_Command_timeout' from instance with value '2500'. Location: [Connector:INFRA_SEQ_dbConnector\<command time out>]
2018-Feb-06 16:22:57.101 INFO: [Repository: Repository] Repository #33008 - Resolved key 'INFRA_SEQ_dbConnector_Database_type' from instance with value 'SQLServer'. Location: [Connector:INFRA_SEQ_dbConnector\<dbms type>]
2018-Feb-06 16:22:57.212 INFO: [Repository: Repository] Repository #33008 - Resolved key 'FF_Rcm_Connector_ApplicationRoot' from instance with value 'RCM'. Location: [Connector:FF_rcmConnector\<application name>]
2018-Feb-06 16:22:57.212 INFO: [Repository: Repository] Repository #33008 - Resolved key 'FF_Rcm_Connector_UseWindowsAuthentication' from instance with value '0'. Location: [Connector:FF_rcmConnector\<use ntlm>]
2018-Feb-06 16:22:57.212 INFO: [Repository: Repository] Repository #33008 - Resolved key 'FF_Rcm_Connector_User_Name' from instance with value 'admin'. Location: [Connector:FF_rcmConnector\<user>]
2018-Feb-06 16:22:57.213 INFO: [Repository: Repository] Repository #33008 - Resolved key 'FF_Rcm_Connector_Password' from instance with value '********'. Location: [Connector:FF_rcmConnector\<password>]
2018-Feb-06 16:22:57.213 INFO: [Repository: Repository] Repository #33008 - Resolved key 'FF_Rcm_Connector_ServerAddress' from instance with value 'localhost'. Location: [Connector:FF_rcmConnector\<server>]
2018-Feb-06 16:22:57.213 INFO: [Repository: Repository] Repository #33008 - Resolved key 'FF_Rcm_Connector_Port' from instance with value '8082'. Location: [Connector:FF_rcmConnector\<port>]
2018-Feb-06 16:22:57.213 INFO: [Repository: Repository] Repository #33008 - Resolved key 'FF_Rcm_Connector_ConnectionTimeout' from instance with value '120'. Location: [Connector:FF_rcmConnector\<connection timeout>]
2018-Feb-06 16:22:57.213 INFO: [Repository: Repository] Repository #33008 - Resolved key 'FF_Rcm_Connector_UseSSL' from instance with value '0'. Location: [Connector:FF_rcmConnector\<is encrypted>]
2018-Feb-06 16:22:59.936 INFO: [Repository: Repository] Repository #33008 - Resolved key 'FF_APP_DbConnector_DSN' from instance with value 'database'. Location: [Connector:FF_appTransactionSaverConnector\<dsn>]
2018-Feb-06 16:22:59.958 INFO: [Repository: Repository] Repository #33008 - Resolved key 'FF_APP_DbConnector_RealTimeUserName' from instance with value 'QA_IFM_1_APP_REALTIME'. Location: [Connector:FF_appTransactionSaverConnector\<user name>]
2018-Feb-06 16:22:59.958 INFO: [Repository: Repository] Repository #33008 - Resolved key 'FF_APP_DbConnector_RealTimePassword' from instance with value '********'. Location: [Connector:FF_appTransactionSaverConnector\<password>]
2018-Feb-06 16:22:59.958 INFO: [Repository: Repository] Repository #33008 - Resolved key 'FF_APP_DbConnector_DefaultDatabase' from instance with value 'QA_IFM_1_APP'. Location: [Connector:FF_appTransactionSaverConnector\<default database>]
2018-Feb-06 16:22:59.958 INFO: [Repository: Repository] Repository #33008 - Resolved key 'FF_APP_TransactionSaver_ConnectTimeout' from instance with value '120'. Location: [Connector:FF_appTransactionSaverConnector\<connection time out>]
2018-Feb-06 16:22:59.959 INFO: [Repository: Repository] Repository #33008 - Resolved key 'FF_APP_TransactionSaver_CommandTimeout' from instance with value '2000'. Location: [Connector:FF_appTransactionSaverConnector\<command time out>]
2018-Feb-06 16:22:59.959 INFO: [Repository: Repository] Repository #33008 - Resolved key 'FF_APP_DbConnector_DatabaseType' from instance with value 'SQLServer'. Location: [Connector:FF_appTransactionSaverConnector\<dbms type>]
2018-Feb-06 16:22:59.959 INFO: [Repository: Repository] Repository #33008 - Resolved key 'FF_APP_DbConnector_ServerName' from instance with value 'database'. Location: [Connector:FF_appTransactionSaverConnector\<server name>]
2018-Feb-06 16:23:04.853 INFO: [Repository: Repository] Repository #33008 - Resolved key 'FF_APP_DbConnector_DSN' from instance with value 'database'. Location: [Connector:FF_appAlertDistributionConnector\<dsn>]
2018-Feb-06 16:23:04.853 INFO: [Repository: Repository] Repository #33008 - Resolved key 'FF_APP_DbConnector_RealTimeUserName' from instance with value 'QA_IFM_1_APP_REALTIME'. Location: [Connector:FF_appAlertDistributionConnector\<user name>]
2018-Feb-06 16:23:04.853 INFO: [Repository: Repository] Repository #33008 - Resolved key 'FF_APP_DbConnector_RealTimePassword' from instance with value '********'. Location: [Connector:FF_appAlertDistributionConnector\<password>]
2018-Feb-06 16:23:04.854 INFO: [Repository: Repository] Repository #33008 - Resolved key 'FF_APP_DbConnector_DefaultDatabase' from instance with value 'QA_IFM_1_APP'. Location: [Connector:FF_appAlertDistributionConnector\<default database>]
2018-Feb-06 16:23:04.854 INFO: [Repository: Repository] Repository #33008 - Resolved key 'FF_APP_AlertDistribution_ConnectTimeout' from instance with value '120'. Location: [Connector:FF_appAlertDistributionConnector\<connection time out>]
2018-Feb-06 16:23:04.854 INFO: [Repository: Repository] Repository #33008 - Resolved key 'FF_APP_AlertDistribution_CommandTimeout' from instance with value '2500'. Location: [Connector:FF_appAlertDistributionConnector\<command time out>]
2018-Feb-06 16:23:04.854 INFO: [Repository: Repository] Repository #33008 - Resolved key 'FF_APP_DbConnector_DatabaseType' from instance with value 'SQLServer'. Location: [Connector:FF_appAlertDistributionConnector\<dbms type>]
2018-Feb-06 16:23:04.855 INFO: [Repository: Repository] Repository #33008 - Resolved key 'FF_APP_DbConnector_ServerName' from instance with value 'database'. Location: [Connector:FF_appAlertDistributionConnector\<server name>]
2018-Feb-06 16:23:06.746 INFO: [Process: FF_manualAlertActions_WS] #52509 - Service process initialized. Executed flow: [FF_manualAlert], instances: 1, stops on error: No.
2018-Feb-06 16:23:06.783 INFO: [Process: FF_manualAlertActions_WS] #52502 - Service process started.
