2018-Jan-03 13:07:53.049 INFO: [Process: FF_transactionPersistenceProcess] Init #52512 - Profiler activation mode: [No] | Snapshot interval: N/A seconds | Txn profiling mode: [N/A], N/A microseconds, num top blocks: N/A, output txn data: N/A.
2018-Jan-03 13:07:53.509 INFO: [Repository: Repository] Repository #33008 - Resolved key 'FF_APP_DbConnector_DSN' from instance with value 'database'. Location: [Connector:FF_appTransactionSaverConnector\<dsn>]
2018-Jan-03 13:07:53.509 INFO: [Repository: Repository] Repository #33008 - Resolved key 'FF_APP_DbConnector_RealTimeUserName' from instance with value 'QA_IFM_1_APP_REALTIME'. Location: [Connector:FF_appTransactionSaverConnector\<user name>]
2018-Jan-03 13:07:53.509 INFO: [Repository: Repository] Repository #33008 - Resolved key 'FF_APP_DbConnector_RealTimePassword' from instance with value '********'. Location: [Connector:FF_appTransactionSaverConnector\<password>]
2018-Jan-03 13:07:53.510 INFO: [Repository: Repository] Repository #33008 - Resolved key 'FF_APP_DbConnector_DefaultDatabase' from instance with value 'QA_IFM_1_APP'. Location: [Connector:FF_appTransactionSaverConnector\<default database>]
2018-Jan-03 13:07:53.510 INFO: [Repository: Repository] Repository #33008 - Resolved key 'FF_APP_TransactionSaver_ConnectTimeout' from instance with value '120'. Location: [Connector:FF_appTransactionSaverConnector\<connection time out>]
2018-Jan-03 13:07:53.510 INFO: [Repository: Repository] Repository #33008 - Resolved key 'FF_APP_TransactionSaver_CommandTimeout' from instance with value '2000'. Location: [Connector:FF_appTransactionSaverConnector\<command time out>]
2018-Jan-03 13:07:53.510 INFO: [Repository: Repository] Repository #33008 - Resolved key 'FF_APP_DbConnector_DatabaseType' from instance with value 'SQLServer'. Location: [Connector:FF_appTransactionSaverConnector\<dbms type>]
2018-Jan-03 13:07:53.510 INFO: [Repository: Repository] Repository #33008 - Resolved key 'FF_APP_DbConnector_ServerName' from instance with value 'database'. Location: [Connector:FF_appTransactionSaverConnector\<server name>]
2018-Jan-03 13:07:53.617 INFO: [Repository: Repository] Repository #33008 - Resolved key 'FF_PROFILES_AMQ_CONNECTOR_Broker_URI' from instance with value 'tcp://localhost:2348'. Location: [Connector:PROFILES_AMQ_CONNECTOR\<broker uri>]
2018-Jan-03 13:07:53.617 INFO: [Repository: Repository] Repository #33008 - Resolved key 'FF_PROFILES_AMQ_CONNECTOR_Broker_User_Name' from instance with value 'admin'. Location: [Connector:PROFILES_AMQ_CONNECTOR\<user name>]
2018-Jan-03 13:07:53.617 INFO: [Repository: Repository] Repository #33008 - Resolved key 'FF_PROFILES_AMQ_CONNECTOR_Broker_Password' from instance with value '********'. Location: [Connector:PROFILES_AMQ_CONNECTOR\<password>]
2018-Jan-03 13:07:56.048 INFO: [Repository: Repository] Repository #33008 - Resolved key 'FF_APP_DbConnector_DSN' from instance with value 'database'. Location: [Connector:FF_appMyBatisConnector\<dsn>]
2018-Jan-03 13:07:56.048 INFO: [Repository: Repository] Repository #33008 - Resolved key 'FF_APP_DbConnector_RealTimeUserName' from instance with value 'QA_IFM_1_APP_REALTIME'. Location: [Connector:FF_appMyBatisConnector\<user name>]
2018-Jan-03 13:07:56.048 INFO: [Repository: Repository] Repository #33008 - Resolved key 'FF_APP_DbConnector_RealTimePassword' from instance with value '********'. Location: [Connector:FF_appMyBatisConnector\<password>]
2018-Jan-03 13:07:56.048 INFO: [Repository: Repository] Repository #33008 - Resolved key 'FF_APP_DbConnector_DefaultDatabase' from instance with value 'QA_IFM_1_APP'. Location: [Connector:FF_appMyBatisConnector\<default database>]
2018-Jan-03 13:07:56.049 INFO: [Repository: Repository] Repository #33008 - Resolved key 'FF_APP_DbConnector_ConnectTimeout' from instance with value '0'. Location: [Connector:FF_appMyBatisConnector\<connection time out>]
2018-Jan-03 13:07:56.049 INFO: [Repository: Repository] Repository #33008 - Resolved key 'FF_APP_DbConnector_CommandTimeout' from instance with value '0'. Location: [Connector:FF_appMyBatisConnector\<command time out>]
2018-Jan-03 13:07:56.049 INFO: [Repository: Repository] Repository #33008 - Resolved key 'FF_APP_DbConnector_DatabaseType' from instance with value 'SQLServer'. Location: [Connector:FF_appMyBatisConnector\<dbms type>]
2018-Jan-03 13:07:56.049 INFO: [Repository: Repository] Repository #33008 - Resolved key 'FF_APP_DbConnector_ServerName' from instance with value 'database'. Location: [Connector:FF_appMyBatisConnector\<server name>]
2018-Jan-03 13:07:56.050 INFO: [Repository: Repository] Repository #33008 - Resolved key 'FF_APP_DbConnector_URL' from instance with value 'jdbc:sqlserver://DATABASE:1433;databaseName=QA_IFM_1_APP'. Location: [Connector:FF_appMyBatisConnector\<jdbc url>]
2018-Jan-03 13:07:59.108 INFO: [Repository: Repository] Repository #33008 - Resolved key 'FF_APP_DbConnector_DSN' from instance with value 'database'. Location: [Connector:FF_appAlertDistributionConnector\<dsn>]
2018-Jan-03 13:07:59.108 INFO: [Repository: Repository] Repository #33008 - Resolved key 'FF_APP_DbConnector_RealTimeUserName' from instance with value 'QA_IFM_1_APP_REALTIME'. Location: [Connector:FF_appAlertDistributionConnector\<user name>]
2018-Jan-03 13:07:59.108 INFO: [Repository: Repository] Repository #33008 - Resolved key 'FF_APP_DbConnector_RealTimePassword' from instance with value '********'. Location: [Connector:FF_appAlertDistributionConnector\<password>]
2018-Jan-03 13:07:59.108 INFO: [Repository: Repository] Repository #33008 - Resolved key 'FF_APP_DbConnector_DefaultDatabase' from instance with value 'QA_IFM_1_APP'. Location: [Connector:FF_appAlertDistributionConnector\<default database>]
2018-Jan-03 13:07:59.109 INFO: [Repository: Repository] Repository #33008 - Resolved key 'FF_APP_AlertDistribution_ConnectTimeout' from instance with value '120'. Location: [Connector:FF_appAlertDistributionConnector\<connection time out>]
2018-Jan-03 13:07:59.109 INFO: [Repository: Repository] Repository #33008 - Resolved key 'FF_APP_AlertDistribution_CommandTimeout' from instance with value '2500'. Location: [Connector:FF_appAlertDistributionConnector\<command time out>]
2018-Jan-03 13:07:59.109 INFO: [Repository: Repository] Repository #33008 - Resolved key 'FF_APP_DbConnector_DatabaseType' from instance with value 'SQLServer'. Location: [Connector:FF_appAlertDistributionConnector\<dbms type>]
2018-Jan-03 13:07:59.109 INFO: [Repository: Repository] Repository #33008 - Resolved key 'FF_APP_DbConnector_ServerName' from instance with value 'database'. Location: [Connector:FF_appAlertDistributionConnector\<server name>]
2018-Jan-03 13:07:59.540 INFO: [Repository: Repository] Repository #33008 - Resolved key 'FF_APP_DbConnector_DSN' from instance with value 'database'. Location: [Connector:FF_appMaintenanceConnector\<dsn>]
2018-Jan-03 13:07:59.541 INFO: [Repository: Repository] Repository #33008 - Resolved key 'FF_APP_DbConnector_MaintenanceUserName' from instance with value 'QA_IFM_1_APP_MAINTENANCE'. Location: [Connector:FF_appMaintenanceConnector\<user name>]
2018-Jan-03 13:07:59.541 INFO: [Repository: Repository] Repository #33008 - Resolved key 'FF_APP_DbConnector_MaintenancePassword' from instance with value '********'. Location: [Connector:FF_appMaintenanceConnector\<password>]
2018-Jan-03 13:07:59.541 INFO: [Repository: Repository] Repository #33008 - Resolved key 'FF_APP_DbConnector_DefaultDatabase' from instance with value 'QA_IFM_1_APP'. Location: [Connector:FF_appMaintenanceConnector\<default database>]
2018-Jan-03 13:07:59.541 INFO: [Repository: Repository] Repository #33008 - Resolved key 'FF_APP_Maintenance_ConnectTimeout' from instance with value '60'. Location: [Connector:FF_appMaintenanceConnector\<connection time out>]
2018-Jan-03 13:07:59.541 INFO: [Repository: Repository] Repository #33008 - Resolved key 'FF_APP_Maintenance_CommandTimeout' from instance with value '500'. Location: [Connector:FF_appMaintenanceConnector\<command time out>]
2018-Jan-03 13:07:59.542 INFO: [Repository: Repository] Repository #33008 - Resolved key 'FF_APP_DbConnector_DatabaseType' from instance with value 'SQLServer'. Location: [Connector:FF_appMaintenanceConnector\<dbms type>]
2018-Jan-03 13:07:59.542 INFO: [Repository: Repository] Repository #33008 - Resolved key 'FF_APP_DbConnector_ServerName' from instance with value 'database'. Location: [Connector:FF_appMaintenanceConnector\<server name>]
2018-Jan-03 13:08:16.303 INFO: [Process: FF_transactionPersistenceProcess] #52102 - process starting
2018-Jan-03 13:08:25.667 INFO: [Process: FF_transactionPersistenceProcess] #52103 - process stopping
2018-Jan-03 13:08:25.667 INFO: [Process: FF_transactionPersistenceProcess] Java #89240 - Active Component disposal started.
2018-Jan-03 13:08:25.963 INFO: [Process: FF_transactionPersistenceProcess] Java #89241 - Active Component disposal ended.
2018-Jan-03 13:08:26.002 INFO: [Process: FF_transactionPersistenceProcess] #52101 - process step
2018-Jan-03 13:08:26.002 INFO: [Process: FF_transactionPersistenceProcess] Java #89242 - Process Environment disposal started.
2018-Jan-03 13:08:26.003 INFO: [Process: FF_transactionPersistenceProcess] Java #89243 - Process Environment disposal ended.
2018-Jan-03 13:08:26.003 INFO: [Process: FF_transactionPersistenceProcess] #52108 - Process finished.
