
dvisorReport ToolVersion="1.4.9200.22329" Name="Microsoft Windows 10 Pro" Version="10.0.15063" SPMajorVersion="0" SPMinorVersion="0" Architecture="amd64" Language="1033" OEM="Dell">
    <Hardware>
        <HardwareItem HardwareType="Bios" Misc="1.6.4" Misc1="Dell Inc." Misc2="Latitude 5580" Misc3="20170912000000.000000+000">
            <CompatibilityInfo32Bit BlockingType="None"/>
            <CompatibilityInfo64Bit BlockingType="None"/>
        </HardwareItem>
        <HardwareItem HardwareType="ProcessorSpeed" ActualValue="2904" Misc="">
            <CompatibilityInfo32Bit BlockingType="None"/>
            <CompatibilityInfo64Bit BlockingType="None"/>
        </HardwareItem>
        <HardwareItem HardwareType="ProcessorNX" Misc="Intel(R) Core(TM) i7-7820HQ CPU @ 2.90GHz" Misc1="GenuineIntel" Misc2="SSE2Supported" Misc3="NXPresent">
            <CompatibilityInfo32Bit BlockingType="None"/>
            <CompatibilityInfo64Bit BlockingType="None"/>
        </HardwareItem>
        <HardwareItem HardwareType="ProcessorArchitecture">
            <CompatibilityInfo32Bit BlockingType="None"/>
            <CompatibilityInfo64Bit BlockingType="None"/>
        </HardwareItem>
        <HardwareItem HardwareType="ProcessorCMPXCHG16b" Misc="Intel(R) Core(TM) i7-7820HQ CPU @ 2.90GHz">
            <CompatibilityInfo32Bit BlockingType="None"/>
            <CompatibilityInfo64Bit BlockingType="None"/>
        </HardwareItem>
        <HardwareItem HardwareType="ProcessorLAHFSAHF" Misc="Intel(R) Core(TM) i7-7820HQ CPU @ 2.90GHz">
            <CompatibilityInfo32Bit BlockingType="None"/>
            <CompatibilityInfo64Bit BlockingType="None"/>
        </HardwareItem>
        <HardwareItem HardwareType="ProcessorPrefetchW" Misc="Intel(R) Core(TM) i7-7820HQ CPU @ 2.90GHz">
            <CompatibilityInfo32Bit BlockingType="None"/>
            <CompatibilityInfo64Bit BlockingType="None"/>
        </HardwareItem>
        <HardwareItem HardwareType="Memory" ActualValue="16777216">
            <CompatibilityInfo32Bit BlockingType="None"/>
            <CompatibilityInfo64Bit BlockingType="None"/>
        </HardwareItem>
        <HardwareItem HardwareType="HardDriveFreeSpace" ActualValue="455469" Misc="487296" Misc1="C">
            <CompatibilityInfo32Bit BlockingType="None"/>
            <CompatibilityInfo64Bit BlockingType="None"/>
        </HardwareItem>
    </Hardware>
    <CloudBlocks>
    </CloudBlocks>
</UpgradeAdvisorReport>.
2018-02-04 22:28:33.255, Info      [AppraiserNode::PopulateAppraiserNodeUsingXML] Finally, searching arrives at leaf node.
2018-02-04 22:28:33.255, Info      [AppraiserNode::PopulateAppraiserNodeUsingXML] Current system is 64bits.
2018-02-04 22:28:33.255, Info      [AppraiserNode::PopulateAppraiserNodeUsingXML] Node name is HardwareItem, blocktype is None.
2018-02-04 22:28:33.255, Info      [AppraiserNode::PopulateAppraiserNodeUsingXML] Node name is HardwareItem, GetAppraiserResult finished, hr = 0x0.
2018-02-04 22:28:33.255, Info      [AppraiserNode::PopulateAppraiserNodeUsingXML] Finally, searching arrives at leaf node.
2018-02-04 22:28:33.255, Info      [AppraiserNode::PopulateAppraiserNodeUsingXML] Current system is 64bits.
2018-02-04 22:28:33.255, Info      [AppraiserNode::PopulateAppraiserNodeUsingXML] Node name is HardwareItem, blocktype is None.
2018-02-04 22:28:33.255, Info      [AppraiserNode::PopulateAppraiserNodeUsingXML] Node name is HardwareItem, GetAppraiserResult finished, hr = 0x0.
2018-02-04 22:28:33.255, Info      [AppraiserNode::PopulateAppraiserNodeUsingXML] Finally, searching arrives at leaf node.
2018-02-04 22:28:33.255, Info      [AppraiserNode::PopulateAppraiserNodeUsingXML] Current system is 64bits.
2018-02-04 22:28:33.255, Info      [AppraiserNode::PopulateAppraiserNodeUsingXML] Node name is HardwareItem, blocktype is None.
2018-02-04 22:28:33.255, Info      [AppraiserNode::PopulateAppraiserNodeUsingXML] Node name is HardwareItem, GetAppraiserResult finished, hr = 0x0.
2018-02-04 22:28:33.255, Info      [AppraiserNode::PopulateAppraiserNodeUsingXML] Finally, searching arrives at leaf node.
2018-02-04 22:28:33.255, Info      [AppraiserNode::PopulateAppraiserNodeUsingXML] Current system is 64bits.
2018-02-04 22:28:33.255, Info      [AppraiserNode::PopulateAppraiserNodeUsingXML] Node name is HardwareItem, blocktype is None.
2018-02-04 22:28:33.255, Info      [AppraiserNode::PopulateAppraiserNodeUsingXML] Node name is HardwareItem, GetAppraiserResult finished, hr = 0x0.
2018-02-04 22:28:33.255, Info      [AppraiserNode::PopulateAppraiserNodeUsingXML] Finally, searching arrives at leaf node.
2018-02-04 22:28:33.255, Info      [AppraiserNode::PopulateAppraiserNodeUsingXML] Current system is 64bits.
2018-02-04 22:28:33.255, Info      [AppraiserNode::PopulateAppraiserNodeUsingXML] Node name is HardwareItem, blocktype is None.
2018-02-04 22:28:33.255, Info      [AppraiserNode::PopulateAppraiserNodeUsingXML] Node name is HardwareItem, GetAppraiserResult finished, hr = 0x0.
2018-02-04 22:28:33.255, Info      [AppraiserNode::PopulateAppraiserNodeUsingXML] Finally, searching arrives at leaf node.
2018-02-04 22:28:33.255, Info      [AppraiserNode::PopulateAppraiserNodeUsingXML] Current system is 64bits.
2018-02-04 22:28:33.255, Info      [AppraiserNode::PopulateAppraiserNodeUsingXML] Node name is HardwareItem, blocktype is None.
jeckie5:   |_|/_/  |_____|
2018-02-04 22:28:33.255, Info      [AppraiserNode::PopulateAppraiserNodeUsingXML] Node name is HardwareItem, GetAppraiserResult finished, hr = 0x0.
2018-02-04 22:28:33.255, Info      [AppraiserNode::PopulateAppraiserNodeUsingXML] Finally, searching arrives at leaf node.
2018-02-04 22:28:33.255, Info      [AppraiserNode::PopulateAppraiserNodeUsingXML] Current system is 64bits.
2018-02-04 22:28:33.255, Info      [AppraiserNode::PopulateAppraiserNodeUsingXML] Node name is HardwareItem, blocktype is None.
2018-02-04 22:28:33.255, Info      [AppraiserNode::PopulateAppraiserNodeUsingXML] Node name is HardwareItem, GetAppraiserResult finished, hr = 0x0.
2018-02-04 22:28:33.255, Info      [AppraiserNode::PopulateAppraiserNodeUsingXML] Finally, searching arrives at leaf node.
2018-02-04 22:28:33.255, Info      [AppraiserNode::PopulateAppraiserNodeUsingXML] Current system is 64bits.
2018-02-04 22:28:33.255, Info      [AppraiserNode::PopulateAppraiserNodeUsingXML] Node name is HardwareItem, blocktype is None.
2018-02-04 22:28:33.255, Info      [AppraiserNode::PopulateAppraiserNodeUsingXML] Node name is HardwareItem, GetAppraiserResult finished, hr = 0x0.
2018-02-04 22:28:33.255, Info      [AppraiserNode::PopulateAppraiserNodeUsingXML] Finally, searching arrives at leaf node.
2018-02-04 22:28:33.255, Info      [AppraiserNode::PopulateAppraiserNodeUsingXML] Current system is 64bits.
2018-02-04 22:28:33.255, Info      [AppraiserNode::PopulateAppraiserNodeUsingXML] Node name is HardwareItem, blocktype is None.
2018-02-04 22:28:33.255, Info      [AppraiserNode::PopulateAppraiserNodeUsingXML] Node name is HardwareItem, GetAppraiserResult finished, hr = 0x0.
2018-02-04 22:28:33.255, Info      [AppraiserNode::PopulateAppraiserNodeUsingXML] Node name is Hardware, GetAppraiserResult finished, hr = 0x0.
2018-02-04 22:28:33.255, Info      [AppraiserNode::PopulateAppraiserNodeUsingXML] Node name is CloudBlocks, GetAppraiserResult finished, hr = 0x0.
2018-02-04 22:28:33.255, Info      [AppraiserNode::PopulateAppraiserNodeUsingXML] Node name is UpgradeAdvisorReport, GetAppraiserResult finished, hr = 0x0.
2018-02-04 22:28:33.255, Info      [GetAppraiserResult] GetAppraiserResult finished, hr = 0x0.
2018-02-04 22:28:33.271, Info      [CompatCheckAction::InternalExecute] X64 compitability value is 0
2018-02-04 22:28:33.271, Info      [CompatCheckAction::InternalExecute] CompatCheckAction::InternalExecute finished, hr = 0x0.
2018-02-04 22:28:33.271, Info      State manager get called back with state CheckingCompat, hr 0x0
2018-02-04 22:28:33.271, Info      Completed PerformTaskInternal in thread: [3772]
2018-02-04 22:28:33.271, Info      State manager originalState CheckingCompat, m_State CheckingCompat.
2018-02-04 22:28:33.271, Info      [TelemetryUpgrade::CanSendTelemetry]  Telemetry allowed on Win10 and above.
2018-02-04 22:28:33.271, Info      [TelemetryUpgrade::TelemetryBasedOnBiLibrary::SendInteractionData] request: /gwx/vanilla?ts=1517754513271&SQM=b698ce9796f444b1a65fafbd6ed2c4fb&GWX=(null)&WU=8d63da0d1e4249fa8e9160e0cc02094f&WER=(null)&CS=15&OSVersion=10.0.15063&STG=win10Vanilla&ER=Completed&LANG=1033&IT=(null)&IM=(null)&CCR=0&RM=(null)&PTN=e52abfc276bb4908883fca581fdd83f9&EC=(null)&SEC=(null)&SUEC=(null)&SI=cc71cbb6dd7142e78f0a292a53674bbf&CV=(null)&VER=1.4.9200.22329&MD=1&FLT=OobeRs2Rs3&UPS=UserPerformUpgrade&WUAUI=OobeUi&WDS=Restored&DJR=false&CT=false
2018-02-04 22:28:33.271, Info      [WinUtil::RunCommand]  Command Line: HttpHelper.exe "g.bing.com" "/gwx/vanilla?ts=1517754513271&SQM=b698ce9796f444b1a65fafbd6ed2c4fb&GWX=(null)&WU=8d63da0d1e4249fa8e9160e0cc02094f&WER=(null)&CS=15&OSVersion=10.0.15063&STG=win10Vanilla&ER=Completed&LANG=1033&IT=(null)&IM=(null)&CCR=0&RM=(null)&PTN=e52abfc276bb4908883fca581fdd83f9&EC=(null)&SEC=(null)&SUEC=(null)&SI=cc71cbb6dd7142e78f0a292a53674bbf&CV=(null)&VER=1.4.9200.22329&MD=1&FLT=OobeRs2Rs3&UPS=UserPerformUpgrade&WUAUI=OobeUi&WDS=Restored&DJR=false&CT=false"
2018-02-04 22:28:33.271, Info      [TelemetryUpgrade::TelemetryBasedOnBiLibrary::SendInteractionData] request submitted
2018-02-04 22:28:33.271, Info      State manager originalState UserPerformUpgrade, m_State CheckingCompat.
2018-02-04 22:28:33.271, Info      AC Power: Checking if System is on AC power
2018-02-04 22:28:33.271, Info      AC Power: Attempting to prevent system from sleep
2018-02-04 22:28:33.271, Warning   AC Power: Successfully set thread exeution state to prevent system from sleep
2018-02-04 22:28:33.271, Info      [TelemetryUpgrade::CanSendTelemetry]  Telemetry allowed on Win10 and above.
2018-02-04 22:28:33.271, Info      [TelemetryUpgrade::TelemetryBasedOnBiLibrary::SendInteractionData] request: /gwx/vanilla?ts=1517754513271&SQM=b698ce9796f444b1a65fafbd6ed2c4fb&GWX=(null)&WU=8d63da0d1e4249fa8e9160e0cc02094f&WER=(null)&CS=15&OSVersion=10.0.15063&STG=win10Vanilla&ER=Completed&LANG=1033&IT=(null)&IM=(null)&CCR=0&RM=(null)&PTN=e52abfc276bb4908883fca581fdd83f9&EC=(null)&SEC=(null)&SUEC=(null)&SI=cc71cbb6dd7142e78f0a292a53674bbf&CV=(null)&VER=1.4.9200.22329&MD=1&FLT=OobeRs2Rs3&UPS=Downloading&WUAUI=OobeUi&WDS=Restored&DJR=false&CT=false
2018-02-04 22:28:33.271, Info      [WinUtil::RunCommand]  Command Line: HttpHelper.exe "g.bing.com" "/gwx/vanilla?ts=1517754513271&SQM=b698ce9796f444b1a65fafbd6ed2c4fb&GWX=(null)&WU=8d63da0d1e4249fa8e9160e0cc02094f&WER=(null)&CS=15&OSVersion=10.0.15063&STG=win10Vanilla&ER=Completed&LANG=1033&IT=(null)&IM=(null)&CCR=0&RM=(null)&PTN=e52abfc276bb4908883fca581fdd83f9&EC=(null)&SEC=(null)&SUEC=(null)&SI=cc71cbb6dd7142e78f0a292a53674bbf&CV=(null)&VER=1.4.9200.22329&MD=1&FLT=OobeRs2Rs3&UPS=Downloading&WUAUI=OobeUi&WDS=Restored&DJR=false&CT=false"
2018-02-04 22:28:33.271, Info      [TelemetryUpgrade::TelemetryBasedOnBiLibrary::SendInteractionData] request submitted
2018-02-04 22:28:33.271, Info      Perform async task: state Downloading
2018-02-04 22:28:33.271, Info      Updating UI Downloading
2018-02-04 22:28:33.271, Info      Calling js function to transform state Downloading: javascript:updateControls(80, "DownloadProgress:0\n")
2018-02-04 22:28:33.271, Info      Starting PerformTaskInternal in thread: [6192]
2018-02-04 22:28:33.271, Info      Executing action for state [Downloading]...
2018-02-04 22:28:33.271, Warning   [WinUtil::ClearAttrAndDeleteFile]  C:\\Windows10Upgrade\ESD_DECRYPTED does not exist, or is not a file.
2018-02-04 22:28:33.271, Warning   [RunESDDownloaderAction::InternalExecute] Failed to delete the file [C:\\Windows10Upgrade\ESD_DECRYPTED], HRESULT = 0x0
2018-02-04 22:28:33.271, Info      Can't find usable ESD from the $Windows.~BT folder
2018-02-04 22:28:33.271, Info      Getting configuration DownloadESDFolder from config file
2018-02-04 22:28:33.271, Warning   [GetConfigurationByKey]  File:utility.cpp, Line:269 failed with error code 0x80070002
2018-02-04 22:28:33.271, Info      Writing [Default] configuration DownloadESDFolder=C:\Windows10Upgrade\ to config file
2018-02-04 22:28:33.271, Info      Download ESD file to: C:\Windows10Upgrade\
2018-02-04 22:28:33.271, Info      Launching Downloader. retry: 0, esdFileCorruptionRetry: 0
2018-02-04 22:28:34.281, Info      Updating UI Downloading
2018-02-04 22:28:34.281, Info      Calling js function to transform state Downloading: javascript:updateControls(80, "DownloadState:1\n")
2018-02-04 22:28:35.283, Info      Updating UI Downloading
2018-02-04 22:28:35.283, Info      Calling js function to transform state Downloading: javascript:updateControls(80, "DownloadState:2\n")
2018-02-04 22:28:51.383, Info      Updating UI Downloading
2018-02-04 22:28:51.383, Info      Calling js function to transform state Downloading: javascript:updateControls(80, "DownloadProgress:1\nDownloadState:2\n")
2018-02-04 22:29:05.481, Info      Updating UI Downloading
2018-02-04 22:29:05.481, Info      Calling js function to transform state Downloading: javascript:updateControls(80, "DownloadProgress:2\nDownloadState:2\n")
2018-02-04 22:29:17.552, Info      Updating UI Downloading
2018-02-04 22:29:17.552, Info      Calling js function to transform state Downloading: javascript:updateControls(80, "DownloadProgress:3\nDownloadState:2\n")
2018-02-04 22:29:29.654, Info      Updating UI Downloading
2018-02-04 22:29:29.654, Info      Calling js function to transform state Downloading: javascript:updateControls(80, "DownloadProgress:4\nDownloadState:2\n")
2018-02-04 22:29:41.759, Info      Updating UI Downloading
2018-02-04 22:29:41.759, Info      Calling js function to transform state Downloading: javascript:updateControls(80, "DownloadProgress:5\nDownloadState:2\n")
2018-02-04 22:29:58.902, Info      Updating UI Downloading
2018-02-04 22:29:58.902, Info      Calling js function to transform state Downloading: javascript:updateControls(80, "DownloadProgress:6\nDownloadState:2\n")
2018-02-04 22:30:11.983, Info      Updating UI Downloading
2018-02-04 22:30:11.983, Info      Calling js function to transform state Downloading: javascript:updateControls(80, "DownloadProgress:7\nDownloadState:2\n")
2018-02-04 22:30:26.100, Info      Updating UI Downloading
2018-02-04 22:30:26.100, Info      Calling js function to transform state Downloading: javascript:updateControls(80, "DownloadProgress:8\nDownloadState:2\n")
2018-02-04 22:30:39.223, Info      Updating UI Downloading
2018-02-04 22:30:39.223, Info      Calling js function to transform state Downloading: javascript:updateControls(80, "DownloadProgress:9\nDownloadState:2\n")
2018-02-04 22:30:58.476, Info      Updating UI Downloading
2018-02-04 22:30:58.476, Info      Calling js function to transform state Downloading: javascript:updateControls(80, "DownloadProgress:10\nDownloadState:2\n")
2018-02-04 22:31:12.554, Info      Updating UI Downloading
2018-02-04 22:31:12.554, Info      Calling js function to transform state Downloading: javascript:updateControls(80, "DownloadProgress:11\nDownloadState:2\n")
2018-02-04 22:31:31.678, Info      Updating UI Downloading
2018-02-04 22:31:31.678, Info      Calling js function to transform state Downloading: javascript:updateControls(80, "DownloadProgress:12\nDownloadState:2\n")
2018-02-04 22:31:46.787, Info      Updating UI Downloading
2018-02-04 22:31:46.787, Info      Calling js function to transform state Downloading: javascript:updateControls(80, "DownloadProgress:13\nDownloadState:2\n")
2018-02-04 22:31:58.878, Info      Updating UI Downloading
2018-02-04 22:31:58.878, Info      Calling js function to transform state Downloading: javascript:updateControls(80, "DownloadProgress:14\nDownloadState:2\n")
2018-02-04 22:32:29.005, Info      Updating UI Downloading
2018-02-04 22:32:29.005, Info      Calling js function to transform state Downloading: javascript:updateControls(80, "DownloadProgress:15\nDownloadState:2\n")
2018-02-04 22:33:20.254, Info      Updating UI Downloading
2018-02-04 22:33:20.254, Info      Calling js function to transform state Downloading: javascript:updateControls(80, "DownloadProgress:16\nDownloadState:2\n")
2018-02-04 22:33:59.502, Info      Updating UI Downloading
2018-02-04 22:33:59.502, Info      Calling js function to transform state Downloading: javascript:updateControls(80, "DownloadProgress:17\nDownloadState:2\n")
2018-02-04 22:34:31.512, Info      Updating UI Downloading
2018-02-04 22:34:31.512, Info      Calling js function to transform state Downloading: javascript:updateControls(80, "DownloadProgress:18\nDownloadState:2\n")
2018-02-04 22:35:56.544, Info      Updating UI Downloading
2018-02-04 22:35:56.544, Info      Calling js function to transform state Downloading: javascript:updateControls(80, "DownloadProgress:19\nDownloadState:2\n")
2018-02-04 22:37:15.566, Info      Updating UI Downloading
2018-02-04 22:37:15.566, Info      Calling js function to transform state Downloading: javascript:updateControls(80, "DownloadProgress:20\nDownloadState:2\n")
2018-02-04 22:38:06.578, Info      Updating UI Downloading
2018-02-04 22:38:06.578, Info      Calling js function to transform state Downloading: javascript:updateControls(80, "DownloadProgress:21\nDownloadState:2\n")
2018-02-04 22:38:20.584, Info      Updating UI Downloading
2018-02-04 22:38:20.584, Info      Calling js function to transform state Downloading: javascript:updateControls(80, "DownloadProgress:22\nDownloadState:2\n")
2018-02-04 22:38:42.593, Info      Updating UI Downloading
2018-02-04 22:38:42.593, Info      Calling js function to transform state Downloading: javascript:updateControls(80, "DownloadProgress:23\nDownloadState:2\n")
2018-02-04 22:39:15.706, Info      Updating UI Downloading
2018-02-04 22:39:15.706, Info      Calling js function to transform state Downloading: javascript:updateControls(80, "DownloadProgress:24\nDownloadState:2\n")
2018-02-04 22:42:50.816, Info      Updating UI Downloading
2018-02-04 22:42:50.816, Info      Calling js function to transform state Downloading: javascript:updateControls(80, "DownloadProgress:25\nDownloadState:2\n")
2018-02-04 22:43:42.030, Info      Updating UI Downloading
2018-02-04 22:43:42.030, Info      Calling js function to transform state Downloading: javascript:updateControls(80, "DownloadProgress:26\nDownloadState:2\n")
2018-02-04 22:44:11.190, Info      Updating UI Downloading
2018-02-04 22:44:11.190, Info      Calling js function to transform state Downloading: javascript:updateControls(80, "DownloadProgress:27\nDownloadState:2\n")
2018-02-04 22:44:27.316, Info      Updating UI Downloading
2018-02-04 22:44:27.316, Info      Calling js function to transform state Downloading: javascript:updateControls(80, "DownloadProgress:28\nDownloadState:2\n")
2018-02-04 22:44:43.451, Info      Updating UI Downloading
2018-02-04 22:44:43.452, Info      Calling js function to transform state Downloading: javascript:updateControls(80, "DownloadProgress:29\nDownloadState:2\n")
2018-02-04 22:44:59.564, Info      Updating UI Downloading
2018-02-04 22:44:59.564, Info      Calling js function to transform state Downloading: javascript:updateControls(80, "DownloadProgress:30\nDownloadState:2\n")
2018-02-04 22:45:15.701, Info      Updating UI Downloading
2018-02-04 22:45:15.701, Info      Calling js function to transform state Downloading: javascript:updateControls(80, "DownloadProgress:31\nDownloadState:2\n")
2018-02-04 22:45:50.945, Info      Updating UI Downloading
2018-02-04 22:45:50.945, Info      Calling js function to transform state Downloading: javascript:updateControls(80, "DownloadProgress:32\nDownloadState:2\n")
2018-02-04 22:46:43.281, Info      Updating UI Downloading
2018-02-04 22:46:43.281, Info      Calling js function to transform state Downloading: javascript:updateControls(80, "DownloadProgress:33\nDownloadState:2\n")
2018-02-04 22:47:28.508, Info      Updating UI Downloading
2018-02-04 22:47:28.508, Info      Calling js function to transform state Downloading: javascript:updateControls(80, "DownloadProgress:34\nDownloadState:2\n")
2018-02-04 22:48:35.972, Info      Updating UI Downloading
2018-02-04 22:48:35.972, Info      Calling js function to transform state Downloading: javascript:updateControls(80, "DownloadProgress:35\nDownloadState:2\n")
2018-02-04 22:49:05.213, Info      Updating UI Downloading
2018-02-04 22:49:05.213, Info      Calling js function to transform state Downloading: javascript:updateControls(80, "DownloadProgress:36\nDownloadState:2\n")
2018-02-04 22:49:23.416, Info      Updating UI Downloading
2018-02-04 22:49:23.416, Info      Calling js function to transform state Downloading: javascript:updateControls(80, "DownloadProgress:37\nDownloadState:2\n")
2018-02-04 22:49:38.538, Info      Updating UI Downloading
2018-02-04 22:49:38.538, Info      Calling js function to transform state Downloading: javascript:updateControls(80, "DownloadProgress:38\nDownloadState:2\n")
2018-02-04 22:49:50.630, Info      Updating UI Downloading
2018-02-04 22:49:50.630, Info      Calling js function to transform state Downloading: javascript:updateControls(80, "DownloadProgress:39\nDownloadState:2\n")
2018-02-04 22:50:03.747, Info      Updating UI Downloading
2018-02-04 22:50:03.747, Info      Calling js function to transform state Downloading: javascript:updateControls(80, "DownloadProgress:40\nDownloadState:2\n")
2018-02-04 22:50:16.855, Info      Updating UI Downloading
2018-02-04 22:50:16.855, Info      Calling js function to transform state Downloading: javascript:updateControls(80, "DownloadProgress:41\nDownloadState:2\n")
2018-02-04 22:50:35.958, Info      Updating UI Downloading
2018-02-04 22:50:35.958, Info      Calling js function to transform state Downloading: javascript:updateControls(80, "DownloadProgress:42\nDownloadState:2\n")
2018-02-04 22:50:50.065, Info      Updating UI Downloading
2018-02-04 22:50:50.065, Info      Calling js function to transform state Downloading: javascript:updateControls(80, "DownloadProgress:43\nDownloadState:2\n")
2018-02-04 22:51:02.137, Info      Updating UI Downloading
2018-02-04 22:51:02.137, Info      Calling js function to transform state Downloading: javascript:updateControls(80, "DownloadProgress:44\nDownloadState:2\n")
2018-02-04 22:51:16.248, Info      Updating UI Downloading
2018-02-04 22:51:16.248, Info      Calling js function to transform state Downloading: javascript:updateControls(80, "DownloadProgress:45\nDownloadState:2\n")
2018-02-04 22:51:28.334, Info      Updating UI Downloading
2018-02-04 22:51:28.334, Info      Calling js function to transform state Downloading: javascript:updateControls(80, "DownloadProgress:46\nDownloadState:2\n")
2018-02-04 22:51:40.458, Info      Updating UI Downloading
2018-02-04 22:51:40.458, Info      Calling js function to transform state Downloading: javascript:updateControls(80, "DownloadProgress:47\nDownloadState:2\n")
2018-02-04 22:51:54.570, Info      Updating UI Downloading
2018-02-04 22:51:54.570, Info      Calling js function to transform state Downloading: javascript:updateControls(80, "DownloadProgress:48\nDownloadState:2\n")
2018-02-04 22:52:09.705, Info      Updating UI Downloading
2018-02-04 22:52:09.705, Info      Calling js function to transform state Downloading: javascript:updateControls(80, "DownloadProgress:49\nDownloadState:2\n")
2018-02-04 22:52:22.803, Info      Updating UI Downloading
2018-02-04 22:52:22.803, Info      Calling js function to transform state Downloading: javascript:updateControls(80, "DownloadProgress:50\nDownloadState:2\n")
2018-02-04 22:52:44.966, Info      Updating UI Downloading
2018-02-04 22:52:44.966, Info      Calling js function to transform state Downloading: javascript:updateControls(80, "DownloadProgress:51\nDownloadState:2\n")
2018-02-04 22:53:04.050, Info      Updating UI Downloading
2018-02-04 22:53:04.050, Info      Calling js function to transform state Downloading: javascript:updateControls(80, "DownloadProgress:52\nDownloadState:2\n")
2018-02-04 22:53:22.089, Info      Updating UI Downloading
2018-02-04 22:53:22.089, Info      Calling js function to transform state Downloading: javascript:updateControls(80, "DownloadProgress:53\nDownloadState:2\n")
2018-02-04 22:54:13.235, Info      Updating UI Downloading
2018-02-04 22:54:13.235, Info      Calling js function to transform state Downloading: javascript:updateControls(80, "DownloadProgress:54\nDownloadState:2\n")
2018-02-04 22:54:33.255, Info      Updating UI Downloading
2018-02-04 22:54:33.255, Info      Calling js function to transform state Downloading: javascript:updateControls(80, "DownloadProgress:55\nDownloadState:2\n")
2018-02-04 22:54:49.321, Info      Updating UI Downloading
2018-02-04 22:54:49.321, Info      Calling js function to transform state Downloading: javascript:updateControls(80, "DownloadProgress:56\nDownloadState:2\n")
2018-02-04 22:55:02.322, Info      Updating UI Downloading
2018-02-04 22:55:02.322, Info      Calling js function to transform state Downloading: javascript:updateControls(80, "DownloadProgress:57\nDownloadState:2\n")
2018-02-04 22:55:17.339, Info      Updating UI Downloading
2018-02-04 22:55:17.339, Info      Calling js function to transform state Downloading: javascript:updateControls(80, "DownloadProgress:58\nDownloadState:2\n")
2018-02-04 22:55:33.403, Info      Updating UI Downloading
2018-02-04 22:55:33.403, Info      Calling js function to transform state Downloading: javascript:updateControls(80, "DownloadProgress:59\nDownloadState:2\n")
2018-02-04 22:55:47.421, Info      Updating UI Downloading
2018-02-04 22:55:47.421, Info      Calling js function to transform state Downloading: javascript:updateControls(80, "DownloadProgress:60\nDownloadState:2\n")
2018-02-04 22:56:02.438, Info      Updating UI Downloading
2018-02-04 22:56:02.438, Info      Calling js function to transform state Downloading: javascript:updateControls(80, "DownloadProgress:61\nDownloadState:2\n")
2018-02-04 22:56:19.455, Info      Updating UI Downloading
2018-02-04 22:56:19.455, Info      Calling js function to transform state Downloading: javascript:updateControls(80, "DownloadProgress:62\nDownloadState:2\n")
2018-02-04 22:56:33.488, Info      Updating UI Downloading
2018-02-04 22:56:33.488, Info      Calling js function to transform state Downloading: javascript:updateControls(80, "DownloadProgress:63\nDownloadState:2\n")
2018-02-04 22:56:47.538, Info      Updating UI Downloading
2018-02-04 22:56:47.538, Info      Calling js function to transform state Downloading: javascript:updateControls(80, "DownloadProgress:64\nDownloadState:2\n")
2018-02-04 22:57:09.678, Info      Updating UI Downloading
2018-02-04 22:57:09.678, Info      Calling js function to transform state Downloading: javascript:updateControls(80, "DownloadProgress:65\nDownloadState:2\n")
2018-02-04 22:57:31.749, Info      Updating UI Downloading
2018-02-04 22:57:31.749, Info      Calling js function to transform state Downloading: javascript:updateControls(80, "DownloadProgress:66\nDownloadState:2\n")
2018-02-04 22:57:57.852, Info      Updating UI Downloading
2018-02-04 22:57:57.852, Info      Calling js function to transform state Downloading: javascript:updateControls(80, "DownloadProgress:67\nDownloadState:2\n")
2018-02-04 22:59:02.921, Info      Updating UI Downloading
2018-02-04 22:59:02.921, Info      Calling js function to transform state Downloading: javascript:updateControls(80, "DownloadProgress:68\nDownloadState:2\n")
2018-02-04 22:59:39.972, Info      Updating UI Downloading
2018-02-04 22:59:39.972, Info      Calling js function to transform state Downloading: javascript:updateControls(80, "DownloadProgress:69\nDownloadState:2\n")
2018-02-04 23:00:45.100, Info      Updating UI Downloading
2018-02-04 23:00:45.100, Info      Calling js function to transform state Downloading: javascript:updateControls(80, "DownloadProgress:70\nDownloadState:2\n")
2018-02-04 23:04:29.155, Info      Updating UI Downloading
2018-02-04 23:04:29.155, Info      Calling js function to transform state Downloading: javascript:updateControls(80, "DownloadProgress:71\nDownloadState:2\n")
2018-02-04 23:06:01.368, Info      Updating UI Downloading
2018-02-04 23:06:01.368, Info      Calling js function to transform state Downloading: javascript:updateControls(80, "DownloadProgress:72\nDownloadState:2\n")
2018-02-04 23:08:33.001, Info      Updating UI Downloading
2018-02-04 23:08:33.001, Info      Calling js function to transform state Downloading: javascript:updateControls(80, "DownloadProgress:73\nDownloadState:2\n")
2018-02-04 23:09:14.131, Info      Updating UI Downloading
2018-02-04 23:09:14.131, Info      Calling js function to transform state Downloading: javascript:updateControls(80, "DownloadProgress:74\nDownloadState:2\n")
2018-02-04 23:10:08.326, Info      Updating UI Downloading
2018-02-04 23:10:08.326, Info      Calling js function to transform state Downloading: javascript:updateControls(80, "DownloadProgress:75\nDownloadState:2\n")
2018-02-04 23:12:01.541, Info      Updating UI Downloading
2018-02-04 23:12:01.541, Info      Calling js function to transform state Downloading: javascript:updateControls(80, "DownloadProgress:76\nDownloadState:2\n")
2018-02-04 23:12:30.587, Info      Updating UI Downloading
2018-02-04 23:12:30.587, Info      Calling js function to transform state Downloading: javascript:updateControls(80, "DownloadProgress:77\nDownloadState:2\n")
2018-02-04 23:12:52.605, Info      Updating UI Downloading
2018-02-04 23:12:52.605, Info      Calling js function to transform state Downloading: javascript:updateControls(80, "DownloadProgress:78\nDownloadState:2\n")
2018-02-04 23:13:07.606, Info      Updating UI Downloading
2018-02-04 23:13:07.606, Info      Calling js function to transform state Downloading: javascript:updateControls(80, "DownloadProgress:79\nDownloadState:2\n")
2018-02-04 23:13:19.607, Info      Updating UI Downloading
2018-02-04 23:13:19.607, Info      Calling js function to transform state Downloading: javascript:updateControls(80, "DownloadProgress:80\nDownloadState:2\n")
2018-02-04 23:13:31.624, Info      Updating UI Downloading
2018-02-04 23:13:31.624, Info      Calling js function to transform state Downloading: javascript:updateControls(80, "DownloadProgress:81\nDownloadState:2\n")
2018-02-04 23:13:48.720, Info      Updating UI Downloading
2018-02-04 23:13:48.720, Info      Calling js function to transform state Downloading: javascript:updateControls(80, "DownloadProgress:82\nDownloadState:2\n")
2018-02-04 23:14:01.737, Info      Updating UI Downloading
2018-02-04 23:14:01.737, Info      Calling js function to transform state Downloading: javascript:updateControls(80, "DownloadProgress:83\nDownloadState:2\n")
2018-02-04 23:14:13.754, Info      Updating UI Downloading
2018-02-04 23:14:13.754, Info      Calling js function to transform state Downloading: javascript:updateControls(80, "DownloadProgress:84\nDownloadState:2\n")
2018-02-04 23:14:27.818, Info      Updating UI Downloading
2018-02-04 23:14:27.818, Info      Calling js function to transform state Downloading: javascript:updateControls(80, "DownloadProgress:85\nDownloadState:2\n")
2018-02-04 23:14:39.882, Info      Updating UI Downloading
2018-02-04 23:14:39.882, Info      Calling js function to transform state Downloading: javascript:updateControls(80, "DownloadProgress:86\nDownloadState:2\n")
2018-02-04 23:14:51.883, Info      Updating UI Downloading
2018-02-04 23:14:51.883, Info      Calling js function to transform state Downloading: javascript:updateControls(80, "DownloadProgress:87\nDownloadState:2\n")
2018-02-04 23:15:04.916, Info      Updating UI Downloading
2018-02-04 23:15:04.916, Info      Calling js function to transform state Downloading: javascript:updateControls(80, "DownloadProgress:88\nDownloadState:2\n")
2018-02-04 23:15:16.917, Info      Updating UI Downloading
2018-02-04 23:15:16.917, Info      Calling js function to transform state Downloading: javascript:updateControls(80, "DownloadProgress:89\nDownloadState:2\n")
2018-02-04 23:15:28.965, Info      Updating UI Downloading
2018-02-04 23:15:28.965, Info      Calling js function to transform state Downloading: javascript:updateControls(80, "DownloadProgress:90\nDownloadState:2\n")
2018-02-04 23:15:43.967, Info      Updating UI Downloading
2018-02-04 23:15:43.967, Info      Calling js function to transform state Downloading: javascript:updateControls(80, "DownloadProgress:91\nDownloadState:2\n")
2018-02-04 23:15:56.006, Info      Updating UI Downloading
2018-02-04 23:15:56.006, Info      Calling js function to transform state Downloading: javascript:updateControls(80, "DownloadProgress:92\nDownloadState:2\n")
2018-02-04 23:16:08.007, Info      Updating UI Downloading
2018-02-04 23:16:08.007, Info      Calling js function to transform state Downloading: javascript:updateControls(80, "DownloadProgress:93\nDownloadState:2\n")
2018-02-04 23:16:28.056, Info      Updating UI Downloading
2018-02-04 23:16:28.056, Info      Calling js function to transform state Downloading: javascript:updateControls(80, "DownloadProgress:94\nDownloadState:2\n")
2018-02-04 23:16:47.105, Info      Updating UI Downloading
2018-02-04 23:16:47.105, Info      Calling js function to transform state Downloading: javascript:updateControls(80, "DownloadProgress:95\nDownloadState:2\n")
2018-02-04 23:17:02.107, Info      Updating UI Downloading
2018-02-04 23:17:02.107, Info      Calling js function to transform state Downloading: javascript:updateControls(80, "DownloadProgress:96\nDownloadState:2\n")
2018-02-04 23:17:34.204, Info      Updating UI Downloading
2018-02-04 23:17:34.204, Info      Calling js function to transform state Downloading: javascript:updateControls(80, "DownloadProgress:97\nDownloadState:2\n")
2018-02-04 23:18:10.301, Info      Updating UI Downloading
2018-02-04 23:18:10.301, Info      Calling js function to transform state Downloading: javascript:updateControls(80, "DownloadProgress:98\nDownloadState:2\n")
2018-02-04 23:18:27.350, Info      Updating UI Downloading
2018-02-04 23:18:27.350, Info      Calling js function to transform state Downloading: javascript:updateControls(80, "DownloadProgress:99\nDownloadState:2\n")
2018-02-04 23:18:46.445, Info      Updating UI Downloading
2018-02-04 23:18:46.445, Info      Calling js function to transform state Downloading: javascript:updateControls(80, "DownloadProgress:1\nDownloadState:3\n")
2018-02-04 23:18:47.445, Info      Updating UI Downloading
2018-02-04 23:18:47.445, Info      Calling js function to transform state Downloading: javascript:updateControls(80, "DownloadProgress:10\nDownloadState:3\n")
2018-02-04 23:18:48.446, Info      Updating UI Downloading
2018-02-04 23:18:48.446, Info      Calling js function to transform state Downloading: javascript:updateControls(80, "DownloadProgress:19\nDownloadState:3\n")
2018-02-04 23:18:49.446, Info      Updating UI Downloading
2018-02-04 23:18:49.446, Info      Calling js function to transform state Downloading: javascript:updateControls(80, "DownloadProgress:28\nDownloadState:3\n")
2018-02-04 23:18:50.446, Info      Updating UI Downloading
2018-02-04 23:18:50.446, Info      Calling js function to transform state Downloading: javascript:updateControls(80, "DownloadProgress:36\nDownloadState:3\n")
2018-02-04 23:18:51.446, Info      Updating UI Downloading
2018-02-04 23:18:51.446, Info      Calling js function to transform state Downloading: javascript:updateControls(80, "DownloadProgress:45\nDownloadState:3\n")
2018-02-04 23:18:52.446, Info      Updating UI Downloading
2018-02-04 23:18:52.446, Info      Calling js function to transform state Downloading: javascript:updateControls(80, "DownloadProgress:54\nDownloadState:3\n")
2018-02-04 23:18:53.446, Info      Updating UI Downloading
2018-02-04 23:18:53.446, Info      Calling js function to transform state Downloading: javascript:updateControls(80, "DownloadProgress:62\nDownloadState:3\n")
2018-02-04 23:18:54.446, Info      Updating UI Downloading
2018-02-04 23:18:54.446, Info      Calling js function to transform state Downloading: javascript:updateControls(80, "DownloadProgress:71\nDownloadState:3\n")
2018-02-04 23:18:55.446, Info      Updating UI Downloading
2018-02-04 23:18:55.446, Info      Calling js function to transform state Downloading: javascript:updateControls(80, "DownloadProgress:80\nDownloadState:3\n")
2018-02-04 23:18:56.446, Info      Updating UI Downloading
2018-02-04 23:18:56.446, Info      Calling js function to transform state Downloading: javascript:updateControls(80, "DownloadProgress:88\nDownloadState:3\n")
2018-02-04 23:18:57.446, Info      Updating UI Downloading
2018-02-04 23:18:57.446, Info      Calling js function to transform state Downloading: javascript:updateControls(80, "DownloadProgress:97\nDownloadState:3\n")
2018-02-04 23:18:57.728, Info      Downloader last state: 4, msg: Professional en-US x64
2018-02-04 23:18:57.728, Info      Downloader hresult: 0x0
2018-02-04 23:18:57.728, Info      [RunESDDownloaderAction::InternalExecute] ESD is not encrypted.
2018-02-04 23:18:57.728, Info      [RunESDDownloaderAction::InternalExecute] Set Restart time telemetry during download = 0.
2018-02-04 23:18:57.728, Info      [RunESDDownloaderAction::InternalExecute] Set Download Image Duration Telemetry = 3024 seconds.
2018-02-04 23:18:57.728, Info      State manager get called back with state Downloading, hr 0x0
2018-02-04 23:18:57.728, Info      Completed PerformTaskInternal in thread: [6192]
2018-02-04 23:18:57.728, Info      State manager originalState Downloading, m_State Downloading.
2018-02-04 23:18:57.728, Info      [TelemetryUpgrade::CanSendTelemetry]  Telemetry allowed on Win10 and above.
2018-02-04 23:18:57.728, Info      [TelemetryUpgrade::TelemetryBasedOnBiLibrary::SendInteractionData] request: /gwx/vanilla?ts=1517757537728&SQM=b698ce9796f444b1a65fafbd6ed2c4fb&GWX=(null)&WU=8d63da0d1e4249fa8e9160e0cc02094f&WER=(null)&CS=15&OSVersion=10.0.15063&STG=win10Vanilla&ER=Completed&LANG=1033&IT=(null)&IM=(null)&CCR=0&RM=(null)&PTN=e52abfc276bb4908883fca581fdd83f9&EC=(null)&SEC=(null)&SUEC=(null)&SI=cc71cbb6dd7142e78f0a292a53674bbf&CV=(null)&VER=1.4.9200.22329&MD=1&FLT=OobeRs2Rs3&UPS=Installing&WUAUI=OobeUi&WDS=Restored&DJR=false&CT=false
2018-02-04 23:18:57.728, Info      [WinUtil::RunCommand]  Command Line: HttpHelper.exe "g.bing.com" "/gwx/vanilla?ts=1517757537728&SQM=b698ce9796f444b1a65fafbd6ed2c4fb&GWX=(null)&WU=8d63da0d1e4249fa8e9160e0cc02094f&WER=(null)&CS=15&OSVersion=10.0.15063&STG=win10Vanilla&ER=Completed&LANG=1033&IT=(null)&IM=(null)&CCR=0&RM=(null)&PTN=e52abfc276bb4908883fca581fdd83f9&EC=(null)&SEC=(null)&SUEC=(null)&SI=cc71cbb6dd7142e78f0a292a53674bbf&CV=(null)&VER=1.4.9200.22329&MD=1&FLT=OobeRs2Rs3&UPS=Installing&WUAUI=OobeUi&WDS=Restored&DJR=false&CT=false"
2018-02-04 23:18:57.743, Info      [TelemetryUpgrade::TelemetryBasedOnBiLibrary::SendInteractionData] request submitted
2018-02-04 23:18:57.743, Info      Perform async task: state Installing
2018-02-04 23:18:57.743, Info      Updating UI Installing
2018-02-04 23:18:57.743, Info      Starting PerformTaskInternal in thread: [2752]
2018-02-04 23:18:57.743, Info      Calling js function to transform state Installing: javascript:updateControls(180, "")
2018-02-04 23:18:57.743, Info      Executing action for state [Installing]...
2018-02-04 23:18:57.743, Warning   [ReadRegistryValueString]  File:utils.cpp, Line:60 failed with error code 0x80004005
2018-02-04 23:18:57.743, Info      Launching Setup Platform ...
2018-02-04 23:18:57.775, Info      Allow telemetry for Setup Platform ...
2018-02-04 23:18:57.775, Info      Setup Platform checks activation status for downlevel ...
2018-02-04 23:18:58.150, Info      Windows is already activated.
2018-02-04 23:18:58.150, Info      Setup Platform Initialize starts ...
2018-02-04 23:18:58.150, Info      Getting configuration TargetDrive from config file
2018-02-04 23:18:58.150, Warning   [GetConfigurationByKey]  File:utility.cpp, Line:269 failed with error code 0x80070002
2018-02-04 23:18:58.150, Info      The setup platform log file path is : C:\$GetCurrent\Logs
2018-02-04 23:18:58.181, Info      Setup Platform sets post oobe script
2018-02-04 23:18:58.181, Info      [CreatePostOOBEScript] The full path of app is C:\Windows10Upgrade\Windows10UpgraderApp.exe
2018-02-04 23:18:58.181, Info      [CreatePostOOBEScript] The key of runonce is Windows10UpgraderApp.exe
2018-02-04 23:18:58.181, Info      Getting configuration DownloadESDFolder from config file
2018-02-04 23:18:58.181, Info      Configuration is retrieved from config file: section Default key DownloadESDFolder value C:\Windows10Upgrade\
2018-02-04 23:18:58.181, Info      Setup Platform sets ESD Path
2018-02-04 23:18:58.181, Warning   Failed to backup ESD file in PathGetDriveNumber, sysDriveNumber = 2, esdDriveNumber = 2
2018-02-04 23:18:58.181, Info      The ESD Path : C:\Windows10Upgrade\16299.125.171213-1220.rs3_release_svc_refresh_CLIENTCONSUMER_RET_X64FRE_en-us.esd
2018-02-04 23:18:58.181, Info      Setup Platform sets PartnerID ...
2018-02-04 23:18:58.181, Info      Setup Platform checks upgrade option ...
2018-02-04 23:18:58.181, Info      Getting configuration UpgradeOption from config file
2018-02-04 23:18:58.181, Warning   [GetConfigurationByKey]  File:utility.cpp, Line:269 failed with error code 0x80070002
2018-02-04 23:18:58.181, Info      Can't find valid upgrade Option from configuration file, try user option
2018-02-04 23:18:58.181, Info      No Upgrade Option can be found from user option either, select the default upgrade option according to system version
2018-02-04 23:18:58.181, Info      Default upgrade option for win10: silent, no eula, no oobe
2018-02-04 23:18:58.181, Info      System Version : 6.200000, DefaultUpgradeOption = 1536
2018-02-04 23:18:58.181, Info      Setup Platform sets upgrade option ...
2018-02-04 23:18:58.181, Info      Setup Platform sets report func ...
2018-02-04 23:18:58.181, Info      Setup Platform syncs data ...
2018-02-04 23:18:58.181, Info      	In :
             	     pguidExternalId            : {}
             	     uRestartTimesDuringDownload: 0
             	     uDownloadImageDuration     : 3024
             	     pTimeAssistantShowUp       : 2018/02/04 22:27:24.010
             	Out:             	     pcwDeviceId                 :ef1ea1a1b59a8f0010bf774f5f5bfebdb30f4e57
             	     pcwCollerationVector        :j4v9y/sE7ke6SuvP.999

2018-02-04 23:18:58.181, Info      Setup Platform Update the CV to j4v9y/sE7ke6SuvP.999,
2018-02-04 23:18:58.181, Info      Setup Platform starts deployment ...
2018-02-04 23:18:58.181, Info      Updating UI Installing
2018-02-04 23:18:58.181, Info          [  1] ReportType: ExecuteAction                         (0x1000)

2018-02-04 23:18:58.181, Info                ActionType: EnableWUNoAutoReboot                  (0x3700)


2018-02-04 23:18:58.181, Info      Calling js function to transform state Installing: javascript:updateControls(180, "InstallProgress:0\n")
2018-02-04 23:19:08.424, Info      Updating UI Installing
2018-02-04 23:19:08.424, Info          [  2] ReportType: ExecuteActionSucceed                  (0x2000)

2018-02-04 23:19:08.424, Info                ActionType: EnableWUNoAutoReboot                  (0x3700)


2018-02-04 23:19:08.424, Info      Calling js function to transform state Installing: javascript:updateControls(180, "InstallProgress:2\n")
2018-02-04 23:19:08.424, Info      Updating UI Installing
2018-02-04 23:19:08.424, Info          [  3] ReportType: ExecuteAction                         (0x1000)

2018-02-04 23:19:08.424, Info                ActionType: StartWUService                        (0x3300)


2018-02-04 23:19:08.439, Info      Updating UI Installing
2018-02-04 23:19:08.439, Info          [  4] ReportType: ExecuteActionSucceed                  (0x2000)

2018-02-04 23:19:08.439, Info                ActionType: StartWUService                        (0x3300)


2018-02-04 23:19:08.439, Info      Updating UI Installing
2018-02-04 23:19:08.439, Info          [  5] ReportType: ExecuteAction                         (0x1000)

2018-02-04 23:19:08.439, Info                ActionType: ConfigWUPolicy                        (0x3400)


2018-02-04 23:19:08.439, Info      Updating UI Installing
2018-02-04 23:19:08.439, Info          [  6] ReportType: ExecuteActionSucceed                  (0x2000)

2018-02-04 23:19:08.439, Info                ActionType: ConfigWUPolicy                        (0x3400)


2018-02-04 23:19:08.439, Info      Updating UI Installing
2018-02-04 23:19:08.439, Info          [  7] ReportType: ExecuteAction                         (0x1000)

2018-02-04 23:19:08.439, Info                ActionType: DecryptEsdFile                        (0x2600)


2018-02-04 23:19:08.439, Info      Calling js function to transform state Installing: javascript:updateControls(180, "InstallProgress:2\n")
2018-02-04 23:19:08.439, Info      Calling js function to transform state Installing: javascript:updateControls(180, "InstallProgress:2\n")
2018-02-04 23:19:08.439, Info      Calling js function to transform state Installing: javascript:updateControls(180, "InstallProgress:2\n")
2018-02-04 23:19:08.439, Info      Calling js function to transform state Installing: javascript:updateControls(180, "InstallProgress:2\n")
2018-02-04 23:19:08.439, Info      Calling js function to transform state Installing: javascript:updateControls(180, "InstallProgress:2\n")
2018-02-04 23:19:08.533, Info      Updating UI Installing
2018-02-04 23:19:08.533, Info          [  8] ReportType: ExecuteAction                         (0x1000)

2018-02-04 23:19:08.533, Info                ActionType: DecryptEsdFile                        (0x2600)


2018-02-04 23:19:08.533, Info      Calling js function to transform state Installing: javascript:updateControls(180, "InstallProgress:2\n")
2018-02-04 23:19:10.533, Info      Updating UI Installing
2018-02-04 23:19:10.533, Info          [  9] ReportType: ExecuteAction                         (0x1000)

2018-02-04 23:19:10.533, Info                ActionType: DecryptEsdFile                        (0x2600)


2018-02-04 23:19:10.533, Info      Calling js function to transform state Installing: javascript:updateControls(180, "InstallProgress:5\n")
2018-02-04 23:19:11.533, Info      Updating UI Installing
2018-02-04 23:19:11.533, Info          [ 10] ReportType: ExecuteAction                         (0x1000)

2018-02-04 23:19:11.533, Info                ActionType: DecryptEsdFile                        (0x2600)


2018-02-04 23:19:11.533, Info      Calling js function to transform state Installing: javascript:updateControls(180, "InstallProgress:7\n")
2018-02-04 23:19:14.533, Info      Updating UI Installing
2018-02-04 23:19:14.533, Info          [ 11] ReportType: ExecuteAction                         (0x1000)

2018-02-04 23:19:14.533, Info                ActionType: DecryptEsdFile                        (0x2600)


2018-02-04 23:19:14.533, Info      Calling js function to transform state Installing: javascript:updateControls(180, "InstallProgress:8\n")
2018-02-04 23:19:18.536, Info      Updating UI Installing
2018-02-04 23:19:18.536, Info          [ 12] ReportType: ExecuteAction                         (0x1000)

2018-02-04 23:19:18.536, Info                ActionType: DecryptEsdFile                        (0x2600)


2018-02-04 23:19:18.536, Info      Calling js function to transform state Installing: javascript:updateControls(180, "InstallProgress:13\n")
2018-02-04 23:19:20.537, Info      Updating UI Installing
2018-02-04 23:19:20.537, Info          [ 13] ReportType: ExecuteAction                         (0x1000)

2018-02-04 23:19:20.537, Info                ActionType: DecryptEsdFile                        (0x2600)


2018-02-04 23:19:20.537, Info      Calling js function to transform state Installing: javascript:updateControls(180, "InstallProgress:13\n")
2018-02-04 23:19:23.537, Info      Updating UI Installing
2018-02-04 23:19:23.537, Info          [ 14] ReportType: ExecuteAction                         (0x1000)

2018-02-04 23:19:23.537, Info                ActionType: DecryptEsdFile                        (0x2600)


2018-02-04 23:19:23.537, Info      Calling js function to transform state Installing: javascript:updateControls(180, "InstallProgress:14\n")
2018-02-04 23:19:26.569, Info      Updating UI Installing
2018-02-04 23:19:26.569, Info          [ 15] ReportType: ExecuteAction                         (0x1000)

2018-02-04 23:19:26.569, Info                ActionType: DecryptEsdFile                        (0x2600)


2018-02-04 23:19:26.569, Info      Calling js function to transform state Installing: javascript:updateControls(180, "InstallProgress:15\n")
2018-02-04 23:19:30.600, Info      Updating UI Installing
2018-02-04 23:19:30.600, Info          [ 16] ReportType: ExecuteAction                         (0x1000)

2018-02-04 23:19:30.600, Info                ActionType: DecryptEsdFile                        (0x2600)


2018-02-04 23:19:30.600, Info      Calling js function to transform state Installing: javascript:updateControls(180, "InstallProgress:16\n")
2018-02-04 23:19:33.616, Info      Updating UI Installing
2018-02-04 23:19:33.616, Info          [ 17] ReportType: ExecuteAction                         (0x1000)

2018-02-04 23:19:33.616, Info                ActionType: DecryptEsdFile                        (0x2600)


2018-02-04 23:19:33.616, Info      Calling js function to transform state Installing: javascript:updateControls(180, "InstallProgress:17\n")
2018-02-04 23:19:36.742, Info      Updating UI Installing
2018-02-04 23:19:36.742, Info          [ 18] ReportType: ExecuteAction                         (0x1000)

2018-02-04 23:19:36.742, Info                ActionType: DecryptEsdFile                        (0x2600)


2018-02-04 23:19:36.742, Info      Calling js function to transform state Installing: javascript:updateControls(180, "InstallProgress:18\n")
2018-02-04 23:19:37.757, Info      Updating UI Installing
2018-02-04 23:19:37.757, Info          [ 19] ReportType: ExecuteAction                         (0x1000)

2018-02-04 23:19:37.757, Info                ActionType: DecryptEsdFile                        (0x2600)


2018-02-04 23:19:37.757, Info      Calling js function to transform state Installing: javascript:updateControls(180, "InstallProgress:20\n")
2018-02-04 23:19:38.757, Info      Updating UI Installing
2018-02-04 23:19:38.757, Info          [ 20] ReportType: ExecuteAction                         (0x1000)

2018-02-04 23:19:38.757, Info                ActionType: DecryptEsdFile                        (0x2600)


2018-02-04 23:19:38.757, Info      Calling js function to transform state Installing: javascript:updateControls(180, "InstallProgress:22\n")
2018-02-04 23:19:39.757, Info      Updating UI Installing
2018-02-04 23:19:39.757, Info          [ 21] ReportType: ExecuteAction                         (0x1000)

2018-02-04 23:19:39.757, Info                ActionType: DecryptEsdFile                        (0x2600)


2018-02-04 23:19:39.757, Info      Calling js function to transform state Installing: javascript:updateControls(180, "InstallProgress:25\n")
2018-02-04 23:19:40.773, Info      Updating UI Installing
2018-02-04 23:19:40.773, Info          [ 22] ReportType: ExecuteAction                         (0x1000)

2018-02-04 23:19:40.773, Info                ActionType: DecryptEsdFile                        (0x2600)


2018-02-04 23:19:40.773, Info      Calling js function to transform state Installing: javascript:updateControls(180, "InstallProgress:28\n")
2018-02-04 23:19:41.820, Info      Updating UI Installing
2018-02-04 23:19:41.820, Info          [ 23] ReportType: ExecuteAction                         (0x1000)

2018-02-04 23:19:41.820, Info                ActionType: DecryptEsdFile                        (0x2600)


2018-02-04 23:19:41.820, Info      Calling js function to transform state Installing: javascript:updateControls(180, "InstallProgress:29\n")
2018-02-04 23:19:42.852, Info      Updating UI Installing
2018-02-04 23:19:42.852, Info          [ 24] ReportType: ExecuteAction                         (0x1000)

2018-02-04 23:19:42.852, Info                ActionType: DecryptEsdFile                        (0x2600)


2018-02-04 23:19:42.852, Info      Calling js function to transform state Installing: javascript:updateControls(180, "InstallProgress:32\n")
2018-02-04 23:19:43.852, Info      Updating UI Installing
2018-02-04 23:19:43.852, Info          [ 25] ReportType: ExecuteAction                         (0x1000)

2018-02-04 23:19:43.852, Info                ActionType: DecryptEsdFile                        (0x2600)


2018-02-04 23:19:43.852, Info      Calling js function to transform state Installing: javascript:updateControls(180, "InstallProgress:33\n")
2018-02-04 23:19:44.852, Info      Updating UI Installing
2018-02-04 23:19:44.852, Info          [ 26] ReportType: ExecuteAction                         (0x1000)

2018-02-04 23:19:44.852, Info                ActionType: DecryptEsdFile                        (0x2600)


2018-02-04 23:19:44.852, Info      Calling js function to transform state Installing: javascript:updateControls(180, "InstallProgress:34\n")
2018-02-04 23:19:46.868, Info      Updating UI Installing
2018-02-04 23:19:46.868, Info          [ 27] ReportType: ExecuteAction                         (0x1000)

2018-02-04 23:19:46.868, Info                ActionType: DecryptEsdFile                        (0x2600)


2018-02-04 23:19:46.868, Info      Calling js function to transform state Installing: javascript:updateControls(180, "InstallProgress:35\n")
2018-02-04 23:19:48.899, Info      Updating UI Installing
2018-02-04 23:19:48.899, Info          [ 28] ReportType: ExecuteAction                         (0x1000)

2018-02-04 23:19:48.899, Info                ActionType: DecryptEsdFile                        (0x2600)


2018-02-04 23:19:48.899, Info      Calling js function to transform state Installing: javascript:updateControls(180, "InstallProgress:36\n")
2018-02-04 23:19:50.899, Info      Updating UI Installing
2018-02-04 23:19:50.899, Info          [ 29] ReportType: ExecuteAction                         (0x1000)

2018-02-04 23:19:50.899, Info                ActionType: DecryptEsdFile                        (0x2600)


2018-02-04 23:19:50.899, Info      Calling js function to transform state Installing: javascript:updateControls(180, "InstallProgress:36\n")
2018-02-04 23:19:54.900, Info      Updating UI Installing
2018-02-04 23:19:54.900, Info          [ 30] ReportType: ExecuteAction                         (0x1000)

2018-02-04 23:19:54.900, Info                ActionType: DecryptEsdFile                        (0x2600)


2018-02-04 23:19:54.900, Info      Calling js function to transform state Installing: javascript:updateControls(180, "InstallProgress:43\n")
2018-02-04 23:19:56.916, Info      Updating UI Installing
2018-02-04 23:19:56.916, Info          [ 31] ReportType: ExecuteAction                         (0x1000)

2018-02-04 23:19:56.916, Info                ActionType: DecryptEsdFile                        (0x2600)


2018-02-04 23:19:56.916, Info      Calling js function to transform state Installing: javascript:updateControls(180, "InstallProgress:43\n")
2018-02-04 23:20:06.932, Info      Updating UI Installing
2018-02-04 23:20:06.932, Info          [ 32] ReportType: ExecuteAction                         (0x1000)

2018-02-04 23:20:06.932, Info                ActionType: DecryptEsdFile                        (0x2600)


2018-02-04 23:20:06.932, Info      Calling js function to transform state Installing: javascript:updateControls(180, "InstallProgress:46\n")
2018-02-04 23:20:07.932, Info      Updating UI Installing
2018-02-04 23:20:07.932, Info          [ 33] ReportType: ExecuteAction                         (0x1000)

2018-02-04 23:20:07.932, Info                ActionType: DecryptEsdFile                        (0x2600)


2018-02-04 23:20:07.932, Info      Calling js function to transform state Installing: javascript:updateControls(180, "InstallProgress:49\n")
2018-02-04 23:20:08.932, Info      Updating UI Installing
2018-02-04 23:20:08.932, Info          [ 34] ReportType: ExecuteAction                         (0x1000)

2018-02-04 23:20:08.932, Info                ActionType: DecryptEsdFile                        (0x2600)


2018-02-04 23:20:08.932, Info      Calling js function to transform state Installing: javascript:updateControls(180, "InstallProgress:52\n")
2018-02-04 23:20:09.933, Info      Updating UI Installing
2018-02-04 23:20:09.933, Info          [ 35] ReportType: ExecuteAction                         (0x1000)

2018-02-04 23:20:09.933, Info                ActionType: DecryptEsdFile                        (0x2600)


2018-02-04 23:20:09.933, Info      Calling js function to transform state Installing: javascript:updateControls(180, "InstallProgress:57\n")
2018-02-04 23:20:10.933, Info      Updating UI Installing
2018-02-04 23:20:10.933, Info          [ 36] ReportType: ExecuteAction                         (0x1000)

2018-02-04 23:20:10.933, Info                ActionType: DecryptEsdFile                        (0x2600)


2018-02-04 23:20:10.933, Info      Calling js function to transform state Installing: javascript:updateControls(180, "InstallProgress:60\n")
2018-02-04 23:20:11.933, Info      Updating UI Installing
2018-02-04 23:20:11.933, Info          [ 37] ReportType: ExecuteAction                         (0x1000)

2018-02-04 23:20:11.933, Info                ActionType: DecryptEsdFile                        (0x2600)


2018-02-04 23:20:11.933, Info      Calling js function to transform state Installing: javascript:updateControls(180, "InstallProgress:63\n")
2018-02-04 23:20:12.933, Info      Updating UI Installing
2018-02-04 23:20:12.933, Info          [ 38] ReportType: ExecuteAction                         (0x1000)

2018-02-04 23:20:12.933, Info                ActionType: DecryptEsdFile                        (0x2600)


2018-02-04 23:20:12.933, Info      Calling js function to transform state Installing: javascript:updateControls(180, "InstallProgress:66\n")
2018-02-04 23:20:13.886, Info      Updating UI Installing
2018-02-04 23:20:13.886, Info          [ 39] ReportType: ExecuteAction                         (0x1000)

2018-02-04 23:20:13.886, Info                ActionType: DecryptEsdFile                        (0x2600)


2018-02-04 23:20:13.886, Info      Calling js function to transform state Installing: javascript:updateControls(180, "InstallProgress:71\n")
2018-02-04 23:20:14.199, Info      Updating UI Installing
2018-02-04 23:20:14.199, Info          [ 40] ReportType: ExecuteActionSucceed                  (0x2000)

2018-02-04 23:20:14.199, Info                ActionType: DecryptEsdFile                        (0x2600)


2018-02-04 23:20:14.199, Info      Updating UI Installing
2018-02-04 23:20:14.199, Info      Calling js function to transform state Installing: javascript:updateControls(180, "InstallProgress:71\n")
2018-02-04 23:20:14.199, Info          [ 41] ReportType: ExecuteAction                         (0x1000)

2018-02-04 23:20:14.199, Info                ActionType: DeleteSourceSetup                     (0x 900)


2018-02-04 23:20:14.199, Info      Updating UI Installing
2018-02-04 23:20:14.199, Info          [ 42] ReportType: ExecuteActionSucceed                  (0x2000)

2018-02-04 23:20:14.199, Info                ActionType: DeleteSourceSetup                     (0x 900)


2018-02-04 23:20:14.199, Info      Updating UI Installing
2018-02-04 23:20:14.199, Info          [ 43] ReportType: ExecuteAction                         (0x1000)

2018-02-04 23:20:14.199, Info                ActionType: SaveRollbackInformation               (0x2200)


2018-02-04 23:20:14.199, Info      Calling js function to transform state Installing: javascript:updateControls(180, "InstallProgress:71\n")
2018-02-04 23:20:14.199, Info      Calling js function to transform state Installing: javascript:updateControls(180, "InstallProgress:71\n")
2018-02-04 23:20:14.214, Info      Calling js function to transform state Installing: javascript:updateControls(180, "InstallProgress:71\n")
2018-02-04 23:20:14.214, Info      Updating UI Installing
2018-02-04 23:20:14.214, Info          [ 44] ReportType: ExecuteActionSucceed                  (0x2000)

2018-02-04 23:20:14.214, Info                ActionType: SaveRollbackInformation               (0x2200)


2018-02-04 23:20:14.214, Info      Calling js function to transform state Installing: javascript:updateControls(180, "InstallProgress:71\n")
2018-02-04 23:20:14.214, Info      Updating UI Installing
2018-02-04 23:20:14.214, Info          [ 45] ReportType: ExecuteAction                         (0x1000)

2018-02-04 23:20:14.214, Info                ActionType: Unknown                               (0x3800)


2018-02-04 23:20:14.214, Info      Calling js function to transform state Installing: javascript:updateControls(180, "InstallProgress:71\n")
2018-02-04 23:20:14.230, Info      Updating UI Installing
2018-02-04 23:20:14.230, Info          [ 46] ReportType: ExecuteActionSucceed                  (0x2000)

2018-02-04 23:20:14.230, Info                ActionType: Unknown                               (0x3800)


2018-02-04 23:20:14.230, Info      Updating UI Installing
2018-02-04 23:20:14.230, Info      Calling js function to transform state Installing: javascript:updateControls(180, "InstallProgress:71\n")
2018-02-04 23:20:14.230, Info          [ 47] ReportType: ExecuteAction                         (0x1000)

2018-02-04 23:20:14.230, Info                ActionType: CreatePreOobeScript                   (0x3600)


2018-02-04 23:20:14.230, Info      Calling js function to transform state Installing: javascript:updateControls(180, "InstallProgress:71\n")
2018-02-04 23:20:14.245, Info      Updating UI Installing
2018-02-04 23:20:14.245, Info          [ 48] ReportType: ExecuteActionSucceed                  (0x2000)

2018-02-04 23:20:14.245, Info                ActionType: CreatePreOobeScript                   (0x3600)


2018-02-04 23:20:14.245, Info      Updating UI Installing
2018-02-04 23:20:14.245, Info          [ 49] ReportType: ExecuteAction                         (0x1000)

2018-02-04 23:20:14.245, Info                ActionType: CreatePostOobeScript                  (0x2300)


2018-02-04 23:20:14.245, Info      Calling js function to transform state Installing: javascript:updateControls(180, "InstallProgress:71\n")
2018-02-04 23:20:14.245, Info      Calling js function to transform state Installing: javascript:updateControls(180, "InstallProgress:71\n")
2018-02-04 23:20:14.245, Info      Updating UI Installing
2018-02-04 23:20:14.245, Info          [ 50] ReportType: ExecuteActionSucceed                  (0x2000)

2018-02-04 23:20:14.245, Info                ActionType: CreatePostOobeScript                  (0x2300)


2018-02-04 23:20:14.245, Info      Updating UI Installing
2018-02-04 23:20:14.245, Info          [ 51] ReportType: ExecuteAction                         (0x1000)

2018-02-04 23:20:14.245, Info                ActionType: ConfigRollbackRun                     (0x2500)


2018-02-04 23:20:14.245, Info      Updating UI Installing
2018-02-04 23:20:14.245, Info          [ 52] ReportType: ExecuteActionSucceed                  (0x2000)

2018-02-04 23:20:14.245, Info                ActionType: ConfigRollbackRun                     (0x2500)


2018-02-04 23:20:14.245, Info      Updating UI Installing
2018-02-04 23:20:14.245, Info          [ 53] ReportType: ExecuteAction                         (0x1000)

2018-02-04 23:20:14.245, Info                ActionType: RunSetupForWin7Later                  (0x2400)


2018-02-04 23:20:14.245, Info      Calling js function to transform state Installing: javascript:updateControls(180, "InstallProgress:71\n")
2018-02-04 23:20:14.245, Info      Calling js function to transform state Installing: javascript:updateControls(180, "InstallProgress:71\n")
2018-02-04 23:20:14.245, Info      Calling js function to transform state Installing: javascript:updateControls(180, "InstallProgress:71\n")
2018-02-04 23:20:14.245, Info      Calling js function to transform state Installing: javascript:updateControls(180, "InstallProgress:71\nFakeInstallProgress:true\n")
2018-02-04 23:34:10.344, Info      Requested URL: app:ExecuteEaseOfAccessSettings
2018-02-04 23:34:10.344, Info      UI callback: executeeaseofaccesssettings
2018-02-04 23:34:10.344, Info      [TelemetryUpgrade::CanSendTelemetry]  Telemetry allowed on Win10 and above.
2018-02-04 23:34:10.344, Info      [TelemetryUpgrade::TelemetryBasedOnBiLibrary::SendInteractionData] request: /gwx/vanilla?ts=1517758450344&SQM=b698ce9796f444b1a65fafbd6ed2c4fb&GWX=(null)&WU=8d63da0d1e4249fa8e9160e0cc02094f&WER=(null)&CS=15&OSVersion=10.0.15063&STG=win10Vanilla&ER=Completed&LANG=1033&IT=ButtonClicked&IM=EaseOfAccessSettings&CCR=0&RM=(null)&PTN=e52abfc276bb4908883fca581fdd83f9&EC=(null)&SEC=(null)&SUEC=(null)&SI=cc71cbb6dd7142e78f0a292a53674bbf&CV=(null)&VER=1.4.9200.22329&MD=1&FLT=OobeRs2Rs3&UPS=Installing&WUAUI=OobeUi&WDS=Restored&DJR=false&CT=false
2018-02-04 23:34:10.344, Info      [WinUtil::RunCommand]  Command Line: HttpHelper.exe "g.bing.com" "/gwx/vanilla?ts=1517758450344&SQM=b698ce9796f444b1a65fafbd6ed2c4fb&GWX=(null)&WU=8d63da0d1e4249fa8e9160e0cc02094f&WER=(null)&CS=15&OSVersion=10.0.15063&STG=win10Vanilla&ER=Completed&LANG=1033&IT=ButtonClicked&IM=EaseOfAccessSettings&CCR=0&RM=(null)&PTN=e52abfc276bb4908883fca581fdd83f9&EC=(null)&SEC=(null)&SUEC=(null)&SI=cc71cbb6dd7142e78f0a292a53674bbf&CV=(null)&VER=1.4.9200.22329&MD=1&FLT=OobeRs2Rs3&UPS=Installing&WUAUI=OobeUi&WDS=Restored&DJR=false&CT=false"
2018-02-04 23:34:10.344, Info      [TelemetryUpgrade::TelemetryBasedOnBiLibrary::SendInteractionData] request submitted
2018-02-04 23:34:10.344, Info      [WinUtil::RunCommand]  Command Line: C:\Windows\explorer.exe ms-settings:easeofaccess-narrator
2018-02-04 23:34:10.344, Info      [SetForegroundWindowByProcessID]  Process ID is 4500
2018-02-04 23:35:11.945, Info      [SetForegroundWindowByProcessID]  Window initialization costs about 60000 milliseconds
2018-02-05 00:11:53.146, Info          [ 54] ReportType: ExecuteActionSucceed                  (0x2000)

2018-02-05 00:11:53.146, Info                ActionType: RunSetupForWin7Later                  (0x2400)


2018-02-05 00:11:53.146, Info          [ 55] ReportType: ExecuteAction                         (0x1000)

2018-02-05 00:11:53.146, Info                ActionType: Unknown                               (0x3900)


2018-02-05 00:11:53.146, Info          [ 56] ReportType: ExecuteActionSucceed                  (0x2000)

2018-02-05 00:11:53.146, Info                ActionType: Unknown                               (0x3900)


2018-02-05 00:11:53.146, Info          [ 57] ReportType: ExecuteAction                         (0x1000)

2018-02-05 00:11:53.146, Info                ActionType: Unknown                               (0x4100)


2018-02-05 00:11:53.146, Info          [ 58] ReportType: ExecuteActionSucceed                  (0x2000)

2018-02-05 00:11:53.146, Info                ActionType: Unknown                               (0x4100)


2018-02-05 00:11:53.146, Info      Updating UI Installing
2018-02-05 00:11:53.146, Info      Setup platform finished its working queue successfully
2018-02-05 00:11:53.146, Info      Calling js function to transform state Installing: javascript:updateControls(180, "InstallProgress:100\n")
2018-02-05 00:11:53.146, Warning   Failed to delete file : C:\Windows10Upgrade\esd.dat, GLE=0x2
2018-02-05 00:11:53.146, Info      [CStateManager::ChangeWindowState] Restore the task from system tray
2018-02-05 00:11:53.146, Info      [TelemetryUpgrade::CanSendTelemetry]  Telemetry allowed on Win10 and above.
2018-02-05 00:11:53.146, Info      [TelemetryUpgrade::TelemetryBasedOnBiLibrary::SendInteractionData] request: /gwx/vanilla?ts=1517760713146&SQM=b698ce9796f444b1a65fafbd6ed2c4fb&GWX=(null)&WU=8d63da0d1e4249fa8e9160e0cc02094f&WER=(null)&CS=15&OSVersion=10.0.15063&STG=win10Vanilla&ER=Completed&LANG=1033&IT=(null)&IM=(null)&CCR=0&RM=(null)&PTN=e52abfc276bb4908883fca581fdd83f9&EC=(null)&SEC=(null)&SUEC=(null)&SI=cc71cbb6dd7142e78f0a292a53674bbf&CV=(null)&VER=1.4.9200.22329&MD=1&FLT=OobeRs2Rs3&UPS=Installing&WUAUI=OobeUi&WDS=Restored&DJR=false&CT=false
2018-02-05 00:11:53.146, Info      [WinUtil::RunCommand]  Command Line: HttpHelper.exe "g.bing.com" "/gwx/vanilla?ts=1517760713146&SQM=b698ce9796f444b1a65fafbd6ed2c4fb&GWX=(null)&WU=8d63da0d1e4249fa8e9160e0cc02094f&WER=(null)&CS=15&OSVersion=10.0.15063&STG=win10Vanilla&ER=Completed&LANG=1033&IT=(null)&IM=(null)&CCR=0&RM=(null)&PTN=e52abfc276bb4908883fca581fdd83f9&EC=(null)&SEC=(null)&SUEC=(null)&SI=cc71cbb6dd7142e78f0a292a53674bbf&CV=(null)&VER=1.4.9200.22329&MD=1&FLT=OobeRs2Rs3&UPS=Installing&WUAUI=OobeUi&WDS=Restored&DJR=false&CT=false"
2018-02-05 00:11:53.162, Info      [TelemetryUpgrade::TelemetryBasedOnBiLibrary::SendInteractionData] request submitted
2018-02-05 00:11:53.162, Info      State manager get called back with state Installing, hr 0x0
2018-02-05 00:11:53.162, Info      Completed PerformTaskInternal in thread: [2752]
2018-02-05 00:11:53.162, Info      State manager originalState Installing, m_State Installing.
2018-02-05 00:11:53.162, Info      [TelemetryUpgrade::CanSendTelemetry]  Telemetry allowed on Win10 and above.
2018-02-05 00:11:53.162, Info      [TelemetryUpgrade::TelemetryBasedOnBiLibrary::SendInteractionData] request: /gwx/vanilla?ts=1517760713162&SQM=b698ce9796f444b1a65fafbd6ed2c4fb&GWX=(null)&WU=8d63da0d1e4249fa8e9160e0cc02094f&WER=(null)&CS=15&OSVersion=10.0.15063&STG=win10Vanilla&ER=Completed&LANG=1033&IT=(null)&IM=(null)&CCR=0&RM=(null)&PTN=e52abfc276bb4908883fca581fdd83f9&EC=(null)&SEC=(null)&SUEC=(null)&SI=cc71cbb6dd7142e78f0a292a53674bbf&CV=(null)&VER=1.4.9200.22329&MD=1&FLT=OobeRs2Rs3&UPS=PostInstallState&WUAUI=OobeUi&WDS=Restored&DJR=false&CT=false
2018-02-05 00:11:53.162, Info      [WinUtil::RunCommand]  Command Line: HttpHelper.exe "g.bing.com" "/gwx/vanilla?ts=1517760713162&SQM=b698ce9796f444b1a65fafbd6ed2c4fb&GWX=(null)&WU=8d63da0d1e4249fa8e9160e0cc02094f&WER=(null)&CS=15&OSVersion=10.0.15063&STG=win10Vanilla&ER=Completed&LANG=1033&IT=(null)&IM=(null)&CCR=0&RM=(null)&PTN=e52abfc276bb4908883fca581fdd83f9&EC=(null)&SEC=(null)&SUEC=(null)&SI=cc71cbb6dd7142e78f0a292a53674bbf&CV=(null)&VER=1.4.9200.22329&MD=1&FLT=OobeRs2Rs3&UPS=PostInstallState&WUAUI=OobeUi&WDS=Restored&DJR=false&CT=false"
2018-02-05 00:11:53.162, Info      [TelemetryUpgrade::TelemetryBasedOnBiLibrary::SendInteractionData] request submitted
2018-02-05 00:11:53.162, Info      Perform async task: state PostInstallState
2018-02-05 00:11:53.162, Info      Starting PerformTaskInternal in thread: [6528]
2018-02-05 00:11:53.162, Info      Executing action for state [PostInstallState]...
2018-02-05 00:11:53.162, Info      [WriteDeviceHealthRollbackFlag] Registry key SOFTWARE\Microsoft\Windows10Upgrader not found
2018-02-05 00:11:53.162, Info      Writing [Default] configuration UserUpgrade=true to config file
2018-02-05 00:11:53.178, Info      Writing [Default] configuration UpgradeClientId={} to config file
2018-02-05 00:11:53.178, Info      Writing [Default] configuration UpgradeCV=j4v9y/sE7ke6SuvP.999 to config file
2018-02-05 00:11:53.193, Info      Getting configuration PartnerId from config file
2018-02-05 00:11:53.193, Warning   [GetConfigurationByKey]  File:utility.cpp, Line:269 failed with error code 0x80070002
2018-02-05 00:11:53.193, Info      [TelemetryUpgrade::CanSendTelemetry]  Telemetry allowed on Win10 and above.
2018-02-05 00:11:53.193, Info      [TelemetryUpgrade::TelemetryBasedOnBiLibrary::SendInteractionData] request: /gwx/vanilla?ts=1517760713193&SQM=b698ce9796f444b1a65fafbd6ed2c4fb&GWX=(null)&WU=8d63da0d1e4249fa8e9160e0cc02094f&WER=(null)&CS=15&OSVersion=10.0.15063&STG=win10Vanilla&ER=Completed&LANG=1033&IT=(null)&IM=(null)&CCR=0&RM=(null)&PTN=e52abfc276bb4908883fca581fdd83f9&EC=(null)&SEC=(null)&SUEC=(null)&SI=cc71cbb6dd7142e78f0a292a53674bbf&CV=j4v9y%2FsE7ke6SuvP.999&VER=1.4.9200.22329&MD=1&FLT=OobeRs2Rs3&UPS=PostInstallState&WUAUI=OobeUi&WDS=Restored&DJR=false&CT=false
2018-02-05 00:11:53.193, Info      [WinUtil::RunCommand]  Command Line: HttpHelper.exe "g.bing.com" "/gwx/vanilla?ts=1517760713193&SQM=b698ce9796f444b1a65fafbd6ed2c4fb&GWX=(null)&WU=8d63da0d1e4249fa8e9160e0cc02094f&WER=(null)&CS=15&OSVersion=10.0.15063&STG=win10Vanilla&ER=Completed&LANG=1033&IT=(null)&IM=(null)&CCR=0&RM=(null)&PTN=e52abfc276bb4908883fca581fdd83f9&EC=(null)&SEC=(null)&SUEC=(null)&SI=cc71cbb6dd7142e78f0a292a53674bbf&CV=j4v9y%2FsE7ke6SuvP.999&VER=1.4.9200.22329&MD=1&FLT=OobeRs2Rs3&UPS=PostInstallState&WUAUI=OobeUi&WDS=Restored&DJR=false&CT=false"
2018-02-05 00:11:53.193, Info      [TelemetryUpgrade::TelemetryBasedOnBiLibrary::SendInteractionData] request submitted
2018-02-05 00:11:53.193, Info      State manager get called back with state PostInstallState, hr 0x0
2018-02-05 00:11:53.193, Info      Completed PerformTaskInternal in thread: [6528]
2018-02-05 00:11:53.193, Info      State manager originalState PostInstallState, m_State PostInstallState.
2018-02-05 00:11:53.193, Info      [TelemetryUpgrade::CanSendTelemetry]  Telemetry allowed on Win10 and above.
2018-02-05 00:11:53.193, Info      [TelemetryUpgrade::TelemetryBasedOnBiLibrary::SendInteractionData] request: /gwx/vanilla?ts=1517760713193&SQM=b698ce9796f444b1a65fafbd6ed2c4fb&GWX=(null)&WU=8d63da0d1e4249fa8e9160e0cc02094f&WER=(null)&CS=15&OSVersion=10.0.15063&STG=win10Vanilla&ER=Completed&LANG=1033&IT=(null)&IM=(null)&CCR=0&RM=(null)&PTN=e52abfc276bb4908883fca581fdd83f9&EC=(null)&SEC=(null)&SUEC=(null)&SI=cc71cbb6dd7142e78f0a292a53674bbf&CV=j4v9y%2FsE7ke6SuvP.999&VER=1.4.9200.22329&MD=1&FLT=OobeRs2Rs3&UPS=WaitForRestartWindows&WUAUI=OobeUi&WDS=Restored&DJR=false&CT=false
2018-02-05 00:11:53.193, Info      [WinUtil::RunCommand]  Command Line: HttpHelper.exe "g.bing.com" "/gwx/vanilla?ts=1517760713193&SQM=b698ce9796f444b1a65fafbd6ed2c4fb&GWX=(null)&WU=8d63da0d1e4249fa8e9160e0cc02094f&WER=(null)&CS=15&OSVersion=10.0.15063&STG=win10Vanilla&ER=Completed&LANG=1033&IT=(null)&IM=(null)&CCR=0&RM=(null)&PTN=e52abfc276bb4908883fca581fdd83f9&EC=(null)&SEC=(null)&SUEC=(null)&SI=cc71cbb6dd7142e78f0a292a53674bbf&CV=j4v9y%2FsE7ke6SuvP.999&VER=1.4.9200.22329&MD=1&FLT=OobeRs2Rs3&UPS=WaitForRestartWindows&WUAUI=OobeUi&WDS=Restored&DJR=false&CT=false"
2018-02-05 00:11:53.193, Info      [TelemetryUpgrade::TelemetryBasedOnBiLibrary::SendInteractionData] request submitted
2018-02-05 00:11:53.193, Info      Updating UI WaitForRestartWindows
2018-02-05 00:11:53.193, Info      Calling js function to transform state WaitForRestartWindows: javascript:updateControls(220, "")
2018-02-05 00:13:01.204, Info      Requested URL: app:RestartWindows
2018-02-05 00:13:01.204, Info      UI callback: restartwindows
2018-02-05 00:13:01.204, Info      [TelemetryUpgrade::CanSendTelemetry]  Telemetry allowed on Win10 and above.
2018-02-05 00:13:01.204, Info      [TelemetryUpgrade::TelemetryBasedOnBiLibrary::SendInteractionData] request: /gwx/vanilla?ts=1517760781204&SQM=b698ce9796f444b1a65fafbd6ed2c4fb&GWX=(null)&WU=8d63da0d1e4249fa8e9160e0cc02094f&WER=(null)&CS=15&OSVersion=10.0.15063&STG=win10Vanilla&ER=Completed&LANG=1033&IT=ButtonClicked&IM=UpgradeNow&CCR=0&RM=(null)&PTN=e52abfc276bb4908883fca581fdd83f9&EC=(null)&SEC=(null)&SUEC=(null)&SI=cc71cbb6dd7142e78f0a292a53674bbf&CV=j4v9y%2FsE7ke6SuvP.999&VER=1.4.9200.22329&MD=1&FLT=OobeRs2Rs3&UPS=WaitForRestartWindows&WUAUI=OobeUi&WDS=Restored&DJR=false&CT=false
2018-02-05 00:13:01.204, Info      [WinUtil::RunCommand]  Command Line: HttpHelper.exe "g.bing.com" "/gwx/vanilla?ts=1517760781204&SQM=b698ce9796f444b1a65fafbd6ed2c4fb&GWX=(null)&WU=8d63da0d1e4249fa8e9160e0cc02094f&WER=(null)&CS=15&OSVersion=10.0.15063&STG=win10Vanilla&ER=Completed&LANG=1033&IT=ButtonClicked&IM=UpgradeNow&CCR=0&RM=(null)&PTN=e52abfc276bb4908883fca581fdd83f9&EC=(null)&SEC=(null)&SUEC=(null)&SI=cc71cbb6dd7142e78f0a292a53674bbf&CV=j4v9y%2FsE7ke6SuvP.999&VER=1.4.9200.22329&MD=1&FLT=OobeRs2Rs3&UPS=WaitForRestartWindows&WUAUI=OobeUi&WDS=Restored&DJR=false&CT=false"
2018-02-05 00:13:01.204, Info      [TelemetryUpgrade::TelemetryBasedOnBiLibrary::SendInteractionData] request submitted
2018-02-05 00:13:01.204, Info      State manager get user action state UserPerformWindowsRestart
2018-02-05 00:13:01.204, Info      State manager originalState UserPerformWindowsRestart, m_State WaitForRestartWindows.
2018-02-05 00:13:01.204, Info      [TelemetryUpgrade::CanSendTelemetry]  Telemetry allowed on Win10 and above.
2018-02-05 00:13:01.204, Info      [TelemetryUpgrade::TelemetryBasedOnBiLibrary::SendInteractionData] request: /gwx/vanilla?ts=1517760781204&SQM=b698ce9796f444b1a65fafbd6ed2c4fb&GWX=(null)&WU=8d63da0d1e4249fa8e9160e0cc02094f&WER=(null)&CS=15&OSVersion=10.0.15063&STG=win10Vanilla&ER=Completed&LANG=1033&IT=(null)&IM=(null)&CCR=0&RM=(null)&PTN=e52abfc276bb4908883fca581fdd83f9&EC=(null)&SEC=(null)&SUEC=(null)&SI=cc71cbb6dd7142e78f0a292a53674bbf&CV=j4v9y%2FsE7ke6SuvP.999&VER=1.4.9200.22329&MD=1&FLT=OobeRs2Rs3&UPS=UserPerformWindowsRestart&WUAUI=OobeUi&WDS=Restored&DJR=false&CT=false
2018-02-05 00:13:01.204, Info      [WinUtil::RunCommand]  Command Line: HttpHelper.exe "g.bing.com" "/gwx/vanilla?ts=1517760781204&SQM=b698ce9796f444b1a65fafbd6ed2c4fb&GWX=(null)&WU=8d63da0d1e4249fa8e9160e0cc02094f&WER=(null)&CS=15&OSVersion=10.0.15063&STG=win10Vanilla&ER=Completed&LANG=1033&IT=(null)&IM=(null)&CCR=0&RM=(null)&PTN=e52abfc276bb4908883fca581fdd83f9&EC=(null)&SEC=(null)&SUEC=(null)&SI=cc71cbb6dd7142e78f0a292a53674bbf&CV=j4v9y%2FsE7ke6SuvP.999&VER=1.4.9200.22329&MD=1&FLT=OobeRs2Rs3&UPS=UserPerformWindowsRestart&WUAUI=OobeUi&WDS=Restored&DJR=false&CT=false"
2018-02-05 00:13:01.204, Info      [TelemetryUpgrade::TelemetryBasedOnBiLibrary::SendInteractionData] request submitted
2018-02-05 00:13:01.204, Info      Perform sync task: state UserPerformWindowsRestart
2018-02-05 00:13:01.204, Info      Starting PerformTaskInternal in thread: [9380]
2018-02-05 00:13:01.204, Info      Executing action for state [UserPerformWindowsRestart]...
2018-02-05 00:13:01.204, Info      Initiating computer restart
2018-02-05 00:13:01.219, Info      Computer restart initiated
2018-02-05 00:13:01.219, Info      Completed PerformTaskInternal in thread: [9380]
2018-02-05 00:13:01.219, Info      Exit state: UserPerformWindowsRestart, error code 0x0.

