(TID#0x00001558) 2018-Feb-06 16:21:59.671 INFO: [Process: idbConsumer] Init #52009 - Process initializing.
(TID#0x00001558) 2018-Feb-06 16:21:59.676 INFO: [Source: FF_amQueueChannel : infinite] #52321 - Activation arguments - '{ queueName= }'
(TID#0x00001558) 2018-Feb-06 16:21:59.690 INFO: [Process: idbConsumer] Init #52512 - Profiler activation mode: [No] | Snapshot interval: N/A seconds | Txn profiling mode: [N/A], N/A microseconds, num top blocks: N/A, output txn data: N/A.
(TID#0x00001558) 2018-Feb-06 16:22:10.137 INFO: [Repository: Repository] Repository #33008 - Resolved key 'FF_IDB_DbConnector_DSN' from instance with value 'database'. Location: [Connector:FF_idbApplicationConnector\<dsn>]
(TID#0x00001558) 2018-Feb-06 16:22:10.137 INFO: [Repository: Repository] Repository #33008 - Resolved key 'FF_IDB_UserName' from instance with value 'QA_IDB_1_RT'. Location: [Connector:FF_idbApplicationConnector\<user name>]
(TID#0x00001558) 2018-Feb-06 16:22:10.138 INFO: [Repository: Repository] Repository #33008 - Resolved key 'FF_IDB_Password' from instance with value '********'. Location: [Connector:FF_idbApplicationConnector\<password>]
(TID#0x00001558) 2018-Feb-06 16:22:10.138 INFO: [Repository: Repository] Repository #33008 - Resolved key 'FF_IDB_DbConnector_DefaultDatabase' from instance with value 'QA_IDB_1'. Location: [Connector:FF_idbApplicationConnector\<default database>]
(TID#0x00001558) 2018-Feb-06 16:22:10.138 INFO: [Repository: Repository] Repository #33008 - Resolved key 'FF_IDB_Application_ConnectionTimeout' from instance with value '120'. Location: [Connector:FF_idbApplicationConnector\<connection time out>]
(TID#0x00001558) 2018-Feb-06 16:22:10.138 INFO: [Repository: Repository] Repository #33008 - Resolved key 'FF_IDB_Application_CommandTimeout' from instance with value '120'. Location: [Connector:FF_idbApplicationConnector\<command time out>]
(TID#0x00001558) 2018-Feb-06 16:22:10.138 INFO: [Repository: Repository] Repository #33008 - Resolved key 'FF_IDB_DbConnector_DatabaseType' from instance with value 'SQLServer'. Location: [Connector:FF_idbApplicationConnector\<dbms type>]
(TID#0x00001558) 2018-Feb-06 16:22:10.139 INFO: [Repository: Repository] Repository #33008 - Resolved key 'FF_IDB_DbConnector_ServerName' from instance with value 'database'. Location: [Connector:FF_idbApplicationConnector\<server name>]
(TID#0x00001558) 2018-Feb-06 16:22:13.759 INFO: [Flow: FF_amqConsumeMessage] Init distribution media: [FF_amqLogFileDistribution : IDB_erroneous : FF_amqLogFileConnector] DataSourceId:##3502765904 as Global distribution. Details: isGlobalMedia:1. UID:edf1387b-6db4-4066-906b-f431233901a1/072f8230-827b-45e7-b714-18fc200c5fa5
(TID#0x00001558) 2018-Feb-06 16:22:13.843 INFO: [Process: idbConsumer] #52001 - Process is running.
(TID#0x00001558) 2018-Feb-06 16:22:13.843 INFO: composite task running.
(TID#0x00001558) 2018-Feb-06 16:22:13.843 INFO: composite task running.
(TID#0x00001558) 2018-Feb-06 16:22:13.843 INFO: composite task running.
(TID#0x000015ec) 2018-Feb-06 16:22:13.844 INFO: [Source: FF_amQueueChannel : infinite] Init #53001 - Source initializing.
(TID#0x000015ec) 2018-Feb-06 16:22:13.844 INFO: [Source: FF_amQueueChannel : infinite] Init #53002 - Source initialized successfully.
(TID#0x000013c8) 2018-Feb-06 16:22:13.850 INFO: [Flow: FF_amqConsumeMessage(1)] Init #50040 - Flow initializing.
(TID#0x000013c8) 2018-Feb-06 16:22:13.850 INFO: [Flow: FF_amqConsumeMessage(1)] Init #50041 - Flow initialized successfully.
