(TID#0x00000f84) 2018-Feb-15 08:45:26.926 DIAGNOSTIC: Execution plan: execution started
(TID#0x00000f84) 2018-Feb-15 08:45:26.926 INFO: [ExecutionPlanTask] Process #4046 - Activation arguments - '{ toDate=15/10/2016 00:00:00.000000, tableName=ARD_RESULT_SCORING_RULE, lookBack=NULL, buffer=NULL }'
(TID#0x00000f84) 2018-Feb-15 08:45:26.927 DIAGNOSTIC: Execution plan: not finished, there is event in buffer.
(TID#0x00000f84) 2018-Feb-15 08:45:26.927 DIAGNOSTIC: Execution plan: current event data:
	from: 7a4879d9-56f8-43f6-aec1-5b60dd717263
	to: cd7e6945-6354-4d81-aec0-eef6664205f0
	msg: continue to work

(TID#0x00000f84) 2018-Feb-15 08:45:26.927 DIAGNOSTIC: Execution plan: event receiver:cd7e6945-6354-4d81-aec0-eef6664205f0
(TID#0x00000f84) 2018-Feb-15 08:45:26.930 INFO: [ExecutionPlanTask: Run IDB run Init Partition] Process #4027 - Execution plan process execution plan name: 'IDB_runInitPartition'. Location: [Execution plan:IDB_InitPartition\[Run IDB run Init Partition]]
(TID#0x00000f84) 2018-Feb-15 08:45:27.018 INFO: [ExecutionPlanTask: Run IDB run Init Partition] Process #4018 - New process 'Run IDB run Init Partition' has been launched. Location: [Execution plan:IDB_InitPartition\[Run IDB run Init Partition]]
(TID#0x00000f84) 2018-Feb-15 08:45:27.019 INFO: [ExecutionPlanTask: Run IDB run Init Partition] Process #4024 - Process log file name: 'C:/Actimize/4.24.0.51/Instances/actimize_server_1/logs/Run_E2E_Regression18-02-15_08-44-21_00/Run_IDB_run_Init_Partition18-02-15_08-45-26_00.log'. Location: [Execution plan:IDB_InitPartition\[Run IDB run Init Partition]]
(TID#0x00000f84) 2018-Feb-15 08:45:27.019 DIAGNOSTIC: Execution plan: not finished, there is at least one active process.
(TID#0x00000b90) 2018-Feb-15 08:45:27.945 INFO: [ExecutionPlanTask: Run IDB run Init Partition] Process #4025 - Process Run IDB run Init Partition ended with status 'Finished successfully'. Log file name: 'C:/Actimize/4.24.0.51/Instances/actimize_server_1/logs/Run_E2E_Regression18-02-15_08-44-21_00/Run_IDB_run_Init_Partition18-02-15_08-45-26_00.log' Location: [Execution plan:IDB_InitPartition\[Run IDB run Init Partition]]
(TID#0x00000f84) 2018-Feb-15 08:45:27.945 DIAGNOSTIC: Execution plan: current event data:
	from: cd7e6945-6354-4d81-aec0-eef6664205f0
	to: 00000000-0000-0000-0000-000000000000
	msg: continue to work

(TID#0x00000f84) 2018-Feb-15 08:45:27.946 DIAGNOSTIC: Execution plan: not finished, there is event in buffer.
(TID#0x00000f84) 2018-Feb-15 08:45:27.946 DIAGNOSTIC: Execution plan: current event data:
	from: cd7e6945-6354-4d81-aec0-eef6664205f0
	to: 00000000-0000-0000-0000-000000000000
	msg: continue to work

(TID#0x00000f84) 2018-Feb-15 08:45:27.946 DIAGNOSTIC: Execution plan: not finished, there is event in buffer.
(TID#0x00000f84) 2018-Feb-15 08:45:27.946 DIAGNOSTIC: Execution plan: current event data:
	from: cd7e6945-6354-4d81-aec0-eef6664205f0
	to: 00000000-0000-0000-0000-000000000000
	msg: continue to work

(TID#0x00000f84) 2018-Feb-15 08:45:27.946 DIAGNOSTIC: Execution plan: finished, there is no events in buffer.
(TID#0x00000f84) 2018-Feb-15 08:45:27.946 DIAGNOSTIC: Execution plan: terminating all processes
(TID#0x00000f84) 2018-Feb-15 08:45:27.946 DIAGNOSTIC: Execution plan: all processes has been terminated
(TID#0x00000f84) 2018-Feb-15 08:45:27.946 INFO: [ExecutionPlanTask] Process #4043 - Execution plan ended with status 'Finished successfully'. Log file name: 'C:/Actimize/4.24.0.51/Instances/actimize_server_1/logs/Run_E2E_Regression18-02-15_08-44-21_00/Init_Partition_ARD_RESULT_SCORING_RULE18-02-15_08-45-26_00.log'
(TID#0x00001110) <log ended>
