(TID#0x00001094) 2018-Feb-06 16:23:22.949 DIAGNOSTIC: Execution plan: execution started
(TID#0x00001094) 2018-Feb-06 16:23:22.949 INFO: [ExecutionPlanTask] Process #4046 - Activation arguments - '{ toDate=15/10/2016 00:00:00.000000, tableName=ARD_RESULT_POLICY_RULE, lookBack=NULL, buffer=NULL }'
(TID#0x00001094) 2018-Feb-06 16:23:22.950 DIAGNOSTIC: Execution plan: not finished, there is event in buffer.
(TID#0x00001094) 2018-Feb-06 16:23:22.951 DIAGNOSTIC: Execution plan: current event data:
	from: ae49d2e1-9293-44cb-a28b-afffc8cd04f1
	to: 00f118b4-f58e-4f8c-beef-2f8410d99ce2
	msg: continue to work

(TID#0x00001094) 2018-Feb-06 16:23:22.951 DIAGNOSTIC: Execution plan: event receiver:00f118b4-f58e-4f8c-beef-2f8410d99ce2
(TID#0x00001094) 2018-Feb-06 16:23:22.953 INFO: [ExecutionPlanTask: Run IDB run Init Partition] Process #4027 - Execution plan process execution plan name: 'IDB_runInitPartition'. Location: [Execution plan:IDB_InitPartition\[Run IDB run Init Partition]]
(TID#0x00001094) 2018-Feb-06 16:23:22.991 INFO: [ExecutionPlanTask: Run IDB run Init Partition] Process #4018 - New process 'Run IDB run Init Partition' has been launched. Location: [Execution plan:IDB_InitPartition\[Run IDB run Init Partition]]
(TID#0x00001094) 2018-Feb-06 16:23:22.991 INFO: [ExecutionPlanTask: Run IDB run Init Partition] Process #4024 - Process log file name: 'C:/Actimize/4.24.0.51/Instances/actimize_server_1/logs/Run_E2E_Regression18-02-06_16-21-45_00/Run_IDB_run_Init_Partition18-02-06_16-23-22_01.log'. Location: [Execution plan:IDB_InitPartition\[Run IDB run Init Partition]]
(TID#0x00001094) 2018-Feb-06 16:23:22.992 DIAGNOSTIC: Execution plan: not finished, there is at least one active process.
(TID#0x000013a0) 2018-Feb-06 16:23:23.528 INFO: [ExecutionPlanTask: Run IDB run Init Partition] Process #4025 - Process Run IDB run Init Partition ended with status 'Finished successfully'. Log file name: 'C:/Actimize/4.24.0.51/Instances/actimize_server_1/logs/Run_E2E_Regression18-02-06_16-21-45_00/Run_IDB_run_Init_Partition18-02-06_16-23-22_01.log' Location: [Execution plan:IDB_InitPartition\[Run IDB run Init Partition]]
(TID#0x00001094) 2018-Feb-06 16:23:23.528 DIAGNOSTIC: Execution plan: current event data:
	from: 00f118b4-f58e-4f8c-beef-2f8410d99ce2
	to: 00000000-0000-0000-0000-000000000000
	msg: continue to work

(TID#0x00001094) 2018-Feb-06 16:23:23.528 DIAGNOSTIC: Execution plan: not finished, there is event in buffer.
(TID#0x00001094) 2018-Feb-06 16:23:23.529 DIAGNOSTIC: Execution plan: current event data:
	from: 00f118b4-f58e-4f8c-beef-2f8410d99ce2
	to: 00000000-0000-0000-0000-000000000000
	msg: continue to work

(TID#0x00001094) 2018-Feb-06 16:23:23.529 DIAGNOSTIC: Execution plan: not finished, there is event in buffer.
(TID#0x00001094) 2018-Feb-06 16:23:23.529 DIAGNOSTIC: Execution plan: current event data:
	from: 00f118b4-f58e-4f8c-beef-2f8410d99ce2
	to: 00000000-0000-0000-0000-000000000000
	msg: continue to work

(TID#0x00001094) 2018-Feb-06 16:23:23.529 DIAGNOSTIC: Execution plan: finished, there is no events in buffer.
(TID#0x00001094) 2018-Feb-06 16:23:23.529 DIAGNOSTIC: Execution plan: terminating all processes
(TID#0x00001094) 2018-Feb-06 16:23:23.529 DIAGNOSTIC: Execution plan: all processes has been terminated
(TID#0x00001094) 2018-Feb-06 16:23:23.529 INFO: [ExecutionPlanTask] Process #4043 - Execution plan ended with status 'Finished successfully'. Log file name: 'C:/Actimize/4.24.0.51/Instances/actimize_server_1/logs/Run_E2E_Regression18-02-06_16-21-45_00/Init_Partition_ARD_RESULT_POLICY_RULE18-02-06_16-23-22_00.log'
(TID#0x00000abc) <log ended>
