(TID#0x00000f14) 2017-Oct-30 09:35:09.608 DIAGNOSTIC: Execution plan: execution started
(TID#0x00000f14) 2017-Oct-30 09:35:09.608 INFO: [ExecutionPlanTask] Process #4046 - Activation arguments - '{ toDate=15/10/2016 00:00:00.000000, tableName=ARD_RESULT_VARIABLES, lookBack=NULL, buffer=NULL }'
(TID#0x00000f14) 2017-Oct-30 09:35:09.608 DIAGNOSTIC: Execution plan: not finished, there is event in buffer.
(TID#0x00000f14) 2017-Oct-30 09:35:09.608 DIAGNOSTIC: Execution plan: current event data:
	from: f2e464a1-cb95-47cd-932d-b433deb69108
	to: a501fbb3-cd58-48f1-b409-83caa8db3b5c
	msg: continue to work

(TID#0x00000f14) 2017-Oct-30 09:35:09.608 DIAGNOSTIC: Execution plan: event receiver:a501fbb3-cd58-48f1-b409-83caa8db3b5c
(TID#0x00000f14) 2017-Oct-30 09:35:09.608 INFO: [ExecutionPlanTask: Run IDB run Init Partition] Process #4027 - Execution plan process execution plan name: 'IDB_runInitPartition'. Location: [Execution plan:IDB_InitPartition\[Run IDB run Init Partition]]
(TID#0x00000f14) 2017-Oct-30 09:35:09.623 INFO: [ExecutionPlanTask: Run IDB run Init Partition] Process #4018 - New process 'Run IDB run Init Partition' has been launched. Location: [Execution plan:IDB_InitPartition\[Run IDB run Init Partition]]
(TID#0x00000f14) 2017-Oct-30 09:35:09.623 INFO: [ExecutionPlanTask: Run IDB run Init Partition] Process #4024 - Process log file name: 'C:/Actimize/4.23.0.30/Instances/actimize_server_1/logs/Suite_RT_Template17-10-30_09-34-49_00/Run_IDB_run_Init_Partition17-10-30_09-35-09_01.log'. Location: [Execution plan:IDB_InitPartition\[Run IDB run Init Partition]]
(TID#0x00000f14) 2017-Oct-30 09:35:09.623 DIAGNOSTIC: Execution plan: not finished, there is at least one active process.
(TID#0x00000e24) 2017-Oct-30 09:35:10.405 INFO: [ExecutionPlanTask: Run IDB run Init Partition] Process #4025 - Process Run IDB run Init Partition ended with status 'Finished successfully'. Log file name: 'C:/Actimize/4.23.0.30/Instances/actimize_server_1/logs/Suite_RT_Template17-10-30_09-34-49_00/Run_IDB_run_Init_Partition17-10-30_09-35-09_01.log' Location: [Execution plan:IDB_InitPartition\[Run IDB run Init Partition]]
(TID#0x00000f14) 2017-Oct-30 09:35:10.405 DIAGNOSTIC: Execution plan: current event data:
	from: a501fbb3-cd58-48f1-b409-83caa8db3b5c
	to: 00000000-0000-0000-0000-000000000000
	msg: continue to work

(TID#0x00000f14) 2017-Oct-30 09:35:10.405 DIAGNOSTIC: Execution plan: not finished, there is event in buffer.
(TID#0x00000f14) 2017-Oct-30 09:35:10.405 DIAGNOSTIC: Execution plan: current event data:
	from: a501fbb3-cd58-48f1-b409-83caa8db3b5c
	to: 00000000-0000-0000-0000-000000000000
	msg: continue to work

(TID#0x00000f14) 2017-Oct-30 09:35:10.405 DIAGNOSTIC: Execution plan: not finished, there is event in buffer.
(TID#0x00000f14) 2017-Oct-30 09:35:10.405 DIAGNOSTIC: Execution plan: current event data:
	from: a501fbb3-cd58-48f1-b409-83caa8db3b5c
	to: 00000000-0000-0000-0000-000000000000
	msg: continue to work

(TID#0x00000f14) 2017-Oct-30 09:35:10.405 DIAGNOSTIC: Execution plan: finished, there is no events in buffer.
(TID#0x00000f14) 2017-Oct-30 09:35:10.405 DIAGNOSTIC: Execution plan: terminating all processes
(TID#0x00000f14) 2017-Oct-30 09:35:10.405 DIAGNOSTIC: Execution plan: all processes has been terminated
(TID#0x00000f14) 2017-Oct-30 09:35:10.405 INFO: [ExecutionPlanTask] Process #4043 - Execution plan ended with status 'Finished successfully'. Log file name: 'C:/Actimize/4.23.0.30/Instances/actimize_server_1/logs/Suite_RT_Template17-10-30_09-34-49_00/Init_Partition_ARD_RESULT_VARIABLES17-10-30_09-35-09_00.log'
(TID#0x00000b28) <log ended>
