14:28:21.215  131  [main] DEBUG c.a.a.batch.impl.AbstractBatchTest - Calling data provider
14:28:21.252  168  [main] DEBUG c.a.automation.infra.Environment - Initializing variables
14:28:21.253  169  [main] DEBUG c.a.automation.infra.Environment - user dir=C:\Users\develeap\Work\Actimize\AAF\code\mse-uc
14:28:21.253  169  [main] DEBUG c.a.automation.infra.Environment - Variables initialized
14:28:21.322  238  [main] DEBUG c.a.automation.infra.Environment - name
14:28:21.323  239  [main] DEBUG c.a.automation.infra.Environment - name
14:28:21.323  239  [main] DEBUG c.a.automation.infra.Environment - name
14:28:21.323  239  [main] DEBUG c.a.automation.infra.Environment - name
14:28:21.323  239  [main] DEBUG c.a.automation.infra.Environment - name
14:28:21.325  241  [main] DEBUG c.a.automation.infra.Environment - name
14:28:21.325  241  [main] DEBUG c.a.automation.infra.Environment - name
14:28:21.325  241  [main] DEBUG c.a.automation.infra.Environment - name
14:28:21.325  241  [main] DEBUG c.a.automation.infra.Environment - name
14:28:21.325  241  [main] DEBUG c.a.automation.infra.Environment - name
14:28:21.328  244  [main] DEBUG c.a.automation.infra.Environment - name
14:28:21.330  246  [main] DEBUG c.a.automation.infra.Environment - name
14:28:21.330  246  [main] DEBUG c.a.automation.infra.Environment - name
14:28:21.337  253  [main] DEBUG c.a.automation.infra.Environment - initReporterParameters 
14:28:21.337  253  [main] DEBUG c.a.automation.infra.Environment - ++++++++++++++initExecutionFolderVariables++++++++++++
14:28:21.412  328  [main] DEBUG c.a.a.batch.impl.UseCaseDataImpl - Adding Use Case: test_driver_data/com/actimize/automation/batch/mse/tests/CROSS_BatchSanity/CROSS_22021
14:28:21.414  330  [main] DEBUG c.a.a.batch.impl.UseCaseDataImpl - Adding Use Case: test_driver_data/com/actimize/automation/batch/mse/tests/CROSS_BatchSanity/CROSS_22024
14:28:21.415  331  [main] DEBUG c.a.a.batch.impl.UseCaseDataImpl - Adding Use Case: test_driver_data/com/actimize/automation/batch/mse/tests/CROSS_BatchSanity/CROSS_22062
14:28:21.417  333  [main] DEBUG c.a.a.batch.impl.UseCaseDataImpl - Adding Use Case: test_driver_data/com/actimize/automation/batch/mse/tests/CROSS_BatchSanity/CROSS_22063
14:28:21.418  334  [main] DEBUG c.a.a.batch.impl.UseCaseDataImpl - Adding Use Case: test_driver_data/com/actimize/automation/batch/mse/tests/CROSS_BatchSanity/FREX_22070
14:28:21.419  335  [main] DEBUG c.a.a.batch.impl.UseCaseDataImpl - Adding Use Case: test_driver_data/com/actimize/automation/batch/mse/tests/CROSS_BatchSanity/LAY_22067
14:28:21.420  336  [main] DEBUG c.a.a.batch.impl.UseCaseDataImpl - Adding Use Case: test_driver_data/com/actimize/automation/batch/mse/tests/CROSS_BatchSanity/QTS_22069
14:28:21.541  457  [main] DEBUG c.a.a.batch.impl.AbstractBatchTest - Called factory of CROSS_22021
14:28:21.541  457  [main] DEBUG c.a.a.batch.impl.AbstractBatchTest - Called factory of CROSS_22024
14:28:21.541  457  [main] DEBUG c.a.a.batch.impl.AbstractBatchTest - Called factory of CROSS_22062
14:28:21.541  457  [main] DEBUG c.a.a.batch.impl.AbstractBatchTest - Called factory of CROSS_22063
14:28:21.541  457  [main] DEBUG c.a.a.batch.impl.AbstractBatchTest - Called factory of FREX_22070
14:28:21.541  457  [main] DEBUG c.a.a.batch.impl.AbstractBatchTest - Called factory of LAY_22067
14:28:21.541  457  [main] DEBUG c.a.a.batch.impl.AbstractBatchTest - Called factory of QTS_22069
14:28:21.590  506  [main] DEBUG c.a.a.batch.impl.AbstractBatchTest - before suite
14:28:21.590  506  [main] DEBUG c.a.a.batch.impl.AbstractBatchTest - QC_UPDATE is not enabled
14:28:21.595  511  [main] DEBUG c.a.a.batch.impl.ActionManagerImpl - ActionManagerImpl.execute()
14:28:21.595  511  [main] DEBUG c.a.a.b.i.BatchTestDriverListener - on actionStarted
14:28:21.605  521  [main] DEBUG c.a.a.infra.utils.ResourceManager - saving jarFilePath to the ResourceManager cache: img/logo.png --> C:\Users\develeap\Work\Actimize\AAF\code\mse-uc\output\logo.png
14:28:21.634  550  [main] DEBUG c.a.a.b.i.BatchTestDriverListener - Finish actionStarted
14:28:21.634  550  [main] DEBUG c.a.a.batch.impl.ActionContainer - +++++++++++++ Starting action: dummy action
14:28:21.675  591  [main] DEBUG c.a.a.batch.impl.ActionContainer - +++++++++++++ Finished action: dummy action
14:28:21.675  591  [main] DEBUG c.a.a.batch.impl.ActionContainer - +++++++++++++++++++++++++++++++++++++++++++++++++++++++++++++++++++++++++++++++++++
14:28:21.691  607  [main] DEBUG c.a.a.b.i.BatchTestDriverListener - on start
14:28:21.716  632  [main] DEBUG c.a.a.batch.impl.AbstractBatchTest - Called beforeMethod for "LAY_22067"
14:28:21.770  686  [main] DEBUG c.a.a.infra.utils.ResourceManager - saving jarFilePath to the ResourceManager cache: test_driver_data/com/actimize/automation/batch/mse/tests/CROSS_BatchSanity/LAY_22067/regression/Extract/ShortExtract.conf --> C:\Users\develeap\Work\Actimize\AAF\code\mse-uc\output\ShortExtract.conf
14:28:23.186  2102 [main] INFO  com.actimize.bs.infra.cipher.AES - Begin -> AES.Decrypt
14:28:23.207  2123 [main] INFO  com.actimize.bs.infra.cipher.AES - End -> AES.Decrypt
14:28:23.207  2123 [main] INFO  com.actimize.bs.infra.cipher.AES - Begin -> AES.Decrypt
14:28:23.207  2123 [main] INFO  com.actimize.bs.infra.cipher.AES - End -> AES.Decrypt
14:28:23.207  2123 [main] INFO  com.actimize.bs.infra.cipher.AES - Begin -> AES.Decrypt
14:28:23.209  2125 [main] INFO  com.actimize.bs.infra.cipher.AES - End -> AES.Decrypt
14:28:23.209  2125 [main] INFO  com.actimize.bs.infra.cipher.AES - Begin -> AES.Decrypt
14:28:23.209  2125 [main] INFO  com.actimize.bs.infra.cipher.AES - End -> AES.Decrypt
14:28:23.209  2125 [main] INFO  com.actimize.bs.infra.cipher.AES - Begin -> AES.Decrypt
14:28:23.209  2125 [main] INFO  com.actimize.bs.infra.cipher.AES - End -> AES.Decrypt
14:28:23.209  2125 [main] INFO  com.actimize.bs.infra.cipher.AES - Begin -> AES.Decrypt
14:28:23.209  2125 [main] INFO  com.actimize.bs.infra.cipher.AES - End -> AES.Decrypt
14:28:23.209  2125 [main] INFO  com.actimize.bs.infra.cipher.AES - Begin -> AES.Decrypt
14:28:23.209  2125 [main] INFO  com.actimize.bs.infra.cipher.AES - End -> AES.Decrypt
14:28:23.209  2125 [main] INFO  com.actimize.bs.infra.cipher.AES - Begin -> AES.Decrypt
14:28:23.209  2125 [main] INFO  com.actimize.bs.infra.cipher.AES - End -> AES.Decrypt
14:28:23.346  2262 [main] INFO  com.actimize.extract.Extract - [Regression - Extraction] extraction IDW_ISSUE_ALERT_RELATION_data
14:28:48.509  236  [main] DEBUG c.a.a.batch.impl.AbstractBatchTest - Calling data provider
14:28:48.525  252  [main] DEBUG c.a.automation.infra.Environment - Initializing variables
14:28:48.525  252  [main] DEBUG c.a.automation.infra.Environment - user dir=C:\Users\develeap\Work\Actimize\AAF\code\mse-uc
14:28:48.525  252  [main] DEBUG c.a.automation.infra.Environment - Variables initialized
14:28:48.571  298  [main] DEBUG c.a.automation.infra.Environment - name
14:28:48.571  298  [main] DEBUG c.a.automation.infra.Environment - name
14:28:48.571  298  [main] DEBUG c.a.automation.infra.Environment - name
14:28:48.571  298  [main] DEBUG c.a.automation.infra.Environment - name
14:28:48.571  298  [main] DEBUG c.a.automation.infra.Environment - name
14:28:48.571  298  [main] DEBUG c.a.automation.infra.Environment - name
14:28:48.571  298  [main] DEBUG c.a.automation.infra.Environment - name
14:28:48.571  298  [main] DEBUG c.a.automation.infra.Environment - name
14:28:48.571  298  [main] DEBUG c.a.automation.infra.Environment - name
14:28:48.572  299  [main] DEBUG c.a.automation.infra.Environment - name
14:28:48.575  302  [main] DEBUG c.a.automation.infra.Environment - name
14:28:48.576  303  [main] DEBUG c.a.automation.infra.Environment - name
14:28:48.576  303  [main] DEBUG c.a.automation.infra.Environment - name
14:28:48.579  306  [main] DEBUG c.a.automation.infra.Environment - initReporterParameters 
14:28:48.579  306  [main] DEBUG c.a.automation.infra.Environment - ++++++++++++++initExecutionFolderVariables++++++++++++
14:28:48.609  336  [main] DEBUG c.a.a.batch.impl.UseCaseDataImpl - Adding Use Case: test_driver_data/com/actimize/automation/batch/mse/tests/CROSS_BatchSanity/CROSS_22021
14:28:48.610  337  [main] DEBUG c.a.a.batch.impl.UseCaseDataImpl - Adding Use Case: test_driver_data/com/actimize/automation/batch/mse/tests/CROSS_BatchSanity/CROSS_22024
14:28:48.611  338  [main] DEBUG c.a.a.batch.impl.UseCaseDataImpl - Adding Use Case: test_driver_data/com/actimize/automation/batch/mse/tests/CROSS_BatchSanity/CROSS_22062
14:28:48.611  338  [main] DEBUG c.a.a.batch.impl.UseCaseDataImpl - Adding Use Case: test_driver_data/com/actimize/automation/batch/mse/tests/CROSS_BatchSanity/CROSS_22063
14:28:48.612  339  [main] DEBUG c.a.a.batch.impl.UseCaseDataImpl - Adding Use Case: test_driver_data/com/actimize/automation/batch/mse/tests/CROSS_BatchSanity/FREX_22070
14:28:48.613  340  [main] DEBUG c.a.a.batch.impl.UseCaseDataImpl - Adding Use Case: test_driver_data/com/actimize/automation/batch/mse/tests/CROSS_BatchSanity/LAY_22067
14:28:48.613  340  [main] DEBUG c.a.a.batch.impl.UseCaseDataImpl - Adding Use Case: test_driver_data/com/actimize/automation/batch/mse/tests/CROSS_BatchSanity/QTS_22069
14:28:48.683  410  [main] DEBUG c.a.a.batch.impl.AbstractBatchTest - Called factory of CROSS_22021
14:28:48.683  410  [main] DEBUG c.a.a.batch.impl.AbstractBatchTest - Called factory of CROSS_22024
14:28:48.683  410  [main] DEBUG c.a.a.batch.impl.AbstractBatchTest - Called factory of CROSS_22062
14:28:48.683  410  [main] DEBUG c.a.a.batch.impl.AbstractBatchTest - Called factory of CROSS_22063
14:28:48.683  410  [main] DEBUG c.a.a.batch.impl.AbstractBatchTest - Called factory of FREX_22070
14:28:48.683  410  [main] DEBUG c.a.a.batch.impl.AbstractBatchTest - Called factory of LAY_22067
14:28:48.684  411  [main] DEBUG c.a.a.batch.impl.AbstractBatchTest - Called factory of QTS_22069
14:28:48.747  474  [main] DEBUG c.a.a.batch.impl.AbstractBatchTest - before suite
14:28:48.748  475  [main] DEBUG c.a.a.batch.impl.AbstractBatchTest - QC_UPDATE is not enabled
14:28:48.762  489  [main] DEBUG c.a.a.batch.impl.ActionManagerImpl - ActionManagerImpl.execute()
14:28:48.762  489  [main] DEBUG c.a.a.b.i.BatchTestDriverListener - on actionStarted
14:28:48.777  504  [main] DEBUG c.a.a.infra.utils.ResourceManager - saving jarFilePath to the ResourceManager cache: img/logo.png --> C:\Users\develeap\Work\Actimize\AAF\code\mse-uc\output\logo.png
14:28:48.814  541  [main] DEBUG c.a.a.b.i.BatchTestDriverListener - Finish actionStarted
14:28:48.814  541  [main] DEBUG c.a.a.batch.impl.ActionContainer - +++++++++++++ Starting action: dummy action
14:28:48.868  595  [main] DEBUG c.a.a.batch.impl.ActionContainer - +++++++++++++ Finished action: dummy action
14:28:48.870  597  [main] DEBUG c.a.a.batch.impl.ActionContainer - +++++++++++++++++++++++++++++++++++++++++++++++++++++++++++++++++++++++++++++++++++
14:28:48.884  611  [main] DEBUG c.a.a.b.i.BatchTestDriverListener - on start
14:28:48.906  633  [main] DEBUG c.a.a.batch.impl.AbstractBatchTest - Called beforeMethod for "QTS_22069"
14:29:13.514  25241 [main] DEBUG c.a.a.infra.utils.ResourceManager - saving jarFilePath to the ResourceManager cache: test_driver_data/com/actimize/automation/batch/mse/tests/CROSS_BatchSanity/QTS_22069/regression/Extract/ShortExtract.conf --> C:\Users\develeap\Work\Actimize\AAF\code\mse-uc\output\ShortExtract.conf
