11:05:50.159  242  [main] DEBUG c.a.automation.infra.Environment - Initializing variables
11:05:50.170  253  [main] DEBUG c.a.automation.infra.Environment - user dir=C:\Users\develeap\Work\Actimize\AAF\code\infra\aaf-infra
11:05:50.170  253  [main] DEBUG c.a.automation.infra.Environment - Variables initialized
11:05:50.313  396  [main] DEBUG c.a.automation.infra.Environment - name
11:05:50.313  396  [main] DEBUG c.a.automation.infra.Environment - name
11:05:50.314  397  [main] DEBUG c.a.automation.infra.Environment - name
11:05:50.314  397  [main] DEBUG c.a.automation.infra.Environment - name
11:05:50.320  403  [main] DEBUG c.a.automation.infra.Environment - name
11:05:50.321  404  [main] DEBUG c.a.automation.infra.Environment - name
11:05:50.327  410  [main] DEBUG c.a.automation.infra.Environment - initReporterParameters 
11:05:50.328  411  [main] DEBUG c.a.automation.infra.Environment - ++++++++++++++initExecutionFolderVariables++++++++++++
11:05:50.331  414  [main] DEBUG c.a.automation.infra.Environment - initReporterParameters 
11:05:50.331  414  [main] DEBUG c.a.automation.infra.Environment - ++++++++++++++initExecutionFolderVariables++++++++++++
11:05:50.340  423  [main] DEBUG c.a.automation.infra.Environment - initReporterParameters 
11:05:50.340  423  [main] DEBUG c.a.automation.infra.Environment - ++++++++++++++initExecutionFolderVariables++++++++++++
11:05:50.408  491  [main] DEBUG c.a.a.infra.utils.ResourceManager - saving jarFilePath to the ResourceManager cache: database/SqlData.xsd --> C:\Users\develeap\Work\Actimize\AAF\code\infra\aaf-infra\output\SqlData.xsd
11:05:50.415  498  [main] DEBUG c.a.a.infra.utils.ResourceManager - saving jarFilePath to the ResourceManager cache: testData/sqlData/SqlDataTest.xml --> C:\Users\develeap\Work\Actimize\AAF\code\infra\aaf-infra\output\SqlDataTest.xml
11:05:50.730  813  [main] DEBUG c.a.automation.infra.Environment - initReporterParameters 
11:05:50.730  813  [main] DEBUG c.a.automation.infra.Environment - ++++++++++++++initExecutionFolderVariables++++++++++++
11:05:50.733  816  [main] DEBUG c.a.a.infra.utils.ResourceManager - saving jarFilePath to the ResourceManager cache: database/SqlData.xsd --> C:\Users\develeap\Work\Actimize\AAF\code\infra\aaf-infra\output\SqlData.xsd
11:05:50.739  822  [main] DEBUG c.a.a.infra.utils.ResourceManager - saving jarFilePath to the ResourceManager cache: testData/sqlData/SqlDataTest.xml --> C:\Users\develeap\Work\Actimize\AAF\code\infra\aaf-infra\output\SqlDataTest.xml
11:05:50.776  859  [main] DEBUG c.a.automation.infra.Environment - initReporterParameters 
11:05:50.777  860  [main] DEBUG c.a.automation.infra.Environment - ++++++++++++++initExecutionFolderVariables++++++++++++
11:05:50.779  862  [main] DEBUG c.a.a.infra.utils.ResourceManager - saving jarFilePath to the ResourceManager cache: database/SqlData.xsd --> C:\Users\develeap\Work\Actimize\AAF\code\infra\aaf-infra\output\SqlData.xsd
11:05:50.782  865  [main] DEBUG c.a.a.infra.utils.ResourceManager - saving jarFilePath to the ResourceManager cache: testData/sqlData/SqlDataTest.xml --> C:\Users\develeap\Work\Actimize\AAF\code\infra\aaf-infra\output\SqlDataTest.xml
11:05:50.804  887  [main] WARN  c.a.a.infra.database.FileDbQuery - No elements of type scriptName found on Xpath: //pk[@name='validate_alert_Test']/scriptName
11:05:50.805  888  [main] DEBUG c.a.automation.infra.Environment - initReporterParameters 
11:05:50.805  888  [main] DEBUG c.a.automation.infra.Environment - ++++++++++++++initExecutionFolderVariables++++++++++++
11:05:50.807  890  [main] DEBUG c.a.a.infra.utils.ResourceManager - saving jarFilePath to the ResourceManager cache: database/SqlData.xsd --> C:\Users\develeap\Work\Actimize\AAF\code\infra\aaf-infra\output\SqlData.xsd
11:05:50.810  893  [main] DEBUG c.a.a.infra.utils.ResourceManager - saving jarFilePath to the ResourceManager cache: testData/sqlData/SqlDataTest.xml --> C:\Users\develeap\Work\Actimize\AAF\code\infra\aaf-infra\output\SqlDataTest.xml
11:05:50.833  916  [main] WARN  c.a.a.infra.database.FileDbQuery - No elements of type scriptName found on Xpath: //pk[@name='validate_alert_Test1']/scriptName
11:05:50.834  917  [main] DEBUG c.a.automation.infra.Environment - initReporterParameters 
11:05:50.834  917  [main] DEBUG c.a.automation.infra.Environment - ++++++++++++++initExecutionFolderVariables++++++++++++
11:05:50.836  919  [main] DEBUG c.a.a.infra.utils.ResourceManager - saving jarFilePath to the ResourceManager cache: database/SqlData.xsd --> C:\Users\develeap\Work\Actimize\AAF\code\infra\aaf-infra\output\SqlData.xsd
11:05:50.838  921  [main] DEBUG c.a.a.infra.utils.ResourceManager - saving jarFilePath to the ResourceManager cache: testData/sqlData/SqlDataTest.xml --> C:\Users\develeap\Work\Actimize\AAF\code\infra\aaf-infra\output\SqlDataTest.xml
11:05:50.858  941  [main] WARN  c.a.a.infra.database.FileDbQuery - No elements of type scriptName found on Xpath: //pk[@name='validate_alert_Test2']/scriptName
11:05:50.859  942  [main] DEBUG c.a.automation.infra.Environment - initReporterParameters 
11:05:50.859  942  [main] DEBUG c.a.automation.infra.Environment - ++++++++++++++initExecutionFolderVariables++++++++++++
11:05:50.861  944  [main] DEBUG c.a.a.infra.utils.ResourceManager - saving jarFilePath to the ResourceManager cache: database/SqlData.xsd --> C:\Users\develeap\Work\Actimize\AAF\code\infra\aaf-infra\output\SqlData.xsd
11:05:50.863  946  [main] DEBUG c.a.a.infra.utils.ResourceManager - saving jarFilePath to the ResourceManager cache: testData/sqlData/SqlDataTest.xml --> C:\Users\develeap\Work\Actimize\AAF\code\infra\aaf-infra\output\SqlDataTest.xml
11:05:50.877  960  [main] WARN  c.a.a.infra.database.FileDbQuery - No elements of type statement found on Xpath: //pk[@name='create_personsTable_Test']/statement
11:05:50.879  962  [main] WARN  c.a.a.infra.database.FileDbQuery - No elements of type dataset found on Xpath: //pk[@name='create_personsTable_Test']/dataset
11:05:50.880  963  [main] DEBUG c.a.automation.infra.Environment - initReporterParameters 
11:05:50.880  963  [main] DEBUG c.a.automation.infra.Environment - ++++++++++++++initExecutionFolderVariables++++++++++++
11:05:50.881  964  [main] DEBUG c.a.automation.infra.Environment - initReporterParameters 
11:05:50.882  965  [main] DEBUG c.a.automation.infra.Environment - ++++++++++++++initExecutionFolderVariables++++++++++++
11:05:50.883  966  [main] DEBUG c.a.automation.infra.Environment - initReporterParameters 
11:05:50.883  966  [main] DEBUG c.a.automation.infra.Environment - ++++++++++++++initExecutionFolderVariables++++++++++++
11:05:50.884  967  [main] DEBUG c.a.automation.infra.Environment - initReporterParameters 
11:05:50.884  967  [main] DEBUG c.a.automation.infra.Environment - ++++++++++++++initExecutionFolderVariables++++++++++++
11:05:50.886  969  [main] DEBUG c.a.automation.infra.Environment - initReporterParameters 
11:05:50.886  969  [main] DEBUG c.a.automation.infra.Environment - ++++++++++++++initExecutionFolderVariables++++++++++++
11:05:50.887  970  [main] DEBUG c.a.automation.infra.Environment - initReporterParameters 
11:05:50.887  970  [main] DEBUG c.a.automation.infra.Environment - ++++++++++++++initExecutionFolderVariables++++++++++++
11:05:50.888  971  [main] DEBUG c.a.automation.infra.Environment - initReporterParameters 
11:05:50.888  971  [main] DEBUG c.a.automation.infra.Environment - ++++++++++++++initExecutionFolderVariables++++++++++++
11:05:50.889  972  [main] DEBUG c.a.automation.infra.Environment - initReporterParameters 
11:05:50.889  972  [main] DEBUG c.a.automation.infra.Environment - ++++++++++++++initExecutionFolderVariables++++++++++++
11:05:50.890  973  [main] DEBUG c.a.automation.infra.Environment - initReporterParameters 
11:05:50.890  973  [main] DEBUG c.a.automation.infra.Environment - ++++++++++++++initExecutionFolderVariables++++++++++++
11:05:50.891  974  [main] DEBUG c.a.automation.infra.Environment - initReporterParameters 
11:05:50.891  974  [main] DEBUG c.a.automation.infra.Environment - ++++++++++++++initExecutionFolderVariables++++++++++++
11:05:50.892  975  [main] DEBUG c.a.automation.infra.Environment - initReporterParameters 
11:05:50.892  975  [main] DEBUG c.a.automation.infra.Environment - ++++++++++++++initExecutionFolderVariables++++++++++++
11:05:50.893  976  [main] DEBUG c.a.automation.infra.Environment - initReporterParameters 
11:05:50.893  976  [main] DEBUG c.a.automation.infra.Environment - ++++++++++++++initExecutionFolderVariables++++++++++++
11:05:50.894  977  [main] DEBUG c.a.automation.infra.Environment - initReporterParameters 
11:05:50.894  977  [main] DEBUG c.a.automation.infra.Environment - ++++++++++++++initExecutionFolderVariables++++++++++++
11:05:50.895  978  [main] DEBUG c.a.automation.infra.Environment - initReporterParameters 
11:05:50.895  978  [main] DEBUG c.a.automation.infra.Environment - ++++++++++++++initExecutionFolderVariables++++++++++++
11:05:50.900  983  [main] DEBUG c.a.automation.infra.Environment - initReporterParameters 
11:05:50.900  983  [main] DEBUG c.a.automation.infra.Environment - ++++++++++++++initExecutionFolderVariables++++++++++++
11:05:50.902  985  [main] DEBUG c.a.automation.infra.Environment - initReporterParameters 
11:05:50.902  985  [main] DEBUG c.a.automation.infra.Environment - ++++++++++++++initExecutionFolderVariables++++++++++++
11:05:50.904  987  [main] DEBUG c.a.automation.infra.Environment - initReporterParameters 
11:05:50.904  987  [main] DEBUG c.a.automation.infra.Environment - ++++++++++++++initExecutionFolderVariables++++++++++++
11:05:50.906  989  [main] DEBUG c.a.automation.infra.Environment - initReporterParameters 
11:05:50.906  989  [main] DEBUG c.a.automation.infra.Environment - ++++++++++++++initExecutionFolderVariables++++++++++++
11:05:50.907  990  [main] DEBUG c.a.automation.infra.Environment - initReporterParameters 
11:05:50.907  990  [main] DEBUG c.a.automation.infra.Environment - ++++++++++++++initExecutionFolderVariables++++++++++++
11:05:50.909  992  [main] DEBUG c.a.a.infra.utils.ResourceManager - saving jarFilePath to the ResourceManager cache: database/SqlData.xsd --> C:\Users\develeap\Work\Actimize\AAF\code\infra\aaf-infra\output\SqlData.xsd
11:05:50.911  994  [main] DEBUG c.a.a.infra.utils.ResourceManager - saving jarFilePath to the ResourceManager cache: testData/sqlData/SqlDataTest.xml --> C:\Users\develeap\Work\Actimize\AAF\code\infra\aaf-infra\output\SqlDataTest.xml
11:05:50.924  1007 [main] DEBUG c.a.automation.infra.Environment - initReporterParameters 
11:05:50.924  1007 [main] DEBUG c.a.automation.infra.Environment - ++++++++++++++initExecutionFolderVariables++++++++++++
11:05:50.925  1008 [main] DEBUG c.a.a.infra.utils.ResourceManager - saving jarFilePath to the ResourceManager cache: database/SqlData.xsd --> C:\Users\develeap\Work\Actimize\AAF\code\infra\aaf-infra\output\SqlData.xsd
11:05:50.928  1011 [main] DEBUG c.a.a.infra.utils.ResourceManager - saving jarFilePath to the ResourceManager cache: testData/sqlData/SqlDataTest.xml --> C:\Users\develeap\Work\Actimize\AAF\code\infra\aaf-infra\output\SqlDataTest.xml
11:05:50.944  1027 [main] WARN  c.a.a.infra.database.FileDbQuery - No elements of type export found on Xpath: //pk[@name='validate_proper_db_connect']/export
11:05:50.947  1030 [main] WARN  c.a.a.infra.database.FileDbQuery - No elements of type scriptName found on Xpath: //pk[@name='validate_proper_db_connect']/scriptName
11:05:50.954  1037 [main] DEBUG c.a.automation.infra.Environment - initReporterParameters 
11:05:50.954  1037 [main] DEBUG c.a.automation.infra.Environment - ++++++++++++++initExecutionFolderVariables++++++++++++
11:05:50.956  1039 [main] DEBUG c.a.a.infra.utils.ResourceManager - saving jarFilePath to the ResourceManager cache: database/SqlData.xsd --> C:\Users\develeap\Work\Actimize\AAF\code\infra\aaf-infra\output\SqlData.xsd
11:05:50.959  1042 [main] DEBUG c.a.a.infra.utils.ResourceManager - saving jarFilePath to the ResourceManager cache: testData/sqlData/SqlData1.xml --> C:\Users\develeap\Work\Actimize\AAF\code\infra\aaf-infra\output\SqlData1.xml
11:05:50.972  1055 [main] DEBUG c.a.automation.infra.Environment - initReporterParameters 
11:05:50.972  1055 [main] DEBUG c.a.automation.infra.Environment - ++++++++++++++initExecutionFolderVariables++++++++++++
11:05:50.973  1056 [main] DEBUG c.a.a.infra.utils.ResourceManager - saving jarFilePath to the ResourceManager cache: database/SqlData.xsd --> C:\Users\develeap\Work\Actimize\AAF\code\infra\aaf-infra\output\SqlData.xsd
11:05:50.976  1059 [main] DEBUG c.a.a.infra.utils.ResourceManager - saving jarFilePath to the ResourceManager cache: testData/sqlData/SqlData2.xml --> C:\Users\develeap\Work\Actimize\AAF\code\infra\aaf-infra\output\SqlData2.xml
11:05:50.988  1071 [main] DEBUG c.a.automation.infra.Environment - initReporterParameters 
11:05:50.989  1072 [main] DEBUG c.a.automation.infra.Environment - ++++++++++++++initExecutionFolderVariables++++++++++++
11:05:50.990  1073 [main] DEBUG c.a.a.infra.utils.ResourceManager - saving jarFilePath to the ResourceManager cache: database/SqlData.xsd --> C:\Users\develeap\Work\Actimize\AAF\code\infra\aaf-infra\output\SqlData.xsd
11:05:50.992  1075 [main] DEBUG c.a.a.infra.utils.ResourceManager - saving jarFilePath to the ResourceManager cache: testData/sqlData/SqlData3.xml --> C:\Users\develeap\Work\Actimize\AAF\code\infra\aaf-infra\output\SqlData3.xml
11:05:51.000  1083 [main] DEBUG c.a.automation.infra.Environment - initReporterParameters 
11:05:51.000  1083 [main] DEBUG c.a.automation.infra.Environment - ++++++++++++++initExecutionFolderVariables++++++++++++
11:05:51.001  1084 [main] DEBUG c.a.a.infra.utils.ResourceManager - saving jarFilePath to the ResourceManager cache: database/SqlData.xsd --> C:\Users\develeap\Work\Actimize\AAF\code\infra\aaf-infra\output\SqlData.xsd
11:05:51.005  1088 [main] DEBUG c.a.a.infra.utils.ResourceManager - saving jarFilePath to the ResourceManager cache: testData/sqlData/SqlData4.xml --> C:\Users\develeap\Work\Actimize\AAF\code\infra\aaf-infra\output\SqlData4.xml
11:05:51.014  1097 [main] DEBUG c.a.automation.infra.Environment - initReporterParameters 
11:05:51.014  1097 [main] DEBUG c.a.automation.infra.Environment - ++++++++++++++initExecutionFolderVariables++++++++++++
11:05:51.015  1098 [main] DEBUG c.a.a.infra.utils.ResourceManager - saving jarFilePath to the ResourceManager cache: database/SqlData.xsd --> C:\Users\develeap\Work\Actimize\AAF\code\infra\aaf-infra\output\SqlData.xsd
11:05:51.018  1101 [main] DEBUG c.a.a.infra.utils.ResourceManager - saving jarFilePath to the ResourceManager cache: testData/sqlData/SqlData5.xml --> C:\Users\develeap\Work\Actimize\AAF\code\infra\aaf-infra\output\SqlData5.xml
11:05:51.024  1107 [main] DEBUG c.a.automation.infra.Environment - initReporterParameters 
11:05:51.025  1108 [main] DEBUG c.a.automation.infra.Environment - ++++++++++++++initExecutionFolderVariables++++++++++++
11:05:51.026  1109 [main] DEBUG c.a.a.infra.utils.ResourceManager - saving jarFilePath to the ResourceManager cache: database/SqlData.xsd --> C:\Users\develeap\Work\Actimize\AAF\code\infra\aaf-infra\output\SqlData.xsd
11:05:51.028  1111 [main] DEBUG c.a.a.infra.utils.ResourceManager - saving jarFilePath to the ResourceManager cache: testData/sqlData/SqlData7.xml --> C:\Users\develeap\Work\Actimize\AAF\code\infra\aaf-infra\output\SqlData7.xml
11:05:51.035  1118 [main] DEBUG c.a.automation.infra.Environment - initReporterParameters 
11:05:51.035  1118 [main] DEBUG c.a.automation.infra.Environment - ++++++++++++++initExecutionFolderVariables++++++++++++
11:05:51.036  1119 [main] DEBUG c.a.a.infra.utils.ResourceManager - saving jarFilePath to the ResourceManager cache: database/SqlData.xsd --> C:\Users\develeap\Work\Actimize\AAF\code\infra\aaf-infra\output\SqlData.xsd
11:05:51.039  1122 [main] DEBUG c.a.a.infra.utils.ResourceManager - saving jarFilePath to the ResourceManager cache: testData/sqlData/SqlData8.xml --> C:\Users\develeap\Work\Actimize\AAF\code\infra\aaf-infra\output\SqlData8.xml
11:05:51.045  1128 [main] DEBUG c.a.automation.infra.Environment - initReporterParameters 
11:05:51.045  1128 [main] DEBUG c.a.automation.infra.Environment - ++++++++++++++initExecutionFolderVariables++++++++++++
11:05:51.046  1129 [main] DEBUG c.a.a.infra.utils.ResourceManager - saving jarFilePath to the ResourceManager cache: database/SqlData.xsd --> C:\Users\develeap\Work\Actimize\AAF\code\infra\aaf-infra\output\SqlData.xsd
11:05:51.048  1131 [main] DEBUG c.a.a.infra.utils.ResourceManager - saving jarFilePath to the ResourceManager cache: testData/sqlData/SqlData9.xml --> C:\Users\develeap\Work\Actimize\AAF\code\infra\aaf-infra\output\SqlData9.xml
11:05:51.056  1139 [main] DEBUG c.a.automation.infra.Environment - initReporterParameters 
11:05:51.056  1139 [main] DEBUG c.a.automation.infra.Environment - ++++++++++++++initExecutionFolderVariables++++++++++++
11:05:51.057  1140 [main] DEBUG c.a.a.infra.utils.ResourceManager - saving jarFilePath to the ResourceManager cache: database/SqlData.xsd --> C:\Users\develeap\Work\Actimize\AAF\code\infra\aaf-infra\output\SqlData.xsd
11:05:51.059  1142 [main] DEBUG c.a.a.infra.utils.ResourceManager - saving jarFilePath to the ResourceManager cache: testData/sqlData/SqlData10.xml --> C:\Users\develeap\Work\Actimize\AAF\code\infra\aaf-infra\output\SqlData10.xml
11:05:51.065  1148 [main] DEBUG c.a.automation.infra.Environment - initReporterParameters 
11:05:51.065  1148 [main] DEBUG c.a.automation.infra.Environment - ++++++++++++++initExecutionFolderVariables++++++++++++
11:05:51.066  1149 [main] DEBUG c.a.a.infra.utils.ResourceManager - saving jarFilePath to the ResourceManager cache: database/SqlData.xsd --> C:\Users\develeap\Work\Actimize\AAF\code\infra\aaf-infra\output\SqlData.xsd
11:05:51.068  1151 [main] DEBUG c.a.a.infra.utils.ResourceManager - saving jarFilePath to the ResourceManager cache: testData/sqlData/SqlData11.xml --> C:\Users\develeap\Work\Actimize\AAF\code\infra\aaf-infra\output\SqlData11.xml
11:05:51.075  1158 [main] DEBUG c.a.automation.infra.Environment - initReporterParameters 
11:05:51.075  1158 [main] DEBUG c.a.automation.infra.Environment - ++++++++++++++initExecutionFolderVariables++++++++++++
11:05:51.076  1159 [main] DEBUG c.a.a.infra.utils.ResourceManager - saving jarFilePath to the ResourceManager cache: database/SqlData.xsd --> C:\Users\develeap\Work\Actimize\AAF\code\infra\aaf-infra\output\SqlData.xsd
11:05:51.079  1162 [main] DEBUG c.a.a.infra.utils.ResourceManager - saving jarFilePath to the ResourceManager cache: testData/sqlData/SqlData12.xml --> C:\Users\develeap\Work\Actimize\AAF\code\infra\aaf-infra\output\SqlData12.xml
11:05:51.085  1168 [main] DEBUG c.a.automation.infra.Environment - initReporterParameters 
11:05:51.085  1168 [main] DEBUG c.a.automation.infra.Environment - ++++++++++++++initExecutionFolderVariables++++++++++++
11:05:51.086  1169 [main] DEBUG c.a.a.infra.utils.ResourceManager - saving jarFilePath to the ResourceManager cache: database/SqlData.xsd --> C:\Users\develeap\Work\Actimize\AAF\code\infra\aaf-infra\output\SqlData.xsd
11:05:51.089  1172 [main] DEBUG c.a.a.infra.utils.ResourceManager - saving jarFilePath to the ResourceManager cache: testData/sqlData/SqlData13.xml --> C:\Users\develeap\Work\Actimize\AAF\code\infra\aaf-infra\output\SqlData13.xml
11:05:51.096  1179 [main] DEBUG c.a.automation.infra.Environment - initReporterParameters 
11:05:51.096  1179 [main] DEBUG c.a.automation.infra.Environment - ++++++++++++++initExecutionFolderVariables++++++++++++
11:05:51.097  1180 [main] DEBUG c.a.a.infra.utils.ResourceManager - saving jarFilePath to the ResourceManager cache: database/SqlData.xsd --> C:\Users\develeap\Work\Actimize\AAF\code\infra\aaf-infra\output\SqlData.xsd
11:05:51.099  1182 [main] DEBUG c.a.a.infra.utils.ResourceManager - saving jarFilePath to the ResourceManager cache: testData/sqlData/SqlDataTest.xml --> C:\Users\develeap\Work\Actimize\AAF\code\infra\aaf-infra\output\SqlDataTest.xml
11:05:51.108  1191 [main] DEBUG c.a.a.infra.utils.ResourceManager - saving jarFilePath to the ResourceManager cache: database/SqlData.xsd --> C:\Users\develeap\Work\Actimize\AAF\code\infra\aaf-infra\output\SqlData.xsd
11:05:51.110  1193 [main] DEBUG c.a.a.infra.utils.ResourceManager - saving jarFilePath to the ResourceManager cache: testData/sqlData/SqlDataTest.xml --> C:\Users\develeap\Work\Actimize\AAF\code\infra\aaf-infra\output\SqlDataTest.xml
11:05:53.841  753  [main] DEBUG c.a.automation.infra.Environment - Initializing variables
11:05:53.845  757  [main] DEBUG c.a.automation.infra.Environment - user dir=C:\Users\develeap\Work\Actimize\AAF\code\infra\aaf-infra
11:05:53.846  758  [main] DEBUG c.a.automation.infra.Environment - Variables initialized
11:05:53.927  839  [main] DEBUG c.a.automation.infra.Environment - name
11:05:53.929  841  [main] DEBUG c.a.automation.infra.Environment - name
11:05:53.930  842  [main] DEBUG c.a.automation.infra.Environment - name
11:05:53.930  842  [main] DEBUG c.a.automation.infra.Environment - name
11:05:53.942  854  [main] DEBUG c.a.automation.infra.Environment - name
11:05:53.944  856  [main] DEBUG c.a.automation.infra.Environment - name
11:05:53.952  864  [main] DEBUG c.a.automation.infra.Environment - initReporterParameters 
11:05:53.952  864  [main] DEBUG c.a.automation.infra.Environment - ++++++++++++++initExecutionFolderVariables++++++++++++
11:05:54.098  1010 [main] DEBUG c.a.a.infra.utils.ResourceManager - saving jarFilePath to the ResourceManager cache: database/SqlData.xsd --> C:\Users\develeap\Work\Actimize\AAF\code\infra\aaf-infra\output\SqlData.xsd
11:05:54.104  1016 [main] DEBUG c.a.a.infra.utils.ResourceManager - saving jarFilePath to the ResourceManager cache: testData/sqlData/SqlData.xml --> C:\Users\develeap\Work\Actimize\AAF\code\infra\aaf-infra\output\SqlData.xml
11:05:54.373  1285 [main] WARN  c.a.a.infra.database.FileDbQuery - No elements of type export found on Xpath: //pk[@name='count_pl_items']/export
11:05:54.388  1300 [main] WARN  c.a.a.infra.database.FileDbQuery - No elements of type scriptName found on Xpath: //pk[@name='count_pl_items']/scriptName
11:05:54.901  1813 [main] DEBUG c.a.a.i.d.c.ComparatorListenerImpl - html:C:\Users\develeap\Work\Actimize\AAF\code\infra\aaf-infra\output\execution\\develeap\HTML_Reports2018-08-29T11.05.53\AdvancedDbUtilTest.html!{"expected":"select count(item_identifier) as COUNT_ITEMS from v_acm_internal_list_items where item_identifier in ({ITEM_IDENTIFIERS})            and list_join_id = (select list_join_id from v_acm_md_internal_lists where list_identifier = '{LIST_IDENTIFIER}')","observed":"Compare Succeeded","message":"","takeScreenShot":false,"logger":"C:\\Users\\develeap\\Work\\Actimize\\AAF\\code\\infra\\aaf-infra\\output\\execution\\\\develeap\\HTML_Reports2018-08-29T11.05.53\\AdvancedDbUtilTest.html","attachedLog":"Snapshots/AdvancedDbUtilTest/Compare Reports/Equals CompareHtmlReport2018-08-29T11.05.54.html"}
11:05:54.912  1824 [main] WARN  c.a.a.infra.database.FileDbQuery - No elements of type export found on Xpath: //pk[@name='count_pl_items']/export
11:05:54.919  1831 [main] WARN  c.a.a.infra.database.FileDbQuery - No elements of type scriptName found on Xpath: //pk[@name='count_pl_items']/scriptName
11:05:58.383  213  [main] DEBUG c.a.automation.infra.Environment - Initializing variables
11:05:58.385  215  [main] DEBUG c.a.automation.infra.Environment - user dir=C:\Users\develeap\Work\Actimize\AAF\code\infra\aaf-infra
11:05:58.386  216  [main] DEBUG c.a.automation.infra.Environment - Variables initialized
11:05:58.433  263  [main] DEBUG c.a.automation.infra.Environment - name
11:05:58.435  265  [main] DEBUG c.a.automation.infra.Environment - name
11:05:58.435  265  [main] DEBUG c.a.automation.infra.Environment - name
11:05:58.435  265  [main] DEBUG c.a.automation.infra.Environment - name
11:05:58.443  273  [main] DEBUG c.a.automation.infra.Environment - name
11:05:58.444  274  [main] DEBUG c.a.automation.infra.Environment - name
11:05:58.446  276  [main] DEBUG c.a.automation.infra.Environment - initReporterParameters 
11:05:58.448  278  [main] DEBUG c.a.automation.infra.Environment - ++++++++++++++initExecutionFolderVariables++++++++++++
11:05:58.451  281  [main] DEBUG c.a.automation.infra.Environment - initReporterParameters 
11:05:58.451  281  [main] DEBUG c.a.automation.infra.Environment - ++++++++++++++initExecutionFolderVariables++++++++++++
11:05:59.085  915  [main] ERROR c.a.a.i.d.c.ComparatorListenerImpl - html:C:\Users\develeap\Work\Actimize\AAF\code\infra\aaf-infra\output\execution\DbReporterTest\develeap\HTML_Reports2018-08-29T11.05.58\DbReporterTest.html!{"expected":"dbReporter test json parse and assert","observed":"Compare Failed","message":"","takeScreenShot":false,"logger":"C:\\Users\\develeap\\Work\\Actimize\\AAF\\code\\infra\\aaf-infra\\output\\execution\\DbReporterTest\\develeap\\HTML_Reports2018-08-29T11.05.58\\DbReporterTest.html","attachedLog":"Snapshots/DbReporterTest/Compare Reports/Contained CompareHtmlReport2018-08-29T11.05.58.html"}
11:05:59.157  987  [main] ERROR c.a.a.i.d.c.ComparatorListenerImpl - html:C:\Users\develeap\Work\Actimize\AAF\code\infra\aaf-infra\output\execution\DbReporterTest\develeap\HTML_Reports2018-08-29T11.05.58\DbReporterTest.html!{"expected":"dbReporter test json parse and assert","observed":"Compare Failed","message":"","takeScreenShot":false,"logger":"C:\\Users\\develeap\\Work\\Actimize\\AAF\\code\\infra\\aaf-infra\\output\\execution\\DbReporterTest\\develeap\\HTML_Reports2018-08-29T11.05.58\\DbReporterTest.html","attachedLog":"Snapshots/DbReporterTest/Compare Reports/Contains compareHtmlReport2018-08-29T11.05.59.html"}
11:05:59.207  1037 [main] ERROR c.a.a.i.d.c.ComparatorListenerImpl - html:C:\Users\develeap\Work\Actimize\AAF\code\infra\aaf-infra\output\execution\DbReporterTest\develeap\HTML_Reports2018-08-29T11.05.58\DbReporterTest.html!{"expected":"dbReporter test json parse and assert","observed":"Compare Failed","message":"","takeScreenShot":false,"logger":"C:\\Users\\develeap\\Work\\Actimize\\AAF\\code\\infra\\aaf-infra\\output\\execution\\DbReporterTest\\develeap\\HTML_Reports2018-08-29T11.05.58\\DbReporterTest.html","attachedLog":"Snapshots/DbReporterTest/Compare Reports/Equals CompareHtmlReport2018-08-29T11.05.59.html"}
11:05:59.233  1063 [main] ERROR c.a.a.i.d.c.ComparatorListenerImpl - html:C:\Users\develeap\Work\Actimize\AAF\code\infra\aaf-infra\output\execution\DbReporterTest\develeap\HTML_Reports2018-08-29T11.05.58\DbReporterTest.html!{"expected":"dbReporter test json parse and assert","observed":"Compare Failed","message":"","takeScreenShot":false,"logger":"C:\\Users\\develeap\\Work\\Actimize\\AAF\\code\\infra\\aaf-infra\\output\\execution\\DbReporterTest\\develeap\\HTML_Reports2018-08-29T11.05.58\\DbReporterTest.html","attachedLog":"Snapshots/DbReporterTest/Compare Reports/Not Contains CompareHtmlReport2018-08-29T11.05.59.html"}
11:05:59.264  1094 [main] DEBUG c.a.a.i.d.c.ComparatorListenerImpl - html:C:\Users\develeap\Work\Actimize\AAF\code\infra\aaf-infra\output\execution\DbReporterTest\develeap\HTML_Reports2018-08-29T11.05.58\DbReporterTest.html!{"expected":"test Report OnSuccess True","observed":"Compare Succeeded","message":"","takeScreenShot":false,"logger":"C:\\Users\\develeap\\Work\\Actimize\\AAF\\code\\infra\\aaf-infra\\output\\execution\\DbReporterTest\\develeap\\HTML_Reports2018-08-29T11.05.58\\DbReporterTest.html","attachedLog":"Snapshots/DbReporterTest/Compare Reports/Equals CompareHtmlReport2018-08-29T11.05.59-2.html"}
11:05:59.288  1118 [main] ERROR c.a.a.i.d.c.ComparatorListenerImpl - html:C:\Users\develeap\Work\Actimize\AAF\code\infra\aaf-infra\output\execution\DbReporterTest\develeap\HTML_Reports2018-08-29T11.05.58\DbReporterTest.html!{"expected":"dbReporter test json parse and assert","observed":"Compare Failed","message":"","takeScreenShot":false,"logger":"C:\\Users\\develeap\\Work\\Actimize\\AAF\\code\\infra\\aaf-infra\\output\\execution\\DbReporterTest\\develeap\\HTML_Reports2018-08-29T11.05.58\\DbReporterTest.html","attachedLog":"Snapshots/DbReporterTest/Compare Reports/Equals CompareHtmlReport2018-08-29T11.05.59-3.html"}
11:05:59.318  1148 [main] ERROR c.a.a.i.d.c.ComparatorListenerImpl - html:C:\Users\develeap\Work\Actimize\AAF\code\infra\aaf-infra\output\execution\DbReporterTest\develeap\HTML_Reports2018-08-29T11.05.58\DbReporterTest.html!{"expected":"dbReporter test json parse and assert","observed":"Compare Failed","message":"","takeScreenShot":false,"logger":"C:\\Users\\develeap\\Work\\Actimize\\AAF\\code\\infra\\aaf-infra\\output\\execution\\DbReporterTest\\develeap\\HTML_Reports2018-08-29T11.05.58\\DbReporterTest.html","attachedLog":"Snapshots/DbReporterTest/Compare Reports/Equals CompareHtmlReport2018-08-29T11.05.59-4.html"}
11:06:02.060  160  [main] DEBUG c.a.automation.infra.Environment - Initializing variables
11:06:02.062  162  [main] DEBUG c.a.automation.infra.Environment - user dir=C:\Users\develeap\Work\Actimize\AAF\code\infra\aaf-infra
11:06:02.062  162  [main] DEBUG c.a.automation.infra.Environment - Variables initialized
11:06:02.094  194  [main] DEBUG c.a.automation.infra.Environment - name
11:06:02.095  195  [main] DEBUG c.a.automation.infra.Environment - name
11:06:02.095  195  [main] DEBUG c.a.automation.infra.Environment - name
11:06:02.095  195  [main] DEBUG c.a.automation.infra.Environment - name
11:06:02.098  198  [main] DEBUG c.a.automation.infra.Environment - name
11:06:02.099  199  [main] DEBUG c.a.automation.infra.Environment - name
11:06:02.102  202  [main] DEBUG c.a.automation.infra.Environment - initReporterParameters 
11:06:02.102  202  [main] DEBUG c.a.automation.infra.Environment - ++++++++++++++initExecutionFolderVariables++++++++++++
11:06:02.932  1032 [main] ERROR c.a.a.i.d.c.ComparatorListenerImpl - html:C:\Users\develeap\Work\Actimize\AAF\code\infra\aaf-infra\CreateDataForCompareUtil.html!{"expected":"select something","observed":"Compare Failed","message":"","takeScreenShot":false,"logger":"C:\\Users\\develeap\\Work\\Actimize\\AAF\\code\\infra\\aaf-infra\\CreateDataForCompareUtil.html","attachedLog":"Compare Reports/Not Contains CompareHtmlReport2018-08-29T11.06.02.html"}
11:06:02.956  1056 [main] DEBUG c.a.a.i.d.c.ComparatorListenerImpl - html:C:\Users\develeap\Work\Actimize\AAF\code\infra\aaf-infra\CreateDataForCompareUtil.html!{"expected":"select something","observed":"Compare Succeeded","message":"","takeScreenShot":false,"logger":"C:\\Users\\develeap\\Work\\Actimize\\AAF\\code\\infra\\aaf-infra\\CreateDataForCompareUtil.html","attachedLog":"Compare Reports/Not Contains CompareHtmlReport2018-08-29T11.06.02-2.html"}
11:06:04.171  145  [main] DEBUG c.a.automation.infra.Environment - Initializing variables
11:06:04.173  147  [main] DEBUG c.a.automation.infra.Environment - user dir=C:\Users\develeap\Work\Actimize\AAF\code\infra\aaf-infra
11:06:04.173  147  [main] DEBUG c.a.automation.infra.Environment - Variables initialized
11:06:04.206  180  [main] DEBUG c.a.automation.infra.Environment - name
11:06:04.207  181  [main] DEBUG c.a.automation.infra.Environment - name
11:06:04.207  181  [main] DEBUG c.a.automation.infra.Environment - name
11:06:04.207  181  [main] DEBUG c.a.automation.infra.Environment - name
11:06:04.211  185  [main] DEBUG c.a.automation.infra.Environment - name
11:06:04.211  185  [main] DEBUG c.a.automation.infra.Environment - name
11:06:04.214  188  [main] DEBUG c.a.automation.infra.Environment - initReporterParameters 
11:06:04.214  188  [main] DEBUG c.a.automation.infra.Environment - ++++++++++++++initExecutionFolderVariables++++++++++++
11:06:04.530  504  [main] DEBUG c.a.a.infra.utils.ResourceManager - saving jarFilePath to the ResourceManager cache: database/SqlData.xsd --> C:\Users\develeap\Work\Actimize\AAF\code\infra\aaf-infra\output\SqlData.xsd
11:06:04.540  514  [main] DEBUG c.a.a.infra.utils.ResourceManager - saving jarFilePath to the ResourceManager cache: database/infra/SqlData.xml --> C:\Users\develeap\Work\Actimize\AAF\code\infra\aaf-infra\output\SqlData.xml
11:06:04.777  751  [main] DEBUG c.a.a.infra.KeepRefererService - Save Key: first Value 1 in keep referer hash
11:06:04.778  752  [main] DEBUG c.a.a.infra.utils.ResourceManager - saving jarFilePath to the ResourceManager cache: database/SqlData.xsd --> C:\Users\develeap\Work\Actimize\AAF\code\infra\aaf-infra\output\SqlData.xsd
11:06:04.781  755  [main] DEBUG c.a.a.infra.utils.ResourceManager - saving jarFilePath to the ResourceManager cache: database/infra/SqlData.xml --> C:\Users\develeap\Work\Actimize\AAF\code\infra\aaf-infra\output\SqlData.xml
11:06:04.826  800  [main] WARN  c.a.a.infra.database.FileDbQuery - No elements of type statement found on Xpath: //group[@name='check_scripts_loading']//pk[@name='scrit_in_database_scripts']/statement
11:06:04.832  806  [main] WARN  c.a.a.infra.database.FileDbQuery - No elements of type export found on Xpath: //group[@name='check_scripts_loading']//pk[@name='scrit_in_database_scripts']/export
11:06:04.843  817  [main] DEBUG c.a.a.infra.utils.ResourceManager - saving jarFilePath to the ResourceManager cache: database/SqlData.xsd --> C:\Users\develeap\Work\Actimize\AAF\code\infra\aaf-infra\output\SqlData.xsd
11:06:04.845  819  [main] DEBUG c.a.a.infra.utils.ResourceManager - saving jarFilePath to the ResourceManager cache: database/infra/SqlData.xml --> C:\Users\develeap\Work\Actimize\AAF\code\infra\aaf-infra\output\SqlData.xml
11:06:04.877  851  [main] DEBUG c.a.a.infra.utils.ResourceManager - saving jarFilePath to the ResourceManager cache: database/SqlData.xsd --> C:\Users\develeap\Work\Actimize\AAF\code\infra\aaf-infra\output\SqlData.xsd
11:06:04.880  854  [main] DEBUG c.a.a.infra.utils.ResourceManager - saving jarFilePath to the ResourceManager cache: database/infra/SqlData.xml --> C:\Users\develeap\Work\Actimize\AAF\code\infra\aaf-infra\output\SqlData.xml
11:06:04.915  889  [main] DEBUG c.a.a.infra.utils.ResourceManager - saving jarFilePath to the ResourceManager cache: database/SqlData.xsd --> C:\Users\develeap\Work\Actimize\AAF\code\infra\aaf-infra\output\SqlData.xsd
11:06:04.918  892  [main] DEBUG c.a.a.infra.utils.ResourceManager - saving jarFilePath to the ResourceManager cache: database/infra/SqlData.xml --> C:\Users\develeap\Work\Actimize\AAF\code\infra\aaf-infra\output\SqlData.xml
11:06:04.945  919  [main] WARN  c.a.a.infra.database.FileDbQuery - No elements of type scriptName found on Xpath: //pk[@name='schemaNameDynamicValCheck']/scriptName
11:06:04.952  926  [main] DEBUG c.a.a.infra.utils.ResourceManager - saving jarFilePath to the ResourceManager cache: database/SqlData.xsd --> C:\Users\develeap\Work\Actimize\AAF\code\infra\aaf-infra\output\SqlData.xsd
11:06:04.960  934  [main] DEBUG c.a.a.infra.utils.ResourceManager - saving jarFilePath to the ResourceManager cache: database/infra/SqlDataForTests.xml --> C:\Users\develeap\Work\Actimize\AAF\code\infra\aaf-infra\output\SqlDataForTests.xml
11:06:04.987  961  [main] DEBUG c.a.a.infra.utils.ResourceManager - saving jarFilePath to the ResourceManager cache: database/SqlData.xsd --> C:\Users\develeap\Work\Actimize\AAF\code\infra\aaf-infra\output\SqlData.xsd
11:06:04.991  965  [main] DEBUG c.a.a.infra.utils.ResourceManager - saving jarFilePath to the ResourceManager cache: database/infra/SqlData.xml --> C:\Users\develeap\Work\Actimize\AAF\code\infra\aaf-infra\output\SqlData.xml
11:06:05.012  986  [main] DEBUG c.a.a.infra.utils.ResourceManager - saving jarFilePath to the ResourceManager cache: database/SqlData.xsd --> C:\Users\develeap\Work\Actimize\AAF\code\infra\aaf-infra\output\SqlData.xsd
11:06:05.014  988  [main] DEBUG c.a.a.infra.utils.ResourceManager - saving jarFilePath to the ResourceManager cache: database/infra/SqlDataForTests.xml --> C:\Users\develeap\Work\Actimize\AAF\code\infra\aaf-infra\output\SqlDataForTests.xml
11:06:05.028  1002 [main] DEBUG c.a.a.infra.utils.ResourceManager - saving jarFilePath to the ResourceManager cache: database/SqlData.xsd --> C:\Users\develeap\Work\Actimize\AAF\code\infra\aaf-infra\output\SqlData.xsd
11:06:05.030  1004 [main] DEBUG c.a.a.infra.utils.ResourceManager - saving jarFilePath to the ResourceManager cache: database/infra/SqlDataForTests.xml --> C:\Users\develeap\Work\Actimize\AAF\code\infra\aaf-infra\output\SqlDataForTests.xml
11:06:05.042  1016 [main] DEBUG c.a.a.infra.utils.ResourceManager - saving jarFilePath to the ResourceManager cache: database/SqlData.xsd --> C:\Users\develeap\Work\Actimize\AAF\code\infra\aaf-infra\output\SqlData.xsd
11:06:05.044  1018 [main] DEBUG c.a.a.infra.utils.ResourceManager - saving jarFilePath to the ResourceManager cache: database/infra/SqlDataForTests.xml --> C:\Users\develeap\Work\Actimize\AAF\code\infra\aaf-infra\output\SqlDataForTests.xml
11:06:05.055  1029 [main] DEBUG c.a.a.infra.utils.ResourceManager - saving jarFilePath to the ResourceManager cache: database/SqlData.xsd --> C:\Users\develeap\Work\Actimize\AAF\code\infra\aaf-infra\output\SqlData.xsd
11:06:05.057  1031 [main] DEBUG c.a.a.infra.utils.ResourceManager - saving jarFilePath to the ResourceManager cache: database/infra/SqlData.xml --> C:\Users\develeap\Work\Actimize\AAF\code\infra\aaf-infra\output\SqlData.xml
11:06:05.087  1061 [main] WARN  c.a.a.infra.database.FileDbQuery - No elements of type scriptName found on Xpath: //pk[@name='check_export_tag']/scriptName
11:06:05.093  1067 [main] DEBUG c.a.a.infra.utils.ResourceManager - saving jarFilePath to the ResourceManager cache: database/SqlData.xsd --> C:\Users\develeap\Work\Actimize\AAF\code\infra\aaf-infra\output\SqlData.xsd
11:06:05.096  1070 [main] DEBUG c.a.a.infra.utils.ResourceManager - saving jarFilePath to the ResourceManager cache: database/infra/SqlData.xml --> C:\Users\develeap\Work\Actimize\AAF\code\infra\aaf-infra\output\SqlData.xml
11:06:05.123  1097 [main] WARN  c.a.a.infra.database.FileDbQuery - No elements of type statement found on Xpath: //group[@name='check_scripts_loading']//pk[@name='absolutePath']/statement
11:06:05.127  1101 [main] WARN  c.a.a.infra.database.FileDbQuery - No elements of type export found on Xpath: //group[@name='check_scripts_loading']//pk[@name='absolutePath']/export
11:06:05.139  1113 [main] WARN  c.a.a.infra.database.FileDbQuery - No elements of type statement found on Xpath: //group[@name='check_scripts_loading']//pk[@name='scrit_in_database_infra']/statement
11:06:05.143  1117 [main] WARN  c.a.a.infra.database.FileDbQuery - No elements of type export found on Xpath: //group[@name='check_scripts_loading']//pk[@name='scrit_in_database_infra']/export
11:06:05.150  1124 [main] DEBUG c.a.a.infra.utils.ResourceManager - saving jarFilePath to the ResourceManager cache: database/SqlData.xsd --> C:\Users\develeap\Work\Actimize\AAF\code\infra\aaf-infra\output\SqlData.xsd
11:06:05.153  1127 [main] DEBUG c.a.a.infra.utils.ResourceManager - saving jarFilePath to the ResourceManager cache: database/infra/SqlData2.xml --> C:\Users\develeap\Work\Actimize\AAF\code\infra\aaf-infra\output\SqlData2.xml
11:06:06.295  149  [main] DEBUG c.a.automation.infra.Environment - Initializing variables
11:06:06.298  152  [main] DEBUG c.a.automation.infra.Environment - user dir=C:\Users\develeap\Work\Actimize\AAF\code\infra\aaf-infra
11:06:06.298  152  [main] DEBUG c.a.automation.infra.Environment - Variables initialized
11:06:06.343  197  [main] DEBUG c.a.automation.infra.Environment - name
11:06:06.344  198  [main] DEBUG c.a.automation.infra.Environment - name
11:06:06.345  199  [main] DEBUG c.a.automation.infra.Environment - name
11:06:06.345  199  [main] DEBUG c.a.automation.infra.Environment - name
11:06:06.352  206  [main] DEBUG c.a.automation.infra.Environment - name
11:06:06.354  208  [main] DEBUG c.a.automation.infra.Environment - name
11:06:06.358  212  [main] DEBUG c.a.automation.infra.Environment - initReporterParameters 
11:06:06.359  213  [main] DEBUG c.a.automation.infra.Environment - ++++++++++++++initExecutionFolderVariables++++++++++++
11:06:10.280  158  [main] DEBUG c.a.automation.infra.Environment - Initializing variables
11:06:10.282  160  [main] DEBUG c.a.automation.infra.Environment - user dir=C:\Users\develeap\Work\Actimize\AAF\code\infra\aaf-infra
11:06:10.282  160  [main] DEBUG c.a.automation.infra.Environment - Variables initialized
11:06:10.342  220  [main] DEBUG c.a.automation.infra.Environment - name
11:06:10.344  222  [main] DEBUG c.a.automation.infra.Environment - name
11:06:10.344  222  [main] DEBUG c.a.automation.infra.Environment - name
11:06:10.345  223  [main] DEBUG c.a.automation.infra.Environment - name
11:06:10.354  232  [main] DEBUG c.a.automation.infra.Environment - name
11:06:10.356  234  [main] DEBUG c.a.automation.infra.Environment - name
11:06:10.362  240  [main] DEBUG c.a.automation.infra.Environment - initReporterParameters 
11:06:10.362  240  [main] DEBUG c.a.automation.infra.Environment - ++++++++++++++initExecutionFolderVariables++++++++++++
11:06:10.369  247  [main] DEBUG c.a.automation.infra.Environment - initReporterParameters 
11:06:10.369  247  [main] DEBUG c.a.automation.infra.Environment - ++++++++++++++initExecutionFolderVariables++++++++++++
11:06:10.583  461  [main] DEBUG c.a.a.infra.utils.FileUtils - "float_col1"	"float_col2"	"float_col3"	"str_col"	"bool_col"	"date_col"	"int_col""First_Float_Column"	"Second_Float_Column"	"Third_Float_Column"	"String_Column"	"Boolean_Column"	"Date_Column"	"Integer_Column""-4.10000"	"-1.23000"	"-9.99999"	"=""it's just a STRING"""	""	"12/12/2060 12:00 AM"	"4""1.23456"	"0.12300"	"1.50000"	"=""just a string"""	"true"	"08/08/1991 12:00 AM"	"1""2.30000"	"0.30000"	"1.99999"	"=""just another string"""	"false"	"02/19/2018 12:00 AM"	"2""3.11110"	"100.00050"	"-6.70000"	"=""abcdefghijklmnop"""	""	""	"3"
11:06:10.733  611  [main] DEBUG c.a.automation.infra.Reporting - html:null!{"expected":"File C:\\Users\\develeap\\Work\\Actimize\\AAF\\code\\infra\\aaf-infra\\output\\OracleFormatFile.csv should be equal to C:\\Users\\develeap\\Work\\Actimize\\AAF\\code\\infra\\aaf-infra\\output\\SQLFormatFile.csv","observed":"File C:\\Users\\develeap\\Work\\Actimize\\AAF\\code\\infra\\aaf-infra\\output\\OracleFormatFile.csv equal to C:\\Users\\develeap\\Work\\Actimize\\AAF\\code\\infra\\aaf-infra\\output\\SQLFormatFile.csv","message":"compareFiles: ","takeScreenShot":false,"logger":null,"attachedLog":null}
11:06:10.734  612  [main] DEBUG c.a.automation.infra.Reporting - #######
11:06:10.734  612  [main] DEBUG c.a.automation.infra.Reporting - THREAD:1 -- TEST CASE NAME: 
11:06:10.734  612  [main] DEBUG c.a.automation.infra.Reporting -  -- Description: compareFiles:  -- Expected Value: File C:\Users\develeap\Work\Actimize\AAF\code\infra\aaf-infra\output\OracleFormatFile.csv should be equal to C:\Users\develeap\Work\Actimize\AAF\code\infra\aaf-infra\output\SQLFormatFile.csv -- Actual Value: File C:\Users\develeap\Work\Actimize\AAF\code\infra\aaf-infra\output\OracleFormatFile.csv equal to C:\Users\develeap\Work\Actimize\AAF\code\infra\aaf-infra\output\SQLFormatFile.csv
11:06:10.734  612  [main] DEBUG c.a.automation.infra.Reporting - #######
11:06:10.734  612  [main] DEBUG c.a.a.infra.utils.FileUtils - Content of both files are same
11:06:10.749  627  [main] DEBUG c.a.a.infra.utils.FileUtils - "float_col1"	"float_col2"	"float_col3"	"str_col"	"bool_col"	"date_col"	"int_col""First_Float_Column"	"Second_Float_Column"	"Third_Float_Column"	"String_Column"	"Boolean_Column"	"Date_Column"	"Integer_Column""-4.1000"	"-1.2300"	"-9.9999"	"=""it's just a STRING"""	""	"12/12/2060 12:00 AM"	"4""1.2345"	"0.1230"	"1.5000"	"=""just a string"""	"true"	"08/08/1991 12:00 AM"	"1""2.3000"	"0.3000"	"1.9999"	"=""just another string"""	"false"	"02/19/2018 12:00 AM"	"2""3.1111"	"100.0005"	"-6.7000"	"=""abcdefghijklmnop"""	""	""	"3"
11:06:10.751  629  [main] DEBUG c.a.automation.infra.Reporting - html:null!{"expected":"File C:\\Users\\develeap\\Work\\Actimize\\AAF\\code\\infra\\aaf-infra\\output\\OracleFormatFile.csv should be equal to C:\\Users\\develeap\\Work\\Actimize\\AAF\\code\\infra\\aaf-infra\\output\\SQLFormatFile.csv","observed":"File C:\\Users\\develeap\\Work\\Actimize\\AAF\\code\\infra\\aaf-infra\\output\\OracleFormatFile.csv equal to C:\\Users\\develeap\\Work\\Actimize\\AAF\\code\\infra\\aaf-infra\\output\\SQLFormatFile.csv","message":"compareFiles: ","takeScreenShot":false,"logger":null,"attachedLog":null}
11:06:10.751  629  [main] DEBUG c.a.automation.infra.Reporting - #######
11:06:10.751  629  [main] DEBUG c.a.automation.infra.Reporting - THREAD:1 -- TEST CASE NAME: 
11:06:10.751  629  [main] DEBUG c.a.automation.infra.Reporting -  -- Description: compareFiles:  -- Expected Value: File C:\Users\develeap\Work\Actimize\AAF\code\infra\aaf-infra\output\OracleFormatFile.csv should be equal to C:\Users\develeap\Work\Actimize\AAF\code\infra\aaf-infra\output\SQLFormatFile.csv -- Actual Value: File C:\Users\develeap\Work\Actimize\AAF\code\infra\aaf-infra\output\OracleFormatFile.csv equal to C:\Users\develeap\Work\Actimize\AAF\code\infra\aaf-infra\output\SQLFormatFile.csv
11:06:10.751  629  [main] DEBUG c.a.automation.infra.Reporting - #######
11:06:10.755  633  [main] DEBUG c.a.a.infra.utils.FileUtils - Content of both files are same
11:06:10.763  641  [main] DEBUG c.a.a.infra.utils.FileUtils - "float_col1"	"float_col2"	"float_col3"	"str_col"	"bool_col"	"date_col"	"int_col""First_Float_Column"	"Second_Float_Column"	"Third_Float_Column"	"String_Column"	"Boolean_Column"	"Date_Column"	"Integer_Column""-4.10000"	"-1.23000"	"-9.99999"	"=""it's just a STRING"""	""	"12/12/2060 12:00 AM"	"4""1.23456"	"0.12300"	"1.50000"	"=""just a string"""	"true"	"08/08/1991 12:00 AM"	"1""2.30000"	"0.30000"	"1.99999"	"=""just another string"""	"false"	"02/19/2018 12:00 AM"	"2""3.11110"	"100.00050"	"-6.70000"	"=""abcdefghijklmnop"""	""	""	"3"
11:06:10.765  643  [main] DEBUG c.a.automation.infra.Reporting - html:null!{"expected":"File C:\\Users\\develeap\\Work\\Actimize\\AAF\\code\\infra\\aaf-infra\\output\\OracleFormatFile.csv should be equal to C:\\Users\\develeap\\Work\\Actimize\\AAF\\code\\infra\\aaf-infra\\output\\SQLFormatFile.csv","observed":"File C:\\Users\\develeap\\Work\\Actimize\\AAF\\code\\infra\\aaf-infra\\output\\OracleFormatFile.csv equal to C:\\Users\\develeap\\Work\\Actimize\\AAF\\code\\infra\\aaf-infra\\output\\SQLFormatFile.csv","message":"compareFiles: ","takeScreenShot":false,"logger":null,"attachedLog":null}
11:06:10.765  643  [main] DEBUG c.a.automation.infra.Reporting - #######
11:06:10.765  643  [main] DEBUG c.a.automation.infra.Reporting - THREAD:1 -- TEST CASE NAME: 
11:06:10.765  643  [main] DEBUG c.a.automation.infra.Reporting -  -- Description: compareFiles:  -- Expected Value: File C:\Users\develeap\Work\Actimize\AAF\code\infra\aaf-infra\output\OracleFormatFile.csv should be equal to C:\Users\develeap\Work\Actimize\AAF\code\infra\aaf-infra\output\SQLFormatFile.csv -- Actual Value: File C:\Users\develeap\Work\Actimize\AAF\code\infra\aaf-infra\output\OracleFormatFile.csv equal to C:\Users\develeap\Work\Actimize\AAF\code\infra\aaf-infra\output\SQLFormatFile.csv
11:06:10.765  643  [main] DEBUG c.a.automation.infra.Reporting - #######
11:06:10.765  643  [main] DEBUG c.a.a.infra.utils.FileUtils - Content of both files are same
11:06:12.470  146  [main] DEBUG c.a.automation.infra.Environment - Initializing variables
11:06:12.472  148  [main] DEBUG c.a.automation.infra.Environment - user dir=C:\Users\develeap\Work\Actimize\AAF\code\infra\aaf-infra
11:06:12.472  148  [main] DEBUG c.a.automation.infra.Environment - Variables initialized
11:06:12.504  180  [main] DEBUG c.a.automation.infra.Environment - name
11:06:12.505  181  [main] DEBUG c.a.automation.infra.Environment - name
11:06:12.505  181  [main] DEBUG c.a.automation.infra.Environment - name
11:06:12.505  181  [main] DEBUG c.a.automation.infra.Environment - name
11:06:12.509  185  [main] DEBUG c.a.automation.infra.Environment - name
11:06:12.509  185  [main] DEBUG c.a.automation.infra.Environment - name
11:06:12.511  187  [main] DEBUG c.a.automation.infra.Environment - initReporterParameters 
11:06:12.512  188  [main] DEBUG c.a.automation.infra.Environment - ++++++++++++++initExecutionFolderVariables++++++++++++
11:06:12.514  190  [main] DEBUG c.a.automation.infra.Environment - initReporterParameters 
11:06:12.514  190  [main] DEBUG c.a.automation.infra.Environment - ++++++++++++++initExecutionFolderVariables++++++++++++
11:06:12.773  449  [main] DEBUG c.a.a.infra.utils.FileUtils - "First_Float_Column"	"Second_Float_Column"	"Third_Float_Column"	"String_Column"	"Boolean_Column"	"Date_Column"	"Integer_Column""-4.00000"	"-1.23000"	"-9.99999"	"=""it's just a STRING"""	""	"12/12/2060 12:00 AM"	"4""1.23456"	"0.12300"	"1.00000"	"=""just a string"""	"true"	"08/08/1991 12:00 AM"	"1""2.30000"	"0.00000"	"1.99999"	"=""just another string"""	"false"	"02/19/2018 12:00 AM"	"2""3.11110"	"100.00050"	"-6.70000"	"=""abcdefghijklmnop"""	""	""	"3"
11:06:12.947  623  [main] DEBUG c.a.automation.infra.Reporting - html:null!{"expected":"File C:\\Users\\develeap\\Work\\Actimize\\AAF\\code\\infra\\aaf-infra\\output\\UTF16LE_Truncated_Mode_Conversion_Result.csv should be equal to C:\\Users\\develeap\\Work\\Actimize\\AAF\\code\\infra\\aaf-infra\\target\\test-classes\\testData\\testInputsFile\\CSVFileTest\\UTF16LE_Truncated_Mode_Expected_After_Conversion.csv","observed":"File C:\\Users\\develeap\\Work\\Actimize\\AAF\\code\\infra\\aaf-infra\\output\\UTF16LE_Truncated_Mode_Conversion_Result.csv equal to C:\\Users\\develeap\\Work\\Actimize\\AAF\\code\\infra\\aaf-infra\\target\\test-classes\\testData\\testInputsFile\\CSVFileTest\\UTF16LE_Truncated_Mode_Expected_After_Conversion.csv","message":"compareFiles: ","takeScreenShot":false,"logger":null,"attachedLog":null}
11:06:12.947  623  [main] DEBUG c.a.automation.infra.Reporting - #######
11:06:12.947  623  [main] DEBUG c.a.automation.infra.Reporting - THREAD:1 -- TEST CASE NAME: 
11:06:12.948  624  [main] DEBUG c.a.automation.infra.Reporting -  -- Description: compareFiles:  -- Expected Value: File C:\Users\develeap\Work\Actimize\AAF\code\infra\aaf-infra\output\UTF16LE_Truncated_Mode_Conversion_Result.csv should be equal to C:\Users\develeap\Work\Actimize\AAF\code\infra\aaf-infra\target\test-classes\testData\testInputsFile\CSVFileTest\UTF16LE_Truncated_Mode_Expected_After_Conversion.csv -- Actual Value: File C:\Users\develeap\Work\Actimize\AAF\code\infra\aaf-infra\output\UTF16LE_Truncated_Mode_Conversion_Result.csv equal to C:\Users\develeap\Work\Actimize\AAF\code\infra\aaf-infra\target\test-classes\testData\testInputsFile\CSVFileTest\UTF16LE_Truncated_Mode_Expected_After_Conversion.csv
11:06:12.948  624  [main] DEBUG c.a.automation.infra.Reporting - #######
11:06:12.948  624  [main] DEBUG c.a.a.infra.utils.FileUtils - Content of both files are same
11:06:12.962  638  [main] DEBUG c.a.a.infra.utils.FileUtils - "float_col1"	"float_col2"	"float_col3"	"str_col"	"bool_col"	"date_col"	"int_col""First_Float_Column"	"Second_Float_Column"	"Third_Float_Column"	"String_Column"	"Boolean_Column"	"Date_Column"	"Integer_Column""-4.00000"	"-1.23000"	"-9.99999"	"=""it's just a STRING"""	""	"12/12/2060 12:00 AM"	"4""1.23456"	"0.12300"	"1.00000"	"=""just a string"""	"true"	"08/08/1991 12:00 AM"	"1""2.30000"	"0.00000"	"1.99999"	"=""just another string"""	"false"	"02/19/2018 12:00 AM"	"2""3.11110"	"100.00050"	"-6.70000"	"=""abcdefghijklmnop"""	""	""	"3"
11:06:12.962  638  [main] DEBUG c.a.automation.infra.Reporting - html:null!{"expected":"File C:\\Users\\develeap\\Work\\Actimize\\AAF\\code\\infra\\aaf-infra\\output\\UTF8_Truncated_Mode_NC_Expected_Conversion_Result.csv should be equal to C:\\Users\\develeap\\Work\\Actimize\\AAF\\code\\infra\\aaf-infra\\target\\test-classes\\testData\\testInputsFile\\CSVFileTest\\UTF8_Truncated_Mode_Expected_After_Conversion.csv","observed":"File C:\\Users\\develeap\\Work\\Actimize\\AAF\\code\\infra\\aaf-infra\\output\\UTF8_Truncated_Mode_NC_Expected_Conversion_Result.csv equal to C:\\Users\\develeap\\Work\\Actimize\\AAF\\code\\infra\\aaf-infra\\target\\test-classes\\testData\\testInputsFile\\CSVFileTest\\UTF8_Truncated_Mode_Expected_After_Conversion.csv","message":"compareFiles: ","takeScreenShot":false,"logger":null,"attachedLog":null}
11:06:12.962  638  [main] DEBUG c.a.automation.infra.Reporting - #######
11:06:12.962  638  [main] DEBUG c.a.automation.infra.Reporting - THREAD:1 -- TEST CASE NAME: 
11:06:12.962  638  [main] DEBUG c.a.automation.infra.Reporting -  -- Description: compareFiles:  -- Expected Value: File C:\Users\develeap\Work\Actimize\AAF\code\infra\aaf-infra\output\UTF8_Truncated_Mode_NC_Expected_Conversion_Result.csv should be equal to C:\Users\develeap\Work\Actimize\AAF\code\infra\aaf-infra\target\test-classes\testData\testInputsFile\CSVFileTest\UTF8_Truncated_Mode_Expected_After_Conversion.csv -- Actual Value: File C:\Users\develeap\Work\Actimize\AAF\code\infra\aaf-infra\output\UTF8_Truncated_Mode_NC_Expected_Conversion_Result.csv equal to C:\Users\develeap\Work\Actimize\AAF\code\infra\aaf-infra\target\test-classes\testData\testInputsFile\CSVFileTest\UTF8_Truncated_Mode_Expected_After_Conversion.csv
11:06:12.962  638  [main] DEBUG c.a.automation.infra.Reporting - #######
11:06:12.962  638  [main] DEBUG c.a.a.infra.utils.FileUtils - Content of both files are same
11:06:12.969  645  [main] DEBUG c.a.a.infra.utils.FileUtils - "float_col1"	"float_col2"	"float_col3"	"str_col"	"bool_col"	"date_col"	"int_col""First_Float_Column"	"Second_Float_Column"	"Third_Float_Column"	"String_Column"	"Boolean_Column"	"Date_Column"	"Integer_Column""-4.00000"	"-1.23000"	"-9.99999"	"=""it's just a STRING"""	""	"12/12/2060 12:00 AM"	"4""1.23456"	"0.12300"	"1.00000"	"=""just a string"""	"true"	"08/08/1991 12:00 AM"	"1""2.30000"	"0.00000"	"1.99999"	"=""just another string"""	"false"	"02/19/2018 12:00 AM"	"2""3.11110"	"100.00050"	"-6.70000"	"=""abcdefghijklmnop"""	""	""	"3"
11:06:12.970  646  [main] DEBUG c.a.automation.infra.Reporting - html:null!{"expected":"File C:\\Users\\develeap\\Work\\Actimize\\AAF\\code\\infra\\aaf-infra\\output\\UTF16BE_Truncated_Mode_Conversion_Result.csv should be equal to C:\\Users\\develeap\\Work\\Actimize\\AAF\\code\\infra\\aaf-infra\\target\\test-classes\\testData\\testInputsFile\\CSVFileTest\\UTF16BE_Truncated_Mode_Expected_After_Conversion.csv","observed":"File C:\\Users\\develeap\\Work\\Actimize\\AAF\\code\\infra\\aaf-infra\\output\\UTF16BE_Truncated_Mode_Conversion_Result.csv equal to C:\\Users\\develeap\\Work\\Actimize\\AAF\\code\\infra\\aaf-infra\\target\\test-classes\\testData\\testInputsFile\\CSVFileTest\\UTF16BE_Truncated_Mode_Expected_After_Conversion.csv","message":"compareFiles: ","takeScreenShot":false,"logger":null,"attachedLog":null}
11:06:12.970  646  [main] DEBUG c.a.automation.infra.Reporting - #######
11:06:12.970  646  [main] DEBUG c.a.automation.infra.Reporting - THREAD:1 -- TEST CASE NAME: 
11:06:12.973  649  [main] DEBUG c.a.automation.infra.Reporting -  -- Description: compareFiles:  -- Expected Value: File C:\Users\develeap\Work\Actimize\AAF\code\infra\aaf-infra\output\UTF16BE_Truncated_Mode_Conversion_Result.csv should be equal to C:\Users\develeap\Work\Actimize\AAF\code\infra\aaf-infra\target\test-classes\testData\testInputsFile\CSVFileTest\UTF16BE_Truncated_Mode_Expected_After_Conversion.csv -- Actual Value: File C:\Users\develeap\Work\Actimize\AAF\code\infra\aaf-infra\output\UTF16BE_Truncated_Mode_Conversion_Result.csv equal to C:\Users\develeap\Work\Actimize\AAF\code\infra\aaf-infra\target\test-classes\testData\testInputsFile\CSVFileTest\UTF16BE_Truncated_Mode_Expected_After_Conversion.csv
11:06:12.974  650  [main] DEBUG c.a.automation.infra.Reporting - #######
11:06:12.974  650  [main] DEBUG c.a.a.infra.utils.FileUtils - Content of both files are same
11:06:12.983  659  [main] DEBUG c.a.a.infra.utils.FileUtils - "float_col1","float_col2","float_col3","str_col","bool_col","date_col","int_col""First_Float_Column","Second_Float_Column","Third_Float_Column","String_Column","Boolean_Column","Date_Column","Integer_Column""-4.00000","-1.23000","-9.99999","it's just a STRING","","12/12/2060 00:00","4""1.23456","0.12300","1.00000","just a string","TRUE","08/08/1991 00:00","1""2.30000","0.00000","1.99999","just another string","FALSE","02/19/2018 12:00 AM","2""3.11110","100.00050","-6.70000","abcdefghijklmnop","","","3"
11:06:12.985  661  [main] DEBUG c.a.automation.infra.Reporting - html:null!{"expected":"File C:\\Users\\develeap\\Work\\Actimize\\AAF\\code\\infra\\aaf-infra\\output\\UTF8_NO_BOM_Truncated_Mode_Conversion_Result.csv should be equal to C:\\Users\\develeap\\Work\\Actimize\\AAF\\code\\infra\\aaf-infra\\target\\test-classes\\testData\\testInputsFile\\CSVFileTest\\UTF8_NO_BOM_Truncated_Mode_Expected_After_Conversion.csv","observed":"File C:\\Users\\develeap\\Work\\Actimize\\AAF\\code\\infra\\aaf-infra\\output\\UTF8_NO_BOM_Truncated_Mode_Conversion_Result.csv equal to C:\\Users\\develeap\\Work\\Actimize\\AAF\\code\\infra\\aaf-infra\\target\\test-classes\\testData\\testInputsFile\\CSVFileTest\\UTF8_NO_BOM_Truncated_Mode_Expected_After_Conversion.csv","message":"compareFiles: ","takeScreenShot":false,"logger":null,"attachedLog":null}
11:06:12.985  661  [main] DEBUG c.a.automation.infra.Reporting - #######
11:06:12.985  661  [main] DEBUG c.a.automation.infra.Reporting - THREAD:1 -- TEST CASE NAME: 
11:06:12.985  661  [main] DEBUG c.a.automation.infra.Reporting -  -- Description: compareFiles:  -- Expected Value: File C:\Users\develeap\Work\Actimize\AAF\code\infra\aaf-infra\output\UTF8_NO_BOM_Truncated_Mode_Conversion_Result.csv should be equal to C:\Users\develeap\Work\Actimize\AAF\code\infra\aaf-infra\target\test-classes\testData\testInputsFile\CSVFileTest\UTF8_NO_BOM_Truncated_Mode_Expected_After_Conversion.csv -- Actual Value: File C:\Users\develeap\Work\Actimize\AAF\code\infra\aaf-infra\output\UTF8_NO_BOM_Truncated_Mode_Conversion_Result.csv equal to C:\Users\develeap\Work\Actimize\AAF\code\infra\aaf-infra\target\test-classes\testData\testInputsFile\CSVFileTest\UTF8_NO_BOM_Truncated_Mode_Expected_After_Conversion.csv
11:06:12.985  661  [main] DEBUG c.a.automation.infra.Reporting - #######
11:06:12.985  661  [main] DEBUG c.a.a.infra.utils.FileUtils - Content of both files are same
11:06:12.992  668  [main] DEBUG c.a.a.infra.utils.FileUtils - "Truncated","Ceiling","Floor","Round_half_up","Round_half_down","Round_up","String_field","Integer_field","Boolean_field","Date_field""truncated","Ceiling","floor","round_half_up","round_half_down","round_up","String_Field","Integer_Field","Boolean_Field","Date_Field""0.1234","9.2440","-9.2440","0.7172","0.7172","0.7172","=""one two three""","123","false","""1.2354","1.5340","123.0000","10.1010","2.2221","5.4562","","","","""21354.3436","0.1235","-1.0000","1.0000","0.9989","2.8889","=""write something in here""","1","true","02/25/2065 11:11 AM"
11:06:12.993  669  [main] DEBUG c.a.automation.infra.Reporting - html:null!{"expected":"File C:\\Users\\develeap\\Work\\Actimize\\AAF\\code\\infra\\aaf-infra\\output\\NC_Test_Result.csv should be equal to C:\\Users\\develeap\\Work\\Actimize\\AAF\\code\\infra\\aaf-infra\\target\\test-classes\\testData\\testInputsFile\\CSVFileTest\\Multiple_Modes_Expected_After_Conversion.csv","observed":"File C:\\Users\\develeap\\Work\\Actimize\\AAF\\code\\infra\\aaf-infra\\output\\NC_Test_Result.csv equal to C:\\Users\\develeap\\Work\\Actimize\\AAF\\code\\infra\\aaf-infra\\target\\test-classes\\testData\\testInputsFile\\CSVFileTest\\Multiple_Modes_Expected_After_Conversion.csv","message":"compareFiles: ","takeScreenShot":false,"logger":null,"attachedLog":null}
11:06:12.993  669  [main] DEBUG c.a.automation.infra.Reporting - #######
11:06:12.994  670  [main] DEBUG c.a.automation.infra.Reporting - THREAD:1 -- TEST CASE NAME: 
11:06:12.994  670  [main] DEBUG c.a.automation.infra.Reporting -  -- Description: compareFiles:  -- Expected Value: File C:\Users\develeap\Work\Actimize\AAF\code\infra\aaf-infra\output\NC_Test_Result.csv should be equal to C:\Users\develeap\Work\Actimize\AAF\code\infra\aaf-infra\target\test-classes\testData\testInputsFile\CSVFileTest\Multiple_Modes_Expected_After_Conversion.csv -- Actual Value: File C:\Users\develeap\Work\Actimize\AAF\code\infra\aaf-infra\output\NC_Test_Result.csv equal to C:\Users\develeap\Work\Actimize\AAF\code\infra\aaf-infra\target\test-classes\testData\testInputsFile\CSVFileTest\Multiple_Modes_Expected_After_Conversion.csv
11:06:12.994  670  [main] DEBUG c.a.automation.infra.Reporting - #######
11:06:12.994  670  [main] DEBUG c.a.a.infra.utils.FileUtils - Content of both files are same
11:06:13.023  699  [main] DEBUG c.a.a.infra.utils.FileUtils - "float_col1"	"float_col2"	"float_col3"	"str_col"	"bool_col"	"date_col"	"int_col""First_Float_Column"	"Second_Float_Column"	"Third_Float_Column"	"String_Column"	"Boolean_Column"	"Date_Column"	"Integer_Column""-4.1"	"-1.23"	"-9.999999"	"=""it's just a STRING"""	""	"12/12/2060 12:00 AM"	"4""1.234567"	"0.123"	"1.5"	"=""just a string"""	"true"	"08/08/1991 12:00 AM"	"1""2.3"	"0.3"	"1.99999"	"=""just another string"""	"false"	"02/19/2018 12:00 AM"	"2""3.1111"	"100.0005"	"-6.7"	"=""abcdefghijklmnop"""	""	""	"3"
11:06:13.024  700  [main] DEBUG c.a.automation.infra.Reporting - html:null!{"expected":"File C:\\Users\\develeap\\Work\\Actimize\\AAF\\code\\infra\\aaf-infra\\output\\IdentityConvertFile.csv should be equal to C:\\Users\\develeap\\Work\\Actimize\\AAF\\code\\infra\\aaf-infra\\target\\test-classes\\testData\\testInputsFile\\CSVFileTest\\IdentityCheck.csv","observed":"File C:\\Users\\develeap\\Work\\Actimize\\AAF\\code\\infra\\aaf-infra\\output\\IdentityConvertFile.csv equal to C:\\Users\\develeap\\Work\\Actimize\\AAF\\code\\infra\\aaf-infra\\target\\test-classes\\testData\\testInputsFile\\CSVFileTest\\IdentityCheck.csv","message":"compareFiles: ","takeScreenShot":false,"logger":null,"attachedLog":null}
11:06:13.025  701  [main] DEBUG c.a.automation.infra.Reporting - #######
11:06:13.025  701  [main] DEBUG c.a.automation.infra.Reporting - THREAD:1 -- TEST CASE NAME: 
11:06:13.025  701  [main] DEBUG c.a.automation.infra.Reporting -  -- Description: compareFiles:  -- Expected Value: File C:\Users\develeap\Work\Actimize\AAF\code\infra\aaf-infra\output\IdentityConvertFile.csv should be equal to C:\Users\develeap\Work\Actimize\AAF\code\infra\aaf-infra\target\test-classes\testData\testInputsFile\CSVFileTest\IdentityCheck.csv -- Actual Value: File C:\Users\develeap\Work\Actimize\AAF\code\infra\aaf-infra\output\IdentityConvertFile.csv equal to C:\Users\develeap\Work\Actimize\AAF\code\infra\aaf-infra\target\test-classes\testData\testInputsFile\CSVFileTest\IdentityCheck.csv
11:06:13.025  701  [main] DEBUG c.a.automation.infra.Reporting - #######
11:06:13.025  701  [main] DEBUG c.a.a.infra.utils.FileUtils - Content of both files are same
11:06:15.714  154  [main] DEBUG c.a.automation.infra.Environment - Initializing variables
11:06:15.716  156  [main] DEBUG c.a.automation.infra.Environment - user dir=C:\Users\develeap\Work\Actimize\AAF\code\infra\aaf-infra
11:06:15.717  157  [main] DEBUG c.a.automation.infra.Environment - Variables initialized
11:06:15.749  189  [main] DEBUG c.a.automation.infra.Environment - name
11:06:15.750  190  [main] DEBUG c.a.automation.infra.Environment - name
11:06:15.750  190  [main] DEBUG c.a.automation.infra.Environment - name
11:06:15.750  190  [main] DEBUG c.a.automation.infra.Environment - name
11:06:15.754  194  [main] DEBUG c.a.automation.infra.Environment - name
11:06:15.755  195  [main] DEBUG c.a.automation.infra.Environment - name
11:06:15.757  197  [main] DEBUG c.a.automation.infra.Environment - initReporterParameters 
11:06:15.757  197  [main] DEBUG c.a.automation.infra.Environment - ++++++++++++++initExecutionFolderVariables++++++++++++
11:06:15.759  199  [main] DEBUG c.a.automation.infra.Environment - initReporterParameters 
11:06:15.759  199  [main] DEBUG c.a.automation.infra.Environment - ++++++++++++++initExecutionFolderVariables++++++++++++
11:06:17.731  167  [main] DEBUG c.a.automation.infra.Environment - Initializing variables
11:06:17.734  170  [main] DEBUG c.a.automation.infra.Environment - user dir=C:\Users\develeap\Work\Actimize\AAF\code\infra\aaf-infra
11:06:17.734  170  [main] DEBUG c.a.automation.infra.Environment - Variables initialized
11:06:17.771  207  [main] DEBUG c.a.automation.infra.Environment - name
11:06:17.772  208  [main] DEBUG c.a.automation.infra.Environment - name
11:06:17.772  208  [main] DEBUG c.a.automation.infra.Environment - name
11:06:17.772  208  [main] DEBUG c.a.automation.infra.Environment - name
11:06:17.776  212  [main] DEBUG c.a.automation.infra.Environment - name
11:06:17.777  213  [main] DEBUG c.a.automation.infra.Environment - name
11:06:17.779  215  [main] DEBUG c.a.automation.infra.Environment - initReporterParameters 
11:06:17.780  216  [main] DEBUG c.a.automation.infra.Environment - ++++++++++++++initExecutionFolderVariables++++++++++++
11:06:17.782  218  [main] DEBUG c.a.automation.infra.Environment - initReporterParameters 
11:06:17.782  218  [main] DEBUG c.a.automation.infra.Environment - ++++++++++++++initExecutionFolderVariables++++++++++++
11:06:17.796  232  [main] DEBUG c.a.a.i.e.FilesExtractor - Setting Extractor destination folder to: C:\Users\develeap\Work\Actimize\AAF\code\infra\aaf-infra\output\execution\\develeap\HTML_Reports2018-08-29T11.06.17\Snapshots\FileExtractorTest\TextCompareFiles\
11:06:17.861  297  [main] DEBUG c.a.a.i.e.FilesExtractor - Content was written into: C:\Users\develeap\Work\Actimize\AAF\code\infra\aaf-infra\output\execution\\develeap\HTML_Reports2018-08-29T11.06.17\Snapshots\FileExtractorTest\TextCompareFiles\\fileForExtractor_2018-08-29T11.06.17.txt
11:06:17.863  299  [main] DEBUG c.a.a.i.e.FilesExtractor - Extract info was written into: C:\Users\develeap\Work\Actimize\AAF\code\infra\aaf-infra\output\execution\\develeap\HTML_Reports2018-08-29T11.06.17\Snapshots\FileExtractorTest\TextCompareFiles\\fileForExtractor_2018-08-29T11.06.17.txt
11:06:17.911  347  [main] DEBUG c.a.a.i.e.FilesExtractor - Compare reports destination folder set to: C:\Users\develeap\Work\Actimize\AAF\code\infra\aaf-infra\output\execution\\develeap\HTML_Reports2018-08-29T11.06.17\Snapshots\FileExtractorTest\Compare Reports\
11:06:18.296  732  [main] DEBUG c.a.a.i.e.FilesExtractor - html:C:\Users\develeap\Work\Actimize\AAF\code\infra\aaf-infra\output\execution\\develeap\HTML_Reports2018-08-29T11.06.17\FileExtractorTest.html!{"expected":"count Appearance comparator passed! content in expected match!","observed":"Compare Succeeded","message":"","takeScreenShot":false,"logger":"C:\\Users\\develeap\\Work\\Actimize\\AAF\\code\\infra\\aaf-infra\\output\\execution\\\\develeap\\HTML_Reports2018-08-29T11.06.17\\FileExtractorTest.html","attachedLog":"Snapshots/FileExtractorTest/Compare Reports/count Appearance comparatorHtmlReport2018-08-29T11.06.17.html"}
11:06:18.304  740  [main] DEBUG c.a.a.i.e.FilesExtractor - Setting Extractor destination folder to: C:\Users\develeap\Work\Actimize\AAF\code\infra\aaf-infra\output\execution\\develeap\HTML_Reports2018-08-29T11.06.17\Snapshots\FileExtractorTest\TextCompareFiles\
11:06:18.375  811  [main] DEBUG c.a.a.i.e.FilesExtractor - Content was written into: C:\Users\develeap\Work\Actimize\AAF\code\infra\aaf-infra\output\execution\\develeap\HTML_Reports2018-08-29T11.06.17\Snapshots\FileExtractorTest\TextCompareFiles\\DemoFile_2018-08-29T11.06.18.log
11:06:18.376  812  [main] DEBUG c.a.a.i.e.FilesExtractor - Extract info was written into: C:\Users\develeap\Work\Actimize\AAF\code\infra\aaf-infra\output\execution\\develeap\HTML_Reports2018-08-29T11.06.17\Snapshots\FileExtractorTest\TextCompareFiles\\DemoFile_2018-08-29T11.06.18.log
11:06:18.380  816  [main] DEBUG c.a.a.i.e.FilesExtractor - Compare reports destination folder set to: C:\Users\develeap\Work\Actimize\AAF\code\infra\aaf-infra\output\execution\\develeap\HTML_Reports2018-08-29T11.06.17\Snapshots\FileExtractorTest\Compare Reports\
11:06:18.409  845  [main] DEBUG c.a.a.i.e.FilesExtractor - html:C:\Users\develeap\Work\Actimize\AAF\code\infra\aaf-infra\output\execution\\develeap\HTML_Reports2018-08-29T11.06.17\FileExtractorTest.html!{"expected":"File Contain Text Comparator passed! content in expected match!","observed":"Compare Succeeded","message":"","takeScreenShot":false,"logger":"C:\\Users\\develeap\\Work\\Actimize\\AAF\\code\\infra\\aaf-infra\\output\\execution\\\\develeap\\HTML_Reports2018-08-29T11.06.17\\FileExtractorTest.html","attachedLog":"Snapshots/FileExtractorTest/Compare Reports/File Contain Text ComparatorHtmlReport2018-08-29T11.06.18.html"}
11:06:18.423  859  [main] DEBUG c.a.a.i.e.FilesExtractor - Setting Extractor destination folder to: C:\Users\develeap\Work\Actimize\AAF\code\infra\aaf-infra\output\execution\\develeap\HTML_Reports2018-08-29T11.06.17\Snapshots\FileExtractorTest\TextCompareFiles\
11:06:18.428  864  [main] DEBUG c.a.a.i.e.FilesExtractor - Content was written into: C:\Users\develeap\Work\Actimize\AAF\code\infra\aaf-infra\output\execution\\develeap\HTML_Reports2018-08-29T11.06.17\Snapshots\FileExtractorTest\TextCompareFiles\\dummyForTest_2018-08-29T11.06.18.txt
11:06:18.430  866  [main] DEBUG c.a.a.i.e.FilesExtractor - Extract info was written into: C:\Users\develeap\Work\Actimize\AAF\code\infra\aaf-infra\output\execution\\develeap\HTML_Reports2018-08-29T11.06.17\Snapshots\FileExtractorTest\TextCompareFiles\\dummyForTest_2018-08-29T11.06.18.txt
11:06:18.434  870  [main] DEBUG c.a.a.i.e.FilesExtractor - Compare reports destination folder set to: C:\Users\develeap\Work\Actimize\AAF\code\infra\aaf-infra\output\execution\\develeap\HTML_Reports2018-08-29T11.06.17\Snapshots\FileExtractorTest\Compare Reports\
11:06:18.461  897  [main] DEBUG c.a.a.i.e.FilesExtractor - html:C:\Users\develeap\Work\Actimize\AAF\code\infra\aaf-infra\output\execution\\develeap\HTML_Reports2018-08-29T11.06.17\FileExtractorTest.html!{"expected":"Text Equals compare passed! content in expected match!","observed":"Compare Succeeded","message":"","takeScreenShot":false,"logger":"C:\\Users\\develeap\\Work\\Actimize\\AAF\\code\\infra\\aaf-infra\\output\\execution\\\\develeap\\HTML_Reports2018-08-29T11.06.17\\FileExtractorTest.html","attachedLog":"Snapshots/FileExtractorTest/Compare Reports/Text Equals compareHtmlReport2018-08-29T11.06.18.html"}
11:06:20.982  141  [main] DEBUG c.a.automation.infra.Environment - Initializing variables
11:06:20.984  143  [main] DEBUG c.a.automation.infra.Environment - user dir=C:\Users\develeap\Work\Actimize\AAF\code\infra\aaf-infra
11:06:20.985  144  [main] DEBUG c.a.automation.infra.Environment - Variables initialized
11:06:21.018  177  [main] DEBUG c.a.automation.infra.Environment - name
11:06:21.018  177  [main] DEBUG c.a.automation.infra.Environment - name
11:06:21.018  177  [main] DEBUG c.a.automation.infra.Environment - name
11:06:21.018  177  [main] DEBUG c.a.automation.infra.Environment - name
11:06:21.023  182  [main] DEBUG c.a.automation.infra.Environment - name
11:06:21.026  185  [main] DEBUG c.a.automation.infra.Environment - name
11:06:21.029  188  [main] DEBUG c.a.automation.infra.Environment - initReporterParameters 
11:06:21.029  188  [main] DEBUG c.a.automation.infra.Environment - ++++++++++++++initExecutionFolderVariables++++++++++++
11:06:21.033  192  [main] DEBUG c.a.automation.infra.Environment - initReporterParameters 
11:06:21.034  193  [main] DEBUG c.a.automation.infra.Environment - ++++++++++++++initExecutionFolderVariables++++++++++++
11:06:21.051  210  [main] DEBUG c.a.a.i.e.FilesExtractor - Setting Extractor destination folder to: C:\Users\develeap\Work\Actimize\AAF\code\infra\aaf-infra\output\execution\\develeap\HTML_Reports2018-08-29T11.06.21\Snapshots\MultiEncodingExtractAndCompareTest\TextCompareFiles\
11:06:21.114  273  [main] DEBUG c.a.a.i.e.FilesExtractor - Content was written into: C:\Users\develeap\Work\Actimize\AAF\code\infra\aaf-infra\output\execution\\develeap\HTML_Reports2018-08-29T11.06.21\Snapshots\MultiEncodingExtractAndCompareTest\TextCompareFiles\\import CSV with delimiter Comma_2018-08-29T11.06.21.csv
11:06:21.116  275  [main] DEBUG c.a.a.i.e.FilesExtractor - Extract info was written into: C:\Users\develeap\Work\Actimize\AAF\code\infra\aaf-infra\output\execution\\develeap\HTML_Reports2018-08-29T11.06.21\Snapshots\MultiEncodingExtractAndCompareTest\TextCompareFiles\\import CSV with delimiter Comma_2018-08-29T11.06.21.csv
11:06:21.120  279  [main] DEBUG c.a.a.i.e.FilesExtractor - Compare reports destination folder set to: C:\Users\develeap\Work\Actimize\AAF\code\infra\aaf-infra\output\execution\\develeap\HTML_Reports2018-08-29T11.06.21\Snapshots\MultiEncodingExtractAndCompareTest\Compare Reports\
11:06:21.457  616  [main] DEBUG c.a.a.i.e.FilesExtractor - html:C:\Users\develeap\Work\Actimize\AAF\code\infra\aaf-infra\output\execution\\develeap\HTML_Reports2018-08-29T11.06.21\MultiEncodingExtractAndCompareTest.html!{"expected":"File Contain Text Comparator passed! content in expected match!","observed":"Compare Succeeded","message":"","takeScreenShot":false,"logger":"C:\\Users\\develeap\\Work\\Actimize\\AAF\\code\\infra\\aaf-infra\\output\\execution\\\\develeap\\HTML_Reports2018-08-29T11.06.21\\MultiEncodingExtractAndCompareTest.html","attachedLog":"Snapshots/MultiEncodingExtractAndCompareTest/Compare Reports/File Contain Text ComparatorHtmlReport2018-08-29T11.06.21.html"}
11:06:21.459  618  [main] DEBUG c.a.automation.infra.Environment - initReporterParameters 
11:06:21.460  619  [main] DEBUG c.a.automation.infra.Environment - ++++++++++++++initExecutionFolderVariables++++++++++++
11:06:21.461  620  [main] DEBUG c.a.a.i.e.FilesExtractor - Setting Extractor destination folder to: C:\Users\develeap\Work\Actimize\AAF\code\infra\aaf-infra\output\execution\\develeap\HTML_Reports2018-08-29T11.06.21\Snapshots\MultiEncodingExtractAndCompareTest\TextCompareFiles\
11:06:21.466  625  [main] DEBUG c.a.a.i.e.FilesExtractor - Content was written into: C:\Users\develeap\Work\Actimize\AAF\code\infra\aaf-infra\output\execution\\develeap\HTML_Reports2018-08-29T11.06.21\Snapshots\MultiEncodingExtractAndCompareTest\TextCompareFiles\\Import CSV with delimiter TAB_2018-08-29T11.06.21.csv
11:06:21.470  629  [main] DEBUG c.a.a.i.e.FilesExtractor - Extract info was written into: C:\Users\develeap\Work\Actimize\AAF\code\infra\aaf-infra\output\execution\\develeap\HTML_Reports2018-08-29T11.06.21\Snapshots\MultiEncodingExtractAndCompareTest\TextCompareFiles\\Import CSV with delimiter TAB_2018-08-29T11.06.21.csv
11:06:21.473  632  [main] DEBUG c.a.a.i.e.FilesExtractor - Compare reports destination folder set to: C:\Users\develeap\Work\Actimize\AAF\code\infra\aaf-infra\output\execution\\develeap\HTML_Reports2018-08-29T11.06.21\Snapshots\MultiEncodingExtractAndCompareTest\Compare Reports\
11:06:21.509  668  [main] DEBUG c.a.a.i.e.FilesExtractor - html:C:\Users\develeap\Work\Actimize\AAF\code\infra\aaf-infra\output\execution\\develeap\HTML_Reports2018-08-29T11.06.21\MultiEncodingExtractAndCompareTest.html!{"expected":"File Contain Text Comparator passed! content in expected match!","observed":"Compare Succeeded","message":"","takeScreenShot":false,"logger":"C:\\Users\\develeap\\Work\\Actimize\\AAF\\code\\infra\\aaf-infra\\output\\execution\\\\develeap\\HTML_Reports2018-08-29T11.06.21\\MultiEncodingExtractAndCompareTest.html","attachedLog":"Snapshots/MultiEncodingExtractAndCompareTest/Compare Reports/File Contain Text ComparatorHtmlReport2018-08-29T11.06.21-2.html"}
11:06:24.390  150  [main] DEBUG c.a.automation.infra.Environment - Initializing variables
11:06:24.391  151  [main] DEBUG c.a.automation.infra.Environment - user dir=C:\Users\develeap\Work\Actimize\AAF\code\infra\aaf-infra
11:06:24.391  151  [main] DEBUG c.a.automation.infra.Environment - Variables initialized
11:06:24.425  185  [main] DEBUG c.a.automation.infra.Environment - name
11:06:24.426  186  [main] DEBUG c.a.automation.infra.Environment - name
11:06:24.426  186  [main] DEBUG c.a.automation.infra.Environment - name
11:06:24.426  186  [main] DEBUG c.a.automation.infra.Environment - name
11:06:24.431  191  [main] DEBUG c.a.automation.infra.Environment - name
11:06:24.431  191  [main] DEBUG c.a.automation.infra.Environment - name
11:06:24.433  193  [main] DEBUG c.a.automation.infra.Environment - initReporterParameters 
11:06:24.433  193  [main] DEBUG c.a.automation.infra.Environment - ++++++++++++++initExecutionFolderVariables++++++++++++
11:06:24.435  195  [main] DEBUG c.a.automation.infra.Environment - initReporterParameters 
11:06:24.435  195  [main] DEBUG c.a.automation.infra.Environment - ++++++++++++++initExecutionFolderVariables++++++++++++
11:06:24.520  280  [main] DEBUG c.a.a.i.e.FilesExtractor - Setting Extractor destination folder to: C:\Users\develeap\Work\Actimize\AAF\code\infra\aaf-infra\output\execution\\develeap\HTML_Reports2018-08-29T11.06.24\Snapshots\FilterTest\TextCompareFiles\
11:06:24.547  307  [main] DEBUG c.a.a.i.e.FilesExtractor - Content was written into: C:\Users\develeap\Work\Actimize\AAF\code\infra\aaf-infra\output\execution\\develeap\HTML_Reports2018-08-29T11.06.24\Snapshots\FilterTest\TextCompareFiles\\input1535529984471_2018-08-29T11.06.24.txt
11:06:24.551  311  [main] DEBUG c.a.a.i.e.FilesExtractor - Extract info was written into: C:\Users\develeap\Work\Actimize\AAF\code\infra\aaf-infra\output\execution\\develeap\HTML_Reports2018-08-29T11.06.24\Snapshots\FilterTest\TextCompareFiles\\input1535529984471_2018-08-29T11.06.24.txt
11:06:24.554  314  [main] DEBUG c.a.a.i.e.FilesExtractor - Setting Extractor destination folder to: C:\Users\develeap\Work\Actimize\AAF\code\infra\aaf-infra\output\execution\\develeap\HTML_Reports2018-08-29T11.06.24\Snapshots\FilterTest\TextCompareFiles\
11:06:24.561  321  [main] DEBUG c.a.a.i.e.FilesExtractor - Content was written into: C:\Users\develeap\Work\Actimize\AAF\code\infra\aaf-infra\output\execution\\develeap\HTML_Reports2018-08-29T11.06.24\Snapshots\FilterTest\TextCompareFiles\\input1535529984553_2018-08-29T11.06.24.txt
11:06:24.565  325  [main] DEBUG c.a.a.i.e.FilesExtractor - Extract info was written into: C:\Users\develeap\Work\Actimize\AAF\code\infra\aaf-infra\output\execution\\develeap\HTML_Reports2018-08-29T11.06.24\Snapshots\FilterTest\TextCompareFiles\\input1535529984553_2018-08-29T11.06.24.txt
11:06:24.568  328  [main] DEBUG c.a.a.i.e.FilesExtractor - Setting Extractor destination folder to: C:\Users\develeap\Work\Actimize\AAF\code\infra\aaf-infra\output\execution\\develeap\HTML_Reports2018-08-29T11.06.24\Snapshots\FilterTest\TextCompareFiles\
11:06:24.573  333  [main] DEBUG c.a.a.i.e.FilesExtractor - Content was written into: C:\Users\develeap\Work\Actimize\AAF\code\infra\aaf-infra\output\execution\\develeap\HTML_Reports2018-08-29T11.06.24\Snapshots\FilterTest\TextCompareFiles\\input1535529984566_2018-08-29T11.06.24.txt
11:06:24.577  337  [main] DEBUG c.a.a.i.e.FilesExtractor - Extract info was written into: C:\Users\develeap\Work\Actimize\AAF\code\infra\aaf-infra\output\execution\\develeap\HTML_Reports2018-08-29T11.06.24\Snapshots\FilterTest\TextCompareFiles\\input1535529984566_2018-08-29T11.06.24.txt
11:06:24.588  348  [main] DEBUG c.a.a.i.e.FilesExtractor - Setting Extractor destination folder to: C:\Users\develeap\Work\Actimize\AAF\code\infra\aaf-infra\output\execution\\develeap\HTML_Reports2018-08-29T11.06.24\Snapshots\FilterTest\TextCompareFiles\
11:06:24.594  354  [main] DEBUG c.a.a.i.e.FilesExtractor - Content was written into: C:\Users\develeap\Work\Actimize\AAF\code\infra\aaf-infra\output\execution\\develeap\HTML_Reports2018-08-29T11.06.24\Snapshots\FilterTest\TextCompareFiles\\input1535529984586_2018-08-29T11.06.24.txt
11:06:24.596  356  [main] DEBUG c.a.a.i.e.FilesExtractor - Extract info was written into: C:\Users\develeap\Work\Actimize\AAF\code\infra\aaf-infra\output\execution\\develeap\HTML_Reports2018-08-29T11.06.24\Snapshots\FilterTest\TextCompareFiles\\input1535529984586_2018-08-29T11.06.24.txt
11:06:24.600  360  [main] DEBUG c.a.a.i.e.FilesExtractor - Setting Extractor destination folder to: C:\Users\develeap\Work\Actimize\AAF\code\infra\aaf-infra\output\execution\\develeap\HTML_Reports2018-08-29T11.06.24\Snapshots\FilterTest\TextCompareFiles\
11:06:24.605  365  [main] DEBUG c.a.a.i.e.FilesExtractor - Content was written into: C:\Users\develeap\Work\Actimize\AAF\code\infra\aaf-infra\output\execution\\develeap\HTML_Reports2018-08-29T11.06.24\Snapshots\FilterTest\TextCompareFiles\\input1535529984596_2018-08-29T11.06.24.txt
11:06:24.609  369  [main] DEBUG c.a.a.i.e.FilesExtractor - Extract info was written into: C:\Users\develeap\Work\Actimize\AAF\code\infra\aaf-infra\output\execution\\develeap\HTML_Reports2018-08-29T11.06.24\Snapshots\FilterTest\TextCompareFiles\\input1535529984596_2018-08-29T11.06.24.txt
11:06:26.058  154  [main] DEBUG c.a.a.infra.KeepRefererService - Save Key: key1 Value value1 in keep referer hash
11:06:26.060  156  [main] DEBUG c.a.a.infra.KeepRefererService - Save Key: key2 Value value2 in keep referer hash
11:06:26.060  156  [main] DEBUG c.a.a.infra.KeepRefererService - Save Key: key3 Value null in keep referer hash
11:06:26.060  156  [main] DEBUG c.a.a.infra.KeepRefererService - Save Key: num1 Value 1 in keep referer hash
11:06:26.060  156  [main] DEBUG c.a.a.infra.KeepRefererService - Save Key: num2 Value 2 in keep referer hash
11:06:26.061  157  [main] DEBUG c.a.a.infra.KeepRefererService - Save Key: new2 Value new val in keep referer hash
11:06:26.062  158  [main] DEBUG c.a.a.infra.KeepRefererService - Save Key: new2 Value new val in keep referer hash
11:06:26.062  158  [main] DEBUG c.a.a.infra.KeepRefererService - Save Key: key1 Value value1 in keep referer hash
11:06:26.063  159  [main] DEBUG c.a.a.infra.KeepRefererService - Save Key: key2 Value value2 in keep referer hash
11:06:26.063  159  [main] DEBUG c.a.a.infra.KeepRefererService - Save Key: key3 Value null in keep referer hash
11:06:26.063  159  [main] DEBUG c.a.a.infra.KeepRefererService - Save Key: num1 Value 1 in keep referer hash
11:06:26.063  159  [main] DEBUG c.a.a.infra.KeepRefererService - Save Key: num2 Value 2 in keep referer hash
11:06:26.063  159  [main] DEBUG c.a.a.infra.KeepRefererService - Save Key: key1 Value value1 in keep referer hash
11:06:26.063  159  [main] DEBUG c.a.a.infra.KeepRefererService - Save Key: key2 Value value2 in keep referer hash
11:06:26.063  159  [main] DEBUG c.a.a.infra.KeepRefererService - Save Key: key3 Value null in keep referer hash
11:06:26.064  160  [main] DEBUG c.a.a.infra.KeepRefererService - Save Key: num1 Value 1 in keep referer hash
11:06:26.064  160  [main] DEBUG c.a.a.infra.KeepRefererService - Save Key: num2 Value 2 in keep referer hash
11:06:26.064  160  [main] DEBUG c.a.a.infra.KeepRefererService - Save Key: key1 Value value1 in keep referer hash
11:06:26.064  160  [main] DEBUG c.a.a.infra.KeepRefererService - Save Key: key2 Value value2 in keep referer hash
11:06:26.065  161  [main] DEBUG c.a.a.infra.KeepRefererService - Save Key: key3 Value null in keep referer hash
11:06:26.065  161  [main] DEBUG c.a.a.infra.KeepRefererService - Save Key: num1 Value 1 in keep referer hash
11:06:26.065  161  [main] DEBUG c.a.a.infra.KeepRefererService - Save Key: num2 Value 2 in keep referer hash
11:06:26.065  161  [main] DEBUG c.a.a.infra.KeepRefererService - Save Key: new1 Value new val in keep referer hash
