10:27:50.571  916  [main] DEBUG c.a.automation.infra.Environment - Initializing variables
10:27:50.602  947  [main] DEBUG c.a.automation.infra.Environment - user dir=C:\Users\develeap\Work\Actimize\AAF\code\infra\aaf-infra
10:27:50.603  948  [main] DEBUG c.a.automation.infra.Environment - Variables initialized
10:27:50.868  1213 [main] DEBUG c.a.automation.infra.Environment - name
10:27:50.870  1215 [main] DEBUG c.a.automation.infra.Environment - name
10:27:50.870  1215 [main] DEBUG c.a.automation.infra.Environment - name
10:27:50.870  1215 [main] DEBUG c.a.automation.infra.Environment - name
10:27:50.879  1224 [main] DEBUG c.a.automation.infra.Environment - name
10:27:50.879  1224 [main] DEBUG c.a.automation.infra.Environment - name
10:27:50.884  1229 [main] DEBUG c.a.automation.infra.Environment - initReporterParameters 
10:27:50.885  1230 [main] DEBUG c.a.automation.infra.Environment - ++++++++++++++initExecutionFolderVariables++++++++++++
10:27:51.031  1376 [main] WARN  c.a.a.i.r.splunk.SplunkReporter - No pipeline id supplied
10:27:51.031  1376 [main] WARN  c.a.a.i.r.splunk.SplunkReporter - No branch id supplied
10:27:51.220  1565 [main] WARN  c.a.a.i.r.splunk.SplunkReporter - No "SPLUNK_FILE_LOCATION" was configured in environments.
Splunk file will be save in default folder at C:\Users\develeap\Work\Actimize\AAF\code\infra\aaf-infra\output
10:27:51.221  1566 [main] DEBUG c.a.a.i.r.splunk.SplunkReporter - Saved splunk file into C:\Users\develeap\Work\Actimize\AAF\code\infra\aaf-infra\output\splunk__2018-08-19-10.27.51.220.json
10:45:54.527  387  [main] DEBUG c.a.automation.infra.Environment - Initializing variables
10:45:54.530  390  [main] DEBUG c.a.automation.infra.Environment - user dir=C:\Users\develeap\Work\Actimize\AAF\code\infra\aaf-infra
10:45:54.530  390  [main] DEBUG c.a.automation.infra.Environment - Variables initialized
10:45:54.650  510  [main] DEBUG c.a.automation.infra.Environment - name
10:45:54.650  510  [main] DEBUG c.a.automation.infra.Environment - name
10:45:54.650  510  [main] DEBUG c.a.automation.infra.Environment - name
10:45:54.650  510  [main] DEBUG c.a.automation.infra.Environment - name
10:45:54.654  514  [main] DEBUG c.a.automation.infra.Environment - name
10:45:54.655  515  [main] DEBUG c.a.automation.infra.Environment - name
10:45:54.657  517  [main] DEBUG c.a.automation.infra.Environment - initReporterParameters 
10:45:54.657  517  [main] DEBUG c.a.automation.infra.Environment - ++++++++++++++initExecutionFolderVariables++++++++++++
10:45:54.662  522  [main] DEBUG c.a.automation.infra.Environment - initReporterParameters 
10:45:54.662  522  [main] DEBUG c.a.automation.infra.Environment - ++++++++++++++initExecutionFolderVariables++++++++++++
10:45:54.672  532  [main] DEBUG c.a.automation.infra.Environment - initReporterParameters 
10:45:54.672  532  [main] DEBUG c.a.automation.infra.Environment - ++++++++++++++initExecutionFolderVariables++++++++++++
10:45:54.737  597  [main] DEBUG c.a.a.infra.utils.ResourceManager - saving jarFilePath to the ResourceManager cache: database/SqlData.xsd --> C:\Users\develeap\Work\Actimize\AAF\code\infra\aaf-infra\output\SqlData.xsd
10:45:54.742  602  [main] DEBUG c.a.a.infra.utils.ResourceManager - saving jarFilePath to the ResourceManager cache: testData/sqlData/SqlDataTest.xml --> C:\Users\develeap\Work\Actimize\AAF\code\infra\aaf-infra\output\SqlDataTest.xml
10:45:54.923  783  [main] DEBUG c.a.automation.infra.Environment - initReporterParameters 
10:45:54.924  784  [main] DEBUG c.a.automation.infra.Environment - ++++++++++++++initExecutionFolderVariables++++++++++++
10:45:54.925  785  [main] DEBUG c.a.a.infra.utils.ResourceManager - saving jarFilePath to the ResourceManager cache: database/SqlData.xsd --> C:\Users\develeap\Work\Actimize\AAF\code\infra\aaf-infra\output\SqlData.xsd
10:45:54.929  789  [main] DEBUG c.a.a.infra.utils.ResourceManager - saving jarFilePath to the ResourceManager cache: testData/sqlData/SqlDataTest.xml --> C:\Users\develeap\Work\Actimize\AAF\code\infra\aaf-infra\output\SqlDataTest.xml
10:45:54.958  818  [main] DEBUG c.a.automation.infra.Environment - initReporterParameters 
10:45:54.958  818  [main] DEBUG c.a.automation.infra.Environment - ++++++++++++++initExecutionFolderVariables++++++++++++
10:45:54.963  823  [main] DEBUG c.a.a.infra.utils.ResourceManager - saving jarFilePath to the ResourceManager cache: database/SqlData.xsd --> C:\Users\develeap\Work\Actimize\AAF\code\infra\aaf-infra\output\SqlData.xsd
10:45:54.969  829  [main] DEBUG c.a.a.infra.utils.ResourceManager - saving jarFilePath to the ResourceManager cache: testData/sqlData/SqlDataTest.xml --> C:\Users\develeap\Work\Actimize\AAF\code\infra\aaf-infra\output\SqlDataTest.xml
10:45:54.986  846  [main] WARN  c.a.a.infra.database.FileDbQuery - No elements of type scriptName found on Xpath: //pk[@name='validate_alert_Test']/scriptName
10:45:54.987  847  [main] DEBUG c.a.automation.infra.Environment - initReporterParameters 
10:45:54.988  848  [main] DEBUG c.a.automation.infra.Environment - ++++++++++++++initExecutionFolderVariables++++++++++++
10:45:54.989  849  [main] DEBUG c.a.a.infra.utils.ResourceManager - saving jarFilePath to the ResourceManager cache: database/SqlData.xsd --> C:\Users\develeap\Work\Actimize\AAF\code\infra\aaf-infra\output\SqlData.xsd
10:45:54.992  852  [main] DEBUG c.a.a.infra.utils.ResourceManager - saving jarFilePath to the ResourceManager cache: testData/sqlData/SqlDataTest.xml --> C:\Users\develeap\Work\Actimize\AAF\code\infra\aaf-infra\output\SqlDataTest.xml
10:45:55.013  873  [main] WARN  c.a.a.infra.database.FileDbQuery - No elements of type scriptName found on Xpath: //pk[@name='validate_alert_Test1']/scriptName
10:45:55.013  873  [main] DEBUG c.a.automation.infra.Environment - initReporterParameters 
10:45:55.013  873  [main] DEBUG c.a.automation.infra.Environment - ++++++++++++++initExecutionFolderVariables++++++++++++
10:45:55.015  875  [main] DEBUG c.a.a.infra.utils.ResourceManager - saving jarFilePath to the ResourceManager cache: database/SqlData.xsd --> C:\Users\develeap\Work\Actimize\AAF\code\infra\aaf-infra\output\SqlData.xsd
10:45:55.018  878  [main] DEBUG c.a.a.infra.utils.ResourceManager - saving jarFilePath to the ResourceManager cache: testData/sqlData/SqlDataTest.xml --> C:\Users\develeap\Work\Actimize\AAF\code\infra\aaf-infra\output\SqlDataTest.xml
10:45:55.040  900  [main] WARN  c.a.a.infra.database.FileDbQuery - No elements of type scriptName found on Xpath: //pk[@name='validate_alert_Test2']/scriptName
10:45:55.044  904  [main] DEBUG c.a.automation.infra.Environment - initReporterParameters 
10:45:55.044  904  [main] DEBUG c.a.automation.infra.Environment - ++++++++++++++initExecutionFolderVariables++++++++++++
10:45:55.046  906  [main] DEBUG c.a.a.infra.utils.ResourceManager - saving jarFilePath to the ResourceManager cache: database/SqlData.xsd --> C:\Users\develeap\Work\Actimize\AAF\code\infra\aaf-infra\output\SqlData.xsd
10:45:55.047  907  [main] DEBUG c.a.a.infra.utils.ResourceManager - saving jarFilePath to the ResourceManager cache: testData/sqlData/SqlDataTest.xml --> C:\Users\develeap\Work\Actimize\AAF\code\infra\aaf-infra\output\SqlDataTest.xml
10:45:55.065  925  [main] WARN  c.a.a.infra.database.FileDbQuery - No elements of type statement found on Xpath: //pk[@name='create_personsTable_Test']/statement
10:45:55.065  925  [main] WARN  c.a.a.infra.database.FileDbQuery - No elements of type dataset found on Xpath: //pk[@name='create_personsTable_Test']/dataset
10:45:55.071  931  [main] DEBUG c.a.automation.infra.Environment - initReporterParameters 
10:45:55.071  931  [main] DEBUG c.a.automation.infra.Environment - ++++++++++++++initExecutionFolderVariables++++++++++++
10:45:55.071  931  [main] DEBUG c.a.automation.infra.Environment - initReporterParameters 
10:45:55.071  931  [main] DEBUG c.a.automation.infra.Environment - ++++++++++++++initExecutionFolderVariables++++++++++++
10:45:55.073  933  [main] DEBUG c.a.automation.infra.Environment - initReporterParameters 
10:45:55.073  933  [main] DEBUG c.a.automation.infra.Environment - ++++++++++++++initExecutionFolderVariables++++++++++++
10:45:55.074  934  [main] DEBUG c.a.automation.infra.Environment - initReporterParameters 
10:45:55.074  934  [main] DEBUG c.a.automation.infra.Environment - ++++++++++++++initExecutionFolderVariables++++++++++++
10:45:55.075  935  [main] DEBUG c.a.automation.infra.Environment - initReporterParameters 
10:45:55.075  935  [main] DEBUG c.a.automation.infra.Environment - ++++++++++++++initExecutionFolderVariables++++++++++++
10:45:55.075  935  [main] DEBUG c.a.automation.infra.Environment - initReporterParameters 
10:45:55.075  935  [main] DEBUG c.a.automation.infra.Environment - ++++++++++++++initExecutionFolderVariables++++++++++++
10:45:55.083  943  [main] DEBUG c.a.automation.infra.Environment - initReporterParameters 
10:45:55.084  944  [main] DEBUG c.a.automation.infra.Environment - ++++++++++++++initExecutionFolderVariables++++++++++++
10:45:55.085  945  [main] DEBUG c.a.automation.infra.Environment - initReporterParameters 
10:45:55.085  945  [main] DEBUG c.a.automation.infra.Environment - ++++++++++++++initExecutionFolderVariables++++++++++++
10:45:55.087  947  [main] DEBUG c.a.automation.infra.Environment - initReporterParameters 
10:45:55.088  948  [main] DEBUG c.a.automation.infra.Environment - ++++++++++++++initExecutionFolderVariables++++++++++++
10:45:55.088  948  [main] DEBUG c.a.automation.infra.Environment - initReporterParameters 
10:45:55.088  948  [main] DEBUG c.a.automation.infra.Environment - ++++++++++++++initExecutionFolderVariables++++++++++++
10:45:55.089  949  [main] DEBUG c.a.automation.infra.Environment - initReporterParameters 
10:45:55.089  949  [main] DEBUG c.a.automation.infra.Environment - ++++++++++++++initExecutionFolderVariables++++++++++++
10:45:55.090  950  [main] DEBUG c.a.automation.infra.Environment - initReporterParameters 
10:45:55.090  950  [main] DEBUG c.a.automation.infra.Environment - ++++++++++++++initExecutionFolderVariables++++++++++++
10:45:55.091  951  [main] DEBUG c.a.automation.infra.Environment - initReporterParameters 
10:45:55.091  951  [main] DEBUG c.a.automation.infra.Environment - ++++++++++++++initExecutionFolderVariables++++++++++++
10:45:55.092  952  [main] DEBUG c.a.automation.infra.Environment - initReporterParameters 
10:45:55.092  952  [main] DEBUG c.a.automation.infra.Environment - ++++++++++++++initExecutionFolderVariables++++++++++++
10:45:55.092  952  [main] DEBUG c.a.automation.infra.Environment - initReporterParameters 
10:45:55.092  952  [main] DEBUG c.a.automation.infra.Environment - ++++++++++++++initExecutionFolderVariables++++++++++++
10:45:55.095  955  [main] DEBUG c.a.automation.infra.Environment - initReporterParameters 
10:45:55.096  956  [main] DEBUG c.a.automation.infra.Environment - ++++++++++++++initExecutionFolderVariables++++++++++++
10:45:55.101  961  [main] DEBUG c.a.automation.infra.Environment - initReporterParameters 
10:45:55.102  962  [main] DEBUG c.a.automation.infra.Environment - ++++++++++++++initExecutionFolderVariables++++++++++++
10:45:55.105  965  [main] DEBUG c.a.automation.infra.Environment - initReporterParameters 
10:45:55.105  965  [main] DEBUG c.a.automation.infra.Environment - ++++++++++++++initExecutionFolderVariables++++++++++++
10:45:55.106  966  [main] DEBUG c.a.automation.infra.Environment - initReporterParameters 
10:45:55.106  966  [main] DEBUG c.a.automation.infra.Environment - ++++++++++++++initExecutionFolderVariables++++++++++++
10:45:55.108  968  [main] DEBUG c.a.a.infra.utils.ResourceManager - saving jarFilePath to the ResourceManager cache: database/SqlData.xsd --> C:\Users\develeap\Work\Actimize\AAF\code\infra\aaf-infra\output\SqlData.xsd
10:45:55.109  969  [main] DEBUG c.a.a.infra.utils.ResourceManager - saving jarFilePath to the ResourceManager cache: testData/sqlData/SqlDataTest.xml --> C:\Users\develeap\Work\Actimize\AAF\code\infra\aaf-infra\output\SqlDataTest.xml
10:45:55.129  989  [main] DEBUG c.a.automation.infra.Environment - initReporterParameters 
10:45:55.129  989  [main] DEBUG c.a.automation.infra.Environment - ++++++++++++++initExecutionFolderVariables++++++++++++
10:45:55.130  990  [main] DEBUG c.a.a.infra.utils.ResourceManager - saving jarFilePath to the ResourceManager cache: database/SqlData.xsd --> C:\Users\develeap\Work\Actimize\AAF\code\infra\aaf-infra\output\SqlData.xsd
10:45:55.133  993  [main] DEBUG c.a.a.infra.utils.ResourceManager - saving jarFilePath to the ResourceManager cache: testData/sqlData/SqlDataTest.xml --> C:\Users\develeap\Work\Actimize\AAF\code\infra\aaf-infra\output\SqlDataTest.xml
10:45:55.144  1004 [main] WARN  c.a.a.infra.database.FileDbQuery - No elements of type export found on Xpath: //pk[@name='validate_proper_db_connect']/export
10:45:55.144  1004 [main] WARN  c.a.a.infra.database.FileDbQuery - No elements of type scriptName found on Xpath: //pk[@name='validate_proper_db_connect']/scriptName
10:45:55.158  1018 [main] DEBUG c.a.automation.infra.Environment - initReporterParameters 
10:45:55.158  1018 [main] DEBUG c.a.automation.infra.Environment - ++++++++++++++initExecutionFolderVariables++++++++++++
10:45:55.160  1020 [main] DEBUG c.a.a.infra.utils.ResourceManager - saving jarFilePath to the ResourceManager cache: database/SqlData.xsd --> C:\Users\develeap\Work\Actimize\AAF\code\infra\aaf-infra\output\SqlData.xsd
10:45:55.161  1021 [main] DEBUG c.a.a.infra.utils.ResourceManager - saving jarFilePath to the ResourceManager cache: testData/sqlData/SqlData1.xml --> C:\Users\develeap\Work\Actimize\AAF\code\infra\aaf-infra\output\SqlData1.xml
10:45:55.188  1048 [main] DEBUG c.a.automation.infra.Environment - initReporterParameters 
10:45:55.188  1048 [main] DEBUG c.a.automation.infra.Environment - ++++++++++++++initExecutionFolderVariables++++++++++++
10:45:55.189  1049 [main] DEBUG c.a.a.infra.utils.ResourceManager - saving jarFilePath to the ResourceManager cache: database/SqlData.xsd --> C:\Users\develeap\Work\Actimize\AAF\code\infra\aaf-infra\output\SqlData.xsd
10:45:55.197  1057 [main] DEBUG c.a.a.infra.utils.ResourceManager - saving jarFilePath to the ResourceManager cache: testData/sqlData/SqlData2.xml --> C:\Users\develeap\Work\Actimize\AAF\code\infra\aaf-infra\output\SqlData2.xml
10:45:55.216  1076 [main] DEBUG c.a.automation.infra.Environment - initReporterParameters 
10:45:55.216  1076 [main] DEBUG c.a.automation.infra.Environment - ++++++++++++++initExecutionFolderVariables++++++++++++
10:45:55.217  1077 [main] DEBUG c.a.a.infra.utils.ResourceManager - saving jarFilePath to the ResourceManager cache: database/SqlData.xsd --> C:\Users\develeap\Work\Actimize\AAF\code\infra\aaf-infra\output\SqlData.xsd
10:45:55.220  1080 [main] DEBUG c.a.a.infra.utils.ResourceManager - saving jarFilePath to the ResourceManager cache: testData/sqlData/SqlData3.xml --> C:\Users\develeap\Work\Actimize\AAF\code\infra\aaf-infra\output\SqlData3.xml
10:45:55.225  1085 [main] DEBUG c.a.automation.infra.Environment - initReporterParameters 
10:45:55.225  1085 [main] DEBUG c.a.automation.infra.Environment - ++++++++++++++initExecutionFolderVariables++++++++++++
10:45:55.226  1086 [main] DEBUG c.a.a.infra.utils.ResourceManager - saving jarFilePath to the ResourceManager cache: database/SqlData.xsd --> C:\Users\develeap\Work\Actimize\AAF\code\infra\aaf-infra\output\SqlData.xsd
10:45:55.231  1091 [main] DEBUG c.a.a.infra.utils.ResourceManager - saving jarFilePath to the ResourceManager cache: testData/sqlData/SqlData4.xml --> C:\Users\develeap\Work\Actimize\AAF\code\infra\aaf-infra\output\SqlData4.xml
10:45:55.245  1105 [main] DEBUG c.a.automation.infra.Environment - initReporterParameters 
10:45:55.245  1105 [main] DEBUG c.a.automation.infra.Environment - ++++++++++++++initExecutionFolderVariables++++++++++++
10:45:55.246  1106 [main] DEBUG c.a.a.infra.utils.ResourceManager - saving jarFilePath to the ResourceManager cache: database/SqlData.xsd --> C:\Users\develeap\Work\Actimize\AAF\code\infra\aaf-infra\output\SqlData.xsd
10:45:55.248  1108 [main] DEBUG c.a.a.infra.utils.ResourceManager - saving jarFilePath to the ResourceManager cache: testData/sqlData/SqlData5.xml --> C:\Users\develeap\Work\Actimize\AAF\code\infra\aaf-infra\output\SqlData5.xml
10:45:55.254  1114 [main] DEBUG c.a.automation.infra.Environment - initReporterParameters 
10:45:55.254  1114 [main] DEBUG c.a.automation.infra.Environment - ++++++++++++++initExecutionFolderVariables++++++++++++
10:45:55.256  1116 [main] DEBUG c.a.a.infra.utils.ResourceManager - saving jarFilePath to the ResourceManager cache: database/SqlData.xsd --> C:\Users\develeap\Work\Actimize\AAF\code\infra\aaf-infra\output\SqlData.xsd
10:45:55.262  1122 [main] DEBUG c.a.a.infra.utils.ResourceManager - saving jarFilePath to the ResourceManager cache: testData/sqlData/SqlData7.xml --> C:\Users\develeap\Work\Actimize\AAF\code\infra\aaf-infra\output\SqlData7.xml
10:45:55.271  1131 [main] DEBUG c.a.automation.infra.Environment - initReporterParameters 
10:45:55.271  1131 [main] DEBUG c.a.automation.infra.Environment - ++++++++++++++initExecutionFolderVariables++++++++++++
10:45:55.272  1132 [main] DEBUG c.a.a.infra.utils.ResourceManager - saving jarFilePath to the ResourceManager cache: database/SqlData.xsd --> C:\Users\develeap\Work\Actimize\AAF\code\infra\aaf-infra\output\SqlData.xsd
10:45:55.274  1134 [main] DEBUG c.a.a.infra.utils.ResourceManager - saving jarFilePath to the ResourceManager cache: testData/sqlData/SqlData8.xml --> C:\Users\develeap\Work\Actimize\AAF\code\infra\aaf-infra\output\SqlData8.xml
10:45:55.280  1140 [main] DEBUG c.a.automation.infra.Environment - initReporterParameters 
10:45:55.280  1140 [main] DEBUG c.a.automation.infra.Environment - ++++++++++++++initExecutionFolderVariables++++++++++++
10:45:55.281  1141 [main] DEBUG c.a.a.infra.utils.ResourceManager - saving jarFilePath to the ResourceManager cache: database/SqlData.xsd --> C:\Users\develeap\Work\Actimize\AAF\code\infra\aaf-infra\output\SqlData.xsd
10:45:55.283  1143 [main] DEBUG c.a.a.infra.utils.ResourceManager - saving jarFilePath to the ResourceManager cache: testData/sqlData/SqlData9.xml --> C:\Users\develeap\Work\Actimize\AAF\code\infra\aaf-infra\output\SqlData9.xml
10:45:55.289  1149 [main] DEBUG c.a.automation.infra.Environment - initReporterParameters 
10:45:55.289  1149 [main] DEBUG c.a.automation.infra.Environment - ++++++++++++++initExecutionFolderVariables++++++++++++
10:45:55.291  1151 [main] DEBUG c.a.a.infra.utils.ResourceManager - saving jarFilePath to the ResourceManager cache: database/SqlData.xsd --> C:\Users\develeap\Work\Actimize\AAF\code\infra\aaf-infra\output\SqlData.xsd
10:45:55.292  1152 [main] DEBUG c.a.a.infra.utils.ResourceManager - saving jarFilePath to the ResourceManager cache: testData/sqlData/SqlData10.xml --> C:\Users\develeap\Work\Actimize\AAF\code\infra\aaf-infra\output\SqlData10.xml
10:45:55.302  1162 [main] DEBUG c.a.automation.infra.Environment - initReporterParameters 
10:45:55.302  1162 [main] DEBUG c.a.automation.infra.Environment - ++++++++++++++initExecutionFolderVariables++++++++++++
10:45:55.302  1162 [main] DEBUG c.a.a.infra.utils.ResourceManager - saving jarFilePath to the ResourceManager cache: database/SqlData.xsd --> C:\Users\develeap\Work\Actimize\AAF\code\infra\aaf-infra\output\SqlData.xsd
10:45:55.305  1165 [main] DEBUG c.a.a.infra.utils.ResourceManager - saving jarFilePath to the ResourceManager cache: testData/sqlData/SqlData11.xml --> C:\Users\develeap\Work\Actimize\AAF\code\infra\aaf-infra\output\SqlData11.xml
10:45:55.310  1170 [main] DEBUG c.a.automation.infra.Environment - initReporterParameters 
10:45:55.310  1170 [main] DEBUG c.a.automation.infra.Environment - ++++++++++++++initExecutionFolderVariables++++++++++++
10:45:55.311  1171 [main] DEBUG c.a.a.infra.utils.ResourceManager - saving jarFilePath to the ResourceManager cache: database/SqlData.xsd --> C:\Users\develeap\Work\Actimize\AAF\code\infra\aaf-infra\output\SqlData.xsd
10:45:55.312  1172 [main] DEBUG c.a.a.infra.utils.ResourceManager - saving jarFilePath to the ResourceManager cache: testData/sqlData/SqlData12.xml --> C:\Users\develeap\Work\Actimize\AAF\code\infra\aaf-infra\output\SqlData12.xml
10:45:55.317  1177 [main] DEBUG c.a.automation.infra.Environment - initReporterParameters 
10:45:55.317  1177 [main] DEBUG c.a.automation.infra.Environment - ++++++++++++++initExecutionFolderVariables++++++++++++
10:45:55.319  1179 [main] DEBUG c.a.a.infra.utils.ResourceManager - saving jarFilePath to the ResourceManager cache: database/SqlData.xsd --> C:\Users\develeap\Work\Actimize\AAF\code\infra\aaf-infra\output\SqlData.xsd
10:45:55.321  1181 [main] DEBUG c.a.a.infra.utils.ResourceManager - saving jarFilePath to the ResourceManager cache: testData/sqlData/SqlData13.xml --> C:\Users\develeap\Work\Actimize\AAF\code\infra\aaf-infra\output\SqlData13.xml
10:45:55.326  1186 [main] DEBUG c.a.automation.infra.Environment - initReporterParameters 
10:45:55.326  1186 [main] DEBUG c.a.automation.infra.Environment - ++++++++++++++initExecutionFolderVariables++++++++++++
10:45:55.328  1188 [main] DEBUG c.a.a.infra.utils.ResourceManager - saving jarFilePath to the ResourceManager cache: database/SqlData.xsd --> C:\Users\develeap\Work\Actimize\AAF\code\infra\aaf-infra\output\SqlData.xsd
10:45:55.329  1189 [main] DEBUG c.a.a.infra.utils.ResourceManager - saving jarFilePath to the ResourceManager cache: testData/sqlData/SqlDataTest.xml --> C:\Users\develeap\Work\Actimize\AAF\code\infra\aaf-infra\output\SqlDataTest.xml
10:45:55.338  1198 [main] DEBUG c.a.a.infra.utils.ResourceManager - saving jarFilePath to the ResourceManager cache: database/SqlData.xsd --> C:\Users\develeap\Work\Actimize\AAF\code\infra\aaf-infra\output\SqlData.xsd
10:45:55.340  1200 [main] DEBUG c.a.a.infra.utils.ResourceManager - saving jarFilePath to the ResourceManager cache: testData/sqlData/SqlDataTest.xml --> C:\Users\develeap\Work\Actimize\AAF\code\infra\aaf-infra\output\SqlDataTest.xml
10:45:58.499  639  [main] DEBUG c.a.automation.infra.Environment - Initializing variables
10:45:58.502  642  [main] DEBUG c.a.automation.infra.Environment - user dir=C:\Users\develeap\Work\Actimize\AAF\code\infra\aaf-infra
10:45:58.502  642  [main] DEBUG c.a.automation.infra.Environment - Variables initialized
10:45:58.562  702  [main] DEBUG c.a.automation.infra.Environment - name
10:45:58.563  703  [main] DEBUG c.a.automation.infra.Environment - name
10:45:58.563  703  [main] DEBUG c.a.automation.infra.Environment - name
10:45:58.563  703  [main] DEBUG c.a.automation.infra.Environment - name
10:45:58.566  706  [main] DEBUG c.a.automation.infra.Environment - name
10:45:58.568  708  [main] DEBUG c.a.automation.infra.Environment - name
10:45:58.569  709  [main] DEBUG c.a.automation.infra.Environment - initReporterParameters 
10:45:58.569  709  [main] DEBUG c.a.automation.infra.Environment - ++++++++++++++initExecutionFolderVariables++++++++++++
10:45:58.637  777  [main] DEBUG c.a.a.infra.utils.ResourceManager - saving jarFilePath to the ResourceManager cache: database/SqlData.xsd --> C:\Users\develeap\Work\Actimize\AAF\code\infra\aaf-infra\output\SqlData.xsd
10:45:58.640  780  [main] DEBUG c.a.a.infra.utils.ResourceManager - saving jarFilePath to the ResourceManager cache: testData/sqlData/SqlData.xml --> C:\Users\develeap\Work\Actimize\AAF\code\infra\aaf-infra\output\SqlData.xml
10:45:59.004  1144 [main] WARN  c.a.a.infra.database.FileDbQuery - No elements of type export found on Xpath: //pk[@name='count_pl_items']/export
10:45:59.021  1161 [main] WARN  c.a.a.infra.database.FileDbQuery - No elements of type scriptName found on Xpath: //pk[@name='count_pl_items']/scriptName
10:45:59.647  1787 [main] DEBUG c.a.a.i.d.c.ComparatorListenerImpl - html:C:\Users\develeap\Work\Actimize\AAF\code\infra\aaf-infra\output\execution\\develeap\HTML_Reports2018-08-19T10.45.58\AdvancedDbUtilTest.html!{"expected":"select count(item_identifier) as COUNT_ITEMS from v_acm_internal_list_items where item_identifier in ({ITEM_IDENTIFIERS})            and list_join_id = (select list_join_id from v_acm_md_internal_lists where list_identifier = '{LIST_IDENTIFIER}')","observed":"Compare Succeeded","message":"","takeScreenShot":false,"logger":"C:\\Users\\develeap\\Work\\Actimize\\AAF\\code\\infra\\aaf-infra\\output\\execution\\\\develeap\\HTML_Reports2018-08-19T10.45.58\\AdvancedDbUtilTest.html","attachedLog":"Snapshots/AdvancedDbUtilTest/Compare Reports/Equals CompareHtmlReport2018-08-19T10.45.59.html"}
10:45:59.676  1816 [main] WARN  c.a.a.infra.database.FileDbQuery - No elements of type export found on Xpath: //pk[@name='count_pl_items']/export
10:45:59.679  1819 [main] WARN  c.a.a.infra.database.FileDbQuery - No elements of type scriptName found on Xpath: //pk[@name='count_pl_items']/scriptName
10:46:03.744  345  [main] DEBUG c.a.automation.infra.Environment - Initializing variables
10:46:03.744  345  [main] DEBUG c.a.automation.infra.Environment - user dir=C:\Users\develeap\Work\Actimize\AAF\code\infra\aaf-infra
10:46:03.747  348  [main] DEBUG c.a.automation.infra.Environment - Variables initialized
10:46:03.809  410  [main] DEBUG c.a.automation.infra.Environment - name
10:46:03.809  410  [main] DEBUG c.a.automation.infra.Environment - name
10:46:03.809  410  [main] DEBUG c.a.automation.infra.Environment - name
10:46:03.809  410  [main] DEBUG c.a.automation.infra.Environment - name
10:46:03.812  413  [main] DEBUG c.a.automation.infra.Environment - name
10:46:03.813  414  [main] DEBUG c.a.automation.infra.Environment - name
10:46:03.816  417  [main] DEBUG c.a.automation.infra.Environment - initReporterParameters 
10:46:03.816  417  [main] DEBUG c.a.automation.infra.Environment - ++++++++++++++initExecutionFolderVariables++++++++++++
10:46:03.817  418  [main] DEBUG c.a.automation.infra.Environment - initReporterParameters 
10:46:03.817  418  [main] DEBUG c.a.automation.infra.Environment - ++++++++++++++initExecutionFolderVariables++++++++++++
10:46:04.552  1153 [main] ERROR c.a.a.i.d.c.ComparatorListenerImpl - html:C:\Users\develeap\Work\Actimize\AAF\code\infra\aaf-infra\output\execution\DbReporterTest\develeap\HTML_Reports2018-08-19T10.46.03\DbReporterTest.html!{"expected":"dbReporter test json parse and assert","observed":"Compare Failed","message":"","takeScreenShot":false,"logger":"C:\\Users\\develeap\\Work\\Actimize\\AAF\\code\\infra\\aaf-infra\\output\\execution\\DbReporterTest\\develeap\\HTML_Reports2018-08-19T10.46.03\\DbReporterTest.html","attachedLog":"Snapshots/DbReporterTest/Compare Reports/Contained CompareHtmlReport2018-08-19T10.46.04.html"}
10:46:04.678  1279 [main] ERROR c.a.a.i.d.c.ComparatorListenerImpl - html:C:\Users\develeap\Work\Actimize\AAF\code\infra\aaf-infra\output\execution\DbReporterTest\develeap\HTML_Reports2018-08-19T10.46.03\DbReporterTest.html!{"expected":"dbReporter test json parse and assert","observed":"Compare Failed","message":"","takeScreenShot":false,"logger":"C:\\Users\\develeap\\Work\\Actimize\\AAF\\code\\infra\\aaf-infra\\output\\execution\\DbReporterTest\\develeap\\HTML_Reports2018-08-19T10.46.03\\DbReporterTest.html","attachedLog":"Snapshots/DbReporterTest/Compare Reports/Contains compareHtmlReport2018-08-19T10.46.04.html"}
10:46:04.775  1376 [main] ERROR c.a.a.i.d.c.ComparatorListenerImpl - html:C:\Users\develeap\Work\Actimize\AAF\code\infra\aaf-infra\output\execution\DbReporterTest\develeap\HTML_Reports2018-08-19T10.46.03\DbReporterTest.html!{"expected":"dbReporter test json parse and assert","observed":"Compare Failed","message":"","takeScreenShot":false,"logger":"C:\\Users\\develeap\\Work\\Actimize\\AAF\\code\\infra\\aaf-infra\\output\\execution\\DbReporterTest\\develeap\\HTML_Reports2018-08-19T10.46.03\\DbReporterTest.html","attachedLog":"Snapshots/DbReporterTest/Compare Reports/Equals CompareHtmlReport2018-08-19T10.46.04.html"}
10:46:04.814  1415 [main] ERROR c.a.a.i.d.c.ComparatorListenerImpl - html:C:\Users\develeap\Work\Actimize\AAF\code\infra\aaf-infra\output\execution\DbReporterTest\develeap\HTML_Reports2018-08-19T10.46.03\DbReporterTest.html!{"expected":"dbReporter test json parse and assert","observed":"Compare Failed","message":"","takeScreenShot":false,"logger":"C:\\Users\\develeap\\Work\\Actimize\\AAF\\code\\infra\\aaf-infra\\output\\execution\\DbReporterTest\\develeap\\HTML_Reports2018-08-19T10.46.03\\DbReporterTest.html","attachedLog":"Snapshots/DbReporterTest/Compare Reports/Not Contains CompareHtmlReport2018-08-19T10.46.04.html"}
10:46:04.848  1449 [main] DEBUG c.a.a.i.d.c.ComparatorListenerImpl - html:C:\Users\develeap\Work\Actimize\AAF\code\infra\aaf-infra\output\execution\DbReporterTest\develeap\HTML_Reports2018-08-19T10.46.03\DbReporterTest.html!{"expected":"test Report OnSuccess True","observed":"Compare Succeeded","message":"","takeScreenShot":false,"logger":"C:\\Users\\develeap\\Work\\Actimize\\AAF\\code\\infra\\aaf-infra\\output\\execution\\DbReporterTest\\develeap\\HTML_Reports2018-08-19T10.46.03\\DbReporterTest.html","attachedLog":"Snapshots/DbReporterTest/Compare Reports/Equals CompareHtmlReport2018-08-19T10.46.04-2.html"}
10:46:04.873  1474 [main] ERROR c.a.a.i.d.c.ComparatorListenerImpl - html:C:\Users\develeap\Work\Actimize\AAF\code\infra\aaf-infra\output\execution\DbReporterTest\develeap\HTML_Reports2018-08-19T10.46.03\DbReporterTest.html!{"expected":"dbReporter test json parse and assert","observed":"Compare Failed","message":"","takeScreenShot":false,"logger":"C:\\Users\\develeap\\Work\\Actimize\\AAF\\code\\infra\\aaf-infra\\output\\execution\\DbReporterTest\\develeap\\HTML_Reports2018-08-19T10.46.03\\DbReporterTest.html","attachedLog":"Snapshots/DbReporterTest/Compare Reports/Equals CompareHtmlReport2018-08-19T10.46.04-3.html"}
10:46:04.908  1509 [main] ERROR c.a.a.i.d.c.ComparatorListenerImpl - html:C:\Users\develeap\Work\Actimize\AAF\code\infra\aaf-infra\output\execution\DbReporterTest\develeap\HTML_Reports2018-08-19T10.46.03\DbReporterTest.html!{"expected":"dbReporter test json parse and assert","observed":"Compare Failed","message":"","takeScreenShot":false,"logger":"C:\\Users\\develeap\\Work\\Actimize\\AAF\\code\\infra\\aaf-infra\\output\\execution\\DbReporterTest\\develeap\\HTML_Reports2018-08-19T10.46.03\\DbReporterTest.html","attachedLog":"Snapshots/DbReporterTest/Compare Reports/Equals CompareHtmlReport2018-08-19T10.46.04-4.html"}
10:46:09.276  377  [main] DEBUG c.a.automation.infra.Environment - Initializing variables
10:46:09.281  382  [main] DEBUG c.a.automation.infra.Environment - user dir=C:\Users\develeap\Work\Actimize\AAF\code\infra\aaf-infra
10:46:09.281  382  [main] DEBUG c.a.automation.infra.Environment - Variables initialized
10:46:09.381  482  [main] DEBUG c.a.automation.infra.Environment - name
10:46:09.381  482  [main] DEBUG c.a.automation.infra.Environment - name
10:46:09.381  482  [main] DEBUG c.a.automation.infra.Environment - name
10:46:09.382  483  [main] DEBUG c.a.automation.infra.Environment - name
10:46:09.387  488  [main] DEBUG c.a.automation.infra.Environment - name
10:46:09.388  489  [main] DEBUG c.a.automation.infra.Environment - name
10:46:09.389  490  [main] DEBUG c.a.automation.infra.Environment - initReporterParameters 
10:46:09.389  490  [main] DEBUG c.a.automation.infra.Environment - ++++++++++++++initExecutionFolderVariables++++++++++++
10:46:10.419  1520 [main] ERROR c.a.a.i.d.c.ComparatorListenerImpl - html:C:\Users\develeap\Work\Actimize\AAF\code\infra\aaf-infra\CreateDataForCompareUtil.html!{"expected":"select something","observed":"Compare Failed","message":"","takeScreenShot":false,"logger":"C:\\Users\\develeap\\Work\\Actimize\\AAF\\code\\infra\\aaf-infra\\CreateDataForCompareUtil.html","attachedLog":"Compare Reports/Not Contains CompareHtmlReport2018-08-19T10.46.09.html"}
10:46:10.452  1553 [main] DEBUG c.a.a.i.d.c.ComparatorListenerImpl - html:C:\Users\develeap\Work\Actimize\AAF\code\infra\aaf-infra\CreateDataForCompareUtil.html!{"expected":"select something","observed":"Compare Succeeded","message":"","takeScreenShot":false,"logger":"C:\\Users\\develeap\\Work\\Actimize\\AAF\\code\\infra\\aaf-infra\\CreateDataForCompareUtil.html","attachedLog":"Compare Reports/Not Contains CompareHtmlReport2018-08-19T10.46.10.html"}
10:46:12.566  434  [main] DEBUG c.a.automation.infra.Environment - Initializing variables
10:46:12.566  434  [main] DEBUG c.a.automation.infra.Environment - user dir=C:\Users\develeap\Work\Actimize\AAF\code\infra\aaf-infra
10:46:12.566  434  [main] DEBUG c.a.automation.infra.Environment - Variables initialized
10:46:12.674  542  [main] DEBUG c.a.automation.infra.Environment - name
10:46:12.675  543  [main] DEBUG c.a.automation.infra.Environment - name
10:46:12.675  543  [main] DEBUG c.a.automation.infra.Environment - name
10:46:12.675  543  [main] DEBUG c.a.automation.infra.Environment - name
10:46:12.680  548  [main] DEBUG c.a.automation.infra.Environment - name
10:46:12.682  550  [main] DEBUG c.a.automation.infra.Environment - name
10:46:12.684  552  [main] DEBUG c.a.automation.infra.Environment - initReporterParameters 
10:46:12.684  552  [main] DEBUG c.a.automation.infra.Environment - ++++++++++++++initExecutionFolderVariables++++++++++++
10:46:13.097  965  [main] DEBUG c.a.a.infra.utils.ResourceManager - saving jarFilePath to the ResourceManager cache: database/SqlData.xsd --> C:\Users\develeap\Work\Actimize\AAF\code\infra\aaf-infra\output\SqlData.xsd
10:46:13.101  969  [main] DEBUG c.a.a.infra.utils.ResourceManager - saving jarFilePath to the ResourceManager cache: database/infra/SqlData.xml --> C:\Users\develeap\Work\Actimize\AAF\code\infra\aaf-infra\output\SqlData.xml
10:46:13.621  1489 [main] DEBUG c.a.a.infra.KeepRefererService - Save Key: first Value 1 in keep referer hash
10:46:13.622  1490 [main] DEBUG c.a.a.infra.utils.ResourceManager - saving jarFilePath to the ResourceManager cache: database/SqlData.xsd --> C:\Users\develeap\Work\Actimize\AAF\code\infra\aaf-infra\output\SqlData.xsd
10:46:13.626  1494 [main] DEBUG c.a.a.infra.utils.ResourceManager - saving jarFilePath to the ResourceManager cache: database/infra/SqlData.xml --> C:\Users\develeap\Work\Actimize\AAF\code\infra\aaf-infra\output\SqlData.xml
10:46:13.705  1573 [main] WARN  c.a.a.infra.database.FileDbQuery - No elements of type statement found on Xpath: //group[@name='check_scripts_loading']//pk[@name='scrit_in_database_scripts']/statement
10:46:13.715  1583 [main] WARN  c.a.a.infra.database.FileDbQuery - No elements of type export found on Xpath: //group[@name='check_scripts_loading']//pk[@name='scrit_in_database_scripts']/export
10:46:13.738  1606 [main] DEBUG c.a.a.infra.utils.ResourceManager - saving jarFilePath to the ResourceManager cache: database/SqlData.xsd --> C:\Users\develeap\Work\Actimize\AAF\code\infra\aaf-infra\output\SqlData.xsd
10:46:13.743  1611 [main] DEBUG c.a.a.infra.utils.ResourceManager - saving jarFilePath to the ResourceManager cache: database/infra/SqlData.xml --> C:\Users\develeap\Work\Actimize\AAF\code\infra\aaf-infra\output\SqlData.xml
10:46:13.805  1673 [main] DEBUG c.a.a.infra.utils.ResourceManager - saving jarFilePath to the ResourceManager cache: database/SqlData.xsd --> C:\Users\develeap\Work\Actimize\AAF\code\infra\aaf-infra\output\SqlData.xsd
10:46:13.805  1673 [main] DEBUG c.a.a.infra.utils.ResourceManager - saving jarFilePath to the ResourceManager cache: database/infra/SqlData.xml --> C:\Users\develeap\Work\Actimize\AAF\code\infra\aaf-infra\output\SqlData.xml
10:46:13.863  1731 [main] DEBUG c.a.a.infra.utils.ResourceManager - saving jarFilePath to the ResourceManager cache: database/SqlData.xsd --> C:\Users\develeap\Work\Actimize\AAF\code\infra\aaf-infra\output\SqlData.xsd
10:46:13.867  1735 [main] DEBUG c.a.a.infra.utils.ResourceManager - saving jarFilePath to the ResourceManager cache: database/infra/SqlData.xml --> C:\Users\develeap\Work\Actimize\AAF\code\infra\aaf-infra\output\SqlData.xml
10:46:13.944  1812 [main] WARN  c.a.a.infra.database.FileDbQuery - No elements of type scriptName found on Xpath: //pk[@name='schemaNameDynamicValCheck']/scriptName
10:46:13.952  1820 [main] DEBUG c.a.a.infra.utils.ResourceManager - saving jarFilePath to the ResourceManager cache: database/SqlData.xsd --> C:\Users\develeap\Work\Actimize\AAF\code\infra\aaf-infra\output\SqlData.xsd
10:46:13.958  1826 [main] DEBUG c.a.a.infra.utils.ResourceManager - saving jarFilePath to the ResourceManager cache: database/infra/SqlDataForTests.xml --> C:\Users\develeap\Work\Actimize\AAF\code\infra\aaf-infra\output\SqlDataForTests.xml
10:46:13.984  1852 [main] DEBUG c.a.a.infra.utils.ResourceManager - saving jarFilePath to the ResourceManager cache: database/SqlData.xsd --> C:\Users\develeap\Work\Actimize\AAF\code\infra\aaf-infra\output\SqlData.xsd
10:46:13.988  1856 [main] DEBUG c.a.a.infra.utils.ResourceManager - saving jarFilePath to the ResourceManager cache: database/infra/SqlData.xml --> C:\Users\develeap\Work\Actimize\AAF\code\infra\aaf-infra\output\SqlData.xml
10:46:14.021  1889 [main] DEBUG c.a.a.infra.utils.ResourceManager - saving jarFilePath to the ResourceManager cache: database/SqlData.xsd --> C:\Users\develeap\Work\Actimize\AAF\code\infra\aaf-infra\output\SqlData.xsd
10:46:14.025  1893 [main] DEBUG c.a.a.infra.utils.ResourceManager - saving jarFilePath to the ResourceManager cache: database/infra/SqlDataForTests.xml --> C:\Users\develeap\Work\Actimize\AAF\code\infra\aaf-infra\output\SqlDataForTests.xml
10:46:14.045  1913 [main] DEBUG c.a.a.infra.utils.ResourceManager - saving jarFilePath to the ResourceManager cache: database/SqlData.xsd --> C:\Users\develeap\Work\Actimize\AAF\code\infra\aaf-infra\output\SqlData.xsd
10:46:14.049  1917 [main] DEBUG c.a.a.infra.utils.ResourceManager - saving jarFilePath to the ResourceManager cache: database/infra/SqlDataForTests.xml --> C:\Users\develeap\Work\Actimize\AAF\code\infra\aaf-infra\output\SqlDataForTests.xml
10:46:14.067  1935 [main] DEBUG c.a.a.infra.utils.ResourceManager - saving jarFilePath to the ResourceManager cache: database/SqlData.xsd --> C:\Users\develeap\Work\Actimize\AAF\code\infra\aaf-infra\output\SqlData.xsd
10:46:14.068  1936 [main] DEBUG c.a.a.infra.utils.ResourceManager - saving jarFilePath to the ResourceManager cache: database/infra/SqlDataForTests.xml --> C:\Users\develeap\Work\Actimize\AAF\code\infra\aaf-infra\output\SqlDataForTests.xml
10:46:14.091  1959 [main] DEBUG c.a.a.infra.utils.ResourceManager - saving jarFilePath to the ResourceManager cache: database/SqlData.xsd --> C:\Users\develeap\Work\Actimize\AAF\code\infra\aaf-infra\output\SqlData.xsd
10:46:14.096  1964 [main] DEBUG c.a.a.infra.utils.ResourceManager - saving jarFilePath to the ResourceManager cache: database/infra/SqlData.xml --> C:\Users\develeap\Work\Actimize\AAF\code\infra\aaf-infra\output\SqlData.xml
10:46:14.191  2059 [main] WARN  c.a.a.infra.database.FileDbQuery - No elements of type scriptName found on Xpath: //pk[@name='check_export_tag']/scriptName
10:46:14.204  2072 [main] DEBUG c.a.a.infra.utils.ResourceManager - saving jarFilePath to the ResourceManager cache: database/SqlData.xsd --> C:\Users\develeap\Work\Actimize\AAF\code\infra\aaf-infra\output\SqlData.xsd
10:46:14.206  2074 [main] DEBUG c.a.a.infra.utils.ResourceManager - saving jarFilePath to the ResourceManager cache: database/infra/SqlData.xml --> C:\Users\develeap\Work\Actimize\AAF\code\infra\aaf-infra\output\SqlData.xml
10:46:14.272  2140 [main] WARN  c.a.a.infra.database.FileDbQuery - No elements of type statement found on Xpath: //group[@name='check_scripts_loading']//pk[@name='absolutePath']/statement
10:46:14.282  2150 [main] WARN  c.a.a.infra.database.FileDbQuery - No elements of type export found on Xpath: //group[@name='check_scripts_loading']//pk[@name='absolutePath']/export
10:46:14.298  2166 [main] WARN  c.a.a.infra.database.FileDbQuery - No elements of type statement found on Xpath: //group[@name='check_scripts_loading']//pk[@name='scrit_in_database_infra']/statement
10:46:14.306  2174 [main] WARN  c.a.a.infra.database.FileDbQuery - No elements of type export found on Xpath: //group[@name='check_scripts_loading']//pk[@name='scrit_in_database_infra']/export
10:46:14.329  2197 [main] DEBUG c.a.a.infra.utils.ResourceManager - saving jarFilePath to the ResourceManager cache: database/SqlData.xsd --> C:\Users\develeap\Work\Actimize\AAF\code\infra\aaf-infra\output\SqlData.xsd
10:46:14.339  2207 [main] DEBUG c.a.a.infra.utils.ResourceManager - saving jarFilePath to the ResourceManager cache: database/infra/SqlData2.xml --> C:\Users\develeap\Work\Actimize\AAF\code\infra\aaf-infra\output\SqlData2.xml
10:46:16.442  487  [main] DEBUG c.a.automation.infra.Environment - Initializing variables
10:46:16.449  494  [main] DEBUG c.a.automation.infra.Environment - user dir=C:\Users\develeap\Work\Actimize\AAF\code\infra\aaf-infra
10:46:16.449  494  [main] DEBUG c.a.automation.infra.Environment - Variables initialized
10:46:16.523  568  [main] DEBUG c.a.automation.infra.Environment - name
10:46:16.524  569  [main] DEBUG c.a.automation.infra.Environment - name
10:46:16.524  569  [main] DEBUG c.a.automation.infra.Environment - name
10:46:16.525  570  [main] DEBUG c.a.automation.infra.Environment - name
10:46:16.528  573  [main] DEBUG c.a.automation.infra.Environment - name
10:46:16.528  573  [main] DEBUG c.a.automation.infra.Environment - name
10:46:16.530  575  [main] DEBUG c.a.automation.infra.Environment - initReporterParameters 
10:46:16.530  575  [main] DEBUG c.a.automation.infra.Environment - ++++++++++++++initExecutionFolderVariables++++++++++++
10:46:23.085  374  [main] DEBUG c.a.automation.infra.Environment - Initializing variables
10:46:23.087  376  [main] DEBUG c.a.automation.infra.Environment - user dir=C:\Users\develeap\Work\Actimize\AAF\code\infra\aaf-infra
10:46:23.087  376  [main] DEBUG c.a.automation.infra.Environment - Variables initialized
10:46:23.153  442  [main] DEBUG c.a.automation.infra.Environment - name
10:46:23.153  442  [main] DEBUG c.a.automation.infra.Environment - name
10:46:23.153  442  [main] DEBUG c.a.automation.infra.Environment - name
10:46:23.153  442  [main] DEBUG c.a.automation.infra.Environment - name
10:46:23.157  446  [main] DEBUG c.a.automation.infra.Environment - name
10:46:23.158  447  [main] DEBUG c.a.automation.infra.Environment - name
10:46:23.160  449  [main] DEBUG c.a.automation.infra.Environment - initReporterParameters 
10:46:23.160  449  [main] DEBUG c.a.automation.infra.Environment - ++++++++++++++initExecutionFolderVariables++++++++++++
10:46:23.162  451  [main] DEBUG c.a.automation.infra.Environment - initReporterParameters 
10:46:23.163  452  [main] DEBUG c.a.automation.infra.Environment - ++++++++++++++initExecutionFolderVariables++++++++++++
10:46:23.297  586  [main] DEBUG c.a.a.infra.utils.FileUtils - "float_col1"	"float_col2"	"float_col3"	"str_col"	"bool_col"	"date_col"	"int_col""First_Float_Column"	"Second_Float_Column"	"Third_Float_Column"	"String_Column"	"Boolean_Column"	"Date_Column"	"Integer_Column""-4.10000"	"-1.23000"	"-9.99999"	"=""it's just a STRING"""	""	"12/12/2060 12:00 AM"	"4""1.23456"	"0.12300"	"1.50000"	"=""just a string"""	"true"	"08/08/1991 12:00 AM"	"1""2.30000"	"0.30000"	"1.99999"	"=""just another string"""	"false"	"02/19/2018 12:00 AM"	"2""3.11110"	"100.00050"	"-6.70000"	"=""abcdefghijklmnop"""	""	""	"3"
10:46:23.555  844  [main] DEBUG c.a.automation.infra.Reporting - html:null!{"expected":"File C:\\Users\\develeap\\Work\\Actimize\\AAF\\code\\infra\\aaf-infra\\output\\OracleFormatFile.csv should be equal to C:\\Users\\develeap\\Work\\Actimize\\AAF\\code\\infra\\aaf-infra\\output\\SQLFormatFile.csv","observed":"File C:\\Users\\develeap\\Work\\Actimize\\AAF\\code\\infra\\aaf-infra\\output\\OracleFormatFile.csv equal to C:\\Users\\develeap\\Work\\Actimize\\AAF\\code\\infra\\aaf-infra\\output\\SQLFormatFile.csv","message":"compareFiles: ","takeScreenShot":false,"logger":null,"attachedLog":null}
10:46:23.556  845  [main] DEBUG c.a.automation.infra.Reporting - #######
10:46:23.556  845  [main] DEBUG c.a.automation.infra.Reporting - THREAD:1 -- TEST CASE NAME: 
10:46:23.557  846  [main] DEBUG c.a.automation.infra.Reporting -  -- Description: compareFiles:  -- Expected Value: File C:\Users\develeap\Work\Actimize\AAF\code\infra\aaf-infra\output\OracleFormatFile.csv should be equal to C:\Users\develeap\Work\Actimize\AAF\code\infra\aaf-infra\output\SQLFormatFile.csv -- Actual Value: File C:\Users\develeap\Work\Actimize\AAF\code\infra\aaf-infra\output\OracleFormatFile.csv equal to C:\Users\develeap\Work\Actimize\AAF\code\infra\aaf-infra\output\SQLFormatFile.csv
10:46:23.557  846  [main] DEBUG c.a.automation.infra.Reporting - #######
10:46:23.557  846  [main] DEBUG c.a.a.infra.utils.FileUtils - Content of both files are same
10:46:23.592  881  [main] DEBUG c.a.a.infra.utils.FileUtils - "float_col1"	"float_col2"	"float_col3"	"str_col"	"bool_col"	"date_col"	"int_col""First_Float_Column"	"Second_Float_Column"	"Third_Float_Column"	"String_Column"	"Boolean_Column"	"Date_Column"	"Integer_Column""-4.1000"	"-1.2300"	"-9.9999"	"=""it's just a STRING"""	""	"12/12/2060 12:00 AM"	"4""1.2345"	"0.1230"	"1.5000"	"=""just a string"""	"true"	"08/08/1991 12:00 AM"	"1""2.3000"	"0.3000"	"1.9999"	"=""just another string"""	"false"	"02/19/2018 12:00 AM"	"2""3.1111"	"100.0005"	"-6.7000"	"=""abcdefghijklmnop"""	""	""	"3"
10:46:23.594  883  [main] DEBUG c.a.automation.infra.Reporting - html:null!{"expected":"File C:\\Users\\develeap\\Work\\Actimize\\AAF\\code\\infra\\aaf-infra\\output\\OracleFormatFile.csv should be equal to C:\\Users\\develeap\\Work\\Actimize\\AAF\\code\\infra\\aaf-infra\\output\\SQLFormatFile.csv","observed":"File C:\\Users\\develeap\\Work\\Actimize\\AAF\\code\\infra\\aaf-infra\\output\\OracleFormatFile.csv equal to C:\\Users\\develeap\\Work\\Actimize\\AAF\\code\\infra\\aaf-infra\\output\\SQLFormatFile.csv","message":"compareFiles: ","takeScreenShot":false,"logger":null,"attachedLog":null}
10:46:23.595  884  [main] DEBUG c.a.automation.infra.Reporting - #######
10:46:23.595  884  [main] DEBUG c.a.automation.infra.Reporting - THREAD:1 -- TEST CASE NAME: 
10:46:23.600  889  [main] DEBUG c.a.automation.infra.Reporting -  -- Description: compareFiles:  -- Expected Value: File C:\Users\develeap\Work\Actimize\AAF\code\infra\aaf-infra\output\OracleFormatFile.csv should be equal to C:\Users\develeap\Work\Actimize\AAF\code\infra\aaf-infra\output\SQLFormatFile.csv -- Actual Value: File C:\Users\develeap\Work\Actimize\AAF\code\infra\aaf-infra\output\OracleFormatFile.csv equal to C:\Users\develeap\Work\Actimize\AAF\code\infra\aaf-infra\output\SQLFormatFile.csv
10:46:23.601  890  [main] DEBUG c.a.automation.infra.Reporting - #######
10:46:23.601  890  [main] DEBUG c.a.a.infra.utils.FileUtils - Content of both files are same
10:46:23.613  902  [main] DEBUG c.a.a.infra.utils.FileUtils - "float_col1"	"float_col2"	"float_col3"	"str_col"	"bool_col"	"date_col"	"int_col""First_Float_Column"	"Second_Float_Column"	"Third_Float_Column"	"String_Column"	"Boolean_Column"	"Date_Column"	"Integer_Column""-4.10000"	"-1.23000"	"-9.99999"	"=""it's just a STRING"""	""	"12/12/2060 12:00 AM"	"4""1.23456"	"0.12300"	"1.50000"	"=""just a string"""	"true"	"08/08/1991 12:00 AM"	"1""2.30000"	"0.30000"	"1.99999"	"=""just another string"""	"false"	"02/19/2018 12:00 AM"	"2""3.11110"	"100.00050"	"-6.70000"	"=""abcdefghijklmnop"""	""	""	"3"
10:46:23.615  904  [main] DEBUG c.a.automation.infra.Reporting - html:null!{"expected":"File C:\\Users\\develeap\\Work\\Actimize\\AAF\\code\\infra\\aaf-infra\\output\\OracleFormatFile.csv should be equal to C:\\Users\\develeap\\Work\\Actimize\\AAF\\code\\infra\\aaf-infra\\output\\SQLFormatFile.csv","observed":"File C:\\Users\\develeap\\Work\\Actimize\\AAF\\code\\infra\\aaf-infra\\output\\OracleFormatFile.csv equal to C:\\Users\\develeap\\Work\\Actimize\\AAF\\code\\infra\\aaf-infra\\output\\SQLFormatFile.csv","message":"compareFiles: ","takeScreenShot":false,"logger":null,"attachedLog":null}
10:46:23.616  905  [main] DEBUG c.a.automation.infra.Reporting - #######
10:46:23.616  905  [main] DEBUG c.a.automation.infra.Reporting - THREAD:1 -- TEST CASE NAME: 
10:46:23.616  905  [main] DEBUG c.a.automation.infra.Reporting -  -- Description: compareFiles:  -- Expected Value: File C:\Users\develeap\Work\Actimize\AAF\code\infra\aaf-infra\output\OracleFormatFile.csv should be equal to C:\Users\develeap\Work\Actimize\AAF\code\infra\aaf-infra\output\SQLFormatFile.csv -- Actual Value: File C:\Users\develeap\Work\Actimize\AAF\code\infra\aaf-infra\output\OracleFormatFile.csv equal to C:\Users\develeap\Work\Actimize\AAF\code\infra\aaf-infra\output\SQLFormatFile.csv
10:46:23.616  905  [main] DEBUG c.a.automation.infra.Reporting - #######
10:46:23.616  905  [main] DEBUG c.a.a.infra.utils.FileUtils - Content of both files are same
10:46:25.764  365  [main] DEBUG c.a.automation.infra.Environment - Initializing variables
10:46:25.766  367  [main] DEBUG c.a.automation.infra.Environment - user dir=C:\Users\develeap\Work\Actimize\AAF\code\infra\aaf-infra
10:46:25.767  368  [main] DEBUG c.a.automation.infra.Environment - Variables initialized
10:46:25.840  441  [main] DEBUG c.a.automation.infra.Environment - name
10:46:25.841  442  [main] DEBUG c.a.automation.infra.Environment - name
10:46:25.841  442  [main] DEBUG c.a.automation.infra.Environment - name
10:46:25.841  442  [main] DEBUG c.a.automation.infra.Environment - name
10:46:25.847  448  [main] DEBUG c.a.automation.infra.Environment - name
10:46:25.848  449  [main] DEBUG c.a.automation.infra.Environment - name
10:46:25.850  451  [main] DEBUG c.a.automation.infra.Environment - initReporterParameters 
10:46:25.850  451  [main] DEBUG c.a.automation.infra.Environment - ++++++++++++++initExecutionFolderVariables++++++++++++
10:46:25.853  454  [main] DEBUG c.a.automation.infra.Environment - initReporterParameters 
10:46:25.853  454  [main] DEBUG c.a.automation.infra.Environment - ++++++++++++++initExecutionFolderVariables++++++++++++
10:46:26.015  616  [main] DEBUG c.a.a.infra.utils.FileUtils - "First_Float_Column"	"Second_Float_Column"	"Third_Float_Column"	"String_Column"	"Boolean_Column"	"Date_Column"	"Integer_Column""-4.00000"	"-1.23000"	"-9.99999"	"=""it's just a STRING"""	""	"12/12/2060 12:00 AM"	"4""1.23456"	"0.12300"	"1.00000"	"=""just a string"""	"true"	"08/08/1991 12:00 AM"	"1""2.30000"	"0.00000"	"1.99999"	"=""just another string"""	"false"	"02/19/2018 12:00 AM"	"2""3.11110"	"100.00050"	"-6.70000"	"=""abcdefghijklmnop"""	""	""	"3"
10:46:26.313  914  [main] DEBUG c.a.automation.infra.Reporting - html:null!{"expected":"File C:\\Users\\develeap\\Work\\Actimize\\AAF\\code\\infra\\aaf-infra\\output\\UTF16LE_Truncated_Mode_Conversion_Result.csv should be equal to C:\\Users\\develeap\\Work\\Actimize\\AAF\\code\\infra\\aaf-infra\\target\\test-classes\\testData\\testInputsFile\\CSVFileTest\\UTF16LE_Truncated_Mode_Expected_After_Conversion.csv","observed":"File C:\\Users\\develeap\\Work\\Actimize\\AAF\\code\\infra\\aaf-infra\\output\\UTF16LE_Truncated_Mode_Conversion_Result.csv equal to C:\\Users\\develeap\\Work\\Actimize\\AAF\\code\\infra\\aaf-infra\\target\\test-classes\\testData\\testInputsFile\\CSVFileTest\\UTF16LE_Truncated_Mode_Expected_After_Conversion.csv","message":"compareFiles: ","takeScreenShot":false,"logger":null,"attachedLog":null}
10:46:26.313  914  [main] DEBUG c.a.automation.infra.Reporting - #######
10:46:26.313  914  [main] DEBUG c.a.automation.infra.Reporting - THREAD:1 -- TEST CASE NAME: 
10:46:26.313  914  [main] DEBUG c.a.automation.infra.Reporting -  -- Description: compareFiles:  -- Expected Value: File C:\Users\develeap\Work\Actimize\AAF\code\infra\aaf-infra\output\UTF16LE_Truncated_Mode_Conversion_Result.csv should be equal to C:\Users\develeap\Work\Actimize\AAF\code\infra\aaf-infra\target\test-classes\testData\testInputsFile\CSVFileTest\UTF16LE_Truncated_Mode_Expected_After_Conversion.csv -- Actual Value: File C:\Users\develeap\Work\Actimize\AAF\code\infra\aaf-infra\output\UTF16LE_Truncated_Mode_Conversion_Result.csv equal to C:\Users\develeap\Work\Actimize\AAF\code\infra\aaf-infra\target\test-classes\testData\testInputsFile\CSVFileTest\UTF16LE_Truncated_Mode_Expected_After_Conversion.csv
10:46:26.314  915  [main] DEBUG c.a.automation.infra.Reporting - #######
10:46:26.314  915  [main] DEBUG c.a.a.infra.utils.FileUtils - Content of both files are same
10:46:26.322  923  [main] DEBUG c.a.a.infra.utils.FileUtils - "float_col1"	"float_col2"	"float_col3"	"str_col"	"bool_col"	"date_col"	"int_col""First_Float_Column"	"Second_Float_Column"	"Third_Float_Column"	"String_Column"	"Boolean_Column"	"Date_Column"	"Integer_Column""-4.00000"	"-1.23000"	"-9.99999"	"=""it's just a STRING"""	""	"12/12/2060 12:00 AM"	"4""1.23456"	"0.12300"	"1.00000"	"=""just a string"""	"true"	"08/08/1991 12:00 AM"	"1""2.30000"	"0.00000"	"1.99999"	"=""just another string"""	"false"	"02/19/2018 12:00 AM"	"2""3.11110"	"100.00050"	"-6.70000"	"=""abcdefghijklmnop"""	""	""	"3"
10:46:26.324  925  [main] DEBUG c.a.automation.infra.Reporting - html:null!{"expected":"File C:\\Users\\develeap\\Work\\Actimize\\AAF\\code\\infra\\aaf-infra\\output\\UTF8_Truncated_Mode_NC_Expected_Conversion_Result.csv should be equal to C:\\Users\\develeap\\Work\\Actimize\\AAF\\code\\infra\\aaf-infra\\target\\test-classes\\testData\\testInputsFile\\CSVFileTest\\UTF8_Truncated_Mode_Expected_After_Conversion.csv","observed":"File C:\\Users\\develeap\\Work\\Actimize\\AAF\\code\\infra\\aaf-infra\\output\\UTF8_Truncated_Mode_NC_Expected_Conversion_Result.csv equal to C:\\Users\\develeap\\Work\\Actimize\\AAF\\code\\infra\\aaf-infra\\target\\test-classes\\testData\\testInputsFile\\CSVFileTest\\UTF8_Truncated_Mode_Expected_After_Conversion.csv","message":"compareFiles: ","takeScreenShot":false,"logger":null,"attachedLog":null}
10:46:26.325  926  [main] DEBUG c.a.automation.infra.Reporting - #######
10:46:26.325  926  [main] DEBUG c.a.automation.infra.Reporting - THREAD:1 -- TEST CASE NAME: 
10:46:26.325  926  [main] DEBUG c.a.automation.infra.Reporting -  -- Description: compareFiles:  -- Expected Value: File C:\Users\develeap\Work\Actimize\AAF\code\infra\aaf-infra\output\UTF8_Truncated_Mode_NC_Expected_Conversion_Result.csv should be equal to C:\Users\develeap\Work\Actimize\AAF\code\infra\aaf-infra\target\test-classes\testData\testInputsFile\CSVFileTest\UTF8_Truncated_Mode_Expected_After_Conversion.csv -- Actual Value: File C:\Users\develeap\Work\Actimize\AAF\code\infra\aaf-infra\output\UTF8_Truncated_Mode_NC_Expected_Conversion_Result.csv equal to C:\Users\develeap\Work\Actimize\AAF\code\infra\aaf-infra\target\test-classes\testData\testInputsFile\CSVFileTest\UTF8_Truncated_Mode_Expected_After_Conversion.csv
10:46:26.325  926  [main] DEBUG c.a.automation.infra.Reporting - #######
10:46:26.325  926  [main] DEBUG c.a.a.infra.utils.FileUtils - Content of both files are same
10:46:26.333  934  [main] DEBUG c.a.a.infra.utils.FileUtils - "float_col1"	"float_col2"	"float_col3"	"str_col"	"bool_col"	"date_col"	"int_col""First_Float_Column"	"Second_Float_Column"	"Third_Float_Column"	"String_Column"	"Boolean_Column"	"Date_Column"	"Integer_Column""-4.00000"	"-1.23000"	"-9.99999"	"=""it's just a STRING"""	""	"12/12/2060 12:00 AM"	"4""1.23456"	"0.12300"	"1.00000"	"=""just a string"""	"true"	"08/08/1991 12:00 AM"	"1""2.30000"	"0.00000"	"1.99999"	"=""just another string"""	"false"	"02/19/2018 12:00 AM"	"2""3.11110"	"100.00050"	"-6.70000"	"=""abcdefghijklmnop"""	""	""	"3"
10:46:26.335  936  [main] DEBUG c.a.automation.infra.Reporting - html:null!{"expected":"File C:\\Users\\develeap\\Work\\Actimize\\AAF\\code\\infra\\aaf-infra\\output\\UTF16BE_Truncated_Mode_Conversion_Result.csv should be equal to C:\\Users\\develeap\\Work\\Actimize\\AAF\\code\\infra\\aaf-infra\\target\\test-classes\\testData\\testInputsFile\\CSVFileTest\\UTF16BE_Truncated_Mode_Expected_After_Conversion.csv","observed":"File C:\\Users\\develeap\\Work\\Actimize\\AAF\\code\\infra\\aaf-infra\\output\\UTF16BE_Truncated_Mode_Conversion_Result.csv equal to C:\\Users\\develeap\\Work\\Actimize\\AAF\\code\\infra\\aaf-infra\\target\\test-classes\\testData\\testInputsFile\\CSVFileTest\\UTF16BE_Truncated_Mode_Expected_After_Conversion.csv","message":"compareFiles: ","takeScreenShot":false,"logger":null,"attachedLog":null}
10:46:26.335  936  [main] DEBUG c.a.automation.infra.Reporting - #######
10:46:26.335  936  [main] DEBUG c.a.automation.infra.Reporting - THREAD:1 -- TEST CASE NAME: 
10:46:26.335  936  [main] DEBUG c.a.automation.infra.Reporting -  -- Description: compareFiles:  -- Expected Value: File C:\Users\develeap\Work\Actimize\AAF\code\infra\aaf-infra\output\UTF16BE_Truncated_Mode_Conversion_Result.csv should be equal to C:\Users\develeap\Work\Actimize\AAF\code\infra\aaf-infra\target\test-classes\testData\testInputsFile\CSVFileTest\UTF16BE_Truncated_Mode_Expected_After_Conversion.csv -- Actual Value: File C:\Users\develeap\Work\Actimize\AAF\code\infra\aaf-infra\output\UTF16BE_Truncated_Mode_Conversion_Result.csv equal to C:\Users\develeap\Work\Actimize\AAF\code\infra\aaf-infra\target\test-classes\testData\testInputsFile\CSVFileTest\UTF16BE_Truncated_Mode_Expected_After_Conversion.csv
10:46:26.335  936  [main] DEBUG c.a.automation.infra.Reporting - #######
10:46:26.335  936  [main] DEBUG c.a.a.infra.utils.FileUtils - Content of both files are same
10:46:26.342  943  [main] DEBUG c.a.a.infra.utils.FileUtils - "float_col1","float_col2","float_col3","str_col","bool_col","date_col","int_col""First_Float_Column","Second_Float_Column","Third_Float_Column","String_Column","Boolean_Column","Date_Column","Integer_Column""-4.00000","-1.23000","-9.99999","it's just a STRING","","12/12/2060 00:00","4""1.23456","0.12300","1.00000","just a string","TRUE","08/08/1991 00:00","1""2.30000","0.00000","1.99999","just another string","FALSE","02/19/2018 12:00 AM","2""3.11110","100.00050","-6.70000","abcdefghijklmnop","","","3"
10:46:26.344  945  [main] DEBUG c.a.automation.infra.Reporting - html:null!{"expected":"File C:\\Users\\develeap\\Work\\Actimize\\AAF\\code\\infra\\aaf-infra\\output\\UTF8_NO_BOM_Truncated_Mode_Conversion_Result.csv should be equal to C:\\Users\\develeap\\Work\\Actimize\\AAF\\code\\infra\\aaf-infra\\target\\test-classes\\testData\\testInputsFile\\CSVFileTest\\UTF8_NO_BOM_Truncated_Mode_Expected_After_Conversion.csv","observed":"File C:\\Users\\develeap\\Work\\Actimize\\AAF\\code\\infra\\aaf-infra\\output\\UTF8_NO_BOM_Truncated_Mode_Conversion_Result.csv equal to C:\\Users\\develeap\\Work\\Actimize\\AAF\\code\\infra\\aaf-infra\\target\\test-classes\\testData\\testInputsFile\\CSVFileTest\\UTF8_NO_BOM_Truncated_Mode_Expected_After_Conversion.csv","message":"compareFiles: ","takeScreenShot":false,"logger":null,"attachedLog":null}
10:46:26.344  945  [main] DEBUG c.a.automation.infra.Reporting - #######
10:46:26.344  945  [main] DEBUG c.a.automation.infra.Reporting - THREAD:1 -- TEST CASE NAME: 
10:46:26.344  945  [main] DEBUG c.a.automation.infra.Reporting -  -- Description: compareFiles:  -- Expected Value: File C:\Users\develeap\Work\Actimize\AAF\code\infra\aaf-infra\output\UTF8_NO_BOM_Truncated_Mode_Conversion_Result.csv should be equal to C:\Users\develeap\Work\Actimize\AAF\code\infra\aaf-infra\target\test-classes\testData\testInputsFile\CSVFileTest\UTF8_NO_BOM_Truncated_Mode_Expected_After_Conversion.csv -- Actual Value: File C:\Users\develeap\Work\Actimize\AAF\code\infra\aaf-infra\output\UTF8_NO_BOM_Truncated_Mode_Conversion_Result.csv equal to C:\Users\develeap\Work\Actimize\AAF\code\infra\aaf-infra\target\test-classes\testData\testInputsFile\CSVFileTest\UTF8_NO_BOM_Truncated_Mode_Expected_After_Conversion.csv
10:46:26.344  945  [main] DEBUG c.a.automation.infra.Reporting - #######
10:46:26.344  945  [main] DEBUG c.a.a.infra.utils.FileUtils - Content of both files are same
10:46:26.351  952  [main] DEBUG c.a.a.infra.utils.FileUtils - "Truncated","Ceiling","Floor","Round_half_up","Round_half_down","Round_up","String_field","Integer_field","Boolean_field","Date_field""truncated","Ceiling","floor","round_half_up","round_half_down","round_up","String_Field","Integer_Field","Boolean_Field","Date_Field""0.1234","9.2440","-9.2440","0.7172","0.7172","0.7172","=""one two three""","123","false","""1.2354","1.5340","123.0000","10.1010","2.2221","5.4562","","","","""21354.3436","0.1235","-1.0000","1.0000","0.9989","2.8889","=""write something in here""","1","true","02/25/2065 11:11 AM"
10:46:26.352  953  [main] DEBUG c.a.automation.infra.Reporting - html:null!{"expected":"File C:\\Users\\develeap\\Work\\Actimize\\AAF\\code\\infra\\aaf-infra\\output\\NC_Test_Result.csv should be equal to C:\\Users\\develeap\\Work\\Actimize\\AAF\\code\\infra\\aaf-infra\\target\\test-classes\\testData\\testInputsFile\\CSVFileTest\\Multiple_Modes_Expected_After_Conversion.csv","observed":"File C:\\Users\\develeap\\Work\\Actimize\\AAF\\code\\infra\\aaf-infra\\output\\NC_Test_Result.csv equal to C:\\Users\\develeap\\Work\\Actimize\\AAF\\code\\infra\\aaf-infra\\target\\test-classes\\testData\\testInputsFile\\CSVFileTest\\Multiple_Modes_Expected_After_Conversion.csv","message":"compareFiles: ","takeScreenShot":false,"logger":null,"attachedLog":null}
10:46:26.352  953  [main] DEBUG c.a.automation.infra.Reporting - #######
10:46:26.352  953  [main] DEBUG c.a.automation.infra.Reporting - THREAD:1 -- TEST CASE NAME: 
10:46:26.352  953  [main] DEBUG c.a.automation.infra.Reporting -  -- Description: compareFiles:  -- Expected Value: File C:\Users\develeap\Work\Actimize\AAF\code\infra\aaf-infra\output\NC_Test_Result.csv should be equal to C:\Users\develeap\Work\Actimize\AAF\code\infra\aaf-infra\target\test-classes\testData\testInputsFile\CSVFileTest\Multiple_Modes_Expected_After_Conversion.csv -- Actual Value: File C:\Users\develeap\Work\Actimize\AAF\code\infra\aaf-infra\output\NC_Test_Result.csv equal to C:\Users\develeap\Work\Actimize\AAF\code\infra\aaf-infra\target\test-classes\testData\testInputsFile\CSVFileTest\Multiple_Modes_Expected_After_Conversion.csv
10:46:26.352  953  [main] DEBUG c.a.automation.infra.Reporting - #######
10:46:26.352  953  [main] DEBUG c.a.a.infra.utils.FileUtils - Content of both files are same
10:46:26.381  982  [main] DEBUG c.a.a.infra.utils.FileUtils - "float_col1"	"float_col2"	"float_col3"	"str_col"	"bool_col"	"date_col"	"int_col""First_Float_Column"	"Second_Float_Column"	"Third_Float_Column"	"String_Column"	"Boolean_Column"	"Date_Column"	"Integer_Column""-4.1"	"-1.23"	"-9.999999"	"=""it's just a STRING"""	""	"12/12/2060 12:00 AM"	"4""1.234567"	"0.123"	"1.5"	"=""just a string"""	"true"	"08/08/1991 12:00 AM"	"1""2.3"	"0.3"	"1.99999"	"=""just another string"""	"false"	"02/19/2018 12:00 AM"	"2""3.1111"	"100.0005"	"-6.7"	"=""abcdefghijklmnop"""	""	""	"3"
10:46:26.383  984  [main] DEBUG c.a.automation.infra.Reporting - html:null!{"expected":"File C:\\Users\\develeap\\Work\\Actimize\\AAF\\code\\infra\\aaf-infra\\output\\IdentityConvertFile.csv should be equal to C:\\Users\\develeap\\Work\\Actimize\\AAF\\code\\infra\\aaf-infra\\target\\test-classes\\testData\\testInputsFile\\CSVFileTest\\IdentityCheck.csv","observed":"File C:\\Users\\develeap\\Work\\Actimize\\AAF\\code\\infra\\aaf-infra\\output\\IdentityConvertFile.csv equal to C:\\Users\\develeap\\Work\\Actimize\\AAF\\code\\infra\\aaf-infra\\target\\test-classes\\testData\\testInputsFile\\CSVFileTest\\IdentityCheck.csv","message":"compareFiles: ","takeScreenShot":false,"logger":null,"attachedLog":null}
10:46:26.383  984  [main] DEBUG c.a.automation.infra.Reporting - #######
10:46:26.383  984  [main] DEBUG c.a.automation.infra.Reporting - THREAD:1 -- TEST CASE NAME: 
10:46:26.383  984  [main] DEBUG c.a.automation.infra.Reporting -  -- Description: compareFiles:  -- Expected Value: File C:\Users\develeap\Work\Actimize\AAF\code\infra\aaf-infra\output\IdentityConvertFile.csv should be equal to C:\Users\develeap\Work\Actimize\AAF\code\infra\aaf-infra\target\test-classes\testData\testInputsFile\CSVFileTest\IdentityCheck.csv -- Actual Value: File C:\Users\develeap\Work\Actimize\AAF\code\infra\aaf-infra\output\IdentityConvertFile.csv equal to C:\Users\develeap\Work\Actimize\AAF\code\infra\aaf-infra\target\test-classes\testData\testInputsFile\CSVFileTest\IdentityCheck.csv
10:46:26.384  985  [main] DEBUG c.a.automation.infra.Reporting - #######
10:46:26.384  985  [main] DEBUG c.a.a.infra.utils.FileUtils - Content of both files are same
10:46:29.700  366  [main] DEBUG c.a.automation.infra.Environment - Initializing variables
10:46:29.702  368  [main] DEBUG c.a.automation.infra.Environment - user dir=C:\Users\develeap\Work\Actimize\AAF\code\infra\aaf-infra
10:46:29.703  369  [main] DEBUG c.a.automation.infra.Environment - Variables initialized
10:46:29.787  453  [main] DEBUG c.a.automation.infra.Environment - name
10:46:29.788  454  [main] DEBUG c.a.automation.infra.Environment - name
10:46:29.788  454  [main] DEBUG c.a.automation.infra.Environment - name
10:46:29.788  454  [main] DEBUG c.a.automation.infra.Environment - name
10:46:29.793  459  [main] DEBUG c.a.automation.infra.Environment - name
10:46:29.793  459  [main] DEBUG c.a.automation.infra.Environment - name
10:46:29.796  462  [main] DEBUG c.a.automation.infra.Environment - initReporterParameters 
10:46:29.797  463  [main] DEBUG c.a.automation.infra.Environment - ++++++++++++++initExecutionFolderVariables++++++++++++
10:46:29.799  465  [main] DEBUG c.a.automation.infra.Environment - initReporterParameters 
10:46:29.799  465  [main] DEBUG c.a.automation.infra.Environment - ++++++++++++++initExecutionFolderVariables++++++++++++
10:46:31.643  334  [main] DEBUG c.a.automation.infra.Environment - Initializing variables
10:46:31.646  337  [main] DEBUG c.a.automation.infra.Environment - user dir=C:\Users\develeap\Work\Actimize\AAF\code\infra\aaf-infra
10:46:31.646  337  [main] DEBUG c.a.automation.infra.Environment - Variables initialized
10:46:31.714  405  [main] DEBUG c.a.automation.infra.Environment - name
10:46:31.715  406  [main] DEBUG c.a.automation.infra.Environment - name
10:46:31.715  406  [main] DEBUG c.a.automation.infra.Environment - name
10:46:31.715  406  [main] DEBUG c.a.automation.infra.Environment - name
10:46:31.720  411  [main] DEBUG c.a.automation.infra.Environment - name
10:46:31.721  412  [main] DEBUG c.a.automation.infra.Environment - name
10:46:31.724  415  [main] DEBUG c.a.automation.infra.Environment - initReporterParameters 
10:46:31.724  415  [main] DEBUG c.a.automation.infra.Environment - ++++++++++++++initExecutionFolderVariables++++++++++++
10:46:31.726  417  [main] DEBUG c.a.automation.infra.Environment - initReporterParameters 
10:46:31.726  417  [main] DEBUG c.a.automation.infra.Environment - ++++++++++++++initExecutionFolderVariables++++++++++++
10:46:31.741  432  [main] DEBUG c.a.a.i.e.FilesExtractor - Setting Extractor destination folder to: C:\Users\develeap\Work\Actimize\AAF\code\infra\aaf-infra\output\execution\\develeap\HTML_Reports2018-08-19T10.46.31\Snapshots\FileExtractorTest\TextCompareFiles\
10:46:31.837  528  [main] DEBUG c.a.a.i.e.FilesExtractor - Content was written into: C:\Users\develeap\Work\Actimize\AAF\code\infra\aaf-infra\output\execution\\develeap\HTML_Reports2018-08-19T10.46.31\Snapshots\FileExtractorTest\TextCompareFiles\\fileForExtractor_2018-08-19T10.46.31.txt
10:46:31.839  530  [main] DEBUG c.a.a.i.e.FilesExtractor - Extract info was written into: C:\Users\develeap\Work\Actimize\AAF\code\infra\aaf-infra\output\execution\\develeap\HTML_Reports2018-08-19T10.46.31\Snapshots\FileExtractorTest\TextCompareFiles\\fileForExtractor_2018-08-19T10.46.31.txt
10:46:31.900  591  [main] DEBUG c.a.a.i.e.FilesExtractor - Compare reports destination folder set to: C:\Users\develeap\Work\Actimize\AAF\code\infra\aaf-infra\output\execution\\develeap\HTML_Reports2018-08-19T10.46.31\Snapshots\FileExtractorTest\Compare Reports\
10:46:32.401  1092 [main] DEBUG c.a.a.i.e.FilesExtractor - html:C:\Users\develeap\Work\Actimize\AAF\code\infra\aaf-infra\output\execution\\develeap\HTML_Reports2018-08-19T10.46.31\FileExtractorTest.html!{"expected":"count Appearance comparator passed! content in expected match!","observed":"Compare Succeeded","message":"","takeScreenShot":false,"logger":"C:\\Users\\develeap\\Work\\Actimize\\AAF\\code\\infra\\aaf-infra\\output\\execution\\\\develeap\\HTML_Reports2018-08-19T10.46.31\\FileExtractorTest.html","attachedLog":"Snapshots/FileExtractorTest/Compare Reports/count Appearance comparatorHtmlReport2018-08-19T10.46.31.html"}
10:46:32.409  1100 [main] DEBUG c.a.a.i.e.FilesExtractor - Setting Extractor destination folder to: C:\Users\develeap\Work\Actimize\AAF\code\infra\aaf-infra\output\execution\\develeap\HTML_Reports2018-08-19T10.46.31\Snapshots\FileExtractorTest\TextCompareFiles\
10:46:32.507  1198 [main] DEBUG c.a.a.i.e.FilesExtractor - Content was written into: C:\Users\develeap\Work\Actimize\AAF\code\infra\aaf-infra\output\execution\\develeap\HTML_Reports2018-08-19T10.46.31\Snapshots\FileExtractorTest\TextCompareFiles\\DemoFile_2018-08-19T10.46.32.log
10:46:32.508  1199 [main] DEBUG c.a.a.i.e.FilesExtractor - Extract info was written into: C:\Users\develeap\Work\Actimize\AAF\code\infra\aaf-infra\output\execution\\develeap\HTML_Reports2018-08-19T10.46.31\Snapshots\FileExtractorTest\TextCompareFiles\\DemoFile_2018-08-19T10.46.32.log
10:46:32.512  1203 [main] DEBUG c.a.a.i.e.FilesExtractor - Compare reports destination folder set to: C:\Users\develeap\Work\Actimize\AAF\code\infra\aaf-infra\output\execution\\develeap\HTML_Reports2018-08-19T10.46.31\Snapshots\FileExtractorTest\Compare Reports\
10:46:32.552  1243 [main] DEBUG c.a.a.i.e.FilesExtractor - html:C:\Users\develeap\Work\Actimize\AAF\code\infra\aaf-infra\output\execution\\develeap\HTML_Reports2018-08-19T10.46.31\FileExtractorTest.html!{"expected":"File Contain Text Comparator passed! content in expected match!","observed":"Compare Succeeded","message":"","takeScreenShot":false,"logger":"C:\\Users\\develeap\\Work\\Actimize\\AAF\\code\\infra\\aaf-infra\\output\\execution\\\\develeap\\HTML_Reports2018-08-19T10.46.31\\FileExtractorTest.html","attachedLog":"Snapshots/FileExtractorTest/Compare Reports/File Contain Text ComparatorHtmlReport2018-08-19T10.46.32.html"}
10:46:32.568  1259 [main] DEBUG c.a.a.i.e.FilesExtractor - Setting Extractor destination folder to: C:\Users\develeap\Work\Actimize\AAF\code\infra\aaf-infra\output\execution\\develeap\HTML_Reports2018-08-19T10.46.31\Snapshots\FileExtractorTest\TextCompareFiles\
10:46:32.573  1264 [main] DEBUG c.a.a.i.e.FilesExtractor - Content was written into: C:\Users\develeap\Work\Actimize\AAF\code\infra\aaf-infra\output\execution\\develeap\HTML_Reports2018-08-19T10.46.31\Snapshots\FileExtractorTest\TextCompareFiles\\dummyForTest_2018-08-19T10.46.32.txt
10:46:32.575  1266 [main] DEBUG c.a.a.i.e.FilesExtractor - Extract info was written into: C:\Users\develeap\Work\Actimize\AAF\code\infra\aaf-infra\output\execution\\develeap\HTML_Reports2018-08-19T10.46.31\Snapshots\FileExtractorTest\TextCompareFiles\\dummyForTest_2018-08-19T10.46.32.txt
10:46:32.579  1270 [main] DEBUG c.a.a.i.e.FilesExtractor - Compare reports destination folder set to: C:\Users\develeap\Work\Actimize\AAF\code\infra\aaf-infra\output\execution\\develeap\HTML_Reports2018-08-19T10.46.31\Snapshots\FileExtractorTest\Compare Reports\
10:46:32.606  1297 [main] DEBUG c.a.a.i.e.FilesExtractor - html:C:\Users\develeap\Work\Actimize\AAF\code\infra\aaf-infra\output\execution\\develeap\HTML_Reports2018-08-19T10.46.31\FileExtractorTest.html!{"expected":"Text Equals compare passed! content in expected match!","observed":"Compare Succeeded","message":"","takeScreenShot":false,"logger":"C:\\Users\\develeap\\Work\\Actimize\\AAF\\code\\infra\\aaf-infra\\output\\execution\\\\develeap\\HTML_Reports2018-08-19T10.46.31\\FileExtractorTest.html","attachedLog":"Snapshots/FileExtractorTest/Compare Reports/Text Equals compareHtmlReport2018-08-19T10.46.32.html"}
10:46:35.598  379  [main] DEBUG c.a.automation.infra.Environment - Initializing variables
10:46:35.600  381  [main] DEBUG c.a.automation.infra.Environment - user dir=C:\Users\develeap\Work\Actimize\AAF\code\infra\aaf-infra
10:46:35.600  381  [main] DEBUG c.a.automation.infra.Environment - Variables initialized
10:46:35.687  468  [main] DEBUG c.a.automation.infra.Environment - name
10:46:35.688  469  [main] DEBUG c.a.automation.infra.Environment - name
10:46:35.689  470  [main] DEBUG c.a.automation.infra.Environment - name
10:46:35.689  470  [main] DEBUG c.a.automation.infra.Environment - name
10:46:35.693  474  [main] DEBUG c.a.automation.infra.Environment - name
10:46:35.695  476  [main] DEBUG c.a.automation.infra.Environment - name
10:46:35.697  478  [main] DEBUG c.a.automation.infra.Environment - initReporterParameters 
10:46:35.697  478  [main] DEBUG c.a.automation.infra.Environment - ++++++++++++++initExecutionFolderVariables++++++++++++
10:46:35.700  481  [main] DEBUG c.a.automation.infra.Environment - initReporterParameters 
10:46:35.700  481  [main] DEBUG c.a.automation.infra.Environment - ++++++++++++++initExecutionFolderVariables++++++++++++
10:46:35.710  491  [main] DEBUG c.a.a.i.e.FilesExtractor - Setting Extractor destination folder to: C:\Users\develeap\Work\Actimize\AAF\code\infra\aaf-infra\output\execution\\develeap\HTML_Reports2018-08-19T10.46.35\Snapshots\MultiEncodingExtractAndCompareTest\TextCompareFiles\
10:46:35.808  589  [main] DEBUG c.a.a.i.e.FilesExtractor - Content was written into: C:\Users\develeap\Work\Actimize\AAF\code\infra\aaf-infra\output\execution\\develeap\HTML_Reports2018-08-19T10.46.35\Snapshots\MultiEncodingExtractAndCompareTest\TextCompareFiles\\import CSV with delimiter Comma_2018-08-19T10.46.35.csv
10:46:35.810  591  [main] DEBUG c.a.a.i.e.FilesExtractor - Extract info was written into: C:\Users\develeap\Work\Actimize\AAF\code\infra\aaf-infra\output\execution\\develeap\HTML_Reports2018-08-19T10.46.35\Snapshots\MultiEncodingExtractAndCompareTest\TextCompareFiles\\import CSV with delimiter Comma_2018-08-19T10.46.35.csv
10:46:35.816  597  [main] DEBUG c.a.a.i.e.FilesExtractor - Compare reports destination folder set to: C:\Users\develeap\Work\Actimize\AAF\code\infra\aaf-infra\output\execution\\develeap\HTML_Reports2018-08-19T10.46.35\Snapshots\MultiEncodingExtractAndCompareTest\Compare Reports\
10:46:36.319  1100 [main] DEBUG c.a.a.i.e.FilesExtractor - html:C:\Users\develeap\Work\Actimize\AAF\code\infra\aaf-infra\output\execution\\develeap\HTML_Reports2018-08-19T10.46.35\MultiEncodingExtractAndCompareTest.html!{"expected":"File Contain Text Comparator passed! content in expected match!","observed":"Compare Succeeded","message":"","takeScreenShot":false,"logger":"C:\\Users\\develeap\\Work\\Actimize\\AAF\\code\\infra\\aaf-infra\\output\\execution\\\\develeap\\HTML_Reports2018-08-19T10.46.35\\MultiEncodingExtractAndCompareTest.html","attachedLog":"Snapshots/MultiEncodingExtractAndCompareTest/Compare Reports/File Contain Text ComparatorHtmlReport2018-08-19T10.46.35.html"}
10:46:36.321  1102 [main] DEBUG c.a.automation.infra.Environment - initReporterParameters 
10:46:36.321  1102 [main] DEBUG c.a.automation.infra.Environment - ++++++++++++++initExecutionFolderVariables++++++++++++
10:46:36.324  1105 [main] DEBUG c.a.a.i.e.FilesExtractor - Setting Extractor destination folder to: C:\Users\develeap\Work\Actimize\AAF\code\infra\aaf-infra\output\execution\\develeap\HTML_Reports2018-08-19T10.46.36\Snapshots\MultiEncodingExtractAndCompareTest\TextCompareFiles\
10:46:36.330  1111 [main] DEBUG c.a.a.i.e.FilesExtractor - Content was written into: C:\Users\develeap\Work\Actimize\AAF\code\infra\aaf-infra\output\execution\\develeap\HTML_Reports2018-08-19T10.46.36\Snapshots\MultiEncodingExtractAndCompareTest\TextCompareFiles\\Import CSV with delimiter TAB_2018-08-19T10.46.36.csv
10:46:36.334  1115 [main] DEBUG c.a.a.i.e.FilesExtractor - Extract info was written into: C:\Users\develeap\Work\Actimize\AAF\code\infra\aaf-infra\output\execution\\develeap\HTML_Reports2018-08-19T10.46.36\Snapshots\MultiEncodingExtractAndCompareTest\TextCompareFiles\\Import CSV with delimiter TAB_2018-08-19T10.46.36.csv
10:46:36.339  1120 [main] DEBUG c.a.a.i.e.FilesExtractor - Compare reports destination folder set to: C:\Users\develeap\Work\Actimize\AAF\code\infra\aaf-infra\output\execution\\develeap\HTML_Reports2018-08-19T10.46.36\Snapshots\MultiEncodingExtractAndCompareTest\Compare Reports\
10:46:36.367  1148 [main] DEBUG c.a.a.i.e.FilesExtractor - html:C:\Users\develeap\Work\Actimize\AAF\code\infra\aaf-infra\output\execution\\develeap\HTML_Reports2018-08-19T10.46.36\MultiEncodingExtractAndCompareTest.html!{"expected":"File Contain Text Comparator passed! content in expected match!","observed":"Compare Succeeded","message":"","takeScreenShot":false,"logger":"C:\\Users\\develeap\\Work\\Actimize\\AAF\\code\\infra\\aaf-infra\\output\\execution\\\\develeap\\HTML_Reports2018-08-19T10.46.36\\MultiEncodingExtractAndCompareTest.html","attachedLog":"Snapshots/MultiEncodingExtractAndCompareTest/Compare Reports/File Contain Text ComparatorHtmlReport2018-08-19T10.46.36.html"}
10:46:39.966  330  [main] DEBUG c.a.automation.infra.Environment - Initializing variables
10:46:39.969  333  [main] DEBUG c.a.automation.infra.Environment - user dir=C:\Users\develeap\Work\Actimize\AAF\code\infra\aaf-infra
10:46:39.969  333  [main] DEBUG c.a.automation.infra.Environment - Variables initialized
10:46:40.060  424  [main] DEBUG c.a.automation.infra.Environment - name
10:46:40.062  426  [main] DEBUG c.a.automation.infra.Environment - name
10:46:40.062  426  [main] DEBUG c.a.automation.infra.Environment - name
10:46:40.062  426  [main] DEBUG c.a.automation.infra.Environment - name
10:46:40.068  432  [main] DEBUG c.a.automation.infra.Environment - name
10:46:40.069  433  [main] DEBUG c.a.automation.infra.Environment - name
10:46:40.071  435  [main] DEBUG c.a.automation.infra.Environment - initReporterParameters 
10:46:40.072  436  [main] DEBUG c.a.automation.infra.Environment - ++++++++++++++initExecutionFolderVariables++++++++++++
10:46:40.076  440  [main] DEBUG c.a.automation.infra.Environment - initReporterParameters 
10:46:40.077  441  [main] DEBUG c.a.automation.infra.Environment - ++++++++++++++initExecutionFolderVariables++++++++++++
10:46:40.203  567  [main] DEBUG c.a.a.i.e.FilesExtractor - Setting Extractor destination folder to: C:\Users\develeap\Work\Actimize\AAF\code\infra\aaf-infra\output\execution\\develeap\HTML_Reports2018-08-19T10.46.40\Snapshots\FilterTest\TextCompareFiles\
10:46:40.237  601  [main] DEBUG c.a.a.i.e.FilesExtractor - Content was written into: C:\Users\develeap\Work\Actimize\AAF\code\infra\aaf-infra\output\execution\\develeap\HTML_Reports2018-08-19T10.46.40\Snapshots\FilterTest\TextCompareFiles\\input1534664800131_2018-08-19T10.46.40.txt
10:46:40.242  606  [main] DEBUG c.a.a.i.e.FilesExtractor - Extract info was written into: C:\Users\develeap\Work\Actimize\AAF\code\infra\aaf-infra\output\execution\\develeap\HTML_Reports2018-08-19T10.46.40\Snapshots\FilterTest\TextCompareFiles\\input1534664800131_2018-08-19T10.46.40.txt
10:46:40.246  610  [main] DEBUG c.a.a.i.e.FilesExtractor - Setting Extractor destination folder to: C:\Users\develeap\Work\Actimize\AAF\code\infra\aaf-infra\output\execution\\develeap\HTML_Reports2018-08-19T10.46.40\Snapshots\FilterTest\TextCompareFiles\
10:46:40.253  617  [main] DEBUG c.a.a.i.e.FilesExtractor - Content was written into: C:\Users\develeap\Work\Actimize\AAF\code\infra\aaf-infra\output\execution\\develeap\HTML_Reports2018-08-19T10.46.40\Snapshots\FilterTest\TextCompareFiles\\input1534664800244_2018-08-19T10.46.40.txt
10:46:40.258  622  [main] DEBUG c.a.a.i.e.FilesExtractor - Extract info was written into: C:\Users\develeap\Work\Actimize\AAF\code\infra\aaf-infra\output\execution\\develeap\HTML_Reports2018-08-19T10.46.40\Snapshots\FilterTest\TextCompareFiles\\input1534664800244_2018-08-19T10.46.40.txt
10:46:40.262  626  [main] DEBUG c.a.a.i.e.FilesExtractor - Setting Extractor destination folder to: C:\Users\develeap\Work\Actimize\AAF\code\infra\aaf-infra\output\execution\\develeap\HTML_Reports2018-08-19T10.46.40\Snapshots\FilterTest\TextCompareFiles\
10:46:40.268  632  [main] DEBUG c.a.a.i.e.FilesExtractor - Content was written into: C:\Users\develeap\Work\Actimize\AAF\code\infra\aaf-infra\output\execution\\develeap\HTML_Reports2018-08-19T10.46.40\Snapshots\FilterTest\TextCompareFiles\\input1534664800259_2018-08-19T10.46.40.txt
10:46:40.274  638  [main] DEBUG c.a.a.i.e.FilesExtractor - Extract info was written into: C:\Users\develeap\Work\Actimize\AAF\code\infra\aaf-infra\output\execution\\develeap\HTML_Reports2018-08-19T10.46.40\Snapshots\FilterTest\TextCompareFiles\\input1534664800259_2018-08-19T10.46.40.txt
10:46:40.282  646  [main] DEBUG c.a.a.i.e.FilesExtractor - Setting Extractor destination folder to: C:\Users\develeap\Work\Actimize\AAF\code\infra\aaf-infra\output\execution\\develeap\HTML_Reports2018-08-19T10.46.40\Snapshots\FilterTest\TextCompareFiles\
10:46:40.289  653  [main] DEBUG c.a.a.i.e.FilesExtractor - Content was written into: C:\Users\develeap\Work\Actimize\AAF\code\infra\aaf-infra\output\execution\\develeap\HTML_Reports2018-08-19T10.46.40\Snapshots\FilterTest\TextCompareFiles\\input1534664800280_2018-08-19T10.46.40.txt
10:46:40.291  655  [main] DEBUG c.a.a.i.e.FilesExtractor - Extract info was written into: C:\Users\develeap\Work\Actimize\AAF\code\infra\aaf-infra\output\execution\\develeap\HTML_Reports2018-08-19T10.46.40\Snapshots\FilterTest\TextCompareFiles\\input1534664800280_2018-08-19T10.46.40.txt
10:46:40.295  659  [main] DEBUG c.a.a.i.e.FilesExtractor - Setting Extractor destination folder to: C:\Users\develeap\Work\Actimize\AAF\code\infra\aaf-infra\output\execution\\develeap\HTML_Reports2018-08-19T10.46.40\Snapshots\FilterTest\TextCompareFiles\
10:46:40.301  665  [main] DEBUG c.a.a.i.e.FilesExtractor - Content was written into: C:\Users\develeap\Work\Actimize\AAF\code\infra\aaf-infra\output\execution\\develeap\HTML_Reports2018-08-19T10.46.40\Snapshots\FilterTest\TextCompareFiles\\input1534664800292_2018-08-19T10.46.40.txt
10:46:40.306  670  [main] DEBUG c.a.a.i.e.FilesExtractor - Extract info was written into: C:\Users\develeap\Work\Actimize\AAF\code\infra\aaf-infra\output\execution\\develeap\HTML_Reports2018-08-19T10.46.40\Snapshots\FilterTest\TextCompareFiles\\input1534664800292_2018-08-19T10.46.40.txt
10:46:42.337  451  [main] DEBUG c.a.a.infra.KeepRefererService - Save Key: key1 Value value1 in keep referer hash
10:46:42.340  454  [main] DEBUG c.a.a.infra.KeepRefererService - Save Key: key2 Value value2 in keep referer hash
10:46:42.340  454  [main] DEBUG c.a.a.infra.KeepRefererService - Save Key: key3 Value null in keep referer hash
10:46:42.340  454  [main] DEBUG c.a.a.infra.KeepRefererService - Save Key: num1 Value 1 in keep referer hash
10:46:42.340  454  [main] DEBUG c.a.a.infra.KeepRefererService - Save Key: num2 Value 2 in keep referer hash
10:46:42.342  456  [main] DEBUG c.a.a.infra.KeepRefererService - Save Key: new2 Value new val in keep referer hash
10:46:42.343  457  [main] DEBUG c.a.a.infra.KeepRefererService - Save Key: new2 Value new val in keep referer hash
10:46:42.343  457  [main] DEBUG c.a.a.infra.KeepRefererService - Save Key: key1 Value value1 in keep referer hash
10:46:42.343  457  [main] DEBUG c.a.a.infra.KeepRefererService - Save Key: key2 Value value2 in keep referer hash
10:46:42.344  458  [main] DEBUG c.a.a.infra.KeepRefererService - Save Key: key3 Value null in keep referer hash
10:46:42.344  458  [main] DEBUG c.a.a.infra.KeepRefererService - Save Key: num1 Value 1 in keep referer hash
10:46:42.344  458  [main] DEBUG c.a.a.infra.KeepRefererService - Save Key: num2 Value 2 in keep referer hash
10:46:42.346  460  [main] DEBUG c.a.a.infra.KeepRefererService - Save Key: key1 Value value1 in keep referer hash
10:46:42.347  461  [main] DEBUG c.a.a.infra.KeepRefererService - Save Key: key2 Value value2 in keep referer hash
10:46:42.347  461  [main] DEBUG c.a.a.infra.KeepRefererService - Save Key: key3 Value null in keep referer hash
10:46:42.348  462  [main] DEBUG c.a.a.infra.KeepRefererService - Save Key: num1 Value 1 in keep referer hash
10:46:42.348  462  [main] DEBUG c.a.a.infra.KeepRefererService - Save Key: num2 Value 2 in keep referer hash
10:46:42.351  465  [main] DEBUG c.a.a.infra.KeepRefererService - Save Key: key1 Value value1 in keep referer hash
10:46:42.352  466  [main] DEBUG c.a.a.infra.KeepRefererService - Save Key: key2 Value value2 in keep referer hash
10:46:42.352  466  [main] DEBUG c.a.a.infra.KeepRefererService - Save Key: key3 Value null in keep referer hash
10:46:42.353  467  [main] DEBUG c.a.a.infra.KeepRefererService - Save Key: num1 Value 1 in keep referer hash
10:46:42.353  467  [main] DEBUG c.a.a.infra.KeepRefererService - Save Key: num2 Value 2 in keep referer hash
10:46:42.354  468  [main] DEBUG c.a.a.infra.KeepRefererService - Save Key: new1 Value new val in keep referer hash
