20:27:07.721  442  [main] DEBUG c.a.automation.infra.Environment - Initializing variables
20:27:07.730  451  [main] DEBUG c.a.automation.infra.Environment - user dir=C:\Users\develeap\Work\Actimize\AAF\code\rcm\rcm
20:27:07.730  451  [main] DEBUG c.a.automation.infra.Environment - Variables initialized
20:27:07.844  565  [main] DEBUG c.a.automation.infra.Environment - name
20:27:07.937  658  [main] DEBUG c.a.automation.infra.Environment - initReporterParameters 
20:27:07.937  658  [main] DEBUG c.a.automation.infra.Environment - ++++++++++++++initExecutionFolderVariables++++++++++++
20:27:07.959  680  [main] DEBUG c.a.automation.infra.Environment - Initializing variables
20:27:07.959  680  [main] DEBUG c.a.automation.infra.Environment - user dir=C:\Users\develeap\Work\Actimize\AAF\code\rcm\rcm
20:27:07.963  684  [main] DEBUG c.a.automation.infra.Environment - Variables initialized
20:27:07.963  684  [main] DEBUG c.a.automation.infra.Environment - initReporterParameters 
20:27:07.963  684  [main] DEBUG c.a.automation.infra.Environment - ++++++++++++++initExecutionFolderVariables++++++++++++
20:27:08.348  1069 [main] DEBUG c.a.a.infra.utils.ResourceManager - saving jarFilePath to the ResourceManager cache: testData/testInputsFile/ --> C:\Users\develeap\Work\Actimize\AAF\code\rcm\rcm\output\testInputsFile
20:27:08.355  1076 [main] DEBUG c.a.a.infra.utils.ResourceManager - saving jarFilePath to the ResourceManager cache: testData/testInputsFile/ --> C:\Users\develeap\Work\Actimize\AAF\code\rcm\rcm\output\testInputsFile
20:27:08.362  1083 [main] DEBUG c.a.a.infra.utils.ResourceManager - saving jarFilePath to the ResourceManager cache: testData/testInputsFile/ --> C:\Users\develeap\Work\Actimize\AAF\code\rcm\rcm\output\testInputsFile
20:27:08.386  1107 [main] DEBUG c.a.a.infra.utils.ResourceManager - saving jarFilePath to the ResourceManager cache: testData/testInputsFile/CaseWI\RCM_Connector.ini --> C:\Users\develeap\Work\Actimize\AAF\code\rcm\rcm\output\RCM_Connector.ini
20:27:08.433  1154 [main] DEBUG c.a.a.infra.utils.ResourceManager - saving jarFilePath to the ResourceManager cache: testData/testInputsFile/CaseWI\RCM_Connector.ini --> C:\Users\develeap\Work\Actimize\AAF\code\rcm\rcm\output\RCM_Connector.ini
20:27:08.473  1194 [main] DEBUG c.a.a.infra.utils.ResourceManager - saving jarFilePath to the ResourceManager cache: testData/testInputsFile/CaseWI\RCM_Connector.ini --> C:\Users\develeap\Work\Actimize\AAF\code\rcm\rcm\output\RCM_Connector.ini
20:27:20.477  184  [main] DEBUG c.a.automation.infra.TestFactory - In 'addClassToMapper' method.
20:27:20.481  188  [main] DEBUG c.a.automation.infra.TestFactory - The class 'com.actimize.automation.rcm.infra.rest.RcmRestClient' was added to the class mapper under the name 'RcmRestClient'.
20:27:20.481  188  [main] DEBUG c.a.automation.infra.TestFactory - In 'addClassToMapper' method.
20:27:20.484  191  [main] DEBUG c.a.automation.infra.TestFactory - The class 'com.actimize.automation.rcm.infra.UpdateConfigParameter' was added to the class mapper under the name 'UpdateConfigParameter'.
20:27:20.484  191  [main] DEBUG c.a.automation.infra.TestFactory - In 'addClassToMapper' method.
20:27:20.484  191  [main] DEBUG c.a.automation.infra.TestFactory - The class 'com.actimize.automation.rcm.infra.webservice.RCMWSActions' was added to the class mapper under the name 'RCMWSActions'.
20:27:20.484  191  [main] DEBUG c.a.automation.infra.TestFactory - In 'addClassToMapper' method.
20:27:20.484  191  [main] DEBUG c.a.automation.infra.TestFactory - The class 'com.actimize.automation.rcm.infra.gui.platformlist.PlatformListUtils' was added to the class mapper under the name 'PlatformListUtils'.
20:27:20.484  191  [main] DEBUG c.a.automation.infra.TestFactory - In 'addClassToMapper' method.
20:27:20.484  191  [main] DEBUG c.a.automation.infra.TestFactory - The class 'com.actimize.automation.rcm.infra.gui.Navigation' was added to the class mapper under the name 'Navigation'.
20:27:20.484  191  [main] DEBUG c.a.automation.infra.TestFactory - In 'addClassToMapper' method.
20:27:20.484  191  [main] DEBUG c.a.automation.infra.TestFactory - The class 'com.actimize.automation.rcm.infra.gui.PopUp' was added to the class mapper under the name 'PopUp'.
20:27:20.484  191  [main] DEBUG c.a.automation.infra.TestFactory - In 'addClassToMapper' method.
20:27:20.484  191  [main] DEBUG c.a.automation.infra.TestFactory - The class 'com.actimize.automation.rcm.infra.gui.ApplitoolsUtilities' was added to the class mapper under the name 'ApplitoolsUtilities'.
20:27:20.484  191  [main] DEBUG c.a.automation.infra.TestFactory - In 'addClassToMapper' method.
20:27:20.484  191  [main] DEBUG c.a.automation.infra.TestFactory - The class 'com.actimize.automation.rcm.infra.gui.UIUtilities' was added to the class mapper under the name 'UIUtilities'.
20:27:20.484  191  [main] DEBUG c.a.automation.infra.TestFactory - In 'addClassToMapper' method.
20:27:20.484  191  [main] DEBUG c.a.automation.infra.TestFactory - The class 'com.actimize.automation.rcm.infra.rest.AVARestClient' was added to the class mapper under the name 'AVARestClient'.
20:27:20.484  191  [main] DEBUG c.a.automation.infra.TestFactory - In 'addClassToMapper' method.
20:27:20.484  191  [main] DEBUG c.a.automation.infra.TestFactory - The class 'com.actimize.automation.infra.actimizeTests.DataSourceAisActionsUtil' was added to the class mapper under the name 'AisAdmin'.
20:27:22.951  2658 [Finalizer] DEBUG c.a.a.infra.utils.DriverUtil - all drivers will be closed
20:27:22.955  2662 [Finalizer] DEBUG c.a.a.infra.utils.DriverUtil - Killing explorer driver
20:27:22.972  2679 [Finalizer] DEBUG c.a.a.infra.utils.DriverUtil - Finished killing explorer web driver
20:27:25.476  5183 [Finalizer] DEBUG c.a.a.infra.utils.DriverUtil - Killing explorer driver
20:27:25.486  5193 [Finalizer] DEBUG c.a.a.infra.utils.DriverUtil - Finished killing explorer web driver
20:27:27.987  7694 [Finalizer] DEBUG c.a.a.infra.utils.DriverUtil - Killing FireFox driver
20:27:27.997  7704 [Finalizer] DEBUG c.a.a.infra.utils.DriverUtil - Finished killing FireFox web driver
20:28:06.345  228  [main] DEBUG c.a.automation.infra.Environment - Initializing variables
20:28:06.350  233  [main] DEBUG c.a.automation.infra.Environment - user dir=C:\Users\develeap\Work\Actimize\AAF\code\rcm\rcm
20:28:06.351  234  [main] DEBUG c.a.automation.infra.Environment - Variables initialized
20:28:06.481  364  [main] DEBUG c.a.automation.infra.Environment - name
20:28:06.573  456  [main] DEBUG c.a.automation.infra.Environment - initReporterParameters 
20:28:06.573  456  [main] DEBUG c.a.automation.infra.Environment - ++++++++++++++initExecutionFolderVariables++++++++++++
20:28:06.601  484  [main] DEBUG c.a.automation.infra.Environment - Initializing variables
20:28:06.601  484  [main] DEBUG c.a.automation.infra.Environment - user dir=C:\Users\develeap\Work\Actimize\AAF\code\rcm\rcm
20:28:06.601  484  [main] DEBUG c.a.automation.infra.Environment - Variables initialized
20:28:06.601  484  [main] DEBUG c.a.automation.infra.Environment - initReporterParameters 
20:28:06.601  484  [main] DEBUG c.a.automation.infra.Environment - ++++++++++++++initExecutionFolderVariables++++++++++++
20:28:06.858  741  [main] DEBUG c.a.a.infra.utils.ResourceManager - saving jarFilePath to the ResourceManager cache: testData/testInputsFile/ --> C:\Users\develeap\Work\Actimize\AAF\code\rcm\rcm\output\testInputsFile
20:28:06.862  745  [main] DEBUG c.a.a.infra.utils.ResourceManager - saving jarFilePath to the ResourceManager cache: testData/testInputsFile/ --> C:\Users\develeap\Work\Actimize\AAF\code\rcm\rcm\output\testInputsFile
20:28:06.866  749  [main] DEBUG c.a.a.infra.utils.ResourceManager - saving jarFilePath to the ResourceManager cache: testData/testInputsFile/ --> C:\Users\develeap\Work\Actimize\AAF\code\rcm\rcm\output\testInputsFile
20:28:06.880  763  [main] DEBUG c.a.a.infra.utils.ResourceManager - saving jarFilePath to the ResourceManager cache: testData/testInputsFile/CaseWI\RCM_Connector.ini --> C:\Users\develeap\Work\Actimize\AAF\code\rcm\rcm\output\RCM_Connector.ini
20:28:06.931  814  [main] DEBUG c.a.a.infra.utils.ResourceManager - saving jarFilePath to the ResourceManager cache: testData/testInputsFile/CaseWI\RCM_Connector.ini --> C:\Users\develeap\Work\Actimize\AAF\code\rcm\rcm\output\RCM_Connector.ini
20:28:06.977  860  [main] DEBUG c.a.a.infra.utils.ResourceManager - saving jarFilePath to the ResourceManager cache: testData/testInputsFile/CaseWI\RCM_Connector.ini --> C:\Users\develeap\Work\Actimize\AAF\code\rcm\rcm\output\RCM_Connector.ini
20:28:12.800  112  [main] DEBUG c.a.automation.infra.TestFactory - In 'addClassToMapper' method.
20:28:12.800  112  [main] DEBUG c.a.automation.infra.TestFactory - The class 'com.actimize.automation.rcm.infra.rest.RcmRestClient' was added to the class mapper under the name 'RcmRestClient'.
20:28:12.800  112  [main] DEBUG c.a.automation.infra.TestFactory - In 'addClassToMapper' method.
20:28:12.800  112  [main] DEBUG c.a.automation.infra.TestFactory - The class 'com.actimize.automation.rcm.infra.UpdateConfigParameter' was added to the class mapper under the name 'UpdateConfigParameter'.
20:28:12.803  115  [main] DEBUG c.a.automation.infra.TestFactory - In 'addClassToMapper' method.
20:28:12.804  116  [main] DEBUG c.a.automation.infra.TestFactory - The class 'com.actimize.automation.rcm.infra.webservice.RCMWSActions' was added to the class mapper under the name 'RCMWSActions'.
20:28:12.804  116  [main] DEBUG c.a.automation.infra.TestFactory - In 'addClassToMapper' method.
20:28:12.804  116  [main] DEBUG c.a.automation.infra.TestFactory - The class 'com.actimize.automation.rcm.infra.gui.platformlist.PlatformListUtils' was added to the class mapper under the name 'PlatformListUtils'.
20:28:12.804  116  [main] DEBUG c.a.automation.infra.TestFactory - In 'addClassToMapper' method.
20:28:12.804  116  [main] DEBUG c.a.automation.infra.TestFactory - The class 'com.actimize.automation.rcm.infra.gui.Navigation' was added to the class mapper under the name 'Navigation'.
20:28:12.804  116  [main] DEBUG c.a.automation.infra.TestFactory - In 'addClassToMapper' method.
20:28:12.804  116  [main] DEBUG c.a.automation.infra.TestFactory - The class 'com.actimize.automation.rcm.infra.gui.PopUp' was added to the class mapper under the name 'PopUp'.
20:28:12.804  116  [main] DEBUG c.a.automation.infra.TestFactory - In 'addClassToMapper' method.
20:28:12.804  116  [main] DEBUG c.a.automation.infra.TestFactory - The class 'com.actimize.automation.rcm.infra.gui.ApplitoolsUtilities' was added to the class mapper under the name 'ApplitoolsUtilities'.
20:28:12.804  116  [main] DEBUG c.a.automation.infra.TestFactory - In 'addClassToMapper' method.
20:28:12.804  116  [main] DEBUG c.a.automation.infra.TestFactory - The class 'com.actimize.automation.rcm.infra.gui.UIUtilities' was added to the class mapper under the name 'UIUtilities'.
20:28:12.804  116  [main] DEBUG c.a.automation.infra.TestFactory - In 'addClassToMapper' method.
20:28:12.804  116  [main] DEBUG c.a.automation.infra.TestFactory - The class 'com.actimize.automation.rcm.infra.rest.AVARestClient' was added to the class mapper under the name 'AVARestClient'.
20:28:12.804  116  [main] DEBUG c.a.automation.infra.TestFactory - In 'addClassToMapper' method.
20:28:12.804  116  [main] DEBUG c.a.automation.infra.TestFactory - The class 'com.actimize.automation.infra.actimizeTests.DataSourceAisActionsUtil' was added to the class mapper under the name 'AisAdmin'.
20:28:13.740  1052 [Finalizer] DEBUG c.a.a.infra.utils.DriverUtil - all drivers will be closed
20:28:13.742  1054 [Finalizer] DEBUG c.a.a.infra.utils.DriverUtil - Killing explorer driver
20:28:13.754  1066 [Finalizer] DEBUG c.a.a.infra.utils.DriverUtil - Finished killing explorer web driver
20:28:16.258  3570 [Finalizer] DEBUG c.a.a.infra.utils.DriverUtil - Killing explorer driver
20:28:16.268  3580 [Finalizer] DEBUG c.a.a.infra.utils.DriverUtil - Finished killing explorer web driver
20:28:18.768  6080 [Finalizer] DEBUG c.a.a.infra.utils.DriverUtil - Killing FireFox driver
20:28:18.779  6091 [Finalizer] DEBUG c.a.a.infra.utils.DriverUtil - Finished killing FireFox web driver
20:28:21.283  8595 [Finalizer] DEBUG c.a.a.infra.utils.DriverUtil - Killing FireFox driver
20:28:21.293  8605 [Finalizer] DEBUG c.a.a.infra.utils.DriverUtil - Finished killing FireFox web driver
20:28:23.796  11108 [Finalizer] DEBUG c.a.a.infra.utils.DriverUtil - Killing Chrome driver
20:28:23.814  11126 [Finalizer] DEBUG c.a.a.infra.utils.DriverUtil - Finished killing Chrome web driver
20:28:26.316  13628 [Finalizer] DEBUG c.a.a.infra.utils.DriverUtil - Killing Chrome driver
20:28:26.333  13645 [Finalizer] DEBUG c.a.a.infra.utils.DriverUtil - Finished killing Chrome web driver
20:28:31.372  18684 [Finalizer] DEBUG c.a.a.infra.utils.DriverUtil - all drivers were closed
20:29:23.642  202  [main] DEBUG c.a.automation.infra.Environment - Initializing variables
20:29:23.646  206  [main] DEBUG c.a.automation.infra.Environment - user dir=C:\Users\develeap\Work\Actimize\AAF\code\rcm\rcm
20:29:23.646  206  [main] DEBUG c.a.automation.infra.Environment - Variables initialized
20:29:23.732  292  [main] DEBUG c.a.automation.infra.Environment - name
20:29:23.849  409  [main] DEBUG c.a.automation.infra.Environment - initReporterParameters 
20:29:23.849  409  [main] DEBUG c.a.automation.infra.Environment - ++++++++++++++initExecutionFolderVariables++++++++++++
20:29:23.888  448  [main] DEBUG c.a.automation.infra.Environment - Initializing variables
20:29:23.889  449  [main] DEBUG c.a.automation.infra.Environment - user dir=C:\Users\develeap\Work\Actimize\AAF\code\rcm\rcm
20:29:23.889  449  [main] DEBUG c.a.automation.infra.Environment - Variables initialized
20:29:23.890  450  [main] DEBUG c.a.automation.infra.Environment - initReporterParameters 
20:29:23.890  450  [main] DEBUG c.a.automation.infra.Environment - ++++++++++++++initExecutionFolderVariables++++++++++++
20:29:24.142  702  [main] DEBUG c.a.a.infra.utils.ResourceManager - saving jarFilePath to the ResourceManager cache: testData/testInputsFile/ --> C:\Users\develeap\Work\Actimize\AAF\code\rcm\rcm\output\testInputsFile
20:29:24.146  706  [main] DEBUG c.a.a.infra.utils.ResourceManager - saving jarFilePath to the ResourceManager cache: testData/testInputsFile/ --> C:\Users\develeap\Work\Actimize\AAF\code\rcm\rcm\output\testInputsFile
20:29:24.150  710  [main] DEBUG c.a.a.infra.utils.ResourceManager - saving jarFilePath to the ResourceManager cache: testData/testInputsFile/ --> C:\Users\develeap\Work\Actimize\AAF\code\rcm\rcm\output\testInputsFile
20:29:24.163  723  [main] DEBUG c.a.a.infra.utils.ResourceManager - saving jarFilePath to the ResourceManager cache: testData/testInputsFile/CaseWI\RCM_Connector.ini --> C:\Users\develeap\Work\Actimize\AAF\code\rcm\rcm\output\RCM_Connector.ini
20:29:24.188  748  [main] DEBUG c.a.a.infra.utils.ResourceManager - saving jarFilePath to the ResourceManager cache: testData/testInputsFile/CaseWI\RCM_Connector.ini --> C:\Users\develeap\Work\Actimize\AAF\code\rcm\rcm\output\RCM_Connector.ini
20:29:24.206  766  [main] DEBUG c.a.a.infra.utils.ResourceManager - saving jarFilePath to the ResourceManager cache: testData/testInputsFile/CaseWI\RCM_Connector.ini --> C:\Users\develeap\Work\Actimize\AAF\code\rcm\rcm\output\RCM_Connector.ini
20:29:29.590  91   [main] DEBUG c.a.automation.infra.TestFactory - In 'addClassToMapper' method.
20:29:29.593  94   [main] DEBUG c.a.automation.infra.TestFactory - The class 'com.actimize.automation.rcm.infra.rest.RcmRestClient' was added to the class mapper under the name 'RcmRestClient'.
20:29:29.593  94   [main] DEBUG c.a.automation.infra.TestFactory - In 'addClassToMapper' method.
20:29:29.593  94   [main] DEBUG c.a.automation.infra.TestFactory - The class 'com.actimize.automation.rcm.infra.UpdateConfigParameter' was added to the class mapper under the name 'UpdateConfigParameter'.
20:29:29.593  94   [main] DEBUG c.a.automation.infra.TestFactory - In 'addClassToMapper' method.
20:29:29.595  96   [main] DEBUG c.a.automation.infra.TestFactory - The class 'com.actimize.automation.rcm.infra.webservice.RCMWSActions' was added to the class mapper under the name 'RCMWSActions'.
20:29:29.595  96   [main] DEBUG c.a.automation.infra.TestFactory - In 'addClassToMapper' method.
20:29:29.595  96   [main] DEBUG c.a.automation.infra.TestFactory - The class 'com.actimize.automation.rcm.infra.gui.platformlist.PlatformListUtils' was added to the class mapper under the name 'PlatformListUtils'.
20:29:29.595  96   [main] DEBUG c.a.automation.infra.TestFactory - In 'addClassToMapper' method.
20:29:29.595  96   [main] DEBUG c.a.automation.infra.TestFactory - The class 'com.actimize.automation.rcm.infra.gui.Navigation' was added to the class mapper under the name 'Navigation'.
20:29:29.595  96   [main] DEBUG c.a.automation.infra.TestFactory - In 'addClassToMapper' method.
20:29:29.595  96   [main] DEBUG c.a.automation.infra.TestFactory - The class 'com.actimize.automation.rcm.infra.gui.PopUp' was added to the class mapper under the name 'PopUp'.
20:29:29.595  96   [main] DEBUG c.a.automation.infra.TestFactory - In 'addClassToMapper' method.
20:29:29.595  96   [main] DEBUG c.a.automation.infra.TestFactory - The class 'com.actimize.automation.rcm.infra.gui.ApplitoolsUtilities' was added to the class mapper under the name 'ApplitoolsUtilities'.
20:29:29.595  96   [main] DEBUG c.a.automation.infra.TestFactory - In 'addClassToMapper' method.
20:29:29.595  96   [main] DEBUG c.a.automation.infra.TestFactory - The class 'com.actimize.automation.rcm.infra.gui.UIUtilities' was added to the class mapper under the name 'UIUtilities'.
20:29:29.595  96   [main] DEBUG c.a.automation.infra.TestFactory - In 'addClassToMapper' method.
20:29:29.595  96   [main] DEBUG c.a.automation.infra.TestFactory - The class 'com.actimize.automation.rcm.infra.rest.AVARestClient' was added to the class mapper under the name 'AVARestClient'.
20:29:29.595  96   [main] DEBUG c.a.automation.infra.TestFactory - In 'addClassToMapper' method.
20:29:29.595  96   [main] DEBUG c.a.automation.infra.TestFactory - The class 'com.actimize.automation.infra.actimizeTests.DataSourceAisActionsUtil' was added to the class mapper under the name 'AisAdmin'.
20:29:29.883  384  [Finalizer] DEBUG c.a.a.infra.utils.DriverUtil - all drivers will be closed
20:29:29.887  388  [Finalizer] DEBUG c.a.a.infra.utils.DriverUtil - Killing explorer driver
20:29:29.898  399  [Finalizer] DEBUG c.a.a.infra.utils.DriverUtil - Finished killing explorer web driver
