15:17:25.400  425  [main] DEBUG c.a.automation.infra.Environment - Initializing variables
15:17:25.429  454  [main] DEBUG c.a.automation.infra.Environment - user dir=C:\Users\develeap\Work\Actimize\AAF\code\infra\aaf-infra
15:17:25.429  454  [main] DEBUG c.a.automation.infra.Environment - Variables initialized
15:17:25.619  644  [main] DEBUG c.a.automation.infra.Environment - name
15:17:25.623  648  [main] DEBUG c.a.automation.infra.Environment - name
15:17:25.623  648  [main] DEBUG c.a.automation.infra.Environment - name
15:17:25.623  648  [main] DEBUG c.a.automation.infra.Environment - name
15:17:25.678  703  [main] DEBUG c.a.automation.infra.Environment - name
15:17:25.683  708  [main] DEBUG c.a.automation.infra.Environment - name
15:17:25.689  714  [main] DEBUG c.a.automation.infra.Environment - initReporterParameters 
15:17:25.689  714  [main] DEBUG c.a.automation.infra.Environment - ++++++++++++++initExecutionFolderVariables++++++++++++
15:17:25.704  729  [main] DEBUG c.a.automation.infra.Environment - initReporterParameters 
15:17:25.705  730  [main] DEBUG c.a.automation.infra.Environment - ++++++++++++++initExecutionFolderVariables++++++++++++
15:20:47.301  491  [main] DEBUG c.a.automation.infra.Environment - Initializing variables
15:20:47.303  493  [main] DEBUG c.a.automation.infra.Environment - user dir=C:\Users\develeap\Work\Actimize\AAF\code\infra\aaf-infra
15:20:47.303  493  [main] DEBUG c.a.automation.infra.Environment - Variables initialized
15:20:47.402  592  [main] DEBUG c.a.automation.infra.Environment - name
15:20:47.402  592  [main] DEBUG c.a.automation.infra.Environment - name
15:20:47.403  593  [main] DEBUG c.a.automation.infra.Environment - name
15:20:47.403  593  [main] DEBUG c.a.automation.infra.Environment - name
15:20:47.408  598  [main] DEBUG c.a.automation.infra.Environment - name
15:20:47.409  599  [main] DEBUG c.a.automation.infra.Environment - name
15:20:47.411  601  [main] DEBUG c.a.automation.infra.Environment - initReporterParameters 
15:20:47.411  601  [main] DEBUG c.a.automation.infra.Environment - ++++++++++++++initExecutionFolderVariables++++++++++++
15:20:47.414  604  [main] DEBUG c.a.automation.infra.Environment - initReporterParameters 
15:20:47.414  604  [main] DEBUG c.a.automation.infra.Environment - ++++++++++++++initExecutionFolderVariables++++++++++++
15:23:25.401  481  [main] DEBUG c.a.automation.infra.Environment - Initializing variables
15:23:25.404  484  [main] DEBUG c.a.automation.infra.Environment - user dir=C:\Users\develeap\Work\Actimize\AAF\code\infra\aaf-infra
15:23:25.404  484  [main] DEBUG c.a.automation.infra.Environment - Variables initialized
15:23:25.503  583  [main] DEBUG c.a.automation.infra.Environment - name
15:23:25.504  584  [main] DEBUG c.a.automation.infra.Environment - name
15:23:25.504  584  [main] DEBUG c.a.automation.infra.Environment - name
15:23:25.504  584  [main] DEBUG c.a.automation.infra.Environment - name
15:23:25.510  590  [main] DEBUG c.a.automation.infra.Environment - name
15:23:25.511  591  [main] DEBUG c.a.automation.infra.Environment - name
15:23:25.512  592  [main] DEBUG c.a.automation.infra.Environment - initReporterParameters 
15:23:25.513  593  [main] DEBUG c.a.automation.infra.Environment - ++++++++++++++initExecutionFolderVariables++++++++++++
15:23:25.515  595  [main] DEBUG c.a.automation.infra.Environment - initReporterParameters 
15:23:25.515  595  [main] DEBUG c.a.automation.infra.Environment - ++++++++++++++initExecutionFolderVariables++++++++++++
15:24:43.308  446  [main] DEBUG c.a.automation.infra.Environment - Initializing variables
15:24:43.310  448  [main] DEBUG c.a.automation.infra.Environment - user dir=C:\Users\develeap\Work\Actimize\AAF\code\infra\aaf-infra
15:24:43.311  449  [main] DEBUG c.a.automation.infra.Environment - Variables initialized
15:24:43.408  546  [main] DEBUG c.a.automation.infra.Environment - name
15:24:43.409  547  [main] DEBUG c.a.automation.infra.Environment - name
15:24:43.409  547  [main] DEBUG c.a.automation.infra.Environment - name
15:24:43.409  547  [main] DEBUG c.a.automation.infra.Environment - name
15:24:43.415  553  [main] DEBUG c.a.automation.infra.Environment - name
15:24:43.416  554  [main] DEBUG c.a.automation.infra.Environment - name
15:24:43.419  557  [main] DEBUG c.a.automation.infra.Environment - initReporterParameters 
15:24:43.419  557  [main] DEBUG c.a.automation.infra.Environment - ++++++++++++++initExecutionFolderVariables++++++++++++
15:24:43.420  558  [main] DEBUG c.a.automation.infra.Environment - initReporterParameters 
15:24:43.420  558  [main] DEBUG c.a.automation.infra.Environment - ++++++++++++++initExecutionFolderVariables++++++++++++
15:29:34.963  435  [main] DEBUG c.a.automation.infra.Environment - Initializing variables
15:29:34.968  440  [main] DEBUG c.a.automation.infra.Environment - user dir=C:\Users\develeap\Work\Actimize\AAF\code\infra\aaf-infra
15:29:34.969  441  [main] DEBUG c.a.automation.infra.Environment - Variables initialized
15:29:35.074  546  [main] DEBUG c.a.automation.infra.Environment - name
15:29:35.075  547  [main] DEBUG c.a.automation.infra.Environment - name
15:29:35.075  547  [main] DEBUG c.a.automation.infra.Environment - name
15:29:35.075  547  [main] DEBUG c.a.automation.infra.Environment - name
15:29:35.081  553  [main] DEBUG c.a.automation.infra.Environment - name
15:29:35.083  555  [main] DEBUG c.a.automation.infra.Environment - name
15:29:35.086  558  [main] DEBUG c.a.automation.infra.Environment - initReporterParameters 
15:29:35.086  558  [main] DEBUG c.a.automation.infra.Environment - ++++++++++++++initExecutionFolderVariables++++++++++++
15:29:35.088  560  [main] DEBUG c.a.automation.infra.Environment - initReporterParameters 
15:29:35.088  560  [main] DEBUG c.a.automation.infra.Environment - ++++++++++++++initExecutionFolderVariables++++++++++++
15:33:43.885  438  [main] DEBUG c.a.automation.infra.Environment - Initializing variables
15:33:43.888  441  [main] DEBUG c.a.automation.infra.Environment - user dir=C:\Users\develeap\Work\Actimize\AAF\code\infra\aaf-infra
15:33:43.888  441  [main] DEBUG c.a.automation.infra.Environment - Variables initialized
15:33:43.995  548  [main] DEBUG c.a.automation.infra.Environment - name
15:33:43.995  548  [main] DEBUG c.a.automation.infra.Environment - name
15:33:43.995  548  [main] DEBUG c.a.automation.infra.Environment - name
15:33:43.995  548  [main] DEBUG c.a.automation.infra.Environment - name
15:33:44.000  553  [main] DEBUG c.a.automation.infra.Environment - name
15:33:44.002  555  [main] DEBUG c.a.automation.infra.Environment - name
15:33:44.004  557  [main] DEBUG c.a.automation.infra.Environment - initReporterParameters 
15:33:44.004  557  [main] DEBUG c.a.automation.infra.Environment - ++++++++++++++initExecutionFolderVariables++++++++++++
15:33:44.010  563  [main] DEBUG c.a.automation.infra.Environment - initReporterParameters 
15:33:44.010  563  [main] DEBUG c.a.automation.infra.Environment - ++++++++++++++initExecutionFolderVariables++++++++++++
