2018-Feb-14 17:32:06.601 INFO: [Process: Run Channel Process] Init #52009 - Process initializing.
2018-Feb-14 17:32:06.603 INFO: [Source: mySleep_Dummy : Source_1] #52321 - Activation arguments - '{ Sleep time=60 }'
2018-Feb-14 17:32:06.606 INFO: [Process: Run Channel Process] Init #52512 - Profiler activation mode: [No] | Snapshot interval: N/A seconds | Txn profiling mode: [N/A], N/A microseconds, num top blocks: N/A, output txn data: N/A.
2018-Feb-14 17:32:06.611 INFO: [Process: Run Channel Process] #52001 - Process is running.
2018-Feb-14 17:32:06.611 INFO: [Flow: mySleep(1)] Init #50040 - Flow initializing.
2018-Feb-14 17:32:06.612 INFO: [Source: mySleep_Dummy : Source_1] Init #53001 - Source initializing.
2018-Feb-14 17:32:06.612 INFO: [Flow: mySleep(1)] Init #50041 - Flow initialized successfully.
2018-Feb-14 17:32:06.612 INFO: [Source: mySleep_Dummy : Source_1] Init #53002 - Source initialized successfully.
2018-Feb-14 17:32:06.613 INFO: [Flow: mySleep_Dummy : Source_1] Java #89240 - Active Component disposal started.
2018-Feb-14 17:32:06.613 INFO: [Flow: mySleep_Dummy : Source_1] Java #89241 - Active Component disposal ended.
2018-Feb-14 17:32:06.613 INFO: [Source: mySleep_Dummy : Source_1] #53007 - Source step 1 (Passed: 1, Filtered:0, Erroneous: 0, Containers deadlocks: 0, End of Source: 0).
2018-Feb-14 17:32:06.613 INFO: [Source: mySleep_Dummy : Source_1] End #53004 - Source cleanup started.
2018-Feb-14 17:32:06.613 INFO: [Source: mySleep_Dummy : Source_1] End #53005 - Source cleanup ended.
2018-Feb-14 17:32:06.613 INFO: [Source: mySleep_Dummy : Source_1] End #53009 - Source finished normally.
2018-Feb-14 17:33:06.613 INFO: [Flow: mySleep(1)] Java #89240 - Active Component disposal started.
2018-Feb-14 17:33:06.613 INFO: [Flow: mySleep(1)] Java #89241 - Active Component disposal ended.
2018-Feb-14 17:33:06.613 INFO: [Flow: mySleep(1)] #50044 - Flow step 1, containers deadlocks: 0.
2018-Feb-14 17:33:06.613 INFO: [Flow: mySleep(1)] End #50042 - Flow cleanup started.
2018-Feb-14 17:33:06.613 INFO: [Flow: mySleep(1)] End #50043 - Flow cleanup ended.
2018-Feb-14 17:33:06.613 INFO: [Flow: mySleep(1)] End #50045 - Flow finished successfully.
2018-Feb-14 17:33:06.614 INFO: [Flow: mySleep] #52221 - Waiting for distributions finish.
2018-Feb-14 17:33:06.614 INFO: [Flow: mySleep] #52222 - Distributions finished.
2018-Feb-14 17:33:06.614 INFO: [Process: Run Channel Process] Java #89242 - Process Environment disposal started.
2018-Feb-14 17:33:06.614 INFO: [Process: Run Channel Process] Java #89243 - Process Environment disposal ended.
2018-Feb-14 17:33:06.614 INFO: [Process: Run Channel Process] End #52005 - Process finished successfully.
<log ended>
