(TID#0x00001324) 2018-Feb-14 17:32:06.651 DIAGNOSTIC: Execution plan: execution started
(TID#0x00001324) 2018-Feb-14 17:32:06.652 INFO: [ExecutionPlanTask] Process #4046 - Activation arguments - '{  }'
(TID#0x00001324) 2018-Feb-14 17:32:06.654 DIAGNOSTIC: Execution plan: not finished, there is event in buffer.
(TID#0x00001324) 2018-Feb-14 17:32:06.654 DIAGNOSTIC: Execution plan: current event data:
	from: db69feb4-63c0-4a94-97cd-8d28189dec58
	to: f0447870-6563-4985-9d42-2f734507bc5c
	msg: continue to work

(TID#0x00001324) 2018-Feb-14 17:32:06.654 DIAGNOSTIC: Execution plan: event receiver:f0447870-6563-4985-9d42-2f734507bc5c
(TID#0x00001324) 2018-Feb-14 17:32:06.656 INFO: [ExecutionPlanTask: Run IDB_performFullReset] Process #4027 - Execution plan process execution plan name: 'IDB_performFullReset'. Location: [Execution plan:QA_FF_IDB_Init\[Run IDB_performFullReset]]
(TID#0x00001324) 2018-Feb-14 17:32:06.679 INFO: [ExecutionPlanTask: Run IDB_performFullReset] Process #4018 - New process 'Run IDB_performFullReset' has been launched. Location: [Execution plan:QA_FF_IDB_Init\[Run IDB_performFullReset]]
(TID#0x00001324) 2018-Feb-14 17:32:06.679 INFO: [ExecutionPlanTask: Run IDB_performFullReset] Process #4024 - Process log file name: 'C:/Actimize/4.24.0.51/Instances/actimize_server_1/logs/Run_E2E_Regression18-02-14_17-32-00_00/Run_IDB_performFullReset18-02-14_17-32-06_00.log'. Location: [Execution plan:QA_FF_IDB_Init\[Run IDB_performFullReset]]
(TID#0x00001324) 2018-Feb-14 17:32:06.680 DIAGNOSTIC: Execution plan: not finished, there is at least one active process.
(TID#0x000010e4) 2018-Feb-14 17:32:20.313 INFO: [ExecutionPlanTask: Run IDB_performFullReset] Process #4025 - Process Run IDB_performFullReset ended with status 'Finished successfully'. Log file name: 'C:/Actimize/4.24.0.51/Instances/actimize_server_1/logs/Run_E2E_Regression18-02-14_17-32-00_00/Run_IDB_performFullReset18-02-14_17-32-06_00.log' Location: [Execution plan:QA_FF_IDB_Init\[Run IDB_performFullReset]]
(TID#0x00001324) 2018-Feb-14 17:32:20.314 DIAGNOSTIC: Execution plan: current event data:
	from: f0447870-6563-4985-9d42-2f734507bc5c
	to: 00000000-0000-0000-0000-000000000000
	msg: continue to work

(TID#0x000010e4) 2018-Feb-14 17:32:20.314 INFO: [ExecutionPlanTask: Run IDB_performFullReset] Process #4020 - Transition event 'on success any' from process 'Run IDB_performFullReset' has been received.
(TID#0x00001324) 2018-Feb-14 17:32:20.315 DIAGNOSTIC: Execution plan: not finished, there is event in buffer.
(TID#0x00001324) 2018-Feb-14 17:32:20.315 DIAGNOSTIC: Execution plan: current event data:
	from: f0447870-6563-4985-9d42-2f734507bc5c
	to: 11297141-1ac3-4edc-903d-5c2d69006520
	msg: continue to work

(TID#0x00001324) 2018-Feb-14 17:32:20.315 DIAGNOSTIC: Execution plan: event receiver:11297141-1ac3-4edc-903d-5c2d69006520
(TID#0x00001324) 2018-Feb-14 17:32:20.317 INFO: [ExecutionPlanTask: Run IDB_FFInitPartition] Process #4027 - Execution plan process execution plan name: 'IDB_FFInitPartition'. Location: [Execution plan:QA_FF_IDB_Init\[Run IDB_FFInitPartition]]
(TID#0x00001324) 2018-Feb-14 17:32:20.444 INFO: [ExecutionPlanTask: Run IDB_FFInitPartition] Process #4018 - New process 'Run IDB_FFInitPartition' has been launched. Location: [Execution plan:QA_FF_IDB_Init\[Run IDB_FFInitPartition]]
(TID#0x00001324) 2018-Feb-14 17:32:20.445 INFO: [ExecutionPlanTask: Run IDB_FFInitPartition] Process #4024 - Process log file name: 'C:/Actimize/4.24.0.51/Instances/actimize_server_1/logs/Run_E2E_Regression18-02-14_17-32-00_00/Run_IDB_FFInitPartition18-02-14_17-32-20_00.log'. Location: [Execution plan:QA_FF_IDB_Init\[Run IDB_FFInitPartition]]
(TID#0x00001324) 2018-Feb-14 17:32:20.446 DIAGNOSTIC: Execution plan: not finished, there is at least one active process.
(TID#0x00001324) 2018-Feb-14 17:32:20.446 DIAGNOSTIC: Execution plan: current event data:
	from: f0447870-6563-4985-9d42-2f734507bc5c
	to: 00000000-0000-0000-0000-000000000000
	msg: continue to work

(TID#0x00001324) 2018-Feb-14 17:32:20.446 DIAGNOSTIC: Execution plan: not finished, there is at least one active process.
(TID#0x000008c4) 2018-Feb-14 17:32:36.406 INFO: [ExecutionPlanTask: Run IDB_FFInitPartition] Process #4025 - Process Run IDB_FFInitPartition ended with status 'Finished successfully'. Log file name: 'C:/Actimize/4.24.0.51/Instances/actimize_server_1/logs/Run_E2E_Regression18-02-14_17-32-00_00/Run_IDB_FFInitPartition18-02-14_17-32-20_00.log' Location: [Execution plan:QA_FF_IDB_Init\[Run IDB_FFInitPartition]]
(TID#0x00001324) 2018-Feb-14 17:32:36.406 DIAGNOSTIC: Execution plan: current event data:
	from: 11297141-1ac3-4edc-903d-5c2d69006520
	to: 00000000-0000-0000-0000-000000000000
	msg: continue to work

(TID#0x00001324) 2018-Feb-14 17:32:36.407 DIAGNOSTIC: Execution plan: not finished, there is event in buffer.
(TID#0x00001324) 2018-Feb-14 17:32:36.407 DIAGNOSTIC: Execution plan: current event data:
	from: 11297141-1ac3-4edc-903d-5c2d69006520
	to: 00000000-0000-0000-0000-000000000000
	msg: continue to work

(TID#0x00001324) 2018-Feb-14 17:32:36.408 DIAGNOSTIC: Execution plan: not finished, there is event in buffer.
(TID#0x00001324) 2018-Feb-14 17:32:36.408 DIAGNOSTIC: Execution plan: current event data:
	from: 11297141-1ac3-4edc-903d-5c2d69006520
	to: 00000000-0000-0000-0000-000000000000
	msg: continue to work

(TID#0x00001324) 2018-Feb-14 17:32:36.408 DIAGNOSTIC: Execution plan: finished, there is no events in buffer.
(TID#0x00001324) 2018-Feb-14 17:32:36.409 DIAGNOSTIC: Execution plan: terminating all processes
(TID#0x00001324) 2018-Feb-14 17:32:36.409 DIAGNOSTIC: Execution plan: all processes has been terminated
(TID#0x00001324) 2018-Feb-14 17:32:36.409 INFO: [ExecutionPlanTask] Process #4043 - Execution plan ended with status 'Finished successfully'. Log file name: 'C:/Actimize/4.24.0.51/Instances/actimize_server_1/logs/Run_E2E_Regression18-02-14_17-32-00_00/Run_QA_FF_IDB_Init18-02-14_17-32-06_00.log'
(TID#0x00000fa4) <log ended>
