(TID#0x00001124) 2018-Feb-14 17:32:30.744 INFO: [Repository: Repository] Repository #33008 - Resolved key 'IDB_DbConnector_Staging_DSN' from instance with value 'database'. Location: [Connector:IDB_StageConnector\<dsn>]
(TID#0x00001124) 2018-Feb-14 17:32:30.745 INFO: [Repository: Repository] Repository #33008 - Resolved key 'IDB_DbConnector_Staging_MaintenanceUserName' from instance with value 'QA_IDB_1_MAINT'. Location: [Connector:IDB_StageConnector\<user name>]
(TID#0x00001124) 2018-Feb-14 17:32:30.745 INFO: [Repository: Repository] Repository #33008 - Resolved key 'IDB_DbConnector_Staging_MaintenancePassword' from instance with value '********'. Location: [Connector:IDB_StageConnector\<password>]
(TID#0x00001124) 2018-Feb-14 17:32:30.745 INFO: [Repository: Repository] Repository #33008 - Resolved key 'IDB_DbConnector_DefaultDatabase' from instance with value 'QA_IDB_1'. Location: [Connector:IDB_StageConnector\<default database>]
(TID#0x00001124) 2018-Feb-14 17:32:30.745 INFO: [Repository: Repository] Repository #33008 - Resolved key 'IDB_DbConnector_Staging_ConnectionTimeout' from instance with value '120'. Location: [Connector:IDB_StageConnector\<connection time out>]
(TID#0x00001124) 2018-Feb-14 17:32:30.746 INFO: [Repository: Repository] Repository #33008 - Resolved key 'IDB_DbConnector_Staging_CommandTimeout' from instance with value '600'. Location: [Connector:IDB_StageConnector\<command time out>]
(TID#0x00001124) 2018-Feb-14 17:32:30.746 INFO: [Repository: Repository] Repository #33008 - Resolved key 'IDB_DbConnector_DatabaseType' from instance with value 'SQLServer'. Location: [Connector:IDB_StageConnector\<dbms type>]
(TID#0x00000ebc) 2018-Feb-14 17:32:30.757 DIAGNOSTIC: Execution plan: execution started
(TID#0x00000ebc) 2018-Feb-14 17:32:30.757 INFO: [ExecutionPlanTask] Process #4046 - Activation arguments - '{ date=15/10/2016 00:00:00.000000, tableName=ARD_RESULT, lookBack=NULL, buffer=NULL }'
(TID#0x00000ebc) 2018-Feb-14 17:32:30.758 DIAGNOSTIC: Execution plan: not finished, there is event in buffer.
(TID#0x00000ebc) 2018-Feb-14 17:32:30.758 DIAGNOSTIC: Execution plan: current event data:
	from: fcee60d9-671b-4d41-b976-10d63cb405f7
	to: cc9a3017-debc-443a-a5cf-6486cc42c072
	msg: continue to work

(TID#0x00000ebc) 2018-Feb-14 17:32:30.758 DIAGNOSTIC: Execution plan: event receiver:cc9a3017-debc-443a-a5cf-6486cc42c072
(TID#0x00000ebc) 2018-Feb-14 17:32:30.758 INFO: [ExecutionPlanTask] Process #4118 - Condition block 'MSSQL?' started.
(TID#0x00000ebc) 2018-Feb-14 17:32:30.767 INFO: [ExecutionPlanTask] Process #4119 - Condition block 'MSSQL?' ended. Result was 'true'.
(TID#0x00000ebc) 2018-Feb-14 17:32:30.767 DIAGNOSTIC: Execution plan: not finished, there is event in buffer.
(TID#0x00000ebc) 2018-Feb-14 17:32:30.767 DIAGNOSTIC: Execution plan: current event data:
	from: cc9a3017-debc-443a-a5cf-6486cc42c072
	to: dfd8a327-9168-40ea-93d2-1139854afb3a
	msg: continue to work

(TID#0x00000ebc) 2018-Feb-14 17:32:30.767 DIAGNOSTIC: Execution plan: event receiver:dfd8a327-9168-40ea-93d2-1139854afb3a
(TID#0x00000ebc) 2018-Feb-14 17:32:30.781 INFO: [ExecutionPlanTask: MSSQL] Process #4018 - New process 'MSSQL' has been launched. Location: [Execution plan:IDB_runInitPartition\MSSQL]
(TID#0x00000ebc) 2018-Feb-14 17:32:30.781 INFO: [ExecutionPlanTask: MSSQL] Process #4024 - Process log file name: 'C:/Actimize/4.24.0.51/Instances/actimize_server_1/logs/Run_E2E_Regression18-02-14_17-32-00_00/MSSQL18-02-14_17-32-30_01.log'. Location: [Execution plan:IDB_runInitPartition\MSSQL]
(TID#0x00000ebc) 2018-Feb-14 17:32:30.782 DIAGNOSTIC: Execution plan: not finished, there is at least one active process.
(TID#0x00000e84) 2018-Feb-14 17:32:31.303 INFO: [ExecutionPlanTask: MSSQL] Process #4025 - Process MSSQL ended with status 'Finished successfully'. Log file name: 'C:/Actimize/4.24.0.51/Instances/actimize_server_1/logs/Run_E2E_Regression18-02-14_17-32-00_00/MSSQL18-02-14_17-32-30_01.log' Location: [Execution plan:IDB_runInitPartition\MSSQL]
(TID#0x00000ebc) 2018-Feb-14 17:32:31.304 DIAGNOSTIC: Execution plan: current event data:
	from: dfd8a327-9168-40ea-93d2-1139854afb3a
	to: 00000000-0000-0000-0000-000000000000
	msg: continue to work

(TID#0x00000ebc) 2018-Feb-14 17:32:31.304 DIAGNOSTIC: Execution plan: not finished, there is event in buffer.
(TID#0x00000ebc) 2018-Feb-14 17:32:31.304 DIAGNOSTIC: Execution plan: current event data:
	from: dfd8a327-9168-40ea-93d2-1139854afb3a
	to: 00000000-0000-0000-0000-000000000000
	msg: continue to work

(TID#0x00000ebc) 2018-Feb-14 17:32:31.304 DIAGNOSTIC: Execution plan: not finished, there is event in buffer.
(TID#0x00000ebc) 2018-Feb-14 17:32:31.304 DIAGNOSTIC: Execution plan: current event data:
	from: dfd8a327-9168-40ea-93d2-1139854afb3a
	to: 00000000-0000-0000-0000-000000000000
	msg: continue to work

(TID#0x00000ebc) 2018-Feb-14 17:32:31.304 DIAGNOSTIC: Execution plan: finished, there is no events in buffer.
(TID#0x00000ebc) 2018-Feb-14 17:32:31.305 DIAGNOSTIC: Execution plan: terminating all processes
(TID#0x00000ebc) 2018-Feb-14 17:32:31.305 DIAGNOSTIC: Execution plan: all processes has been terminated
(TID#0x00000ebc) 2018-Feb-14 17:32:31.305 INFO: [ExecutionPlanTask] Process #4043 - Execution plan ended with status 'Finished successfully'. Log file name: 'C:/Actimize/4.24.0.51/Instances/actimize_server_1/logs/Run_E2E_Regression18-02-14_17-32-00_00/Run_IDB_run_Init_Partition18-02-14_17-32-30_00.log'
(TID#0x00000fa4) <log ended>
