(TID#0x00001494) 2018-Jan-11 12:36:39.301 INFO: [Repository: Repository] Repository #33008 - Resolved key 'FF_QA_IDB_DSN' from instance with value 'DATABASE'. Location: [Connector:QA_FF_clientDataDbConnector\<dsn>]
(TID#0x00001494) 2018-Jan-11 12:36:39.301 INFO: [Repository: Repository] Repository #33008 - Resolved key 'FF_QA_IDB_User_name' from instance with value 'QA_IDB_1_owner'. Location: [Connector:QA_FF_clientDataDbConnector\<user name>]
(TID#0x00001494) 2018-Jan-11 12:36:39.301 INFO: [Repository: Repository] Repository #33008 - Resolved key 'FF_QA_IDB_Password' from instance with value '********'. Location: [Connector:QA_FF_clientDataDbConnector\<password>]
(TID#0x00001494) 2018-Jan-11 12:36:39.302 INFO: [Repository: Repository] Repository #33008 - Resolved key 'FF_QA_IDB_Default_database' from instance with value 'QA_IDB_1'. Location: [Connector:QA_FF_clientDataDbConnector\<default database>]
(TID#0x00001494) 2018-Jan-11 12:36:39.302 INFO: [Repository: Repository] Repository #33008 - Resolved key 'FF_QA_IDB_Connection_timeout' from instance with value '60'. Location: [Connector:QA_FF_clientDataDbConnector\<connection time out>]
(TID#0x00001494) 2018-Jan-11 12:36:39.302 INFO: [Repository: Repository] Repository #33008 - Resolved key 'FF_QA_IDB_Command_timeout' from instance with value '60'. Location: [Connector:QA_FF_clientDataDbConnector\<command time out>]
(TID#0x00001494) 2018-Jan-11 12:36:39.302 INFO: [Repository: Repository] Repository #33008 - Resolved key 'FF_QA_IDB_Database_type' from instance with value 'SqlServer'. Location: [Connector:QA_FF_clientDataDbConnector\<dbms type>]
(TID#0x00000fc8) 2018-Jan-11 12:36:39.304 DIAGNOSTIC: Execution plan: execution started
(TID#0x00000fc8) 2018-Jan-11 12:36:39.305 DIAGNOSTIC: Execution plan: not finished, there is event in buffer.
(TID#0x00000fc8) 2018-Jan-11 12:36:39.305 DIAGNOSTIC: Execution plan: current event data:
	from: ef52681f-1e32-4f96-844d-279aa935f957
	to: ce18379f-a50e-436c-ba5c-b25e0e9263ca
	msg: continue to work

(TID#0x00000fc8) 2018-Jan-11 12:36:39.305 DIAGNOSTIC: Execution plan: event receiver:ce18379f-a50e-436c-ba5c-b25e0e9263ca
(TID#0x00000fc8) 2018-Jan-11 12:36:39.305 INFO: [ExecutionPlanTask] Process #4118 - Condition block 'Condition' started.
(TID#0x00000fc8) 2018-Jan-11 12:36:39.314 INFO: [ExecutionPlanTask] Process #4119 - Condition block 'Condition' ended. Result was 'true'.
(TID#0x00000fc8) 2018-Jan-11 12:36:39.314 DIAGNOSTIC: Execution plan: finished, there is no events in buffer.
(TID#0x00000fc8) 2018-Jan-11 12:36:39.314 DIAGNOSTIC: Execution plan: terminating all processes
(TID#0x00000fc8) 2018-Jan-11 12:36:39.315 DIAGNOSTIC: Execution plan: all processes has been terminated
(TID#0x00000fc8) 2018-Jan-11 12:36:39.315 INFO: [ExecutionPlanTask] Process #4043 - Execution plan ended with status 'Finished successfully'. Log file name: 'C:/Actimize/4.24.0.51/Instances/actimize_server_1/logs/Suite_RT_Template18-01-11_12-36-37_00/Run_InsertAny_EP18-01-11_12-36-39_00.log'
(TID#0x00000988) <log ended>
