(TID#0x00000b64) 2018-Feb-15 08:46:04.606 INFO: [Repository: Repository] Repository #33008 - Resolved key 'IDB_DbConnector_Staging_DSN' from instance with value 'database'. Location: [Connector:IDB_StageConnector\<dsn>]
(TID#0x00000b64) 2018-Feb-15 08:46:04.607 INFO: [Repository: Repository] Repository #33008 - Resolved key 'IDB_DbConnector_Staging_MaintenanceUserName' from instance with value 'QA_IDB_1_MAINT'. Location: [Connector:IDB_StageConnector\<user name>]
(TID#0x00000b64) 2018-Feb-15 08:46:04.607 INFO: [Repository: Repository] Repository #33008 - Resolved key 'IDB_DbConnector_Staging_MaintenancePassword' from instance with value '********'. Location: [Connector:IDB_StageConnector\<password>]
(TID#0x00000b64) 2018-Feb-15 08:46:04.607 INFO: [Repository: Repository] Repository #33008 - Resolved key 'IDB_DbConnector_DefaultDatabase' from instance with value 'QA_IDB_1'. Location: [Connector:IDB_StageConnector\<default database>]
(TID#0x00000b64) 2018-Feb-15 08:46:04.607 INFO: [Repository: Repository] Repository #33008 - Resolved key 'IDB_DbConnector_Staging_ConnectionTimeout' from instance with value '120'. Location: [Connector:IDB_StageConnector\<connection time out>]
(TID#0x00000b64) 2018-Feb-15 08:46:04.608 INFO: [Repository: Repository] Repository #33008 - Resolved key 'IDB_DbConnector_Staging_CommandTimeout' from instance with value '600'. Location: [Connector:IDB_StageConnector\<command time out>]
(TID#0x00000b64) 2018-Feb-15 08:46:04.608 INFO: [Repository: Repository] Repository #33008 - Resolved key 'IDB_DbConnector_DatabaseType' from instance with value 'SQLServer'. Location: [Connector:IDB_StageConnector\<dbms type>]
(TID#0x00000788) 2018-Feb-15 08:46:04.611 DIAGNOSTIC: Execution plan: execution started
(TID#0x00000788) 2018-Feb-15 08:46:04.611 INFO: [ExecutionPlanTask] Process #4046 - Activation arguments - '{ date=15/10/2016 00:00:00.000000, tableName=FF_TRANSACTIONS_LATEST_VERSION, lookBack=NULL, buffer=NULL }'
(TID#0x00000788) 2018-Feb-15 08:46:04.612 DIAGNOSTIC: Execution plan: not finished, there is event in buffer.
(TID#0x00000788) 2018-Feb-15 08:46:04.612 DIAGNOSTIC: Execution plan: current event data:
	from: fcee60d9-671b-4d41-b976-10d63cb405f7
	to: cc9a3017-debc-443a-a5cf-6486cc42c072
	msg: continue to work

(TID#0x00000788) 2018-Feb-15 08:46:04.612 DIAGNOSTIC: Execution plan: event receiver:cc9a3017-debc-443a-a5cf-6486cc42c072
(TID#0x00000788) 2018-Feb-15 08:46:04.612 INFO: [ExecutionPlanTask] Process #4118 - Condition block 'MSSQL?' started.
(TID#0x00000788) 2018-Feb-15 08:46:04.616 INFO: [ExecutionPlanTask] Process #4119 - Condition block 'MSSQL?' ended. Result was 'true'.
(TID#0x00000788) 2018-Feb-15 08:46:04.616 DIAGNOSTIC: Execution plan: not finished, there is event in buffer.
(TID#0x00000788) 2018-Feb-15 08:46:04.616 DIAGNOSTIC: Execution plan: current event data:
	from: cc9a3017-debc-443a-a5cf-6486cc42c072
	to: dfd8a327-9168-40ea-93d2-1139854afb3a
	msg: continue to work

(TID#0x00000788) 2018-Feb-15 08:46:04.616 DIAGNOSTIC: Execution plan: event receiver:dfd8a327-9168-40ea-93d2-1139854afb3a
(TID#0x00000788) 2018-Feb-15 08:46:04.625 INFO: [ExecutionPlanTask: MSSQL] Process #4018 - New process 'MSSQL' has been launched. Location: [Execution plan:IDB_runInitPartition\MSSQL]
(TID#0x00000788) 2018-Feb-15 08:46:04.625 INFO: [ExecutionPlanTask: MSSQL] Process #4024 - Process log file name: 'C:/Actimize/4.24.0.51/Instances/actimize_server_1/logs/Run_E2E_Regression18-02-15_08-44-21_00/MSSQL18-02-15_08-46-04_00.log'. Location: [Execution plan:IDB_runInitPartition\MSSQL]
(TID#0x00000788) 2018-Feb-15 08:46:04.626 DIAGNOSTIC: Execution plan: not finished, there is at least one active process.
(TID#0x00001298) 2018-Feb-15 08:46:05.150 INFO: [ExecutionPlanTask: MSSQL] Process #4025 - Process MSSQL ended with status 'Finished successfully'. Log file name: 'C:/Actimize/4.24.0.51/Instances/actimize_server_1/logs/Run_E2E_Regression18-02-15_08-44-21_00/MSSQL18-02-15_08-46-04_00.log' Location: [Execution plan:IDB_runInitPartition\MSSQL]
(TID#0x00000788) 2018-Feb-15 08:46:05.150 DIAGNOSTIC: Execution plan: current event data:
	from: dfd8a327-9168-40ea-93d2-1139854afb3a
	to: 00000000-0000-0000-0000-000000000000
	msg: continue to work

(TID#0x00000788) 2018-Feb-15 08:46:05.151 DIAGNOSTIC: Execution plan: not finished, there is event in buffer.
(TID#0x00000788) 2018-Feb-15 08:46:05.151 DIAGNOSTIC: Execution plan: current event data:
	from: dfd8a327-9168-40ea-93d2-1139854afb3a
	to: 00000000-0000-0000-0000-000000000000
	msg: continue to work

(TID#0x00000788) 2018-Feb-15 08:46:05.151 DIAGNOSTIC: Execution plan: not finished, there is event in buffer.
(TID#0x00000788) 2018-Feb-15 08:46:05.151 DIAGNOSTIC: Execution plan: current event data:
	from: dfd8a327-9168-40ea-93d2-1139854afb3a
	to: 00000000-0000-0000-0000-000000000000
	msg: continue to work

(TID#0x00000788) 2018-Feb-15 08:46:05.151 DIAGNOSTIC: Execution plan: finished, there is no events in buffer.
(TID#0x00000788) 2018-Feb-15 08:46:05.151 DIAGNOSTIC: Execution plan: terminating all processes
(TID#0x00000788) 2018-Feb-15 08:46:05.151 DIAGNOSTIC: Execution plan: all processes has been terminated
(TID#0x00000788) 2018-Feb-15 08:46:05.151 INFO: [ExecutionPlanTask] Process #4043 - Execution plan ended with status 'Finished successfully'. Log file name: 'C:/Actimize/4.24.0.51/Instances/actimize_server_1/logs/Run_E2E_Regression18-02-15_08-44-21_00/Run_IDB_run_Init_Partition18-02-15_08-46-04_00.log'
(TID#0x00001110) <log ended>
