(TID#0x00000574) 2018-Feb-19 16:44:50.347 INFO: [Repository: Repository] Repository #33008 - Resolved key 'IDB_DbConnector_Staging_DSN' from instance with value 'database'. Location: [Connector:IDB_StageConnector\<dsn>]
(TID#0x00000574) 2018-Feb-19 16:44:50.347 INFO: [Repository: Repository] Repository #33008 - Resolved key 'IDB_DbConnector_Staging_MaintenanceUserName' from instance with value 'QA_IDB_1_MAINT'. Location: [Connector:IDB_StageConnector\<user name>]
(TID#0x00000574) 2018-Feb-19 16:44:50.348 INFO: [Repository: Repository] Repository #33008 - Resolved key 'IDB_DbConnector_Staging_MaintenancePassword' from instance with value '********'. Location: [Connector:IDB_StageConnector\<password>]
(TID#0x00000574) 2018-Feb-19 16:44:50.348 INFO: [Repository: Repository] Repository #33008 - Resolved key 'IDB_DbConnector_DefaultDatabase' from instance with value 'QA_IDB_1'. Location: [Connector:IDB_StageConnector\<default database>]
(TID#0x00000574) 2018-Feb-19 16:44:50.348 INFO: [Repository: Repository] Repository #33008 - Resolved key 'IDB_DbConnector_Staging_ConnectionTimeout' from instance with value '120'. Location: [Connector:IDB_StageConnector\<connection time out>]
(TID#0x00000574) 2018-Feb-19 16:44:50.348 INFO: [Repository: Repository] Repository #33008 - Resolved key 'IDB_DbConnector_Staging_CommandTimeout' from instance with value '600'. Location: [Connector:IDB_StageConnector\<command time out>]
(TID#0x00000574) 2018-Feb-19 16:44:50.348 INFO: [Repository: Repository] Repository #33008 - Resolved key 'IDB_DbConnector_DatabaseType' from instance with value 'SQLServer'. Location: [Connector:IDB_StageConnector\<dbms type>]
(TID#0x00000f98) 2018-Feb-19 16:44:50.352 DIAGNOSTIC: Execution plan: execution started
(TID#0x00000f98) 2018-Feb-19 16:44:50.352 INFO: [ExecutionPlanTask] Process #4046 - Activation arguments - '{ FromRollbackDate=2/1/2000 00:00:00.000000, batchName=FF }'
(TID#0x00000f98) 2018-Feb-19 16:44:50.353 DIAGNOSTIC: Execution plan: not finished, there is event in buffer.
(TID#0x00000f98) 2018-Feb-19 16:44:50.353 DIAGNOSTIC: Execution plan: current event data:
	from: 3e1c4e1f-072f-4b8e-885c-7e28f3cc2e48
	to: 64614ed5-bf8f-4345-993d-b571ff39968c
	msg: continue to work

(TID#0x00000f98) 2018-Feb-19 16:44:50.353 DIAGNOSTIC: Execution plan: event receiver:64614ed5-bf8f-4345-993d-b571ff39968c
(TID#0x00000f98) 2018-Feb-19 16:44:50.353 INFO: [ExecutionPlanTask] Process #4118 - Condition block 'MSSQL?' started.
(TID#0x00000f98) 2018-Feb-19 16:44:50.356 INFO: [ExecutionPlanTask] Process #4119 - Condition block 'MSSQL?' ended. Result was 'true'.
(TID#0x00000f98) 2018-Feb-19 16:44:50.356 DIAGNOSTIC: Execution plan: not finished, there is event in buffer.
(TID#0x00000f98) 2018-Feb-19 16:44:50.356 DIAGNOSTIC: Execution plan: current event data:
	from: 64614ed5-bf8f-4345-993d-b571ff39968c
	to: 4bc1aa2b-97fb-474f-ae2c-a0f0fc5ab151
	msg: continue to work

(TID#0x00000f98) 2018-Feb-19 16:44:50.356 DIAGNOSTIC: Execution plan: event receiver:4bc1aa2b-97fb-474f-ae2c-a0f0fc5ab151
(TID#0x00000f98) 2018-Feb-19 16:44:50.366 INFO: [ExecutionPlanTask: MSSQL] Process #4018 - New process 'MSSQL' has been launched. Location: [Execution plan:IDB_RunRollback\MSSQL]
(TID#0x00000f98) 2018-Feb-19 16:44:50.366 INFO: [ExecutionPlanTask: MSSQL] Process #4024 - Process log file name: 'C:/Actimize/4.24.0.51/Instances/actimize_server_1/logs/Run_E2E_Regression18-02-19_16-43-39_00/MSSQL18-02-19_16-44-50_04.log'. Location: [Execution plan:IDB_RunRollback\MSSQL]
(TID#0x00000f98) 2018-Feb-19 16:44:50.367 DIAGNOSTIC: Execution plan: not finished, there is at least one active process.
(TID#0x00000db0) 2018-Feb-19 16:44:59.325 INFO: [ExecutionPlanTask: MSSQL] Process #4025 - Process MSSQL ended with status 'Finished successfully'. Log file name: 'C:/Actimize/4.24.0.51/Instances/actimize_server_1/logs/Run_E2E_Regression18-02-19_16-43-39_00/MSSQL18-02-19_16-44-50_04.log' Location: [Execution plan:IDB_RunRollback\MSSQL]
(TID#0x00000f98) 2018-Feb-19 16:44:59.325 DIAGNOSTIC: Execution plan: current event data:
	from: 4bc1aa2b-97fb-474f-ae2c-a0f0fc5ab151
	to: 00000000-0000-0000-0000-000000000000
	msg: continue to work

(TID#0x00000f98) 2018-Feb-19 16:44:59.325 DIAGNOSTIC: Execution plan: not finished, there is event in buffer.
(TID#0x00000f98) 2018-Feb-19 16:44:59.326 DIAGNOSTIC: Execution plan: current event data:
	from: 4bc1aa2b-97fb-474f-ae2c-a0f0fc5ab151
	to: 00000000-0000-0000-0000-000000000000
	msg: continue to work

(TID#0x00000f98) 2018-Feb-19 16:44:59.326 DIAGNOSTIC: Execution plan: not finished, there is event in buffer.
(TID#0x00000f98) 2018-Feb-19 16:44:59.326 DIAGNOSTIC: Execution plan: current event data:
	from: 4bc1aa2b-97fb-474f-ae2c-a0f0fc5ab151
	to: 00000000-0000-0000-0000-000000000000
	msg: continue to work

(TID#0x00000f98) 2018-Feb-19 16:44:59.326 DIAGNOSTIC: Execution plan: finished, there is no events in buffer.
(TID#0x00000f98) 2018-Feb-19 16:44:59.326 DIAGNOSTIC: Execution plan: terminating all processes
(TID#0x00000f98) 2018-Feb-19 16:44:59.326 DIAGNOSTIC: Execution plan: all processes has been terminated
(TID#0x00000f98) 2018-Feb-19 16:44:59.326 INFO: [ExecutionPlanTask] Process #4043 - Execution plan ended with status 'Finished successfully'. Log file name: 'C:/Actimize/4.24.0.51/Instances/actimize_server_1/logs/Run_E2E_Regression18-02-19_16-43-39_00/Run_FF_rollback18-02-19_16-44-50_00.log'
(TID#0x00001244) <log ended>
