(TID#0x00000ff0) 2018-Feb-06 16:23:04.108 DIAGNOSTIC: Execution plan: execution started
(TID#0x00000ff0) 2018-Feb-06 16:23:04.108 INFO: [ExecutionPlanTask] Process #4046 - Activation arguments - '{ areYouSure=TRUE }'
(TID#0x00000ff0) 2018-Feb-06 16:23:04.109 DIAGNOSTIC: Execution plan: not finished, there is event in buffer.
(TID#0x00000ff0) 2018-Feb-06 16:23:04.109 DIAGNOSTIC: Execution plan: current event data:
	from: c558011a-a861-46ff-af13-882c9b0858e4
	to: 555ed2d8-c6e7-4164-9d9a-49545d34cc70
	msg: continue to work

(TID#0x00000ff0) 2018-Feb-06 16:23:04.109 DIAGNOSTIC: Execution plan: event receiver:555ed2d8-c6e7-4164-9d9a-49545d34cc70
(TID#0x00000ff0) 2018-Feb-06 16:23:04.109 INFO: [ExecutionPlanTask] Process #4118 - Condition block 'Is the User Sure of the Reset?' started.
(TID#0x00000ff0) 2018-Feb-06 16:23:04.110 INFO: [ExecutionPlanTask] Process #4119 - Condition block 'Is the User Sure of the Reset?' ended. Result was 'true'.
(TID#0x00000ff0) 2018-Feb-06 16:23:04.110 DIAGNOSTIC: Execution plan: not finished, there is event in buffer.
(TID#0x00000ff0) 2018-Feb-06 16:23:04.110 DIAGNOSTIC: Execution plan: current event data:
	from: 555ed2d8-c6e7-4164-9d9a-49545d34cc70
	to: 1475ef0a-11af-443f-bb22-3531282804a1
	msg: continue to work

(TID#0x00000ff0) 2018-Feb-06 16:23:04.110 DIAGNOSTIC: Execution plan: event receiver:1475ef0a-11af-443f-bb22-3531282804a1
(TID#0x00000ff0) 2018-Feb-06 16:23:06.597 INFO: [ExecutionPlanTask: Clear All Solution Profiles] Process #4018 - New process 'Clear All Solution Profiles' has been launched. Location: [Execution plan:FF_resetSolutionProfiles\[Clear All Solution Profiles]]
(TID#0x00000ff0) 2018-Feb-06 16:23:06.597 INFO: [ExecutionPlanTask: Clear All Solution Profiles] Process #4024 - Process log file name: 'C:/Actimize/4.24.0.51/Instances/actimize_server_1/logs/Run_E2E_Regression18-02-06_16-21-45_00/Clear_All_Solution_Profiles18-02-06_16-23-04_00.log'. Location: [Execution plan:FF_resetSolutionProfiles\[Clear All Solution Profiles]]
(TID#0x00000ff0) 2018-Feb-06 16:23:06.598 DIAGNOSTIC: Execution plan: not finished, there is at least one active process.
(TID#0x0000090c) 2018-Feb-06 16:23:09.612 INFO: [ExecutionPlanTask: Clear All Solution Profiles] Process #4025 - Process Clear All Solution Profiles ended with status 'Finished successfully'. Log file name: 'C:/Actimize/4.24.0.51/Instances/actimize_server_1/logs/Run_E2E_Regression18-02-06_16-21-45_00/Clear_All_Solution_Profiles18-02-06_16-23-04_00.log' Location: [Execution plan:FF_resetSolutionProfiles\[Clear All Solution Profiles]]
(TID#0x00000ff0) 2018-Feb-06 16:23:09.612 DIAGNOSTIC: Execution plan: current event data:
	from: 1475ef0a-11af-443f-bb22-3531282804a1
	to: 00000000-0000-0000-0000-000000000000
	msg: continue to work

(TID#0x00000ff0) 2018-Feb-06 16:23:09.613 DIAGNOSTIC: Execution plan: not finished, there is event in buffer.
(TID#0x00000ff0) 2018-Feb-06 16:23:09.613 DIAGNOSTIC: Execution plan: current event data:
	from: 1475ef0a-11af-443f-bb22-3531282804a1
	to: 00000000-0000-0000-0000-000000000000
	msg: continue to work

(TID#0x00000ff0) 2018-Feb-06 16:23:09.613 DIAGNOSTIC: Execution plan: not finished, there is event in buffer.
(TID#0x00000ff0) 2018-Feb-06 16:23:09.613 DIAGNOSTIC: Execution plan: current event data:
	from: 1475ef0a-11af-443f-bb22-3531282804a1
	to: 00000000-0000-0000-0000-000000000000
	msg: continue to work

(TID#0x00000ff0) 2018-Feb-06 16:23:09.613 DIAGNOSTIC: Execution plan: finished, there is no events in buffer.
(TID#0x00000ff0) 2018-Feb-06 16:23:09.613 DIAGNOSTIC: Execution plan: terminating all processes
(TID#0x00000ff0) 2018-Feb-06 16:23:09.613 DIAGNOSTIC: Execution plan: all processes has been terminated
(TID#0x00000ff0) 2018-Feb-06 16:23:09.613 INFO: [ExecutionPlanTask] Process #4043 - Execution plan ended with status 'Finished successfully'. Log file name: 'C:/Actimize/4.24.0.51/Instances/actimize_server_1/logs/Run_E2E_Regression18-02-06_16-21-45_00/Run_FF_cleanupSolutionProfiles18-02-06_16-23-04_00.log'
(TID#0x00000abc) <log ended>
