(TID#0x00000d50) 2017-Oct-30 09:35:08.436 INFO: [Repository: Repository] Repository #33008 - Resolved key 'IDB_DbConnector_Staging_DSN' from instance with value 'database'. Location: [Connector:IDB_StageConnector\<dsn>]
(TID#0x00000d50) 2017-Oct-30 09:35:08.436 INFO: [Repository: Repository] Repository #33008 - Resolved key 'IDB_DbConnector_Staging_MaintenanceUserName' from instance with value 'QA_IDB_1_MAINT'. Location: [Connector:IDB_StageConnector\<user name>]
(TID#0x00000d50) 2017-Oct-30 09:35:08.436 INFO: [Repository: Repository] Repository #33008 - Resolved key 'IDB_DbConnector_Staging_MaintenancePassword' from instance with value '********'. Location: [Connector:IDB_StageConnector\<password>]
(TID#0x00000d50) 2017-Oct-30 09:35:08.436 INFO: [Repository: Repository] Repository #33008 - Resolved key 'IDB_DbConnector_DefaultDatabase' from instance with value 'QA_IDB_1'. Location: [Connector:IDB_StageConnector\<default database>]
(TID#0x00000d50) 2017-Oct-30 09:35:08.436 INFO: [Repository: Repository] Repository #33008 - Resolved key 'IDB_DbConnector_Staging_ConnectionTimeout' from instance with value '120'. Location: [Connector:IDB_StageConnector\<connection time out>]
(TID#0x00000d50) 2017-Oct-30 09:35:08.436 INFO: [Repository: Repository] Repository #33008 - Resolved key 'IDB_DbConnector_Staging_CommandTimeout' from instance with value '600'. Location: [Connector:IDB_StageConnector\<command time out>]
(TID#0x00000d50) 2017-Oct-30 09:35:08.436 INFO: [Repository: Repository] Repository #33008 - Resolved key 'IDB_DbConnector_DatabaseType' from instance with value 'SQLServer'. Location: [Connector:IDB_StageConnector\<dbms type>]
(TID#0x000011c4) 2017-Oct-30 09:35:08.436 DIAGNOSTIC: Execution plan: execution started
(TID#0x000011c4) 2017-Oct-30 09:35:08.436 INFO: [ExecutionPlanTask] Process #4046 - Activation arguments - '{ date=15/10/2016 00:00:00.000000, tableName=ARD_RESULT_POLICY_RULE, lookBack=NULL, buffer=NULL }'
(TID#0x000011c4) 2017-Oct-30 09:35:08.436 DIAGNOSTIC: Execution plan: not finished, there is event in buffer.
(TID#0x000011c4) 2017-Oct-30 09:35:08.436 DIAGNOSTIC: Execution plan: current event data:
	from: 990bb107-94b0-4145-98aa-3ea5174ce4e3
	to: 4d839ba6-e2f9-43ca-aa6d-d490be82e813
	msg: continue to work

(TID#0x000011c4) 2017-Oct-30 09:35:08.436 DIAGNOSTIC: Execution plan: event receiver:4d839ba6-e2f9-43ca-aa6d-d490be82e813
(TID#0x000011c4) 2017-Oct-30 09:35:08.436 INFO: [ExecutionPlanTask] Process #4118 - Condition block 'MSSQL?' started.
(TID#0x000011c4) 2017-Oct-30 09:35:08.436 INFO: [ExecutionPlanTask] Process #4119 - Condition block 'MSSQL?' ended. Result was 'true'.
(TID#0x000011c4) 2017-Oct-30 09:35:08.436 DIAGNOSTIC: Execution plan: not finished, there is event in buffer.
(TID#0x000011c4) 2017-Oct-30 09:35:08.436 DIAGNOSTIC: Execution plan: current event data:
	from: 4d839ba6-e2f9-43ca-aa6d-d490be82e813
	to: dc0a23ff-af3d-4612-890f-99583bd5bc63
	msg: continue to work

(TID#0x000011c4) 2017-Oct-30 09:35:08.436 DIAGNOSTIC: Execution plan: event receiver:dc0a23ff-af3d-4612-890f-99583bd5bc63
(TID#0x000011c4) 2017-Oct-30 09:35:08.451 INFO: [ExecutionPlanTask: MSSQL] Process #4018 - New process 'MSSQL' has been launched. Location: [Execution plan:IDB_runInitPartition\MSSQL]
(TID#0x000011c4) 2017-Oct-30 09:35:08.451 INFO: [ExecutionPlanTask: MSSQL] Process #4024 - Process log file name: 'C:/Actimize/4.23.0.30/Instances/actimize_server_1/logs/Suite_RT_Template17-10-30_09-34-49_00/MSSQL17-10-30_09-35-08_01.log'. Location: [Execution plan:IDB_runInitPartition\MSSQL]
(TID#0x000011c4) 2017-Oct-30 09:35:08.451 DIAGNOSTIC: Execution plan: not finished, there is at least one active process.
(TID#0x000004c0) 2017-Oct-30 09:35:08.780 INFO: [ExecutionPlanTask: MSSQL] Process #4025 - Process MSSQL ended with status 'Finished successfully'. Log file name: 'C:/Actimize/4.23.0.30/Instances/actimize_server_1/logs/Suite_RT_Template17-10-30_09-34-49_00/MSSQL17-10-30_09-35-08_01.log' Location: [Execution plan:IDB_runInitPartition\MSSQL]
(TID#0x000011c4) 2017-Oct-30 09:35:08.780 DIAGNOSTIC: Execution plan: current event data:
	from: dc0a23ff-af3d-4612-890f-99583bd5bc63
	to: 00000000-0000-0000-0000-000000000000
	msg: continue to work

(TID#0x000011c4) 2017-Oct-30 09:35:08.780 DIAGNOSTIC: Execution plan: not finished, there is event in buffer.
(TID#0x000011c4) 2017-Oct-30 09:35:08.780 DIAGNOSTIC: Execution plan: current event data:
	from: dc0a23ff-af3d-4612-890f-99583bd5bc63
	to: 00000000-0000-0000-0000-000000000000
	msg: continue to work

(TID#0x000011c4) 2017-Oct-30 09:35:08.780 DIAGNOSTIC: Execution plan: not finished, there is event in buffer.
(TID#0x000011c4) 2017-Oct-30 09:35:08.780 DIAGNOSTIC: Execution plan: current event data:
	from: dc0a23ff-af3d-4612-890f-99583bd5bc63
	to: 00000000-0000-0000-0000-000000000000
	msg: continue to work

(TID#0x000011c4) 2017-Oct-30 09:35:08.780 DIAGNOSTIC: Execution plan: finished, there is no events in buffer.
(TID#0x000011c4) 2017-Oct-30 09:35:08.780 DIAGNOSTIC: Execution plan: terminating all processes
(TID#0x000011c4) 2017-Oct-30 09:35:08.780 DIAGNOSTIC: Execution plan: all processes has been terminated
(TID#0x000011c4) 2017-Oct-30 09:35:08.780 INFO: [ExecutionPlanTask] Process #4043 - Execution plan ended with status 'Finished successfully'. Log file name: 'C:/Actimize/4.23.0.30/Instances/actimize_server_1/logs/Suite_RT_Template17-10-30_09-34-49_00/Run_IDB_run_Init_Partition17-10-30_09-35-08_01.log'
(TID#0x00000b28) <log ended>
