(TID#0x00000ad0) 2018-Jan-02 11:44:45.696 INFO: [Process: Run Channel Process] Init #52009 - Process initializing.
(TID#0x00000ad0) 2018-Jan-02 11:44:45.698 INFO: [Source: mySleep_Dummy : Source_1] #52321 - Activation arguments - '{ Sleep time=10 }'
(TID#0x00000ad0) 2018-Jan-02 11:44:45.700 INFO: [Process: Run Channel Process] Init #52512 - Profiler activation mode: [No] | Snapshot interval: N/A seconds | Txn profiling mode: [N/A], N/A microseconds, num top blocks: N/A, output txn data: N/A.
(TID#0x00000ad0) 2018-Jan-02 11:44:45.705 INFO: [Process: Run Channel Process] #52001 - Process is running.
(TID#0x00000ad0) 2018-Jan-02 11:44:45.705 INFO: composite task running.
(TID#0x00000ad0) 2018-Jan-02 11:44:45.705 INFO: composite task running.
(TID#0x00000ad0) 2018-Jan-02 11:44:45.706 INFO: composite task running.
(TID#0x0000130c) 2018-Jan-02 11:44:45.706 INFO: [Flow: mySleep(1)] Init #50040 - Flow initializing.
(TID#0x000016d8) 2018-Jan-02 11:44:45.706 INFO: [Source: mySleep_Dummy : Source_1] Init #53001 - Source initializing.
(TID#0x0000130c) 2018-Jan-02 11:44:45.706 INFO: [Flow: mySleep(1)] Init #50041 - Flow initialized successfully.
(TID#0x000016d8) 2018-Jan-02 11:44:45.706 INFO: [Source: mySleep_Dummy : Source_1] Init #53002 - Source initialized successfully.
(TID#0x000016d8) 2018-Jan-02 11:44:45.707 INFO: [Flow: mySleep_Dummy : Source_1] Java #89240 - Active Component disposal started.
(TID#0x000016d8) 2018-Jan-02 11:44:45.707 INFO: [Flow: mySleep_Dummy : Source_1] Java #89241 - Active Component disposal ended.
(TID#0x000016d8) 2018-Jan-02 11:44:45.707 INFO: [Source: mySleep_Dummy : Source_1] #53007 - Source step 1 (Passed: 1, Filtered:0, Erroneous: 0, Containers deadlocks: 0, End of Source: 0).
(TID#0x000016d8) 2018-Jan-02 11:44:45.707 INFO: [Source: mySleep_Dummy : Source_1] End #53004 - Source cleanup started.
(TID#0x000016d8) 2018-Jan-02 11:44:45.707 INFO: [Source: mySleep_Dummy : Source_1] End #53005 - Source cleanup ended.
(TID#0x000016d8) 2018-Jan-02 11:44:45.707 INFO: [Source: mySleep_Dummy : Source_1] End #53009 - Source finished normally.
(TID#0x000016d8) 2018-Jan-02 11:44:45.707 INFO: composite task finished.
(TID#0x0000130c) 2018-Jan-02 11:44:55.708 INFO: [Flow: mySleep(1)] Java #89240 - Active Component disposal started.
(TID#0x0000130c) 2018-Jan-02 11:44:55.708 INFO: [Flow: mySleep(1)] Java #89241 - Active Component disposal ended.
(TID#0x0000130c) 2018-Jan-02 11:44:55.708 INFO: [Flow: mySleep(1)] #50044 - Flow step 1, containers deadlocks: 0.
(TID#0x0000130c) 2018-Jan-02 11:44:55.708 INFO: [Flow: mySleep(1)] End #50042 - Flow cleanup started.
(TID#0x0000130c) 2018-Jan-02 11:44:55.708 INFO: [Flow: mySleep(1)] End #50043 - Flow cleanup ended.
(TID#0x0000130c) 2018-Jan-02 11:44:55.708 INFO: [Flow: mySleep(1)] End #50045 - Flow finished successfully.
(TID#0x0000130c) 2018-Jan-02 11:44:55.708 INFO: composite task finished.
(TID#0x0000130c) 2018-Jan-02 11:44:55.709 INFO: [Flow: mySleep] #52221 - Waiting for distributions finish.
(TID#0x0000130c) 2018-Jan-02 11:44:55.709 INFO: [Flow: mySleep] #52222 - Distributions finished.
(TID#0x0000130c) 2018-Jan-02 11:44:55.709 INFO: composite task finished.
(TID#0x0000130c) 2018-Jan-02 11:44:55.709 INFO: [Process: Run Channel Process] Java #89242 - Process Environment disposal started.
(TID#0x0000130c) 2018-Jan-02 11:44:55.709 INFO: [Process: Run Channel Process] Java #89243 - Process Environment disposal ended.
(TID#0x0000130c) 2018-Jan-02 11:44:55.709 INFO: [Process: Run Channel Process] End #52005 - Process finished successfully.
