2018-06-03 12:18:56, Error                        EnumeratePathEx: FindFirstFile failed for [C:\$WINDOWS.~Q\*]; GLE = 0x3[gle=0x00000003]
2018-06-03 12:18:56, Error                        EnumeratePathEx: FindFirstFile failed for [C:\$WINDOWS.~Q\*]; GLE = 0x3[gle=0x00000003]
2018-06-03 12:18:56, Error                        EnumeratePathEx: FindFirstFile failed for [C:\$INPLACE.~TR\*]; GLE = 0x3[gle=0x00000003]
2018-06-03 12:18:56, Error                        EnumeratePathEx: FindFirstFile failed for [C:\$INPLACE.~TR\*]; GLE = 0x3[gle=0x00000003]
2018-06-03 12:18:56, Error                        EnumeratePathEx: FindFirstFile failed for [C:\$Windows.~LS\*]; GLE = 0x3[gle=0x00000003]
2018-06-03 12:18:56, Error                        EnumeratePathEx: FindFirstFile failed for [C:\$Windows.~LS\*]; GLE = 0x3[gle=0x00000003]
2018-06-03 12:18:56, Error                        EnumeratePathEx: FindFirstFile failed for [C:\ESD\\Windows\*]; GLE = 0x3[gle=0x00000003]
2018-06-03 12:18:56, Error                        EnumeratePathEx: FindFirstFile failed for [C:\ESD\\Windows\*]; GLE = 0x3[gle=0x00000003]
2018-06-03 12:18:56, Error                        EnumeratePathEx: FindFirstFile failed for [C:\$Windows.~WS\*]; GLE = 0x3[gle=0x00000003]
2018-06-03 12:18:56, Error                        EnumeratePathEx: FindFirstFile failed for [C:\$Windows.~WS\*]; GLE = 0x3[gle=0x00000003]
2018-06-03 12:18:56, Error                        EnumeratePathEx: FindFirstFile failed for [C:\ESD\Download\*]; GLE = 0x3[gle=0x00000003]
2018-06-03 12:18:56, Error                        EnumeratePathEx: FindFirstFile failed for [C:\ESD\Download\*]; GLE = 0x3[gle=0x00000003]
2018-06-04 12:59:05, Error                        EnumeratePathEx: FindFirstFile failed for [C:\$WINDOWS.~Q\*]; GLE = 0x3[gle=0x00000003]
2018-06-04 12:59:05, Error                        EnumeratePathEx: FindFirstFile failed for [C:\$WINDOWS.~Q\*]; GLE = 0x3[gle=0x00000003]
2018-06-04 12:59:05, Error                        EnumeratePathEx: FindFirstFile failed for [C:\$INPLACE.~TR\*]; GLE = 0x3[gle=0x00000003]
2018-06-04 12:59:05, Error                        EnumeratePathEx: FindFirstFile failed for [C:\$INPLACE.~TR\*]; GLE = 0x3[gle=0x00000003]
2018-06-04 12:59:05, Error                        EnumeratePathEx: FindFirstFile failed for [C:\$Windows.~LS\*]; GLE = 0x3[gle=0x00000003]
2018-06-04 12:59:05, Error                        EnumeratePathEx: FindFirstFile failed for [C:\$Windows.~LS\*]; GLE = 0x3[gle=0x00000003]
2018-06-04 12:59:05, Error                        EnumeratePathEx: FindFirstFile failed for [C:\ESD\\Windows\*]; GLE = 0x3[gle=0x00000003]
2018-06-04 12:59:05, Error                        EnumeratePathEx: FindFirstFile failed for [C:\ESD\\Windows\*]; GLE = 0x3[gle=0x00000003]
2018-06-04 12:59:05, Error                        EnumeratePathEx: FindFirstFile failed for [C:\$Windows.~WS\*]; GLE = 0x3[gle=0x00000003]
2018-06-04 12:59:05, Error                        EnumeratePathEx: FindFirstFile failed for [C:\$Windows.~WS\*]; GLE = 0x3[gle=0x00000003]
2018-06-04 12:59:05, Error                        EnumeratePathEx: FindFirstFile failed for [C:\ESD\Download\*]; GLE = 0x3[gle=0x00000003]
2018-06-04 12:59:05, Error                        EnumeratePathEx: FindFirstFile failed for [C:\ESD\Download\*]; GLE = 0x3[gle=0x00000003]
2018-06-05 15:15:16, Error                        EnumeratePathEx: FindFirstFile failed for [C:\$WINDOWS.~Q\*]; GLE = 0x3[gle=0x00000003]
2018-06-05 15:15:16, Error                        EnumeratePathEx: FindFirstFile failed for [C:\$WINDOWS.~Q\*]; GLE = 0x3[gle=0x00000003]
2018-06-05 15:15:16, Error                        EnumeratePathEx: FindFirstFile failed for [C:\$INPLACE.~TR\*]; GLE = 0x3[gle=0x00000003]
2018-06-05 15:15:16, Error                        EnumeratePathEx: FindFirstFile failed for [C:\$INPLACE.~TR\*]; GLE = 0x3[gle=0x00000003]
2018-06-05 15:15:16, Error                        EnumeratePathEx: FindFirstFile failed for [C:\$Windows.~LS\*]; GLE = 0x3[gle=0x00000003]
2018-06-05 15:15:16, Error                        EnumeratePathEx: FindFirstFile failed for [C:\$Windows.~LS\*]; GLE = 0x3[gle=0x00000003]
2018-06-05 15:15:16, Error                        EnumeratePathEx: FindFirstFile failed for [C:\ESD\\Windows\*]; GLE = 0x3[gle=0x00000003]
2018-06-05 15:15:16, Error                        EnumeratePathEx: FindFirstFile failed for [C:\ESD\\Windows\*]; GLE = 0x3[gle=0x00000003]
2018-06-05 15:15:16, Error                        EnumeratePathEx: FindFirstFile failed for [C:\$Windows.~WS\*]; GLE = 0x3[gle=0x00000003]
2018-06-05 15:15:16, Error                        EnumeratePathEx: FindFirstFile failed for [C:\$Windows.~WS\*]; GLE = 0x3[gle=0x00000003]
2018-06-05 15:15:16, Error                        EnumeratePathEx: FindFirstFile failed for [C:\ESD\Download\*]; GLE = 0x3[gle=0x00000003]
2018-06-05 15:15:16, Error                        EnumeratePathEx: FindFirstFile failed for [C:\ESD\Download\*]; GLE = 0x3[gle=0x00000003]
2018-06-07 12:37:58, Error                        EnumeratePathEx: FindFirstFile failed for [C:\$WINDOWS.~Q\*]; GLE = 0x3[gle=0x00000003]
2018-06-07 12:37:58, Error                        EnumeratePathEx: FindFirstFile failed for [C:\$WINDOWS.~Q\*]; GLE = 0x3[gle=0x00000003]
2018-06-07 12:37:58, Error                        EnumeratePathEx: FindFirstFile failed for [C:\$INPLACE.~TR\*]; GLE = 0x3[gle=0x00000003]
2018-06-07 12:37:58, Error                        EnumeratePathEx: FindFirstFile failed for [C:\$INPLACE.~TR\*]; GLE = 0x3[gle=0x00000003]
2018-06-07 12:37:58, Error                        EnumeratePathEx: FindFirstFile failed for [C:\$Windows.~LS\*]; GLE = 0x3[gle=0x00000003]
2018-06-07 12:37:58, Error                        EnumeratePathEx: FindFirstFile failed for [C:\$Windows.~LS\*]; GLE = 0x3[gle=0x00000003]
2018-06-07 12:37:58, Error                        EnumeratePathEx: FindFirstFile failed for [C:\ESD\\Windows\*]; GLE = 0x3[gle=0x00000003]
2018-06-07 12:37:58, Error                        EnumeratePathEx: FindFirstFile failed for [C:\ESD\\Windows\*]; GLE = 0x3[gle=0x00000003]
2018-06-07 12:37:58, Error                        EnumeratePathEx: FindFirstFile failed for [C:\$Windows.~WS\*]; GLE = 0x3[gle=0x00000003]
2018-06-07 12:37:58, Error                        EnumeratePathEx: FindFirstFile failed for [C:\$Windows.~WS\*]; GLE = 0x3[gle=0x00000003]
2018-06-07 12:37:58, Error                        EnumeratePathEx: FindFirstFile failed for [C:\ESD\Download\*]; GLE = 0x3[gle=0x00000003]
2018-06-07 12:37:58, Error                        EnumeratePathEx: FindFirstFile failed for [C:\ESD\Download\*]; GLE = 0x3[gle=0x00000003]
2018-06-10 13:21:36, Error                        EnumeratePathEx: FindFirstFile failed for [C:\$WINDOWS.~Q\*]; GLE = 0x3[gle=0x00000003]
2018-06-10 13:21:37, Error                        EnumeratePathEx: FindFirstFile failed for [C:\$WINDOWS.~Q\*]; GLE = 0x3[gle=0x00000003]
2018-06-10 13:21:37, Error                        EnumeratePathEx: FindFirstFile failed for [C:\$INPLACE.~TR\*]; GLE = 0x3[gle=0x00000003]
2018-06-10 13:21:37, Error                        EnumeratePathEx: FindFirstFile failed for [C:\$INPLACE.~TR\*]; GLE = 0x3[gle=0x00000003]
2018-06-10 13:21:37, Error                        EnumeratePathEx: FindFirstFile failed for [C:\$Windows.~LS\*]; GLE = 0x3[gle=0x00000003]
2018-06-10 13:21:37, Error                        EnumeratePathEx: FindFirstFile failed for [C:\$Windows.~LS\*]; GLE = 0x3[gle=0x00000003]
2018-06-10 13:21:37, Error                        EnumeratePathEx: FindFirstFile failed for [C:\ESD\\Windows\*]; GLE = 0x3[gle=0x00000003]
2018-06-10 13:21:37, Error                        EnumeratePathEx: FindFirstFile failed for [C:\ESD\\Windows\*]; GLE = 0x3[gle=0x00000003]
2018-06-10 13:21:37, Error                        EnumeratePathEx: FindFirstFile failed for [C:\$Windows.~WS\*]; GLE = 0x3[gle=0x00000003]
2018-06-10 13:21:37, Error                        EnumeratePathEx: FindFirstFile failed for [C:\$Windows.~WS\*]; GLE = 0x3[gle=0x00000003]
2018-06-10 13:21:37, Error                        EnumeratePathEx: FindFirstFile failed for [C:\ESD\Download\*]; GLE = 0x3[gle=0x00000003]
2018-06-10 13:21:37, Error                        EnumeratePathEx: FindFirstFile failed for [C:\ESD\Download\*]; GLE = 0x3[gle=0x00000003]
2018-06-12 13:17:19, Error                        EnumeratePathEx: FindFirstFile failed for [C:\$WINDOWS.~Q\*]; GLE = 0x3[gle=0x00000003]
2018-06-12 13:17:19, Error                        EnumeratePathEx: FindFirstFile failed for [C:\$WINDOWS.~Q\*]; GLE = 0x3[gle=0x00000003]
2018-06-12 13:17:19, Error                        EnumeratePathEx: FindFirstFile failed for [C:\$INPLACE.~TR\*]; GLE = 0x3[gle=0x00000003]
2018-06-12 13:17:19, Error                        EnumeratePathEx: FindFirstFile failed for [C:\$INPLACE.~TR\*]; GLE = 0x3[gle=0x00000003]
2018-06-12 13:17:19, Error                        EnumeratePathEx: FindFirstFile failed for [C:\$Windows.~LS\*]; GLE = 0x3[gle=0x00000003]
2018-06-12 13:17:19, Error                        EnumeratePathEx: FindFirstFile failed for [C:\$Windows.~LS\*]; GLE = 0x3[gle=0x00000003]
2018-06-12 13:17:19, Error                        EnumeratePathEx: FindFirstFile failed for [C:\ESD\\Windows\*]; GLE = 0x3[gle=0x00000003]
2018-06-12 13:17:19, Error                        EnumeratePathEx: FindFirstFile failed for [C:\ESD\\Windows\*]; GLE = 0x3[gle=0x00000003]
2018-06-12 13:17:19, Error                        EnumeratePathEx: FindFirstFile failed for [C:\$Windows.~WS\*]; GLE = 0x3[gle=0x00000003]
2018-06-12 13:17:19, Error                        EnumeratePathEx: FindFirstFile failed for [C:\$Windows.~WS\*]; GLE = 0x3[gle=0x00000003]
2018-06-12 13:17:19, Error                        EnumeratePathEx: FindFirstFile failed for [C:\ESD\Download\*]; GLE = 0x3[gle=0x00000003]
2018-06-12 13:17:19, Error                        EnumeratePathEx: FindFirstFile failed for [C:\ESD\Download\*]; GLE = 0x3[gle=0x00000003]
2018-06-14 12:15:41, Error                        EnumeratePathEx: FindFirstFile failed for [C:\$WINDOWS.~Q\*]; GLE = 0x3[gle=0x00000003]
2018-06-14 12:15:41, Error                        EnumeratePathEx: FindFirstFile failed for [C:\$WINDOWS.~Q\*]; GLE = 0x3[gle=0x00000003]
2018-06-14 12:15:41, Error                        EnumeratePathEx: FindFirstFile failed for [C:\$INPLACE.~TR\*]; GLE = 0x3[gle=0x00000003]
2018-06-14 12:15:41, Error                        EnumeratePathEx: FindFirstFile failed for [C:\$INPLACE.~TR\*]; GLE = 0x3[gle=0x00000003]
2018-06-14 12:15:41, Error                        EnumeratePathEx: FindFirstFile failed for [C:\$Windows.~LS\*]; GLE = 0x3[gle=0x00000003]
2018-06-14 12:15:41, Error                        EnumeratePathEx: FindFirstFile failed for [C:\$Windows.~LS\*]; GLE = 0x3[gle=0x00000003]
2018-06-14 12:15:41, Error                        EnumeratePathEx: FindFirstFile failed for [C:\ESD\\Windows\*]; GLE = 0x3[gle=0x00000003]
2018-06-14 12:15:41, Error                        EnumeratePathEx: FindFirstFile failed for [C:\ESD\\Windows\*]; GLE = 0x3[gle=0x00000003]
2018-06-14 12:15:41, Error                        EnumeratePathEx: FindFirstFile failed for [C:\$Windows.~WS\*]; GLE = 0x3[gle=0x00000003]
2018-06-14 12:15:41, Error                        EnumeratePathEx: FindFirstFile failed for [C:\$Windows.~WS\*]; GLE = 0x3[gle=0x00000003]
2018-06-14 12:15:41, Error                        EnumeratePathEx: FindFirstFile failed for [C:\ESD\Download\*]; GLE = 0x3[gle=0x00000003]
2018-06-14 12:15:41, Error                        EnumeratePathEx: FindFirstFile failed for [C:\ESD\Download\*]; GLE = 0x3[gle=0x00000003]
2018-06-17 13:57:06, Error                        EnumeratePathEx: FindFirstFile failed for [C:\$WINDOWS.~Q\*]; GLE = 0x3[gle=0x00000003]
2018-06-17 13:57:06, Error                        EnumeratePathEx: FindFirstFile failed for [C:\$WINDOWS.~Q\*]; GLE = 0x3[gle=0x00000003]
2018-06-17 13:57:06, Error                        EnumeratePathEx: FindFirstFile failed for [C:\$INPLACE.~TR\*]; GLE = 0x3[gle=0x00000003]
2018-06-17 13:57:06, Error                        EnumeratePathEx: FindFirstFile failed for [C:\$INPLACE.~TR\*]; GLE = 0x3[gle=0x00000003]
2018-06-17 13:57:06, Error                        EnumeratePathEx: FindFirstFile failed for [C:\$Windows.~LS\*]; GLE = 0x3[gle=0x00000003]
2018-06-17 13:57:06, Error                        EnumeratePathEx: FindFirstFile failed for [C:\$Windows.~LS\*]; GLE = 0x3[gle=0x00000003]
2018-06-17 13:57:06, Error                        EnumeratePathEx: FindFirstFile failed for [C:\ESD\\Windows\*]; GLE = 0x3[gle=0x00000003]
2018-06-17 13:57:06, Error                        EnumeratePathEx: FindFirstFile failed for [C:\ESD\\Windows\*]; GLE = 0x3[gle=0x00000003]
2018-06-17 13:57:06, Error                        EnumeratePathEx: FindFirstFile failed for [C:\$Windows.~WS\*]; GLE = 0x3[gle=0x00000003]
2018-06-17 13:57:06, Error                        EnumeratePathEx: FindFirstFile failed for [C:\$Windows.~WS\*]; GLE = 0x3[gle=0x00000003]
2018-06-17 13:57:06, Error                        EnumeratePathEx: FindFirstFile failed for [C:\ESD\Download\*]; GLE = 0x3[gle=0x00000003]
2018-06-17 13:57:06, Error                        EnumeratePathEx: FindFirstFile failed for [C:\ESD\Download\*]; GLE = 0x3[gle=0x00000003]
2018-06-18 15:05:23, Error                        EnumeratePathEx: FindFirstFile failed for [C:\$WINDOWS.~Q\*]; GLE = 0x3[gle=0x00000003]
2018-06-18 15:05:23, Error                        EnumeratePathEx: FindFirstFile failed for [C:\$WINDOWS.~Q\*]; GLE = 0x3[gle=0x00000003]
2018-06-18 15:05:23, Error                        EnumeratePathEx: FindFirstFile failed for [C:\$INPLACE.~TR\*]; GLE = 0x3[gle=0x00000003]
2018-06-18 15:05:23, Error                        EnumeratePathEx: FindFirstFile failed for [C:\$INPLACE.~TR\*]; GLE = 0x3[gle=0x00000003]
2018-06-18 15:05:23, Error                        EnumeratePathEx: FindFirstFile failed for [C:\$Windows.~LS\*]; GLE = 0x3[gle=0x00000003]
2018-06-18 15:05:23, Error                        EnumeratePathEx: FindFirstFile failed for [C:\$Windows.~LS\*]; GLE = 0x3[gle=0x00000003]
2018-06-18 15:05:23, Error                        EnumeratePathEx: FindFirstFile failed for [C:\ESD\\Windows\*]; GLE = 0x3[gle=0x00000003]
2018-06-18 15:05:23, Error                        EnumeratePathEx: FindFirstFile failed for [C:\ESD\\Windows\*]; GLE = 0x3[gle=0x00000003]
2018-06-18 15:05:23, Error                        EnumeratePathEx: FindFirstFile failed for [C:\$Windows.~WS\*]; GLE = 0x3[gle=0x00000003]
2018-06-18 15:05:23, Error                        EnumeratePathEx: FindFirstFile failed for [C:\$Windows.~WS\*]; GLE = 0x3[gle=0x00000003]
2018-06-18 15:05:23, Error                        EnumeratePathEx: FindFirstFile failed for [C:\ESD\Download\*]; GLE = 0x3[gle=0x00000003]
2018-06-18 15:05:23, Error                        EnumeratePathEx: FindFirstFile failed for [C:\ESD\Download\*]; GLE = 0x3[gle=0x00000003]
2018-06-21 21:06:56, Error                        EnumeratePathEx: FindFirstFile failed for [C:\$WINDOWS.~Q\*]; GLE = 0x3[gle=0x00000003]
2018-06-21 21:06:56, Error                        EnumeratePathEx: FindFirstFile failed for [C:\$WINDOWS.~Q\*]; GLE = 0x3[gle=0x00000003]
2018-06-21 21:06:56, Error                        EnumeratePathEx: FindFirstFile failed for [C:\$INPLACE.~TR\*]; GLE = 0x3[gle=0x00000003]
2018-06-21 21:06:56, Error                        EnumeratePathEx: FindFirstFile failed for [C:\$INPLACE.~TR\*]; GLE = 0x3[gle=0x00000003]
2018-06-21 21:06:56, Error                        EnumeratePathEx: FindFirstFile failed for [C:\$Windows.~LS\*]; GLE = 0x3[gle=0x00000003]
2018-06-21 21:06:56, Error                        EnumeratePathEx: FindFirstFile failed for [C:\$Windows.~LS\*]; GLE = 0x3[gle=0x00000003]
2018-06-21 21:06:56, Error                        EnumeratePathEx: FindFirstFile failed for [C:\ESD\\Windows\*]; GLE = 0x3[gle=0x00000003]
2018-06-21 21:06:56, Error                        EnumeratePathEx: FindFirstFile failed for [C:\ESD\\Windows\*]; GLE = 0x3[gle=0x00000003]
2018-06-21 21:06:56, Error                        EnumeratePathEx: FindFirstFile failed for [C:\$Windows.~WS\*]; GLE = 0x3[gle=0x00000003]
2018-06-21 21:06:56, Error                        EnumeratePathEx: FindFirstFile failed for [C:\$Windows.~WS\*]; GLE = 0x3[gle=0x00000003]
2018-06-21 21:06:56, Error                        EnumeratePathEx: FindFirstFile failed for [C:\ESD\Download\*]; GLE = 0x3[gle=0x00000003]
2018-06-21 21:06:56, Error                        EnumeratePathEx: FindFirstFile failed for [C:\ESD\Download\*]; GLE = 0x3[gle=0x00000003]
2018-06-25 12:11:56, Error                        EnumeratePathEx: FindFirstFile failed for [C:\$WINDOWS.~Q\*]; GLE = 0x3[gle=0x00000003]
2018-06-25 12:11:56, Error                        EnumeratePathEx: FindFirstFile failed for [C:\$WINDOWS.~Q\*]; GLE = 0x3[gle=0x00000003]
2018-06-25 12:11:56, Error                        EnumeratePathEx: FindFirstFile failed for [C:\$INPLACE.~TR\*]; GLE = 0x3[gle=0x00000003]
2018-06-25 12:11:56, Error                        EnumeratePathEx: FindFirstFile failed for [C:\$INPLACE.~TR\*]; GLE = 0x3[gle=0x00000003]
2018-06-25 12:11:56, Error                        EnumeratePathEx: FindFirstFile failed for [C:\$Windows.~LS\*]; GLE = 0x3[gle=0x00000003]
2018-06-25 12:11:56, Error                        EnumeratePathEx: FindFirstFile failed for [C:\$Windows.~LS\*]; GLE = 0x3[gle=0x00000003]
2018-06-25 12:11:56, Error                        EnumeratePathEx: FindFirstFile failed for [C:\ESD\\Windows\*]; GLE = 0x3[gle=0x00000003]
2018-06-25 12:11:56, Error                        EnumeratePathEx: FindFirstFile failed for [C:\ESD\\Windows\*]; GLE = 0x3[gle=0x00000003]
2018-06-25 12:11:56, Error                        EnumeratePathEx: FindFirstFile failed for [C:\$Windows.~WS\*]; GLE = 0x3[gle=0x00000003]
2018-06-25 12:11:56, Error                        EnumeratePathEx: FindFirstFile failed for [C:\$Windows.~WS\*]; GLE = 0x3[gle=0x00000003]
2018-06-25 12:11:56, Error                        EnumeratePathEx: FindFirstFile failed for [C:\ESD\Download\*]; GLE = 0x3[gle=0x00000003]
2018-06-25 12:11:56, Error                        EnumeratePathEx: FindFirstFile failed for [C:\ESD\Download\*]; GLE = 0x3[gle=0x00000003]
2018-06-26 15:30:39, Error                        EnumeratePathEx: FindFirstFile failed for [C:\$WINDOWS.~Q\*]; GLE = 0x3[gle=0x00000003]
2018-06-26 15:30:39, Error                        EnumeratePathEx: FindFirstFile failed for [C:\$WINDOWS.~Q\*]; GLE = 0x3[gle=0x00000003]
2018-06-26 15:30:39, Error                        EnumeratePathEx: FindFirstFile failed for [C:\$INPLACE.~TR\*]; GLE = 0x3[gle=0x00000003]
2018-06-26 15:30:39, Error                        EnumeratePathEx: FindFirstFile failed for [C:\$INPLACE.~TR\*]; GLE = 0x3[gle=0x00000003]
2018-06-26 15:30:39, Error                        EnumeratePathEx: FindFirstFile failed for [C:\$Windows.~LS\*]; GLE = 0x3[gle=0x00000003]
2018-06-26 15:30:39, Error                        EnumeratePathEx: FindFirstFile failed for [C:\$Windows.~LS\*]; GLE = 0x3[gle=0x00000003]
2018-06-26 15:30:39, Error                        EnumeratePathEx: FindFirstFile failed for [C:\ESD\\Windows\*]; GLE = 0x3[gle=0x00000003]
2018-06-26 15:30:39, Error                        EnumeratePathEx: FindFirstFile failed for [C:\ESD\\Windows\*]; GLE = 0x3[gle=0x00000003]
2018-06-26 15:30:39, Error                        EnumeratePathEx: FindFirstFile failed for [C:\$Windows.~WS\*]; GLE = 0x3[gle=0x00000003]
2018-06-26 15:30:39, Error                        EnumeratePathEx: FindFirstFile failed for [C:\$Windows.~WS\*]; GLE = 0x3[gle=0x00000003]
2018-06-26 15:30:39, Error                        EnumeratePathEx: FindFirstFile failed for [C:\ESD\Download\*]; GLE = 0x3[gle=0x00000003]
2018-06-26 15:30:39, Error                        EnumeratePathEx: FindFirstFile failed for [C:\ESD\Download\*]; GLE = 0x3[gle=0x00000003]
2018-06-26 16:18:24, Error                        EnumeratePathEx: FindFirstFile failed for [C:\$WINDOWS.~Q\*]; GLE = 0x3[gle=0x00000003]
2018-06-26 16:18:24, Error                        EnumeratePathEx: FindFirstFile failed for [C:\$WINDOWS.~Q\*]; GLE = 0x3[gle=0x00000003]
2018-06-26 16:18:24, Error                        EnumeratePathEx: FindFirstFile failed for [C:\$INPLACE.~TR\*]; GLE = 0x3[gle=0x00000003]
2018-06-26 16:18:24, Error                        EnumeratePathEx: FindFirstFile failed for [C:\$INPLACE.~TR\*]; GLE = 0x3[gle=0x00000003]
2018-06-26 16:18:24, Error                        EnumeratePathEx: FindFirstFile failed for [C:\$Windows.~LS\*]; GLE = 0x3[gle=0x00000003]
2018-06-26 16:18:24, Error                        EnumeratePathEx: FindFirstFile failed for [C:\$Windows.~LS\*]; GLE = 0x3[gle=0x00000003]
2018-06-26 16:18:24, Error                        EnumeratePathEx: FindFirstFile failed for [C:\ESD\\Windows\*]; GLE = 0x3[gle=0x00000003]
2018-06-26 16:18:24, Error                        EnumeratePathEx: FindFirstFile failed for [C:\ESD\\Windows\*]; GLE = 0x3[gle=0x00000003]
2018-06-26 16:18:24, Error                        EnumeratePathEx: FindFirstFile failed for [C:\$Windows.~WS\*]; GLE = 0x3[gle=0x00000003]
2018-06-26 16:18:24, Error                        EnumeratePathEx: FindFirstFile failed for [C:\$Windows.~WS\*]; GLE = 0x3[gle=0x00000003]
2018-06-26 16:18:24, Error                        EnumeratePathEx: FindFirstFile failed for [C:\ESD\Download\*]; GLE = 0x3[gle=0x00000003]
2018-06-26 16:18:24, Error                        EnumeratePathEx: FindFirstFile failed for [C:\ESD\Download\*]; GLE = 0x3[gle=0x00000003]
2018-07-03 10:22:07, Error                        EnumeratePathEx: FindFirstFile failed for [C:\$WINDOWS.~Q\*]; GLE = 0x3[gle=0x00000003]
2018-07-03 10:22:07, Error                        EnumeratePathEx: FindFirstFile failed for [C:\$WINDOWS.~Q\*]; GLE = 0x3[gle=0x00000003]
2018-07-03 10:22:07, Error                        EnumeratePathEx: FindFirstFile failed for [C:\$INPLACE.~TR\*]; GLE = 0x3[gle=0x00000003]
2018-07-03 10:22:07, Error                        EnumeratePathEx: FindFirstFile failed for [C:\$INPLACE.~TR\*]; GLE = 0x3[gle=0x00000003]
2018-07-03 10:22:07, Error                        EnumeratePathEx: FindFirstFile failed for [C:\$Windows.~LS\*]; GLE = 0x3[gle=0x00000003]
2018-07-03 10:22:07, Error                        EnumeratePathEx: FindFirstFile failed for [C:\$Windows.~LS\*]; GLE = 0x3[gle=0x00000003]
2018-07-03 10:22:07, Error                        EnumeratePathEx: FindFirstFile failed for [C:\ESD\\Windows\*]; GLE = 0x3[gle=0x00000003]
2018-07-03 10:22:07, Error                        EnumeratePathEx: FindFirstFile failed for [C:\ESD\\Windows\*]; GLE = 0x3[gle=0x00000003]
2018-07-03 10:22:07, Error                        EnumeratePathEx: FindFirstFile failed for [C:\$Windows.~WS\*]; GLE = 0x3[gle=0x00000003]
2018-07-03 10:22:07, Error                        EnumeratePathEx: FindFirstFile failed for [C:\$Windows.~WS\*]; GLE = 0x3[gle=0x00000003]
2018-07-03 10:22:07, Error                        EnumeratePathEx: FindFirstFile failed for [C:\ESD\Download\*]; GLE = 0x3[gle=0x00000003]
2018-07-03 10:22:07, Error                        EnumeratePathEx: FindFirstFile failed for [C:\ESD\Download\*]; GLE = 0x3[gle=0x00000003]
2018-07-04 20:43:47, Error                        EnumeratePathEx: FindFirstFile failed for [C:\$WINDOWS.~Q\*]; GLE = 0x3[gle=0x00000003]
2018-07-04 20:43:47, Error                        EnumeratePathEx: FindFirstFile failed for [C:\$WINDOWS.~Q\*]; GLE = 0x3[gle=0x00000003]
2018-07-04 20:43:47, Error                        EnumeratePathEx: FindFirstFile failed for [C:\$INPLACE.~TR\*]; GLE = 0x3[gle=0x00000003]
2018-07-04 20:43:47, Error                        EnumeratePathEx: FindFirstFile failed for [C:\$INPLACE.~TR\*]; GLE = 0x3[gle=0x00000003]
2018-07-04 20:43:47, Error                        EnumeratePathEx: FindFirstFile failed for [C:\$Windows.~LS\*]; GLE = 0x3[gle=0x00000003]
2018-07-04 20:43:47, Error                        EnumeratePathEx: FindFirstFile failed for [C:\$Windows.~LS\*]; GLE = 0x3[gle=0x00000003]
2018-07-04 20:43:47, Error                        EnumeratePathEx: FindFirstFile failed for [C:\ESD\\Windows\*]; GLE = 0x3[gle=0x00000003]
2018-07-04 20:43:47, Error                        EnumeratePathEx: FindFirstFile failed for [C:\ESD\\Windows\*]; GLE = 0x3[gle=0x00000003]
2018-07-04 20:43:47, Error                        EnumeratePathEx: FindFirstFile failed for [C:\$Windows.~WS\*]; GLE = 0x3[gle=0x00000003]
2018-07-04 20:43:47, Error                        EnumeratePathEx: FindFirstFile failed for [C:\$Windows.~WS\*]; GLE = 0x3[gle=0x00000003]
2018-07-04 20:43:47, Error                        EnumeratePathEx: FindFirstFile failed for [C:\ESD\Download\*]; GLE = 0x3[gle=0x00000003]
2018-07-04 20:43:47, Error                        EnumeratePathEx: FindFirstFile failed for [C:\ESD\Download\*]; GLE = 0x3[gle=0x00000003]
2018-07-10 11:23:39, Error                        EnumeratePathEx: FindFirstFile failed for [C:\$WINDOWS.~Q\*]; GLE = 0x3[gle=0x00000003]
2018-07-10 11:23:39, Error                        EnumeratePathEx: FindFirstFile failed for [C:\$WINDOWS.~Q\*]; GLE = 0x3[gle=0x00000003]
2018-07-10 11:23:39, Error                        EnumeratePathEx: FindFirstFile failed for [C:\$INPLACE.~TR\*]; GLE = 0x3[gle=0x00000003]
2018-07-10 11:23:39, Error                        EnumeratePathEx: FindFirstFile failed for [C:\$INPLACE.~TR\*]; GLE = 0x3[gle=0x00000003]
2018-07-10 11:23:39, Error                        EnumeratePathEx: FindFirstFile failed for [C:\$Windows.~LS\*]; GLE = 0x3[gle=0x00000003]
2018-07-10 11:23:39, Error                        EnumeratePathEx: FindFirstFile failed for [C:\$Windows.~LS\*]; GLE = 0x3[gle=0x00000003]
2018-07-10 11:23:39, Error                        EnumeratePathEx: FindFirstFile failed for [C:\ESD\\Windows\*]; GLE = 0x3[gle=0x00000003]
2018-07-10 11:23:39, Error                        EnumeratePathEx: FindFirstFile failed for [C:\ESD\\Windows\*]; GLE = 0x3[gle=0x00000003]
2018-07-10 11:23:39, Error                        EnumeratePathEx: FindFirstFile failed for [C:\$Windows.~WS\*]; GLE = 0x3[gle=0x00000003]
2018-07-10 11:23:39, Error                        EnumeratePathEx: FindFirstFile failed for [C:\$Windows.~WS\*]; GLE = 0x3[gle=0x00000003]
2018-07-10 11:23:39, Error                        EnumeratePathEx: FindFirstFile failed for [C:\ESD\Download\*]; GLE = 0x3[gle=0x00000003]
2018-07-10 11:23:39, Error                        EnumeratePathEx: FindFirstFile failed for [C:\ESD\Download\*]; GLE = 0x3[gle=0x00000003]
2018-07-12 10:27:04, Error                        EnumeratePathEx: FindFirstFile failed for [C:\$WINDOWS.~Q\*]; GLE = 0x3[gle=0x00000003]
2018-07-12 10:27:04, Error                        EnumeratePathEx: FindFirstFile failed for [C:\$WINDOWS.~Q\*]; GLE = 0x3[gle=0x00000003]
2018-07-12 10:27:04, Error                        EnumeratePathEx: FindFirstFile failed for [C:\$INPLACE.~TR\*]; GLE = 0x3[gle=0x00000003]
2018-07-12 10:27:04, Error                        EnumeratePathEx: FindFirstFile failed for [C:\$INPLACE.~TR\*]; GLE = 0x3[gle=0x00000003]
2018-07-12 10:27:04, Error                        EnumeratePathEx: FindFirstFile failed for [C:\$Windows.~LS\*]; GLE = 0x3[gle=0x00000003]
2018-07-12 10:27:04, Error                        EnumeratePathEx: FindFirstFile failed for [C:\$Windows.~LS\*]; GLE = 0x3[gle=0x00000003]
2018-07-12 10:27:04, Error                        EnumeratePathEx: FindFirstFile failed for [C:\ESD\\Windows\*]; GLE = 0x3[gle=0x00000003]
2018-07-12 10:27:04, Error                        EnumeratePathEx: FindFirstFile failed for [C:\ESD\\Windows\*]; GLE = 0x3[gle=0x00000003]
2018-07-12 10:27:04, Error                        EnumeratePathEx: FindFirstFile failed for [C:\$Windows.~WS\*]; GLE = 0x3[gle=0x00000003]
2018-07-12 10:27:04, Error                        EnumeratePathEx: FindFirstFile failed for [C:\$Windows.~WS\*]; GLE = 0x3[gle=0x00000003]
2018-07-12 10:27:04, Error                        EnumeratePathEx: FindFirstFile failed for [C:\ESD\Download\*]; GLE = 0x3[gle=0x00000003]
2018-07-12 10:27:04, Error                        EnumeratePathEx: FindFirstFile failed for [C:\ESD\Download\*]; GLE = 0x3[gle=0x00000003]
2018-07-15 11:23:05, Error                        EnumeratePathEx: FindFirstFile failed for [C:\$WINDOWS.~Q\*]; GLE = 0x3[gle=0x00000003]
2018-07-15 11:23:05, Error                        EnumeratePathEx: FindFirstFile failed for [C:\$WINDOWS.~Q\*]; GLE = 0x3[gle=0x00000003]
2018-07-15 11:23:05, Error                        EnumeratePathEx: FindFirstFile failed for [C:\$INPLACE.~TR\*]; GLE = 0x3[gle=0x00000003]
2018-07-15 11:23:05, Error                        EnumeratePathEx: FindFirstFile failed for [C:\$INPLACE.~TR\*]; GLE = 0x3[gle=0x00000003]
2018-07-15 11:23:05, Error                        EnumeratePathEx: FindFirstFile failed for [C:\$Windows.~LS\*]; GLE = 0x3[gle=0x00000003]
2018-07-15 11:23:05, Error                        EnumeratePathEx: FindFirstFile failed for [C:\$Windows.~LS\*]; GLE = 0x3[gle=0x00000003]
2018-07-15 11:23:05, Error                        EnumeratePathEx: FindFirstFile failed for [C:\ESD\\Windows\*]; GLE = 0x3[gle=0x00000003]
2018-07-15 11:23:05, Error                        EnumeratePathEx: FindFirstFile failed for [C:\ESD\\Windows\*]; GLE = 0x3[gle=0x00000003]
2018-07-15 11:23:05, Error                        EnumeratePathEx: FindFirstFile failed for [C:\$Windows.~WS\*]; GLE = 0x3[gle=0x00000003]
2018-07-15 11:23:05, Error                        EnumeratePathEx: FindFirstFile failed for [C:\$Windows.~WS\*]; GLE = 0x3[gle=0x00000003]
2018-07-15 11:23:05, Error                        EnumeratePathEx: FindFirstFile failed for [C:\ESD\Download\*]; GLE = 0x3[gle=0x00000003]
2018-07-15 11:23:05, Error                        EnumeratePathEx: FindFirstFile failed for [C:\ESD\Download\*]; GLE = 0x3[gle=0x00000003]
2018-07-16 17:17:07, Error                        EnumeratePathEx: FindFirstFile failed for [C:\$WINDOWS.~Q\*]; GLE = 0x3[gle=0x00000003]
2018-07-16 17:17:07, Error                        EnumeratePathEx: FindFirstFile failed for [C:\$WINDOWS.~Q\*]; GLE = 0x3[gle=0x00000003]
2018-07-16 17:17:07, Error                        EnumeratePathEx: FindFirstFile failed for [C:\$INPLACE.~TR\*]; GLE = 0x3[gle=0x00000003]
2018-07-16 17:17:07, Error                        EnumeratePathEx: FindFirstFile failed for [C:\$INPLACE.~TR\*]; GLE = 0x3[gle=0x00000003]
2018-07-16 17:17:07, Error                        EnumeratePathEx: FindFirstFile failed for [C:\$Windows.~LS\*]; GLE = 0x3[gle=0x00000003]
2018-07-16 17:17:07, Error                        EnumeratePathEx: FindFirstFile failed for [C:\$Windows.~LS\*]; GLE = 0x3[gle=0x00000003]
2018-07-16 17:17:07, Error                        EnumeratePathEx: FindFirstFile failed for [C:\ESD\\Windows\*]; GLE = 0x3[gle=0x00000003]
2018-07-16 17:17:07, Error                        EnumeratePathEx: FindFirstFile failed for [C:\ESD\\Windows\*]; GLE = 0x3[gle=0x00000003]
2018-07-16 17:17:07, Error                        EnumeratePathEx: FindFirstFile failed for [C:\$Windows.~WS\*]; GLE = 0x3[gle=0x00000003]
2018-07-16 17:17:07, Error                        EnumeratePathEx: FindFirstFile failed for [C:\$Windows.~WS\*]; GLE = 0x3[gle=0x00000003]
2018-07-16 17:17:07, Error                        EnumeratePathEx: FindFirstFile failed for [C:\ESD\Download\*]; GLE = 0x3[gle=0x00000003]
2018-07-16 17:17:07, Error                        EnumeratePathEx: FindFirstFile failed for [C:\ESD\Download\*]; GLE = 0x3[gle=0x00000003]
2018-07-18 14:15:03, Error                        EnumeratePathEx: FindFirstFile failed for [C:\$WINDOWS.~Q\*]; GLE = 0x3[gle=0x00000003]
2018-07-18 14:15:03, Error                        EnumeratePathEx: FindFirstFile failed for [C:\$WINDOWS.~Q\*]; GLE = 0x3[gle=0x00000003]
2018-07-18 14:15:03, Error                        EnumeratePathEx: FindFirstFile failed for [C:\$INPLACE.~TR\*]; GLE = 0x3[gle=0x00000003]
2018-07-18 14:15:03, Error                        EnumeratePathEx: FindFirstFile failed for [C:\$INPLACE.~TR\*]; GLE = 0x3[gle=0x00000003]
2018-07-18 14:15:03, Error                        EnumeratePathEx: FindFirstFile failed for [C:\$Windows.~LS\*]; GLE = 0x3[gle=0x00000003]
2018-07-18 14:15:03, Error                        EnumeratePathEx: FindFirstFile failed for [C:\$Windows.~LS\*]; GLE = 0x3[gle=0x00000003]
2018-07-18 14:15:03, Error                        EnumeratePathEx: FindFirstFile failed for [C:\ESD\\Windows\*]; GLE = 0x3[gle=0x00000003]
2018-07-18 14:15:03, Error                        EnumeratePathEx: FindFirstFile failed for [C:\ESD\\Windows\*]; GLE = 0x3[gle=0x00000003]
2018-07-18 14:15:03, Error                        EnumeratePathEx: FindFirstFile failed for [C:\$Windows.~WS\*]; GLE = 0x3[gle=0x00000003]
2018-07-18 14:15:03, Error                        EnumeratePathEx: FindFirstFile failed for [C:\$Windows.~WS\*]; GLE = 0x3[gle=0x00000003]
2018-07-18 14:15:03, Error                        EnumeratePathEx: FindFirstFile failed for [C:\ESD\Download\*]; GLE = 0x3[gle=0x00000003]
2018-07-18 14:15:03, Error                        EnumeratePathEx: FindFirstFile failed for [C:\ESD\Download\*]; GLE = 0x3[gle=0x00000003]
2018-07-20 20:09:32, Error                        EnumeratePathEx: FindFirstFile failed for [C:\$WINDOWS.~Q\*]; GLE = 0x3[gle=0x00000003]
2018-07-20 20:09:32, Error                        EnumeratePathEx: FindFirstFile failed for [C:\$WINDOWS.~Q\*]; GLE = 0x3[gle=0x00000003]
2018-07-20 20:09:32, Error                        EnumeratePathEx: FindFirstFile failed for [C:\$INPLACE.~TR\*]; GLE = 0x3[gle=0x00000003]
2018-07-20 20:09:32, Error                        EnumeratePathEx: FindFirstFile failed for [C:\$INPLACE.~TR\*]; GLE = 0x3[gle=0x00000003]
2018-07-20 20:09:32, Error                        EnumeratePathEx: FindFirstFile failed for [C:\$Windows.~LS\*]; GLE = 0x3[gle=0x00000003]
2018-07-20 20:09:32, Error                        EnumeratePathEx: FindFirstFile failed for [C:\$Windows.~LS\*]; GLE = 0x3[gle=0x00000003]
2018-07-20 20:09:32, Error                        EnumeratePathEx: FindFirstFile failed for [C:\ESD\\Windows\*]; GLE = 0x3[gle=0x00000003]
2018-07-20 20:09:32, Error                        EnumeratePathEx: FindFirstFile failed for [C:\ESD\\Windows\*]; GLE = 0x3[gle=0x00000003]
2018-07-20 20:09:32, Error                        EnumeratePathEx: FindFirstFile failed for [C:\$Windows.~WS\*]; GLE = 0x3[gle=0x00000003]
2018-07-20 20:09:32, Error                        EnumeratePathEx: FindFirstFile failed for [C:\$Windows.~WS\*]; GLE = 0x3[gle=0x00000003]
2018-07-20 20:09:32, Error                        EnumeratePathEx: FindFirstFile failed for [C:\ESD\Download\*]; GLE = 0x3[gle=0x00000003]
2018-07-20 20:09:32, Error                        EnumeratePathEx: FindFirstFile failed for [C:\ESD\Download\*]; GLE = 0x3[gle=0x00000003]
2018-07-22 13:27:23, Error                        EnumeratePathEx: FindFirstFile failed for [C:\$WINDOWS.~Q\*]; GLE = 0x3[gle=0x00000003]
2018-07-22 13:27:23, Error                        EnumeratePathEx: FindFirstFile failed for [C:\$WINDOWS.~Q\*]; GLE = 0x3[gle=0x00000003]
2018-07-22 13:27:23, Error                        EnumeratePathEx: FindFirstFile failed for [C:\$INPLACE.~TR\*]; GLE = 0x3[gle=0x00000003]
2018-07-22 13:27:23, Error                        EnumeratePathEx: FindFirstFile failed for [C:\$INPLACE.~TR\*]; GLE = 0x3[gle=0x00000003]
2018-07-22 13:27:23, Error                        EnumeratePathEx: FindFirstFile failed for [C:\$Windows.~LS\*]; GLE = 0x3[gle=0x00000003]
2018-07-22 13:27:23, Error                        EnumeratePathEx: FindFirstFile failed for [C:\$Windows.~LS\*]; GLE = 0x3[gle=0x00000003]
2018-07-22 13:27:23, Error                        EnumeratePathEx: FindFirstFile failed for [C:\ESD\\Windows\*]; GLE = 0x3[gle=0x00000003]
2018-07-22 13:27:23, Error                        EnumeratePathEx: FindFirstFile failed for [C:\ESD\\Windows\*]; GLE = 0x3[gle=0x00000003]
2018-07-22 13:27:23, Error                        EnumeratePathEx: FindFirstFile failed for [C:\$Windows.~WS\*]; GLE = 0x3[gle=0x00000003]
2018-07-22 13:27:23, Error                        EnumeratePathEx: FindFirstFile failed for [C:\$Windows.~WS\*]; GLE = 0x3[gle=0x00000003]
2018-07-22 13:27:23, Error                        EnumeratePathEx: FindFirstFile failed for [C:\ESD\Download\*]; GLE = 0x3[gle=0x00000003]
2018-07-22 13:27:23, Error                        EnumeratePathEx: FindFirstFile failed for [C:\ESD\Download\*]; GLE = 0x3[gle=0x00000003]
2018-07-24 22:36:33, Error                        EnumeratePathEx: FindFirstFile failed for [C:\$WINDOWS.~Q\*]; GLE = 0x3[gle=0x00000003]
2018-07-24 22:36:33, Error                        EnumeratePathEx: FindFirstFile failed for [C:\$WINDOWS.~Q\*]; GLE = 0x3[gle=0x00000003]
2018-07-24 22:36:33, Error                        EnumeratePathEx: FindFirstFile failed for [C:\$INPLACE.~TR\*]; GLE = 0x3[gle=0x00000003]
2018-07-24 22:36:33, Error                        EnumeratePathEx: FindFirstFile failed for [C:\$INPLACE.~TR\*]; GLE = 0x3[gle=0x00000003]
2018-07-24 22:36:33, Error                        EnumeratePathEx: FindFirstFile failed for [C:\$Windows.~LS\*]; GLE = 0x3[gle=0x00000003]
2018-07-24 22:36:33, Error                        EnumeratePathEx: FindFirstFile failed for [C:\$Windows.~LS\*]; GLE = 0x3[gle=0x00000003]
2018-07-24 22:36:33, Error                        EnumeratePathEx: FindFirstFile failed for [C:\ESD\\Windows\*]; GLE = 0x3[gle=0x00000003]
2018-07-24 22:36:33, Error                        EnumeratePathEx: FindFirstFile failed for [C:\ESD\\Windows\*]; GLE = 0x3[gle=0x00000003]
2018-07-24 22:36:33, Error                        EnumeratePathEx: FindFirstFile failed for [C:\$Windows.~WS\*]; GLE = 0x3[gle=0x00000003]
2018-07-24 22:36:33, Error                        EnumeratePathEx: FindFirstFile failed for [C:\$Windows.~WS\*]; GLE = 0x3[gle=0x00000003]
2018-07-24 22:36:33, Error                        EnumeratePathEx: FindFirstFile failed for [C:\ESD\Download\*]; GLE = 0x3[gle=0x00000003]
2018-07-24 22:36:33, Error                        EnumeratePathEx: FindFirstFile failed for [C:\ESD\Download\*]; GLE = 0x3[gle=0x00000003]
2018-07-27 19:02:01, Error                        EnumeratePathEx: FindFirstFile failed for [C:\$WINDOWS.~Q\*]; GLE = 0x3[gle=0x00000003]
2018-07-27 19:02:01, Error                        EnumeratePathEx: FindFirstFile failed for [C:\$WINDOWS.~Q\*]; GLE = 0x3[gle=0x00000003]
2018-07-27 19:02:01, Error                        EnumeratePathEx: FindFirstFile failed for [C:\$INPLACE.~TR\*]; GLE = 0x3[gle=0x00000003]
2018-07-27 19:02:01, Error                        EnumeratePathEx: FindFirstFile failed for [C:\$INPLACE.~TR\*]; GLE = 0x3[gle=0x00000003]
2018-07-27 19:02:01, Error                        EnumeratePathEx: FindFirstFile failed for [C:\$Windows.~LS\*]; GLE = 0x3[gle=0x00000003]
2018-07-27 19:02:01, Error                        EnumeratePathEx: FindFirstFile failed for [C:\$Windows.~LS\*]; GLE = 0x3[gle=0x00000003]
2018-07-27 19:02:01, Error                        EnumeratePathEx: FindFirstFile failed for [C:\ESD\\Windows\*]; GLE = 0x3[gle=0x00000003]
2018-07-27 19:02:01, Error                        EnumeratePathEx: FindFirstFile failed for [C:\ESD\\Windows\*]; GLE = 0x3[gle=0x00000003]
2018-07-27 19:02:01, Error                        EnumeratePathEx: FindFirstFile failed for [C:\$Windows.~WS\*]; GLE = 0x3[gle=0x00000003]
2018-07-27 19:02:01, Error                        EnumeratePathEx: FindFirstFile failed for [C:\$Windows.~WS\*]; GLE = 0x3[gle=0x00000003]
2018-07-27 19:02:01, Error                        EnumeratePathEx: FindFirstFile failed for [C:\ESD\Download\*]; GLE = 0x3[gle=0x00000003]
2018-07-27 19:02:01, Error                        EnumeratePathEx: FindFirstFile failed for [C:\ESD\Download\*]; GLE = 0x3[gle=0x00000003]
2018-07-28 23:28:14, Error                        EnumeratePathEx: FindFirstFile failed for [C:\$WINDOWS.~Q\*]; GLE = 0x3[gle=0x00000003]
2018-07-28 23:28:14, Error                        EnumeratePathEx: FindFirstFile failed for [C:\$WINDOWS.~Q\*]; GLE = 0x3[gle=0x00000003]
2018-07-28 23:28:14, Error                        EnumeratePathEx: FindFirstFile failed for [C:\$INPLACE.~TR\*]; GLE = 0x3[gle=0x00000003]
2018-07-28 23:28:14, Error                        EnumeratePathEx: FindFirstFile failed for [C:\$INPLACE.~TR\*]; GLE = 0x3[gle=0x00000003]
2018-07-28 23:28:14, Error                        EnumeratePathEx: FindFirstFile failed for [C:\$Windows.~LS\*]; GLE = 0x3[gle=0x00000003]
2018-07-28 23:28:14, Error                        EnumeratePathEx: FindFirstFile failed for [C:\$Windows.~LS\*]; GLE = 0x3[gle=0x00000003]
2018-07-28 23:28:14, Error                        EnumeratePathEx: FindFirstFile failed for [C:\ESD\\Windows\*]; GLE = 0x3[gle=0x00000003]
2018-07-28 23:28:14, Error                        EnumeratePathEx: FindFirstFile failed for [C:\ESD\\Windows\*]; GLE = 0x3[gle=0x00000003]
2018-07-28 23:28:14, Error                        EnumeratePathEx: FindFirstFile failed for [C:\$Windows.~WS\*]; GLE = 0x3[gle=0x00000003]
2018-07-28 23:28:14, Error                        EnumeratePathEx: FindFirstFile failed for [C:\$Windows.~WS\*]; GLE = 0x3[gle=0x00000003]
2018-07-28 23:28:14, Error                        EnumeratePathEx: FindFirstFile failed for [C:\ESD\Download\*]; GLE = 0x3[gle=0x00000003]
2018-07-28 23:28:14, Error                        EnumeratePathEx: FindFirstFile failed for [C:\ESD\Download\*]; GLE = 0x3[gle=0x00000003]
2018-07-30 13:01:55, Error                        EnumeratePathEx: FindFirstFile failed for [C:\$WINDOWS.~Q\*]; GLE = 0x3[gle=0x00000003]
2018-07-30 13:01:55, Error                        EnumeratePathEx: FindFirstFile failed for [C:\$WINDOWS.~Q\*]; GLE = 0x3[gle=0x00000003]
2018-07-30 13:01:55, Error                        EnumeratePathEx: FindFirstFile failed for [C:\$INPLACE.~TR\*]; GLE = 0x3[gle=0x00000003]
2018-07-30 13:01:55, Error                        EnumeratePathEx: FindFirstFile failed for [C:\$INPLACE.~TR\*]; GLE = 0x3[gle=0x00000003]
2018-07-30 13:01:55, Error                        EnumeratePathEx: FindFirstFile failed for [C:\$Windows.~LS\*]; GLE = 0x3[gle=0x00000003]
2018-07-30 13:01:55, Error                        EnumeratePathEx: FindFirstFile failed for [C:\$Windows.~LS\*]; GLE = 0x3[gle=0x00000003]
2018-07-30 13:01:55, Error                        EnumeratePathEx: FindFirstFile failed for [C:\ESD\\Windows\*]; GLE = 0x3[gle=0x00000003]
2018-07-30 13:01:55, Error                        EnumeratePathEx: FindFirstFile failed for [C:\ESD\\Windows\*]; GLE = 0x3[gle=0x00000003]
2018-07-30 13:01:55, Error                        EnumeratePathEx: FindFirstFile failed for [C:\$Windows.~WS\*]; GLE = 0x3[gle=0x00000003]
2018-07-30 13:01:55, Error                        EnumeratePathEx: FindFirstFile failed for [C:\$Windows.~WS\*]; GLE = 0x3[gle=0x00000003]
2018-07-30 13:01:55, Error                        EnumeratePathEx: FindFirstFile failed for [C:\ESD\Download\*]; GLE = 0x3[gle=0x00000003]
2018-07-30 13:01:55, Error                        EnumeratePathEx: FindFirstFile failed for [C:\ESD\Download\*]; GLE = 0x3[gle=0x00000003]
2018-07-31 16:13:14, Error                        EnumeratePathEx: FindFirstFile failed for [C:\$WINDOWS.~Q\*]; GLE = 0x3[gle=0x00000003]
2018-07-31 16:13:14, Error                        EnumeratePathEx: FindFirstFile failed for [C:\$WINDOWS.~Q\*]; GLE = 0x3[gle=0x00000003]
2018-07-31 16:13:14, Error                        EnumeratePathEx: FindFirstFile failed for [C:\$INPLACE.~TR\*]; GLE = 0x3[gle=0x00000003]
2018-07-31 16:13:14, Error                        EnumeratePathEx: FindFirstFile failed for [C:\$INPLACE.~TR\*]; GLE = 0x3[gle=0x00000003]
2018-07-31 16:13:14, Error                        EnumeratePathEx: FindFirstFile failed for [C:\$Windows.~LS\*]; GLE = 0x3[gle=0x00000003]
2018-07-31 16:13:14, Error                        EnumeratePathEx: FindFirstFile failed for [C:\$Windows.~LS\*]; GLE = 0x3[gle=0x00000003]
2018-07-31 16:13:14, Error                        EnumeratePathEx: FindFirstFile failed for [C:\ESD\\Windows\*]; GLE = 0x3[gle=0x00000003]
2018-07-31 16:13:14, Error                        EnumeratePathEx: FindFirstFile failed for [C:\ESD\\Windows\*]; GLE = 0x3[gle=0x00000003]
2018-07-31 16:13:14, Error                        EnumeratePathEx: FindFirstFile failed for [C:\$Windows.~WS\*]; GLE = 0x3[gle=0x00000003]
2018-07-31 16:13:14, Error                        EnumeratePathEx: FindFirstFile failed for [C:\$Windows.~WS\*]; GLE = 0x3[gle=0x00000003]
2018-07-31 16:13:14, Error                        EnumeratePathEx: FindFirstFile failed for [C:\ESD\Download\*]; GLE = 0x3[gle=0x00000003]
2018-07-31 16:13:14, Error                        EnumeratePathEx: FindFirstFile failed for [C:\ESD\Download\*]; GLE = 0x3[gle=0x00000003]
2018-08-02 14:52:57, Error                        EnumeratePathEx: FindFirstFile failed for [C:\$WINDOWS.~Q\*]; GLE = 0x3[gle=0x00000003]
2018-08-02 14:52:57, Error                        EnumeratePathEx: FindFirstFile failed for [C:\$WINDOWS.~Q\*]; GLE = 0x3[gle=0x00000003]
2018-08-02 14:52:57, Error                        EnumeratePathEx: FindFirstFile failed for [C:\$INPLACE.~TR\*]; GLE = 0x3[gle=0x00000003]
2018-08-02 14:52:57, Error                        EnumeratePathEx: FindFirstFile failed for [C:\$INPLACE.~TR\*]; GLE = 0x3[gle=0x00000003]
2018-08-02 14:52:57, Error                        EnumeratePathEx: FindFirstFile failed for [C:\$Windows.~LS\*]; GLE = 0x3[gle=0x00000003]
2018-08-02 14:52:57, Error                        EnumeratePathEx: FindFirstFile failed for [C:\$Windows.~LS\*]; GLE = 0x3[gle=0x00000003]
2018-08-02 14:52:57, Error                        EnumeratePathEx: FindFirstFile failed for [C:\ESD\\Windows\*]; GLE = 0x3[gle=0x00000003]
2018-08-02 14:52:57, Error                        EnumeratePathEx: FindFirstFile failed for [C:\ESD\\Windows\*]; GLE = 0x3[gle=0x00000003]
2018-08-02 14:52:57, Error                        EnumeratePathEx: FindFirstFile failed for [C:\$Windows.~WS\*]; GLE = 0x3[gle=0x00000003]
2018-08-02 14:52:57, Error                        EnumeratePathEx: FindFirstFile failed for [C:\$Windows.~WS\*]; GLE = 0x3[gle=0x00000003]
2018-08-02 14:52:57, Error                        EnumeratePathEx: FindFirstFile failed for [C:\ESD\Download\*]; GLE = 0x3[gle=0x00000003]
2018-08-02 14:52:57, Error                        EnumeratePathEx: FindFirstFile failed for [C:\ESD\Download\*]; GLE = 0x3[gle=0x00000003]
2018-08-03 15:03:09, Error                        EnumeratePathEx: FindFirstFile failed for [C:\$WINDOWS.~Q\*]; GLE = 0x3[gle=0x00000003]
2018-08-03 15:03:09, Error                        EnumeratePathEx: FindFirstFile failed for [C:\$WINDOWS.~Q\*]; GLE = 0x3[gle=0x00000003]
2018-08-03 15:03:09, Error                        EnumeratePathEx: FindFirstFile failed for [C:\$INPLACE.~TR\*]; GLE = 0x3[gle=0x00000003]
2018-08-03 15:03:09, Error                        EnumeratePathEx: FindFirstFile failed for [C:\$INPLACE.~TR\*]; GLE = 0x3[gle=0x00000003]
2018-08-03 15:03:09, Error                        EnumeratePathEx: FindFirstFile failed for [C:\$Windows.~LS\*]; GLE = 0x3[gle=0x00000003]
2018-08-03 15:03:09, Error                        EnumeratePathEx: FindFirstFile failed for [C:\$Windows.~LS\*]; GLE = 0x3[gle=0x00000003]
2018-08-03 15:03:09, Error                        EnumeratePathEx: FindFirstFile failed for [C:\ESD\\Windows\*]; GLE = 0x3[gle=0x00000003]
2018-08-03 15:03:09, Error                        EnumeratePathEx: FindFirstFile failed for [C:\ESD\\Windows\*]; GLE = 0x3[gle=0x00000003]
2018-08-03 15:03:09, Error                        EnumeratePathEx: FindFirstFile failed for [C:\$Windows.~WS\*]; GLE = 0x3[gle=0x00000003]
2018-08-03 15:03:09, Error                        EnumeratePathEx: FindFirstFile failed for [C:\$Windows.~WS\*]; GLE = 0x3[gle=0x00000003]
2018-08-03 15:03:09, Error                        EnumeratePathEx: FindFirstFile failed for [C:\ESD\Download\*]; GLE = 0x3[gle=0x00000003]
2018-08-03 15:03:09, Error                        EnumeratePathEx: FindFirstFile failed for [C:\ESD\Download\*]; GLE = 0x3[gle=0x00000003]
2018-08-03 16:18:16, Error                        EnumeratePathEx: FindFirstFile failed for [C:\$WINDOWS.~Q\*]; GLE = 0x3[gle=0x00000003]
2018-08-03 16:18:16, Error                        EnumeratePathEx: FindFirstFile failed for [C:\$WINDOWS.~Q\*]; GLE = 0x3[gle=0x00000003]
2018-08-03 16:18:16, Error                        EnumeratePathEx: FindFirstFile failed for [C:\$INPLACE.~TR\*]; GLE = 0x3[gle=0x00000003]
2018-08-03 16:18:16, Error                        EnumeratePathEx: FindFirstFile failed for [C:\$INPLACE.~TR\*]; GLE = 0x3[gle=0x00000003]
2018-08-03 16:18:16, Error                        EnumeratePathEx: FindFirstFile failed for [C:\$Windows.~LS\*]; GLE = 0x3[gle=0x00000003]
2018-08-03 16:18:16, Error                        EnumeratePathEx: FindFirstFile failed for [C:\$Windows.~LS\*]; GLE = 0x3[gle=0x00000003]
2018-08-03 16:18:16, Error                        EnumeratePathEx: FindFirstFile failed for [C:\ESD\\Windows\*]; GLE = 0x3[gle=0x00000003]
2018-08-03 16:18:16, Error                        EnumeratePathEx: FindFirstFile failed for [C:\ESD\\Windows\*]; GLE = 0x3[gle=0x00000003]
2018-08-03 16:18:16, Error                        EnumeratePathEx: FindFirstFile failed for [C:\$Windows.~WS\*]; GLE = 0x3[gle=0x00000003]
2018-08-03 16:18:16, Error                        EnumeratePathEx: FindFirstFile failed for [C:\$Windows.~WS\*]; GLE = 0x3[gle=0x00000003]
2018-08-03 16:18:16, Error                        EnumeratePathEx: FindFirstFile failed for [C:\ESD\Download\*]; GLE = 0x3[gle=0x00000003]
2018-08-03 16:18:16, Error                        EnumeratePathEx: FindFirstFile failed for [C:\ESD\Download\*]; GLE = 0x3[gle=0x00000003]
2018-08-04 19:24:27, Error                        EnumeratePathEx: FindFirstFile failed for [C:\$WINDOWS.~Q\*]; GLE = 0x3[gle=0x00000003]
2018-08-04 19:24:27, Error                        EnumeratePathEx: FindFirstFile failed for [C:\$WINDOWS.~Q\*]; GLE = 0x3[gle=0x00000003]
2018-08-04 19:24:27, Error                        EnumeratePathEx: FindFirstFile failed for [C:\$INPLACE.~TR\*]; GLE = 0x3[gle=0x00000003]
2018-08-04 19:24:27, Error                        EnumeratePathEx: FindFirstFile failed for [C:\$INPLACE.~TR\*]; GLE = 0x3[gle=0x00000003]
2018-08-04 19:24:27, Error                        EnumeratePathEx: FindFirstFile failed for [C:\$Windows.~LS\*]; GLE = 0x3[gle=0x00000003]
2018-08-04 19:24:27, Error                        EnumeratePathEx: FindFirstFile failed for [C:\$Windows.~LS\*]; GLE = 0x3[gle=0x00000003]
2018-08-04 19:24:27, Error                        EnumeratePathEx: FindFirstFile failed for [C:\ESD\\Windows\*]; GLE = 0x3[gle=0x00000003]
2018-08-04 19:24:27, Error                        EnumeratePathEx: FindFirstFile failed for [C:\ESD\\Windows\*]; GLE = 0x3[gle=0x00000003]
2018-08-04 19:24:27, Error                        EnumeratePathEx: FindFirstFile failed for [C:\$Windows.~WS\*]; GLE = 0x3[gle=0x00000003]
2018-08-04 19:24:27, Error                        EnumeratePathEx: FindFirstFile failed for [C:\$Windows.~WS\*]; GLE = 0x3[gle=0x00000003]
2018-08-04 19:24:27, Error                        EnumeratePathEx: FindFirstFile failed for [C:\ESD\Download\*]; GLE = 0x3[gle=0x00000003]
2018-08-04 19:24:27, Error                        EnumeratePathEx: FindFirstFile failed for [C:\ESD\Download\*]; GLE = 0x3[gle=0x00000003]
2018-08-06 10:13:10, Error                        EnumeratePathEx: FindFirstFile failed for [C:\$WINDOWS.~Q\*]; GLE = 0x3[gle=0x00000003]
2018-08-06 10:13:10, Error                        EnumeratePathEx: FindFirstFile failed for [C:\$WINDOWS.~Q\*]; GLE = 0x3[gle=0x00000003]
2018-08-06 10:13:10, Error                        EnumeratePathEx: FindFirstFile failed for [C:\$INPLACE.~TR\*]; GLE = 0x3[gle=0x00000003]
2018-08-06 10:13:10, Error                        EnumeratePathEx: FindFirstFile failed for [C:\$INPLACE.~TR\*]; GLE = 0x3[gle=0x00000003]
2018-08-06 10:13:10, Error                        EnumeratePathEx: FindFirstFile failed for [C:\$Windows.~LS\*]; GLE = 0x3[gle=0x00000003]
2018-08-06 10:13:10, Error                        EnumeratePathEx: FindFirstFile failed for [C:\$Windows.~LS\*]; GLE = 0x3[gle=0x00000003]
2018-08-06 10:13:10, Error                        EnumeratePathEx: FindFirstFile failed for [C:\ESD\\Windows\*]; GLE = 0x3[gle=0x00000003]
2018-08-06 10:13:10, Error                        EnumeratePathEx: FindFirstFile failed for [C:\ESD\\Windows\*]; GLE = 0x3[gle=0x00000003]
2018-08-06 10:13:10, Error                        EnumeratePathEx: FindFirstFile failed for [C:\$Windows.~WS\*]; GLE = 0x3[gle=0x00000003]
2018-08-06 10:13:10, Error                        EnumeratePathEx: FindFirstFile failed for [C:\$Windows.~WS\*]; GLE = 0x3[gle=0x00000003]
2018-08-06 10:13:10, Error                        EnumeratePathEx: FindFirstFile failed for [C:\ESD\Download\*]; GLE = 0x3[gle=0x00000003]
2018-08-06 10:13:10, Error                        EnumeratePathEx: FindFirstFile failed for [C:\ESD\Download\*]; GLE = 0x3[gle=0x00000003]
2018-08-07 14:22:42, Error                        EnumeratePathEx: FindFirstFile failed for [C:\$WINDOWS.~Q\*]; GLE = 0x3[gle=0x00000003]
2018-08-07 14:22:42, Error                        EnumeratePathEx: FindFirstFile failed for [C:\$WINDOWS.~Q\*]; GLE = 0x3[gle=0x00000003]
2018-08-07 14:22:42, Error                        EnumeratePathEx: FindFirstFile failed for [C:\$INPLACE.~TR\*]; GLE = 0x3[gle=0x00000003]
2018-08-07 14:22:42, Error                        EnumeratePathEx: FindFirstFile failed for [C:\$INPLACE.~TR\*]; GLE = 0x3[gle=0x00000003]
2018-08-07 14:22:42, Error                        EnumeratePathEx: FindFirstFile failed for [C:\$Windows.~LS\*]; GLE = 0x3[gle=0x00000003]
2018-08-07 14:22:42, Error                        EnumeratePathEx: FindFirstFile failed for [C:\$Windows.~LS\*]; GLE = 0x3[gle=0x00000003]
2018-08-07 14:22:42, Error                        EnumeratePathEx: FindFirstFile failed for [C:\ESD\\Windows\*]; GLE = 0x3[gle=0x00000003]
2018-08-07 14:22:42, Error                        EnumeratePathEx: FindFirstFile failed for [C:\ESD\\Windows\*]; GLE = 0x3[gle=0x00000003]
2018-08-07 14:22:42, Error                        EnumeratePathEx: FindFirstFile failed for [C:\$Windows.~WS\*]; GLE = 0x3[gle=0x00000003]
2018-08-07 14:22:42, Error                        EnumeratePathEx: FindFirstFile failed for [C:\$Windows.~WS\*]; GLE = 0x3[gle=0x00000003]
2018-08-07 14:22:42, Error                        EnumeratePathEx: FindFirstFile failed for [C:\ESD\Download\*]; GLE = 0x3[gle=0x00000003]
2018-08-07 14:22:42, Error                        EnumeratePathEx: FindFirstFile failed for [C:\ESD\Download\*]; GLE = 0x3[gle=0x00000003]
2018-08-09 12:34:41, Error                        EnumeratePathEx: FindFirstFile failed for [C:\$WINDOWS.~Q\*]; GLE = 0x3[gle=0x00000003]
2018-08-09 12:34:41, Error                        EnumeratePathEx: FindFirstFile failed for [C:\$WINDOWS.~Q\*]; GLE = 0x3[gle=0x00000003]
2018-08-09 12:34:41, Error                        EnumeratePathEx: FindFirstFile failed for [C:\$INPLACE.~TR\*]; GLE = 0x3[gle=0x00000003]
2018-08-09 12:34:41, Error                        EnumeratePathEx: FindFirstFile failed for [C:\$INPLACE.~TR\*]; GLE = 0x3[gle=0x00000003]
2018-08-09 12:34:41, Error                        EnumeratePathEx: FindFirstFile failed for [C:\$Windows.~LS\*]; GLE = 0x3[gle=0x00000003]
2018-08-09 12:34:41, Error                        EnumeratePathEx: FindFirstFile failed for [C:\$Windows.~LS\*]; GLE = 0x3[gle=0x00000003]
2018-08-09 12:34:41, Error                        EnumeratePathEx: FindFirstFile failed for [C:\ESD\\Windows\*]; GLE = 0x3[gle=0x00000003]
2018-08-09 12:34:41, Error                        EnumeratePathEx: FindFirstFile failed for [C:\ESD\\Windows\*]; GLE = 0x3[gle=0x00000003]
2018-08-09 12:34:41, Error                        EnumeratePathEx: FindFirstFile failed for [C:\$Windows.~WS\*]; GLE = 0x3[gle=0x00000003]
2018-08-09 12:34:41, Error                        EnumeratePathEx: FindFirstFile failed for [C:\$Windows.~WS\*]; GLE = 0x3[gle=0x00000003]
2018-08-09 12:34:41, Error                        EnumeratePathEx: FindFirstFile failed for [C:\ESD\Download\*]; GLE = 0x3[gle=0x00000003]
2018-08-09 12:34:41, Error                        EnumeratePathEx: FindFirstFile failed for [C:\ESD\Download\*]; GLE = 0x3[gle=0x00000003]
2018-08-12 13:29:44, Error                        EnumeratePathEx: FindFirstFile failed for [C:\$WINDOWS.~Q\*]; GLE = 0x3[gle=0x00000003]
2018-08-12 13:29:44, Error                        EnumeratePathEx: FindFirstFile failed for [C:\$WINDOWS.~Q\*]; GLE = 0x3[gle=0x00000003]
2018-08-12 13:29:44, Error                        EnumeratePathEx: FindFirstFile failed for [C:\$INPLACE.~TR\*]; GLE = 0x3[gle=0x00000003]
2018-08-12 13:29:44, Error                        EnumeratePathEx: FindFirstFile failed for [C:\$INPLACE.~TR\*]; GLE = 0x3[gle=0x00000003]
2018-08-12 13:29:44, Error                        EnumeratePathEx: FindFirstFile failed for [C:\$Windows.~LS\*]; GLE = 0x3[gle=0x00000003]
2018-08-12 13:29:44, Error                        EnumeratePathEx: FindFirstFile failed for [C:\$Windows.~LS\*]; GLE = 0x3[gle=0x00000003]
2018-08-12 13:29:44, Error                        EnumeratePathEx: FindFirstFile failed for [C:\ESD\\Windows\*]; GLE = 0x3[gle=0x00000003]
2018-08-12 13:29:44, Error                        EnumeratePathEx: FindFirstFile failed for [C:\ESD\\Windows\*]; GLE = 0x3[gle=0x00000003]
2018-08-12 13:29:44, Error                        EnumeratePathEx: FindFirstFile failed for [C:\$Windows.~WS\*]; GLE = 0x3[gle=0x00000003]
2018-08-12 13:29:44, Error                        EnumeratePathEx: FindFirstFile failed for [C:\$Windows.~WS\*]; GLE = 0x3[gle=0x00000003]
2018-08-12 13:29:44, Error                        EnumeratePathEx: FindFirstFile failed for [C:\ESD\Download\*]; GLE = 0x3[gle=0x00000003]
2018-08-12 13:29:44, Error                        EnumeratePathEx: FindFirstFile failed for [C:\ESD\Download\*]; GLE = 0x3[gle=0x00000003]
2018-08-15 12:07:34, Error                        EnumeratePathEx: FindFirstFile failed for [C:\$WINDOWS.~Q\*]; GLE = 0x3[gle=0x00000003]
2018-08-15 12:07:34, Error                        EnumeratePathEx: FindFirstFile failed for [C:\$WINDOWS.~Q\*]; GLE = 0x3[gle=0x00000003]
2018-08-15 12:07:34, Error                        EnumeratePathEx: FindFirstFile failed for [C:\$INPLACE.~TR\*]; GLE = 0x3[gle=0x00000003]
2018-08-15 12:07:34, Error                        EnumeratePathEx: FindFirstFile failed for [C:\$INPLACE.~TR\*]; GLE = 0x3[gle=0x00000003]
2018-08-15 12:07:34, Error                        EnumeratePathEx: FindFirstFile failed for [C:\$Windows.~LS\*]; GLE = 0x3[gle=0x00000003]
2018-08-15 12:07:34, Error                        EnumeratePathEx: FindFirstFile failed for [C:\$Windows.~LS\*]; GLE = 0x3[gle=0x00000003]
2018-08-15 12:07:34, Error                        EnumeratePathEx: FindFirstFile failed for [C:\ESD\\Windows\*]; GLE = 0x3[gle=0x00000003]
2018-08-15 12:07:34, Error                        EnumeratePathEx: FindFirstFile failed for [C:\ESD\\Windows\*]; GLE = 0x3[gle=0x00000003]
2018-08-15 12:07:34, Error                        EnumeratePathEx: FindFirstFile failed for [C:\$Windows.~WS\*]; GLE = 0x3[gle=0x00000003]
2018-08-15 12:07:34, Error                        EnumeratePathEx: FindFirstFile failed for [C:\$Windows.~WS\*]; GLE = 0x3[gle=0x00000003]
2018-08-15 12:07:34, Error                        EnumeratePathEx: FindFirstFile failed for [C:\ESD\Download\*]; GLE = 0x3[gle=0x00000003]
2018-08-15 12:07:34, Error                        EnumeratePathEx: FindFirstFile failed for [C:\ESD\Download\*]; GLE = 0x3[gle=0x00000003]
2018-08-16 14:05:23, Error                        EnumeratePathEx: FindFirstFile failed for [C:\$WINDOWS.~Q\*]; GLE = 0x3[gle=0x00000003]
2018-08-16 14:05:23, Error                        EnumeratePathEx: FindFirstFile failed for [C:\$WINDOWS.~Q\*]; GLE = 0x3[gle=0x00000003]
2018-08-16 14:05:23, Error                        EnumeratePathEx: FindFirstFile failed for [C:\$INPLACE.~TR\*]; GLE = 0x3[gle=0x00000003]
2018-08-16 14:05:23, Error                        EnumeratePathEx: FindFirstFile failed for [C:\$INPLACE.~TR\*]; GLE = 0x3[gle=0x00000003]
2018-08-16 14:05:23, Error                        EnumeratePathEx: FindFirstFile failed for [C:\$Windows.~LS\*]; GLE = 0x3[gle=0x00000003]
2018-08-16 14:05:23, Error                        EnumeratePathEx: FindFirstFile failed for [C:\$Windows.~LS\*]; GLE = 0x3[gle=0x00000003]
2018-08-16 14:05:23, Error                        EnumeratePathEx: FindFirstFile failed for [C:\ESD\\Windows\*]; GLE = 0x3[gle=0x00000003]
2018-08-16 14:05:23, Error                        EnumeratePathEx: FindFirstFile failed for [C:\ESD\\Windows\*]; GLE = 0x3[gle=0x00000003]
2018-08-16 14:05:23, Error                        EnumeratePathEx: FindFirstFile failed for [C:\$Windows.~WS\*]; GLE = 0x3[gle=0x00000003]
2018-08-16 14:05:23, Error                        EnumeratePathEx: FindFirstFile failed for [C:\$Windows.~WS\*]; GLE = 0x3[gle=0x00000003]
2018-08-16 14:05:23, Error                        EnumeratePathEx: FindFirstFile failed for [C:\ESD\Download\*]; GLE = 0x3[gle=0x00000003]
2018-08-16 14:05:23, Error                        EnumeratePathEx: FindFirstFile failed for [C:\ESD\Download\*]; GLE = 0x3[gle=0x00000003]
2018-08-19 13:14:15, Error                        EnumeratePathEx: FindFirstFile failed for [C:\$WINDOWS.~Q\*]; GLE = 0x3[gle=0x00000003]
2018-08-19 13:14:15, Error                        EnumeratePathEx: FindFirstFile failed for [C:\$WINDOWS.~Q\*]; GLE = 0x3[gle=0x00000003]
2018-08-19 13:14:15, Error                        EnumeratePathEx: FindFirstFile failed for [C:\$INPLACE.~TR\*]; GLE = 0x3[gle=0x00000003]
2018-08-19 13:14:15, Error                        EnumeratePathEx: FindFirstFile failed for [C:\$INPLACE.~TR\*]; GLE = 0x3[gle=0x00000003]
2018-08-19 13:14:15, Error                        EnumeratePathEx: FindFirstFile failed for [C:\$Windows.~LS\*]; GLE = 0x3[gle=0x00000003]
2018-08-19 13:14:15, Error                        EnumeratePathEx: FindFirstFile failed for [C:\$Windows.~LS\*]; GLE = 0x3[gle=0x00000003]
2018-08-19 13:14:15, Error                        EnumeratePathEx: FindFirstFile failed for [C:\ESD\\Windows\*]; GLE = 0x3[gle=0x00000003]
2018-08-19 13:14:15, Error                        EnumeratePathEx: FindFirstFile failed for [C:\ESD\\Windows\*]; GLE = 0x3[gle=0x00000003]
2018-08-19 13:14:15, Error                        EnumeratePathEx: FindFirstFile failed for [C:\$Windows.~WS\*]; GLE = 0x3[gle=0x00000003]
2018-08-19 13:14:15, Error                        EnumeratePathEx: FindFirstFile failed for [C:\$Windows.~WS\*]; GLE = 0x3[gle=0x00000003]
2018-08-19 13:14:15, Error                        EnumeratePathEx: FindFirstFile failed for [C:\ESD\Download\*]; GLE = 0x3[gle=0x00000003]
2018-08-19 13:14:15, Error                        EnumeratePathEx: FindFirstFile failed for [C:\ESD\Download\*]; GLE = 0x3[gle=0x00000003]
2018-08-20 13:49:18, Error                        EnumeratePathEx: FindFirstFile failed for [C:\$WINDOWS.~Q\*]; GLE = 0x3[gle=0x00000003]
2018-08-20 13:49:18, Error                        EnumeratePathEx: FindFirstFile failed for [C:\$WINDOWS.~Q\*]; GLE = 0x3[gle=0x00000003]
2018-08-20 13:49:18, Error                        EnumeratePathEx: FindFirstFile failed for [C:\$INPLACE.~TR\*]; GLE = 0x3[gle=0x00000003]
2018-08-20 13:49:18, Error                        EnumeratePathEx: FindFirstFile failed for [C:\$INPLACE.~TR\*]; GLE = 0x3[gle=0x00000003]
2018-08-20 13:49:18, Error                        EnumeratePathEx: FindFirstFile failed for [C:\$Windows.~LS\*]; GLE = 0x3[gle=0x00000003]
2018-08-20 13:49:18, Error                        EnumeratePathEx: FindFirstFile failed for [C:\$Windows.~LS\*]; GLE = 0x3[gle=0x00000003]
2018-08-20 13:49:18, Error                        EnumeratePathEx: FindFirstFile failed for [C:\ESD\\Windows\*]; GLE = 0x3[gle=0x00000003]
2018-08-20 13:49:18, Error                        EnumeratePathEx: FindFirstFile failed for [C:\ESD\\Windows\*]; GLE = 0x3[gle=0x00000003]
2018-08-20 13:49:18, Error                        EnumeratePathEx: FindFirstFile failed for [C:\$Windows.~WS\*]; GLE = 0x3[gle=0x00000003]
2018-08-20 13:49:18, Error                        EnumeratePathEx: FindFirstFile failed for [C:\$Windows.~WS\*]; GLE = 0x3[gle=0x00000003]
2018-08-20 13:49:18, Error                        EnumeratePathEx: FindFirstFile failed for [C:\ESD\Download\*]; GLE = 0x3[gle=0x00000003]
2018-08-20 13:49:18, Error                        EnumeratePathEx: FindFirstFile failed for [C:\ESD\Download\*]; GLE = 0x3[gle=0x00000003]
2018-08-21 15:15:57, Error                        EnumeratePathEx: FindFirstFile failed for [C:\$WINDOWS.~Q\*]; GLE = 0x3[gle=0x00000003]
2018-08-21 15:15:57, Error                        EnumeratePathEx: FindFirstFile failed for [C:\$WINDOWS.~Q\*]; GLE = 0x3[gle=0x00000003]
2018-08-21 15:15:57, Error                        EnumeratePathEx: FindFirstFile failed for [C:\$INPLACE.~TR\*]; GLE = 0x3[gle=0x00000003]
2018-08-21 15:15:57, Error                        EnumeratePathEx: FindFirstFile failed for [C:\$INPLACE.~TR\*]; GLE = 0x3[gle=0x00000003]
2018-08-21 15:15:57, Error                        EnumeratePathEx: FindFirstFile failed for [C:\$Windows.~LS\*]; GLE = 0x3[gle=0x00000003]
2018-08-21 15:15:57, Error                        EnumeratePathEx: FindFirstFile failed for [C:\$Windows.~LS\*]; GLE = 0x3[gle=0x00000003]
2018-08-21 15:15:57, Error                        EnumeratePathEx: FindFirstFile failed for [C:\ESD\\Windows\*]; GLE = 0x3[gle=0x00000003]
2018-08-21 15:15:57, Error                        EnumeratePathEx: FindFirstFile failed for [C:\ESD\\Windows\*]; GLE = 0x3[gle=0x00000003]
2018-08-21 15:15:57, Error                        EnumeratePathEx: FindFirstFile failed for [C:\$Windows.~WS\*]; GLE = 0x3[gle=0x00000003]
2018-08-21 15:15:57, Error                        EnumeratePathEx: FindFirstFile failed for [C:\$Windows.~WS\*]; GLE = 0x3[gle=0x00000003]
2018-08-21 15:15:57, Error                        EnumeratePathEx: FindFirstFile failed for [C:\ESD\Download\*]; GLE = 0x3[gle=0x00000003]
2018-08-21 15:15:57, Error                        EnumeratePathEx: FindFirstFile failed for [C:\ESD\Download\*]; GLE = 0x3[gle=0x00000003]
2018-08-21 16:35:03, Error                        EnumeratePathEx: FindFirstFile failed for [C:\$WINDOWS.~Q\*]; GLE = 0x3[gle=0x00000003]
2018-08-21 16:35:03, Error                        EnumeratePathEx: FindFirstFile failed for [C:\$WINDOWS.~Q\*]; GLE = 0x3[gle=0x00000003]
2018-08-21 16:35:03, Error                        EnumeratePathEx: FindFirstFile failed for [C:\$INPLACE.~TR\*]; GLE = 0x3[gle=0x00000003]
2018-08-21 16:35:03, Error                        EnumeratePathEx: FindFirstFile failed for [C:\$INPLACE.~TR\*]; GLE = 0x3[gle=0x00000003]
2018-08-21 16:35:03, Error                        EnumeratePathEx: FindFirstFile failed for [C:\$Windows.~LS\*]; GLE = 0x3[gle=0x00000003]
2018-08-21 16:35:03, Error                        EnumeratePathEx: FindFirstFile failed for [C:\$Windows.~LS\*]; GLE = 0x3[gle=0x00000003]
2018-08-21 16:35:03, Error                        EnumeratePathEx: FindFirstFile failed for [C:\ESD\\Windows\*]; GLE = 0x3[gle=0x00000003]
2018-08-21 16:35:03, Error                        EnumeratePathEx: FindFirstFile failed for [C:\ESD\\Windows\*]; GLE = 0x3[gle=0x00000003]
2018-08-21 16:35:03, Error                        EnumeratePathEx: FindFirstFile failed for [C:\$Windows.~WS\*]; GLE = 0x3[gle=0x00000003]
2018-08-21 16:35:03, Error                        EnumeratePathEx: FindFirstFile failed for [C:\$Windows.~WS\*]; GLE = 0x3[gle=0x00000003]
2018-08-21 16:35:03, Error                        EnumeratePathEx: FindFirstFile failed for [C:\ESD\Download\*]; GLE = 0x3[gle=0x00000003]
2018-08-21 16:35:03, Error                        EnumeratePathEx: FindFirstFile failed for [C:\ESD\Download\*]; GLE = 0x3[gle=0x00000003]
2018-08-23 11:23:51, Error                        EnumeratePathEx: FindFirstFile failed for [C:\$WINDOWS.~Q\*]; GLE = 0x3[gle=0x00000003]
2018-08-23 11:23:51, Error                        EnumeratePathEx: FindFirstFile failed for [C:\$WINDOWS.~Q\*]; GLE = 0x3[gle=0x00000003]
2018-08-23 11:23:51, Error                        EnumeratePathEx: FindFirstFile failed for [C:\$INPLACE.~TR\*]; GLE = 0x3[gle=0x00000003]
2018-08-23 11:23:51, Error                        EnumeratePathEx: FindFirstFile failed for [C:\$INPLACE.~TR\*]; GLE = 0x3[gle=0x00000003]
2018-08-23 11:23:51, Error                        EnumeratePathEx: FindFirstFile failed for [C:\$Windows.~LS\*]; GLE = 0x3[gle=0x00000003]
2018-08-23 11:23:51, Error                        EnumeratePathEx: FindFirstFile failed for [C:\$Windows.~LS\*]; GLE = 0x3[gle=0x00000003]
2018-08-23 11:23:51, Error                        EnumeratePathEx: FindFirstFile failed for [C:\ESD\\Windows\*]; GLE = 0x3[gle=0x00000003]
2018-08-23 11:23:51, Error                        EnumeratePathEx: FindFirstFile failed for [C:\ESD\\Windows\*]; GLE = 0x3[gle=0x00000003]
2018-08-23 11:23:51, Error                        EnumeratePathEx: FindFirstFile failed for [C:\$Windows.~WS\*]; GLE = 0x3[gle=0x00000003]
2018-08-23 11:23:51, Error                        EnumeratePathEx: FindFirstFile failed for [C:\$Windows.~WS\*]; GLE = 0x3[gle=0x00000003]
2018-08-23 11:23:51, Error                        EnumeratePathEx: FindFirstFile failed for [C:\ESD\Download\*]; GLE = 0x3[gle=0x00000003]
2018-08-23 11:23:51, Error                        EnumeratePathEx: FindFirstFile failed for [C:\ESD\Download\*]; GLE = 0x3[gle=0x00000003]
2018-08-25 17:49:03, Error                        EnumeratePathEx: FindFirstFile failed for [C:\$WINDOWS.~Q\*]; GLE = 0x3[gle=0x00000003]
2018-08-25 17:49:03, Error                        EnumeratePathEx: FindFirstFile failed for [C:\$WINDOWS.~Q\*]; GLE = 0x3[gle=0x00000003]
2018-08-25 17:49:03, Error                        EnumeratePathEx: FindFirstFile failed for [C:\$INPLACE.~TR\*]; GLE = 0x3[gle=0x00000003]
2018-08-25 17:49:03, Error                        EnumeratePathEx: FindFirstFile failed for [C:\$INPLACE.~TR\*]; GLE = 0x3[gle=0x00000003]
2018-08-25 17:49:03, Error                        EnumeratePathEx: FindFirstFile failed for [C:\$Windows.~LS\*]; GLE = 0x3[gle=0x00000003]
2018-08-25 17:49:03, Error                        EnumeratePathEx: FindFirstFile failed for [C:\$Windows.~LS\*]; GLE = 0x3[gle=0x00000003]
2018-08-25 17:49:03, Error                        EnumeratePathEx: FindFirstFile failed for [C:\ESD\\Windows\*]; GLE = 0x3[gle=0x00000003]
2018-08-25 17:49:03, Error                        EnumeratePathEx: FindFirstFile failed for [C:\ESD\\Windows\*]; GLE = 0x3[gle=0x00000003]
2018-08-25 17:49:03, Error                        EnumeratePathEx: FindFirstFile failed for [C:\$Windows.~WS\*]; GLE = 0x3[gle=0x00000003]
2018-08-25 17:49:03, Error                        EnumeratePathEx: FindFirstFile failed for [C:\$Windows.~WS\*]; GLE = 0x3[gle=0x00000003]
2018-08-25 17:49:03, Error                        EnumeratePathEx: FindFirstFile failed for [C:\ESD\Download\*]; GLE = 0x3[gle=0x00000003]
2018-08-25 17:49:03, Error                        EnumeratePathEx: FindFirstFile failed for [C:\ESD\Download\*]; GLE = 0x3[gle=0x00000003]
2018-08-27 10:26:38, Error                        EnumeratePathEx: FindFirstFile failed for [C:\$WINDOWS.~Q\*]; GLE = 0x3[gle=0x00000003]
2018-08-27 10:26:38, Error                        EnumeratePathEx: FindFirstFile failed for [C:\$WINDOWS.~Q\*]; GLE = 0x3[gle=0x00000003]
2018-08-27 10:26:38, Error                        EnumeratePathEx: FindFirstFile failed for [C:\$INPLACE.~TR\*]; GLE = 0x3[gle=0x00000003]
2018-08-27 10:26:38, Error                        EnumeratePathEx: FindFirstFile failed for [C:\$INPLACE.~TR\*]; GLE = 0x3[gle=0x00000003]
2018-08-27 10:26:38, Error                        EnumeratePathEx: FindFirstFile failed for [C:\$Windows.~LS\*]; GLE = 0x3[gle=0x00000003]
2018-08-27 10:26:38, Error                        EnumeratePathEx: FindFirstFile failed for [C:\$Windows.~LS\*]; GLE = 0x3[gle=0x00000003]
2018-08-27 10:26:38, Error                        EnumeratePathEx: FindFirstFile failed for [C:\ESD\\Windows\*]; GLE = 0x3[gle=0x00000003]
2018-08-27 10:26:38, Error                        EnumeratePathEx: FindFirstFile failed for [C:\ESD\\Windows\*]; GLE = 0x3[gle=0x00000003]
2018-08-27 10:26:38, Error                        EnumeratePathEx: FindFirstFile failed for [C:\$Windows.~WS\*]; GLE = 0x3[gle=0x00000003]
2018-08-27 10:26:38, Error                        EnumeratePathEx: FindFirstFile failed for [C:\$Windows.~WS\*]; GLE = 0x3[gle=0x00000003]
2018-08-27 10:26:38, Error                        EnumeratePathEx: FindFirstFile failed for [C:\ESD\Download\*]; GLE = 0x3[gle=0x00000003]
2018-08-27 10:26:38, Error                        EnumeratePathEx: FindFirstFile failed for [C:\ESD\Download\*]; GLE = 0x3[gle=0x00000003]
2018-08-27 12:19:13, Error                        EnumeratePathEx: FindFirstFile failed for [C:\$WINDOWS.~Q\*]; GLE = 0x3[gle=0x00000003]
2018-08-27 12:19:13, Error                        EnumeratePathEx: FindFirstFile failed for [C:\$WINDOWS.~Q\*]; GLE = 0x3[gle=0x00000003]
2018-08-27 12:19:13, Error                        EnumeratePathEx: FindFirstFile failed for [C:\$INPLACE.~TR\*]; GLE = 0x3[gle=0x00000003]
2018-08-27 12:19:13, Error                        EnumeratePathEx: FindFirstFile failed for [C:\$INPLACE.~TR\*]; GLE = 0x3[gle=0x00000003]
2018-08-27 12:19:13, Error                        EnumeratePathEx: FindFirstFile failed for [C:\$Windows.~LS\*]; GLE = 0x3[gle=0x00000003]
2018-08-27 12:19:13, Error                        EnumeratePathEx: FindFirstFile failed for [C:\$Windows.~LS\*]; GLE = 0x3[gle=0x00000003]
2018-08-27 12:19:13, Error                        EnumeratePathEx: FindFirstFile failed for [C:\ESD\\Windows\*]; GLE = 0x3[gle=0x00000003]
2018-08-27 12:19:13, Error                        EnumeratePathEx: FindFirstFile failed for [C:\ESD\\Windows\*]; GLE = 0x3[gle=0x00000003]
2018-08-27 12:19:13, Error                        EnumeratePathEx: FindFirstFile failed for [C:\$Windows.~WS\*]; GLE = 0x3[gle=0x00000003]
2018-08-27 12:19:13, Error                        EnumeratePathEx: FindFirstFile failed for [C:\$Windows.~WS\*]; GLE = 0x3[gle=0x00000003]
2018-08-27 12:19:13, Error                        EnumeratePathEx: FindFirstFile failed for [C:\ESD\Download\*]; GLE = 0x3[gle=0x00000003]
2018-08-27 12:19:13, Error                        EnumeratePathEx: FindFirstFile failed for [C:\ESD\Download\*]; GLE = 0x3[gle=0x00000003]
2018-08-29 15:51:33, Error                        EnumeratePathEx: FindFirstFile failed for [C:\$WINDOWS.~Q\*]; GLE = 0x3[gle=0x00000003]
2018-08-29 15:51:33, Error                        EnumeratePathEx: FindFirstFile failed for [C:\$WINDOWS.~Q\*]; GLE = 0x3[gle=0x00000003]
2018-08-29 15:51:33, Error                        EnumeratePathEx: FindFirstFile failed for [C:\$INPLACE.~TR\*]; GLE = 0x3[gle=0x00000003]
2018-08-29 15:51:33, Error                        EnumeratePathEx: FindFirstFile failed for [C:\$INPLACE.~TR\*]; GLE = 0x3[gle=0x00000003]
2018-08-29 15:51:33, Error                        EnumeratePathEx: FindFirstFile failed for [C:\$Windows.~LS\*]; GLE = 0x3[gle=0x00000003]
2018-08-29 15:51:33, Error                        EnumeratePathEx: FindFirstFile failed for [C:\$Windows.~LS\*]; GLE = 0x3[gle=0x00000003]
2018-08-29 15:51:33, Error                        EnumeratePathEx: FindFirstFile failed for [C:\ESD\\Windows\*]; GLE = 0x3[gle=0x00000003]
2018-08-29 15:51:33, Error                        EnumeratePathEx: FindFirstFile failed for [C:\ESD\\Windows\*]; GLE = 0x3[gle=0x00000003]
2018-08-29 15:51:33, Error                        EnumeratePathEx: FindFirstFile failed for [C:\$Windows.~WS\*]; GLE = 0x3[gle=0x00000003]
2018-08-29 15:51:33, Error                        EnumeratePathEx: FindFirstFile failed for [C:\$Windows.~WS\*]; GLE = 0x3[gle=0x00000003]
2018-08-29 15:51:33, Error                        EnumeratePathEx: FindFirstFile failed for [C:\ESD\Download\*]; GLE = 0x3[gle=0x00000003]
2018-08-29 15:51:33, Error                        EnumeratePathEx: FindFirstFile failed for [C:\ESD\Download\*]; GLE = 0x3[gle=0x00000003]
2018-08-29 16:17:42, Error                        EnumeratePathEx: FindFirstFile failed for [C:\$WINDOWS.~Q\*]; GLE = 0x3[gle=0x00000003]
2018-08-29 16:17:42, Error                        EnumeratePathEx: FindFirstFile failed for [C:\$WINDOWS.~Q\*]; GLE = 0x3[gle=0x00000003]
2018-08-29 16:17:42, Error                        EnumeratePathEx: FindFirstFile failed for [C:\$INPLACE.~TR\*]; GLE = 0x3[gle=0x00000003]
2018-08-29 16:17:42, Error                        EnumeratePathEx: FindFirstFile failed for [C:\$INPLACE.~TR\*]; GLE = 0x3[gle=0x00000003]
2018-08-29 16:17:42, Error                        EnumeratePathEx: FindFirstFile failed for [C:\$Windows.~LS\*]; GLE = 0x3[gle=0x00000003]
2018-08-29 16:17:42, Error                        EnumeratePathEx: FindFirstFile failed for [C:\$Windows.~LS\*]; GLE = 0x3[gle=0x00000003]
2018-08-29 16:17:42, Error                        EnumeratePathEx: FindFirstFile failed for [C:\ESD\\Windows\*]; GLE = 0x3[gle=0x00000003]
2018-08-29 16:17:42, Error                        EnumeratePathEx: FindFirstFile failed for [C:\ESD\\Windows\*]; GLE = 0x3[gle=0x00000003]
2018-08-29 16:17:42, Error                        EnumeratePathEx: FindFirstFile failed for [C:\$Windows.~WS\*]; GLE = 0x3[gle=0x00000003]
2018-08-29 16:17:42, Error                        EnumeratePathEx: FindFirstFile failed for [C:\$Windows.~WS\*]; GLE = 0x3[gle=0x00000003]
2018-08-29 16:17:42, Error                        EnumeratePathEx: FindFirstFile failed for [C:\ESD\Download\*]; GLE = 0x3[gle=0x00000003]
2018-08-29 16:17:42, Error                        EnumeratePathEx: FindFirstFile failed for [C:\ESD\Download\*]; GLE = 0x3[gle=0x00000003]
2018-09-02 10:56:50, Error                        EnumeratePathEx: FindFirstFile failed for [C:\$WINDOWS.~Q\*]; GLE = 0x3[gle=0x00000003]
2018-09-02 10:56:50, Error                        EnumeratePathEx: FindFirstFile failed for [C:\$WINDOWS.~Q\*]; GLE = 0x3[gle=0x00000003]
2018-09-02 10:56:50, Error                        EnumeratePathEx: FindFirstFile failed for [C:\$INPLACE.~TR\*]; GLE = 0x3[gle=0x00000003]
2018-09-02 10:56:50, Error                        EnumeratePathEx: FindFirstFile failed for [C:\$INPLACE.~TR\*]; GLE = 0x3[gle=0x00000003]
2018-09-02 10:56:50, Error                        EnumeratePathEx: FindFirstFile failed for [C:\$Windows.~LS\*]; GLE = 0x3[gle=0x00000003]
2018-09-02 10:56:50, Error                        EnumeratePathEx: FindFirstFile failed for [C:\$Windows.~LS\*]; GLE = 0x3[gle=0x00000003]
2018-09-02 10:56:50, Error                        EnumeratePathEx: FindFirstFile failed for [C:\ESD\\Windows\*]; GLE = 0x3[gle=0x00000003]
2018-09-02 10:56:50, Error                        EnumeratePathEx: FindFirstFile failed for [C:\ESD\\Windows\*]; GLE = 0x3[gle=0x00000003]
2018-09-02 10:56:50, Error                        EnumeratePathEx: FindFirstFile failed for [C:\$Windows.~WS\*]; GLE = 0x3[gle=0x00000003]
2018-09-02 10:56:50, Error                        EnumeratePathEx: FindFirstFile failed for [C:\$Windows.~WS\*]; GLE = 0x3[gle=0x00000003]
2018-09-02 10:56:50, Error                        EnumeratePathEx: FindFirstFile failed for [C:\ESD\Download\*]; GLE = 0x3[gle=0x00000003]
2018-09-02 10:56:50, Error                        EnumeratePathEx: FindFirstFile failed for [C:\ESD\Download\*]; GLE = 0x3[gle=0x00000003]
2018-09-03 16:46:10, Error                        EnumeratePathEx: FindFirstFile failed for [C:\$WINDOWS.~Q\*]; GLE = 0x3[gle=0x00000003]
2018-09-03 16:46:10, Error                        EnumeratePathEx: FindFirstFile failed for [C:\$WINDOWS.~Q\*]; GLE = 0x3[gle=0x00000003]
2018-09-03 16:46:10, Error                        EnumeratePathEx: FindFirstFile failed for [C:\$INPLACE.~TR\*]; GLE = 0x3[gle=0x00000003]
2018-09-03 16:46:10, Error                        EnumeratePathEx: FindFirstFile failed for [C:\$INPLACE.~TR\*]; GLE = 0x3[gle=0x00000003]
2018-09-03 16:46:10, Error                        EnumeratePathEx: FindFirstFile failed for [C:\$Windows.~LS\*]; GLE = 0x3[gle=0x00000003]
2018-09-03 16:46:10, Error                        EnumeratePathEx: FindFirstFile failed for [C:\$Windows.~LS\*]; GLE = 0x3[gle=0x00000003]
2018-09-03 16:46:10, Error                        EnumeratePathEx: FindFirstFile failed for [C:\ESD\\Windows\*]; GLE = 0x3[gle=0x00000003]
2018-09-03 16:46:10, Error                        EnumeratePathEx: FindFirstFile failed for [C:\ESD\\Windows\*]; GLE = 0x3[gle=0x00000003]
2018-09-03 16:46:10, Error                        EnumeratePathEx: FindFirstFile failed for [C:\$Windows.~WS\*]; GLE = 0x3[gle=0x00000003]
2018-09-03 16:46:10, Error                        EnumeratePathEx: FindFirstFile failed for [C:\$Windows.~WS\*]; GLE = 0x3[gle=0x00000003]
2018-09-03 16:46:10, Error                        EnumeratePathEx: FindFirstFile failed for [C:\ESD\Download\*]; GLE = 0x3[gle=0x00000003]
2018-09-03 16:46:10, Error                        EnumeratePathEx: FindFirstFile failed for [C:\ESD\Download\*]; GLE = 0x3[gle=0x00000003]
2018-09-05 12:28:02, Error                        EnumeratePathEx: FindFirstFile failed for [C:\$WINDOWS.~Q\*]; GLE = 0x3[gle=0x00000003]
2018-09-05 12:28:02, Error                        EnumeratePathEx: FindFirstFile failed for [C:\$WINDOWS.~Q\*]; GLE = 0x3[gle=0x00000003]
2018-09-05 12:28:02, Error                        EnumeratePathEx: FindFirstFile failed for [C:\$INPLACE.~TR\*]; GLE = 0x3[gle=0x00000003]
2018-09-05 12:28:02, Error                        EnumeratePathEx: FindFirstFile failed for [C:\$INPLACE.~TR\*]; GLE = 0x3[gle=0x00000003]
2018-09-05 12:28:02, Error                        EnumeratePathEx: FindFirstFile failed for [C:\$Windows.~LS\*]; GLE = 0x3[gle=0x00000003]
2018-09-05 12:28:02, Error                        EnumeratePathEx: FindFirstFile failed for [C:\$Windows.~LS\*]; GLE = 0x3[gle=0x00000003]
2018-09-05 12:28:02, Error                        EnumeratePathEx: FindFirstFile failed for [C:\ESD\\Windows\*]; GLE = 0x3[gle=0x00000003]
2018-09-05 12:28:02, Error                        EnumeratePathEx: FindFirstFile failed for [C:\ESD\\Windows\*]; GLE = 0x3[gle=0x00000003]
2018-09-05 12:28:02, Error                        EnumeratePathEx: FindFirstFile failed for [C:\$Windows.~WS\*]; GLE = 0x3[gle=0x00000003]
2018-09-05 12:28:02, Error                        EnumeratePathEx: FindFirstFile failed for [C:\$Windows.~WS\*]; GLE = 0x3[gle=0x00000003]
2018-09-05 12:28:02, Error                        EnumeratePathEx: FindFirstFile failed for [C:\ESD\Download\*]; GLE = 0x3[gle=0x00000003]
2018-09-05 12:28:02, Error                        EnumeratePathEx: FindFirstFile failed for [C:\ESD\Download\*]; GLE = 0x3[gle=0x00000003]
2018-09-12 12:20:19, Error                        EnumeratePathEx: FindFirstFile failed for [C:\$WINDOWS.~Q\*]; GLE = 0x3[gle=0x00000003]
2018-09-12 12:20:19, Error                        EnumeratePathEx: FindFirstFile failed for [C:\$WINDOWS.~Q\*]; GLE = 0x3[gle=0x00000003]
2018-09-12 12:20:19, Error                        EnumeratePathEx: FindFirstFile failed for [C:\$INPLACE.~TR\*]; GLE = 0x3[gle=0x00000003]
2018-09-12 12:20:19, Error                        EnumeratePathEx: FindFirstFile failed for [C:\$INPLACE.~TR\*]; GLE = 0x3[gle=0x00000003]
2018-09-12 12:20:19, Error                        EnumeratePathEx: FindFirstFile failed for [C:\$Windows.~LS\*]; GLE = 0x3[gle=0x00000003]
2018-09-12 12:20:19, Error                        EnumeratePathEx: FindFirstFile failed for [C:\$Windows.~LS\*]; GLE = 0x3[gle=0x00000003]
2018-09-12 12:20:19, Error                        EnumeratePathEx: FindFirstFile failed for [C:\ESD\\Windows\*]; GLE = 0x3[gle=0x00000003]
2018-09-12 12:20:19, Error                        EnumeratePathEx: FindFirstFile failed for [C:\ESD\\Windows\*]; GLE = 0x3[gle=0x00000003]
2018-09-12 12:20:19, Error                        EnumeratePathEx: FindFirstFile failed for [C:\$Windows.~WS\*]; GLE = 0x3[gle=0x00000003]
2018-09-12 12:20:19, Error                        EnumeratePathEx: FindFirstFile failed for [C:\$Windows.~WS\*]; GLE = 0x3[gle=0x00000003]
2018-09-12 12:20:19, Error                        EnumeratePathEx: FindFirstFile failed for [C:\ESD\Download\*]; GLE = 0x3[gle=0x00000003]
2018-09-12 12:20:19, Error                        EnumeratePathEx: FindFirstFile failed for [C:\ESD\Download\*]; GLE = 0x3[gle=0x00000003]
