
gging started: 5/31/2018  16:57:30 ===
Action 16:57:30: INSTALL. 
Action start 16:57:30: INSTALL.
Action 16:57:30: FindRelatedProducts. Searching for related applications
Action start 16:57:30: FindRelatedProducts.
Action ended 16:57:30: FindRelatedProducts. Return value 1.
Action 16:57:30: ValidateProductID. 
Action start 16:57:30: ValidateProductID.
Action ended 16:57:30: ValidateProductID. Return value 1.
Action 16:57:30: CostInitialize. Computing space requirements
Action start 16:57:30: CostInitialize.
Action ended 16:57:30: CostInitialize. Return value 1.
Action 16:57:30: FileCost. Computing space requirements
Action start 16:57:30: FileCost.
Action ended 16:57:30: FileCost. Return value 1.
Action 16:57:30: CostFinalize. Computing space requirements
Action start 16:57:30: CostFinalize.
Action ended 16:57:30: CostFinalize. Return value 1.
Action 16:57:30: ExecuteAction. 
Action start 16:57:30: ExecuteAction.
Action start 16:57:30: INSTALL.
Action start 16:57:30: AppSearch.
Action ended 16:57:30: AppSearch. Return value 0.
Action start 16:57:30: MSI_preventdowngrade.
Action ended 16:57:30: MSI_preventdowngrade. Return value 1.
Action start 16:57:30: LaunchConditions.
Action ended 16:57:30: LaunchConditions. Return value 0.
Action start 16:57:30: FindRelatedProducts.
Action ended 16:57:30: FindRelatedProducts. Return value 0.
Action start 16:57:30: ValidateProductID.
Action ended 16:57:30: ValidateProductID. Return value 1.
Action start 16:57:30: CostInitialize.
Action ended 16:57:30: CostInitialize. Return value 1.
Action start 16:57:30: FileCost.
Action ended 16:57:30: FileCost. Return value 1.
Action start 16:57:30: CostFinalize.
Action ended 16:57:30: CostFinalize. Return value 1.
Action start 16:57:30: InstallValidate.
Action ended 16:57:30: InstallValidate. Return value 1.
Action start 16:57:30: MSI_backupconfig.
Action ended 16:57:30: MSI_backupconfig. Return value 1.
Action start 16:57:30: InstallInitialize.
Action ended 16:57:30: InstallInitialize. Return value 1.
Action start 16:57:30: MSI_beforeinstall.
Action ended 16:57:30: MSI_beforeinstall. Return value 1.
Action start 16:57:30: ProcessComponents.
Action ended 16:57:30: ProcessComponents. Return value 1.
Action start 16:57:30: UnpublishFeatures.
Action ended 16:57:30: UnpublishFeatures. Return value 1.
Action start 16:57:30: StopServices.
Action ended 16:57:30: StopServices. Return value 1.
Action start 16:57:30: DeleteServices.
Action ended 16:57:30: DeleteServices. Return value 1.
Action start 16:57:30: UnregisterTypeLibraries.
Action ended 16:57:30: UnregisterTypeLibraries. Return value 1.
Action start 16:57:30: RemoveRegistryValues.
Action ended 16:57:30: RemoveRegistryValues. Return value 1.
Action start 16:57:30: RemoveShortcuts.
Action ended 16:57:30: RemoveShortcuts. Return value 1.
Action start 16:57:30: RemoveFiles.
Action ended 16:57:30: RemoveFiles. Return value 1.
Action start 16:57:30: InstallFiles.
Action ended 16:57:30: InstallFiles. Return value 1.
Action start 16:57:30: CreateShortcuts.
Action ended 16:57:30: CreateShortcuts. Return value 1.
Action start 16:57:30: WriteRegistryValues.
jeckie5:   |_|/_/  |_____|
Action ended 16:57:31: WriteRegistryValues. Return value 1.
Action start 16:57:31: RegisterTypeLibraries.
Action ended 16:57:31: RegisterTypeLibraries. Return value 1.
Action start 16:57:31: MSI_installdriver.
Action ended 16:57:31: MSI_installdriver. Return value 1.
Action start 16:57:31: InstallServices.
Action ended 16:57:31: InstallServices. Return value 1.
Action start 16:57:31: StartServices.
Action ended 16:57:31: StartServices. Return value 1.
Action start 16:57:31: RegisterUser.
Action ended 16:57:31: RegisterUser. Return value 1.
Action start 16:57:31: RegisterProduct.
Action ended 16:57:31: RegisterProduct. Return value 1.
Action start 16:57:31: PublishFeatures.
Action ended 16:57:31: PublishFeatures. Return value 1.
Action start 16:57:31: PublishProduct.
Action ended 16:57:31: PublishProduct. Return value 1.
Action start 16:57:31: MSI_afterinstall.
Action ended 16:57:31: MSI_afterinstall. Return value 1.
Action start 16:57:31: InstallFinalize.
Action ended 16:57:35: InstallFinalize. Return value 1.
Action start 16:57:35: MSI_restoreconfig.
Action ended 16:57:35: MSI_restoreconfig. Return value 1.
Action ended 16:57:35: INSTALL. Return value 1.
Property(S): UpgradeCode = {1894F2C4-6426-425B-B244-3E4701C803E2}
Property(S): WindowsFolder = C:\WINDOWS\
Property(S): SystemFolder = C:\WINDOWS\SysWOW64\
Property(S): SSLVPNCLIENTAPPDIR = C:\Program Files (x86)\Fortinet\SslvpnClient\
Property(S): VersionNT64 = 603
Property(S): ProgramMenuSslvpnClientAppDir = C:\ProgramData\Microsoft\Windows\Start Menu\Programs\FortiClient\
Property(S): PROGRAMFILESMANUFACTURERDIR = C:\Program Files (x86)\Fortinet\
Property(S): ProgramFilesFolder = C:\Program Files (x86)\
Property(S): TARGETDIR = C:\
Property(S): ProgramMenuFolder = C:\ProgramData\Microsoft\Windows\Start Menu\Programs\
Property(S): SourceDir = C:\Users\develeap\AppData\Local\Temp\
Property(S): VersionNT = 603
Property(S): Manufacturer = Fortinet Inc.
Property(S): ProductCode = {A34DCE59-0004-0000-2304-3F8A9926B752}
Property(S): ProductLanguage = 1033
Property(S): ProductName = FortiClient SSLVPN v4.0.2304
Property(S): ProductVersion = 4.0.2304
Property(S): REBOOT = ReallySuppress
Property(S): ALLUSERS = 1
Property(S): SecureCustomProperties = ALLUSERS;NEWVERSIONFOUND;OLDVERSIONFOUND;REBOOT
Property(S): MsiLogFileLocation = C:\WINDOWS\SslvpnInstall.log
Property(S): PackageCode = {A97084C3-0004-0000-2304-DFD177882A8D}
Property(S): ProductState = -1
Property(S): PackagecodeChanging = 1
Property(S): CURRENTDIRECTORY = C:\DELL\sslvpnclient64
Property(S): CLIENTUILEVEL = 0
Property(S): CLIENTPROCESSID = 8448
Property(S): VersionDatabase = 200
Property(S): ROOTDRIVE = C:\
Property(S): EXECUTEACTION = INSTALL
Property(S): ACTION = INSTALL
Property(S): INSTALLLEVEL = 1
Property(S): SECONDSEQUENCE = 1
Property(S): ADDLOCAL = SSLVPN
Property(S): VersionMsi = 5.00
Property(S): WindowsBuild = 9600
Property(S): ServicePackLevel = 0
Property(S): ServicePackLevelMinor = 0
Property(S): MsiNTProductType = 1
Property(S): WindowsVolume = C:\
Property(S): System64Folder = C:\WINDOWS\system32\
Property(S): RemoteAdminTS = 1
Property(S): TempFolder = C:\Users\develeap\AppData\Local\Temp\
Property(S): CommonFilesFolder = C:\Program Files (x86)\Common Files\
Property(S): ProgramFiles64Folder = C:\Program Files\
Property(S): CommonFiles64Folder = C:\Program Files\Common Files\
Property(S): AppDataFolder = C:\Users\develeap\AppData\Roaming\
Property(S): FavoritesFolder = C:\Users\develeap\Favorites\
Property(S): NetHoodFolder = C:\Users\develeap\AppData\Roaming\Microsoft\Windows\Network Shortcuts\
Property(S): PersonalFolder = C:\Users\develeap\Documents\
Property(S): PrintHoodFolder = C:\Users\develeap\AppData\Roaming\Microsoft\Windows\Printer Shortcuts\
Property(S): RecentFolder = C:\Users\develeap\AppData\Roaming\Microsoft\Windows\Recent\
Property(S): SendToFolder = C:\Users\develeap\AppData\Roaming\Microsoft\Windows\SendTo\
Property(S): TemplateFolder = C:\ProgramData\Microsoft\Windows\Templates\
Property(S): CommonAppDataFolder = C:\ProgramData\
Property(S): LocalAppDataFolder = C:\Users\develeap\AppData\Local\
Property(S): MyPicturesFolder = C:\Users\develeap\Pictures\
Property(S): AdminToolsFolder = C:\ProgramData\Microsoft\Windows\Start Menu\Programs\Administrative Tools\
Property(S): StartupFolder = C:\ProgramData\Microsoft\Windows\Start Menu\Programs\Startup\
Property(S): StartMenuFolder = C:\ProgramData\Microsoft\Windows\Start Menu\
Property(S): DesktopFolder = C:\Users\Public\Desktop\
Property(S): FontsFolder = C:\WINDOWS\Fonts\
Property(S): GPTSupport = 1
Property(S): OLEAdvtSupport = 1
Property(S): ShellAdvtSupport = 1
Property(S): MsiAMD64 = 6
Property(S): Msix64 = 6
Property(S): Intel = 6
Property(S): PhysicalMemory = 16266
Property(S): VirtualMemory = 14465
Property(S): AdminUser = 1
Property(S): MsiTrueAdminUser = 1
Property(S): LogonUser = develeap
Property(S): UserSID = S-1-5-21-3040020837-3555434263-859150718-1001
Property(S): UserLanguageID = 1033
Property(S): ComputerName = DESKTOP-B6ARNH7
Property(S): SystemLanguageID = 1033
Property(S): ScreenX = 1024
Property(S): ScreenY = 768
Property(S): CaptionHeight = 19
Property(S): BorderTop = 1
Property(S): BorderSide = 1
Property(S): TextHeight = 16
Property(S): TextInternalLeading = 3
Property(S): ColorBits = 32
Property(S): TTCSupport = 1
Property(S): Time = 16:57:35
Property(S): Date = 31/05/2018
Property(S): MsiNetAssemblySupport = 4.7.3056.0
Property(S): MsiWin32AssemblySupport = 6.3.17134.1
Property(S): RedirectedDllSupport = 2
Property(S): MsiRunningElevated = 1
Property(S): Privileged = 1
Property(S): DATABASE = C:\WINDOWS\Installer\37c84.msi
Property(S): OriginalDatabase = C:\Users\develeap\AppData\Local\Temp\SslvpnClient.msi
Property(S): UILevel = 5
Property(S): Preselected = 1
Property(S): CostingComplete = 1
Property(S): OutOfDiskSpace = 0
Property(S): OutOfNoRbDiskSpace = 0
Property(S): PrimaryVolumeSpaceAvailable = 0
Property(S): PrimaryVolumeSpaceRequired = 0
Property(S): PrimaryVolumeSpaceRemaining = 0
Property(S): SOURCEDIR = C:\Users\develeap\AppData\Local\Temp\
Property(S): SourcedirProduct = {A34DCE59-0004-0000-2304-3F8A9926B752}
Property(S): ProductToBeRegistered = 1
Action ended 16:57:35: ExecuteAction. Return value 1.
Action ended 16:57:35: INSTALL. Return value 1.
Property(C): UpgradeCode = {1894F2C4-6426-425B-B244-3E4701C803E2}
Property(C): WindowsFolder = C:\WINDOWS\
Property(C): SystemFolder = C:\WINDOWS\SysWOW64\
Property(C): SSLVPNCLIENTAPPDIR = C:\Program Files (x86)\Fortinet\SslvpnClient\
Property(C): VersionNT64 = 603
Property(C): ProgramMenuSslvpnClientAppDir = C:\ProgramData\Microsoft\Windows\Start Menu\Programs\FortiClient\
Property(C): PROGRAMFILESMANUFACTURERDIR = C:\Program Files (x86)\Fortinet\
Property(C): ProgramFilesFolder = C:\Program Files (x86)\
Property(C): TARGETDIR = C:\
Property(C): ProgramMenuFolder = C:\ProgramData\Microsoft\Windows\Start Menu\Programs\
Property(C): SourceDir = C:\Users\develeap\AppData\Local\Temp\
Property(C): VersionNT = 603
Property(C): Manufacturer = Fortinet Inc.
Property(C): ProductCode = {A34DCE59-0004-0000-2304-3F8A9926B752}
Property(C): ProductLanguage = 1033
Property(C): ProductName = FortiClient SSLVPN v4.0.2304
Property(C): ProductVersion = 4.0.2304
Property(C): REBOOT = ReallySuppress
Property(C): ALLUSERS = 1
Property(C): SecureCustomProperties = ALLUSERS;NEWVERSIONFOUND;OLDVERSIONFOUND;REBOOT
Property(C): MsiLogFileLocation = C:\WINDOWS\SslvpnInstall.log
Property(C): PackageCode = {A97084C3-0004-0000-2304-DFD177882A8D}
Property(C): ProductState = -1
Property(C): PackagecodeChanging = 1
Property(C): CURRENTDIRECTORY = C:\DELL\sslvpnclient64
Property(C): CLIENTUILEVEL = 0
Property(C): CLIENTPROCESSID = 8448
Property(C): VersionDatabase = 200
Property(C): VersionMsi = 5.00
Property(C): WindowsBuild = 9600
Property(C): ServicePackLevel = 0
Property(C): ServicePackLevelMinor = 0
Property(C): MsiNTProductType = 1
Property(C): WindowsVolume = C:\
Property(C): System64Folder = C:\WINDOWS\system32\
Property(C): RemoteAdminTS = 1
Property(C): TempFolder = C:\Users\develeap\AppData\Local\Temp\
Property(C): CommonFilesFolder = C:\Program Files (x86)\Common Files\
Property(C): ProgramFiles64Folder = C:\Program Files\
Property(C): CommonFiles64Folder = C:\Program Files\Common Files\
Property(C): AppDataFolder = C:\Users\develeap\AppData\Roaming\
Property(C): FavoritesFolder = C:\Users\develeap\Favorites\
Property(C): NetHoodFolder = C:\Users\develeap\AppData\Roaming\Microsoft\Windows\Network Shortcuts\
Property(C): PersonalFolder = C:\Users\develeap\Documents\
Property(C): PrintHoodFolder = C:\Users\develeap\AppData\Roaming\Microsoft\Windows\Printer Shortcuts\
Property(C): RecentFolder = C:\Users\develeap\AppData\Roaming\Microsoft\Windows\Recent\
Property(C): SendToFolder = C:\Users\develeap\AppData\Roaming\Microsoft\Windows\SendTo\
Property(C): TemplateFolder = C:\ProgramData\Microsoft\Windows\Templates\
Property(C): CommonAppDataFolder = C:\ProgramData\
Property(C): LocalAppDataFolder = C:\Users\develeap\AppData\Local\
Property(C): MyPicturesFolder = C:\Users\develeap\Pictures\
Property(C): AdminToolsFolder = C:\ProgramData\Microsoft\Windows\Start Menu\Programs\Administrative Tools\
Property(C): StartupFolder = C:\ProgramData\Microsoft\Windows\Start Menu\Programs\Startup\
Property(C): StartMenuFolder = C:\ProgramData\Microsoft\Windows\Start Menu\
Property(C): DesktopFolder = C:\Users\Public\Desktop\
Property(C): FontsFolder = C:\WINDOWS\Fonts\
Property(C): GPTSupport = 1
Property(C): OLEAdvtSupport = 1
Property(C): ShellAdvtSupport = 1
Property(C): MsiAMD64 = 6
Property(C): Msix64 = 6
Property(C): Intel = 6
Property(C): PhysicalMemory = 16266
Property(C): VirtualMemory = 14471
Property(C): AdminUser = 1
Property(C): MsiTrueAdminUser = 1
Property(C): LogonUser = develeap
Property(C): UserSID = S-1-5-21-3040020837-3555434263-859150718-1001
Property(C): UserLanguageID = 1033
Property(C): ComputerName = DESKTOP-B6ARNH7
Property(C): SystemLanguageID = 1033
Property(C): ScreenX = 1920
Property(C): ScreenY = 1080
Property(C): CaptionHeight = 29
Property(C): BorderTop = 1
Property(C): BorderSide = 1
Property(C): TextHeight = 20
Property(C): TextInternalLeading = 4
Property(C): ColorBits = 32
Property(C): TTCSupport = 1
Property(C): Time = 16:57:35
Property(C): Date = 5/31/2018
Property(C): MsiNetAssemblySupport = 4.7.3056.0
Property(C): MsiWin32AssemblySupport = 6.3.17134.1
Property(C): RedirectedDllSupport = 2
Property(C): MsiRunningElevated = 1
Property(C): Privileged = 1
Property(C): DATABASE = C:\Users\develeap\AppData\Local\Temp\SslvpnClient.msi
Property(C): OriginalDatabase = C:\Users\develeap\AppData\Local\Temp\SslvpnClient.msi
Property(C): SOURCEDIR = C:\Users\develeap\AppData\Local\Temp\
Property(C): VersionHandler = 5.00
Property(C): ROOTDRIVE = C:\
Property(C): EXECUTEACTION = INSTALL
Property(C): ACTION = INSTALL
Property(C): UILevel = 5
Property(C): CostingComplete = 0
Property(C): OutOfDiskSpace = 0
Property(C): OutOfNoRbDiskSpace = 0
Property(C): PrimaryVolumeSpaceAvailable = 0
Property(C): PrimaryVolumeSpaceRequired = 0
Property(C): PrimaryVolumeSpaceRemaining = 0
Property(C): INSTALLLEVEL = 1
=== Logging stopped: 5/31/2018  16:57:35 ===
MSI (c) (00:DC) [16:57:35:746]: Product: FortiClient SSLVPN v4.0.2304 -- Installation completed successfully.

MSI (c) (00:DC) [16:57:35:746]: Windows Installer installed the product. Product Name: FortiClient SSLVPN v4.0.2304. Product Version: 4.0.2304. Product Language: 1033. Manufacturer: Fortinet Inc.. Installation success or error status: 0.


